1 -4.954 0.049
2 -4.661 0.115
3 -4.762 0.096
4 -4.782 0.092
5 -4.822 0.091
6 -4.723 0.107
7 -4.734 0.096
8 -4.672 0.114
9 -4.628 0.126
10 -4.410 0.184
11 -4.297 0.204
12 -4.048 0.263
13 -3.737 0.351
14 -3.381 0.425
15 -3.151 0.480
16 -2.847 0.532
17 -2.798 0.532
18 -2.286 0.655
19 -1.952 0.740
20 -1.787 0.775
21 -1.939 0.696
22 -1.748 0.750
23 -1.674 0.757
24 -1.644 0.750
25 -1.562 0.756
26 -1.368 0.795
27 -1.189 0.839
28 -1.205 0.814
29 -1.229 0.833
30 -1.385 0.796
31 -0.906 0.876
32 -1.126 0.831
33 -1.121 0.838
34 -0.864 0.880
35 -0.905 0.871
36 -0.954 0.859
37 -1.038 0.853
38 -0.889 0.870
39 -0.736 0.894
40 -0.674 0.900
41 -0.745 0.884
42 -0.612 0.914
43 -0.675 0.900
44 -0.652 0.904
45 -0.425 0.938
46 -0.535 0.921
47 -0.689 0.892
48 -0.578 0.916
49 -0.607 0.911
50 -0.552 0.910
51 -0.494 0.924
52 -0.617 0.906
53 -0.653 0.897
54 -0.428 0.924
55 -0.529 0.905
56 -0.290 0.953
57 -0.734 0.873
58 -0.373 0.919
59 -0.374 0.935
60 -0.359 0.938
61 -0.307 0.946
62 -0.254 0.948
63 -0.140 0.973
64 -0.196 0.959
65 -0.144 0.966
66 -0.175 0.950
67 -0.207 0.951
68 -0.246 0.961
69 -0.108 0.976
70 -0.116 0.966
71 -0.162 0.949
72 -0.184 0.950
73 -0.093 0.974
74 -0.170 0.956
75 -0.131 0.970
76 -0.148 0.959
77 -0.100 0.961
78 -0.003 0.981
79 0.042 0.979
80 0.027 0.976
81 0.012 0.981
82 -0.035 0.980
83 -0.055 0.968
84 -0.398 0.954
85 -0.048 0.966
86 0.014 0.980
87 -0.102 0.978
88 -0.005 0.976
89 0.113 0.989
90 0.119 0.985
91 0.074 0.984
92 0.081 0.980
93 0.064 0.986
94 0.038 0.979
95 0.076 0.990
96 0.107 0.984
97 0.080 0.989
98 -0.002 0.984
99 0.117 0.985
100 0.115 0.986
101 0.141 0.988
102 0.102 0.990
103 0.146 0.991
104 0.060 0.983
105 0.136 0.988
106 0.154 0.990
107 0.098 0.990
108 0.103 0.985
109 0.110 0.989
110 0.059 0.980
111 0.114 0.984
112 0.124 0.985
113 0.140 0.993
114 0.127 0.989
115 0.161 0.993
116 0.149 0.986
117 0.170 0.989
118 0.147 0.991
119 0.133 0.988
120 0.156 0.990
121 0.098 0.980
122 0.154 0.990
123 0.192 0.989
124 0.089 0.986
125 0.180 0.991
126 0.140 0.986
127 0.169 0.993
128 0.186 0.990
129 0.196 0.989
130 0.139 0.988
131 0.139 0.985
132 0.154 0.988
133 0.191 0.994
134 0.159 0.989
135 0.157 0.991
136 0.197 0.990
137 0.218 0.998
138 0.111 0.988
139 0.171 0.985
140 0.147 0.980
141 0.193 0.993
142 0.190 0.993
143 0.123 0.981
144 0.171 0.989
145 0.168 0.996
146 0.183 0.989
147 0.160 0.990
148 0.215 0.991
149 0.182 0.995
150 0.200 0.994
151 0.237 0.993
152 0.117 0.985
153 0.161 0.993
154 0.179 0.989
155 0.192 0.989
156 0.130 0.986
157 0.168 0.993
158 0.162 0.988
159 0.182 0.984
160 0.162 0.993
161 0.233 0.994
162 0.150 0.985
163 0.137 0.978
164 0.179 0.989
165 0.151 0.986
166 0.235 0.995
167 0.149 0.985
168 -0.433 0.932
169 0.162 0.988
170 0.226 0.996
171 0.168 0.983
172 0.168 0.993
173 0.185 0.989
174 0.203 0.988
175 0.156 0.986
176 0.167 0.983
177 0.174 0.995
178 0.198 0.990
179 0.102 0.990
180 0.151 0.984
181 0.225 0.991
182 0.190 0.995
183 0.185 0.991
184 0.169 0.988
185 0.209 0.990
186 0.135 0.989
187 0.178 0.994
188 0.226 0.994
189 0.174 0.988
190 0.207 0.993
191 0.191 0.991
192 0.141 0.984
193 0.233 0.991
194 0.208 0.991
195 0.169 0.985
196 0.204 0.991
197 0.202 0.991
198 0.136 0.990
199 0.159 0.986
200 0.164 0.989
201 0.195 0.991
201 0.195 0.991
