1 -4.933 0.058
2 -4.842 0.079
3 -4.712 0.099
4 -4.791 0.080
5 -4.735 0.099
6 -4.153 0.240
7 -3.941 0.299
8 -3.707 0.345
9 -3.036 0.490
10 -2.570 0.599
11 -2.561 0.590
12 -2.079 0.691
13 -2.008 0.711
14 -1.573 0.781
15 -1.836 0.725
16 -1.840 0.731
17 -1.542 0.765
18 -1.438 0.801
19 -1.390 0.796
20 -1.310 0.826
21 -1.476 0.791
22 -1.213 0.828
23 -1.245 0.839
24 -1.246 0.820
25 -1.140 0.841
26 -1.167 0.836
27 -1.199 0.841
28 -1.164 0.829
29 -1.167 0.835
30 -1.036 0.844
31 -0.978 0.869
32 -1.001 0.871
33 -0.791 0.889
34 -0.802 0.892
35 -0.964 0.863
36 -0.869 0.880
37 -0.909 0.874
38 -0.873 0.870
39 -0.932 0.868
40 -0.771 0.882
41 -0.698 0.905
42 -0.651 0.911
43 -0.702 0.900
44 -0.697 0.906
45 -0.651 0.917
46 -0.579 0.925
47 -0.647 0.904
48 -0.481 0.935
49 -0.504 0.938
50 -0.470 0.945
51 -0.573 0.922
52 -0.474 0.935
53 -0.397 0.943
54 -0.637 0.909
55 -0.387 0.941
56 -0.529 0.929
57 -0.197 0.963
58 -0.330 0.948
59 -0.419 0.930
60 -0.302 0.961
61 -0.285 0.955
62 -0.268 0.961
63 -0.314 0.946
64 -0.081 0.971
65 -0.182 0.961
66 -0.314 0.939
67 -0.077 0.974
68 -0.105 0.978
69 -0.166 0.970
70 -0.116 0.970
71 -0.205 0.964
72 -0.244 0.949
73 -0.123 0.966
74 -0.067 0.973
75 -0.075 0.966
76 -0.080 0.970
77 -0.060 0.973
78 -0.023 0.980
79 0.037 0.978
80 -0.052 0.964
81 -0.004 0.971
82 -0.043 0.974
83 -0.019 0.976
84 -0.032 0.974
85 -0.013 0.983
86 -0.000 0.971
87 -0.092 0.968
88 0.001 0.981
89 0.100 0.984
90 0.023 0.981
91 0.004 0.985
92 0.064 0.981
93 0.080 0.983
94 -0.076 0.961
95 0.072 0.983
96 -0.074 0.971
97 0.073 0.984
98 0.069 0.984
99 0.104 0.988
100 0.114 0.984
101 0.099 0.983
102 0.100 0.985
103 0.103 0.988
104 0.077 0.983
105 0.093 0.986
106 0.062 0.979
107 0.082 0.988
108 0.096 0.988
109 0.035 0.980
110 0.086 0.988
111 0.139 0.985
112 0.153 0.991
113 0.162 0.989
114 0.104 0.978
115 0.137 0.989
116 0.059 0.983
117 0.105 0.985
118 0.118 0.986
119 0.086 0.985
120 0.163 0.991
121 0.120 0.989
122 0.192 0.995
123 0.175 0.993
124 0.146 0.990
125 0.123 0.983
126 0.167 0.990
127 0.095 0.988
128 0.122 0.990
129 0.158 0.993
130 0.159 0.990
131 0.139 0.986
132 0.150 0.990
133 0.137 0.985
134 0.189 0.993
135 0.116 0.979
136 0.106 0.980
137 0.131 0.989
138 0.147 0.993
139 0.150 0.984
140 0.183 0.990
141 0.141 0.985
142 0.170 0.991
143 0.133 0.986
144 0.131 0.990
145 0.113 0.989
146 0.134 0.988
147 0.170 0.991
148 0.200 0.991
149 0.165 0.991
150 0.178 0.989
151 0.199 0.995
152 0.205 0.993
153 0.143 0.989
154 0.192 0.989
155 0.169 0.990
156 0.137 0.986
157 0.177 0.994
158 0.139 0.989
159 0.130 0.984
160 0.149 0.989
161 0.195 0.990
162 0.180 0.990
163 0.183 0.994
164 0.206 0.995
165 0.146 0.991
166 0.182 0.986
167 0.172 0.994
168 0.149 0.991
169 0.179 0.993
170 0.151 0.985
171 0.219 0.988
172 0.191 0.991
173 0.128 0.985
174 0.128 0.984
175 0.152 0.991
176 0.174 0.983
177 0.207 0.990
178 0.215 0.989
179 0.174 0.993
180 0.066 0.976
181 0.179 0.991
182 0.171 0.991
183 0.220 0.991
184 0.172 0.990
185 0.198 0.990
186 0.148 0.989
187 0.205 0.995
188 0.183 0.990
189 0.132 0.988
190 0.183 0.990
191 0.183 0.990
192 0.250 0.994
193 0.121 0.984
194 0.083 0.980
195 0.180 0.991
196 0.139 0.985
197 0.242 0.991
198 0.178 0.988
199 0.182 0.988
200 0.203 0.993
201 0.214 0.985
201 0.214 0.985
