1 -4.839 0.068
2 -4.813 0.077
3 -4.798 0.084
4 -4.695 0.111
5 -4.602 0.144
6 -4.444 0.171
7 -4.291 0.216
8 -3.874 0.323
9 -3.678 0.364
10 -3.064 0.505
11 -2.957 0.522
12 -2.526 0.609
13 -2.429 0.611
14 -2.518 0.599
15 -2.377 0.629
16 -1.929 0.704
17 -1.820 0.746
18 -1.915 0.716
19 -1.643 0.770
20 -1.669 0.754
21 -1.544 0.787
22 -1.364 0.810
23 -1.628 0.766
24 -1.474 0.804
25 -1.215 0.850
26 -1.245 0.820
27 -1.182 0.829
28 -1.174 0.846
29 -1.060 0.855
30 -1.197 0.838
31 -0.968 0.873
32 -1.079 0.858
33 -1.121 0.853
34 -0.949 0.864
35 -1.095 0.854
36 -0.875 0.876
37 -0.845 0.900
38 -0.670 0.922
39 -0.908 0.884
40 -0.957 0.870
41 -0.646 0.912
42 -0.766 0.890
43 -0.984 0.868
44 -0.611 0.922
45 -0.588 0.915
46 -0.698 0.910
47 -0.697 0.904
48 -0.770 0.904
49 -0.482 0.939
50 -0.626 0.921
51 -0.637 0.899
52 -0.591 0.916
53 -0.455 0.925
54 -0.725 0.905
55 -0.546 0.925
56 -0.439 0.946
57 -0.474 0.934
58 -0.365 0.958
59 -0.565 0.924
60 -0.415 0.939
61 -0.247 0.960
62 -0.404 0.943
63 -0.287 0.953
64 -0.281 0.958
65 -0.201 0.959
66 -0.170 0.965
67 -0.258 0.960
68 -0.347 0.939
69 -0.377 0.948
70 -0.327 0.944
71 -0.240 0.960
72 -0.241 0.963
73 -0.276 0.951
74 -0.183 0.966
75 -0.252 0.959
76 -0.120 0.971
77 -0.113 0.973
78 -0.131 0.961
79 -0.139 0.966
80 -0.095 0.965
81 -0.039 0.973
82 -0.064 0.968
83 -0.118 0.959
84 -0.153 0.968
85 0.044 0.980
86 0.065 0.986
87 -0.028 0.966
88 -0.073 0.971
89 -0.097 0.958
90 -0.025 0.980
91 0.002 0.978
92 0.045 0.978
93 -0.069 0.971
94 0.041 0.983
95 0.016 0.971
96 0.051 0.983
97 0.021 0.981
98 -0.019 0.978
99 0.029 0.980
100 0.017 0.978
101 -0.025 0.978
102 0.089 0.985
103 -0.099 0.963
104 -0.021 0.976
105 0.101 0.983
106 0.068 0.983
107 0.087 0.988
108 0.061 0.981
109 0.025 0.976
110 -0.048 0.978
111 0.075 0.989
112 0.061 0.983
113 0.043 0.978
114 0.016 0.980
115 -0.010 0.979
116 0.067 0.984
117 0.013 0.973
118 -0.038 0.971
119 0.042 0.975
120 0.106 0.986
121 0.087 0.983
122 0.049 0.989
123 0.024 0.978
124 0.050 0.978
125 0.144 0.985
126 -0.000 0.974
127 0.034 0.981
128 0.091 0.983
129 -0.012 0.974
130 0.100 0.983
131 0.065 0.979
132 0.102 0.981
133 0.101 0.986
134 0.104 0.985
135 0.124 0.989
136 0.112 0.983
137 0.149 0.988
138 -0.007 0.975
139 0.122 0.985
140 0.049 0.976
141 0.085 0.984
142 0.038 0.985
143 0.107 0.978
144 0.065 0.979
145 0.043 0.976
146 0.085 0.981
147 0.097 0.985
148 0.035 0.984
149 0.095 0.979
150 0.092 0.989
151 0.124 0.986
152 0.074 0.980
153 0.050 0.979
154 0.047 0.979
155 0.147 0.989
156 0.132 0.993
157 0.069 0.980
158 0.068 0.978
159 0.074 0.983
160 0.113 0.985
161 0.144 0.990
162 0.174 0.993
163 0.060 0.986
164 0.097 0.981
165 0.130 0.993
166 0.140 0.991
167 0.110 0.988
168 0.061 0.979
169 0.099 0.986
170 0.111 0.985
171 0.096 0.984
172 0.179 0.988
173 0.143 0.990
174 0.138 0.990
175 0.060 0.974
176 0.184 0.990
177 0.091 0.986
178 0.098 0.991
179 0.142 0.989
180 0.158 0.986
181 0.151 0.988
182 0.113 0.985
183 0.145 0.985
184 0.134 0.986
185 0.127 0.985
186 0.156 0.989
187 0.116 0.979
188 0.144 0.993
189 0.136 0.988
190 0.169 0.989
191 0.108 0.985
192 0.185 0.993
193 0.150 0.989
194 0.229 0.989
195 0.160 0.989
196 0.183 0.989
197 0.117 0.981
198 0.166 0.991
199 0.184 0.994
200 0.105 0.981
201 0.166 0.990
201 0.166 0.990
