1 -4.892 0.069
2 -4.788 0.086
3 -4.826 0.083
4 -4.617 0.133
5 -4.268 0.217
6 -3.929 0.292
7 -3.521 0.395
8 -3.071 0.477
9 -2.549 0.594
10 -2.259 0.650
11 -2.078 0.675
12 -1.814 0.730
13 -1.728 0.746
14 -1.535 0.765
15 -1.548 0.766
16 -1.358 0.811
17 -1.424 0.776
18 -1.026 0.853
19 -1.185 0.835
20 -1.483 0.772
21 -1.303 0.800
22 -1.093 0.844
23 -1.149 0.843
24 -0.990 0.851
25 -0.938 0.873
26 -0.957 0.865
27 -1.014 0.846
28 -1.259 0.811
29 -1.067 0.841
30 -0.915 0.870
31 -0.827 0.881
32 -0.818 0.886
33 -0.930 0.854
34 -0.974 0.853
35 -0.674 0.904
36 -0.623 0.911
37 -0.875 0.851
38 -0.560 0.921
39 -0.600 0.902
40 -0.569 0.912
41 -0.864 0.859
42 -0.617 0.911
43 -0.621 0.892
44 -0.538 0.917
45 -0.535 0.917
46 -0.292 0.951
47 -0.582 0.910
48 -0.484 0.921
49 -0.543 0.911
50 -0.435 0.935
51 -0.493 0.921
52 -0.404 0.935
53 -0.483 0.926
54 -0.265 0.943
55 -0.312 0.950
56 -0.428 0.929
57 -0.239 0.951
58 -0.287 0.951
59 -0.314 0.953
60 -0.253 0.956
61 -0.191 0.954
62 -0.187 0.960
63 -0.263 0.945
64 -0.214 0.946
65 -0.185 0.949
66 -0.171 0.960
67 -0.125 0.963
68 -0.050 0.975
69 -0.019 0.975
70 -0.136 0.968
71 -0.092 0.979
72 -0.051 0.974
73 -0.084 0.970
74 0.009 0.976
75 -0.056 0.974
76 0.043 0.985
77 0.004 0.974
78 0.021 0.978
79 -0.016 0.978
80 0.035 0.981
81 0.060 0.980
82 0.119 0.984
83 -0.025 0.974
84 0.051 0.973
85 0.047 0.974
86 0.002 0.970
87 0.123 0.985
88 0.111 0.985
89 0.088 0.985
90 0.066 0.983
91 0.159 0.991
92 0.084 0.981
93 0.147 0.986
94 0.107 0.979
95 0.137 0.983
96 0.111 0.978
97 0.138 0.984
98 0.110 0.981
99 0.099 0.985
100 0.115 0.984
101 0.090 0.979
102 0.172 0.988
103 0.138 0.986
104 0.189 0.988
105 0.165 0.988
106 0.170 0.985
107 0.087 0.976
108 0.190 0.988
109 0.130 0.983
110 0.138 0.988
111 0.118 0.983
112 0.173 0.985
113 0.113 0.979
114 0.129 0.981
115 0.167 0.984
116 0.192 0.991
117 0.213 0.990
118 0.200 0.988
119 0.149 0.981
120 0.179 0.983
121 0.170 0.991
122 0.194 0.988
123 0.122 0.980
124 0.200 0.995
125 0.181 0.981
126 0.185 0.989
127 0.188 0.988
128 0.132 0.984
129 0.230 0.995
130 0.142 0.986
131 0.214 0.989
132 0.153 0.981
133 0.232 0.990
134 0.171 0.993
135 0.151 0.984
136 0.211 0.988
137 0.194 0.989
138 0.197 0.991
139 0.200 0.988
140 0.145 0.979
141 0.163 0.989
142 0.123 0.984
143 0.144 0.981
144 0.239 0.994
145 0.257 0.991
146 0.195 0.991
147 0.228 0.991
148 0.150 0.990
149 0.186 0.985
150 0.252 0.990
151 0.268 0.993
152 0.225 0.991
153 0.226 0.991
154 0.225 0.990
155 0.229 0.991
156 0.207 0.991
157 0.265 0.995
158 0.187 0.986
159 0.263 0.993
160 0.223 0.994
161 0.173 0.991
162 0.241 0.993
163 0.238 0.990
164 0.259 0.991
165 0.200 0.991
166 0.222 0.990
167 0.201 0.990
168 0.213 0.994
169 0.191 0.981
170 0.211 0.991
171 0.190 0.991
172 0.203 0.986
173 0.277 0.994
174 0.234 0.990
175 0.174 0.984
176 0.222 0.990
177 0.270 0.990
178 0.283 0.994
179 0.181 0.988
180 0.207 0.985
181 0.261 0.996
182 0.248 0.990
183 0.197 0.988
184 0.200 0.988
185 0.172 0.986
186 0.244 0.990
187 0.221 0.991
188 0.219 0.986
189 0.257 0.998
190 0.262 0.993
191 0.236 0.994
192 0.220 0.994
193 0.242 0.991
194 0.213 0.990
195 0.264 0.990
196 0.212 0.986
197 0.199 0.988
198 0.286 0.995
199 0.242 0.993
200 0.284 0.990
201 0.199 0.991
201 0.199 0.991
