1 -4.878 0.072
2 -4.861 0.075
3 -4.726 0.101
4 -4.766 0.098
5 -4.757 0.095
6 -4.329 0.195
7 -3.988 0.281
8 -3.602 0.380
9 -3.206 0.475
10 -2.436 0.641
11 -1.884 0.746
12 -1.974 0.695
13 -1.802 0.750
14 -1.529 0.781
15 -1.477 0.782
16 -1.491 0.785
17 -1.348 0.807
18 -1.279 0.823
19 -1.496 0.779
20 -1.339 0.800
21 -1.414 0.794
22 -1.153 0.838
23 -1.191 0.828
24 -1.190 0.830
25 -1.053 0.856
26 -1.415 0.799
27 -1.054 0.854
28 -0.955 0.865
29 -1.114 0.834
30 -0.843 0.887
31 -0.947 0.863
32 -1.378 0.845
33 -0.794 0.885
34 -0.605 0.917
35 -0.800 0.881
36 -0.765 0.895
37 -0.704 0.895
38 -0.817 0.896
39 -0.682 0.910
40 -0.717 0.902
41 -0.711 0.911
42 -0.517 0.924
43 -0.757 0.887
44 -0.724 0.891
45 -0.684 0.895
46 -0.662 0.895
47 -0.484 0.926
48 -0.475 0.932
49 -0.579 0.927
50 -1.516 0.839
51 -0.375 0.944
52 -0.580 0.916
53 -0.443 0.938
54 -0.406 0.944
55 -0.256 0.953
56 -0.408 0.939
57 -0.421 0.926
58 -0.184 0.961
59 -0.347 0.944
60 -0.290 0.950
61 -0.192 0.961
62 -0.357 0.940
63 -0.261 0.958
64 -0.171 0.969
65 -0.148 0.961
66 -0.027 0.980
67 -0.138 0.965
68 -0.048 0.970
69 -0.062 0.973
70 -0.102 0.970
71 -0.036 0.979
72 0.025 0.981
73 -0.045 0.974
74 -0.034 0.969
75 -0.025 0.978
76 -0.245 0.956
77 -0.045 0.975
78 0.031 0.984
79 0.051 0.980
80 0.046 0.974
81 0.019 0.983
82 0.055 0.976
83 0.062 0.976
84 -0.249 0.959
85 0.067 0.985
86 0.090 0.983
87 0.060 0.981
88 0.124 0.985
89 0.119 0.984
90 0.117 0.986
91 0.160 0.991
92 0.084 0.984
93 0.147 0.990
94 0.072 0.985
95 0.132 0.986
96 0.108 0.983
97 0.138 0.988
98 0.160 0.988
99 0.096 0.974
100 0.181 0.993
101 0.090 0.978
102 0.117 0.985
103 0.166 0.996
104 0.160 0.990
105 0.166 0.986
106 0.161 0.988
107 0.175 0.989
108 0.151 0.988
109 0.173 0.990
110 0.195 0.988
111 0.073 0.969
112 0.134 0.983
113 0.225 0.988
114 0.197 0.991
115 0.211 0.990
116 0.222 0.990
117 0.115 0.976
118 0.194 0.990
119 0.203 0.991
120 0.154 0.985
121 0.171 0.984
122 0.134 0.985
123 0.224 0.999
124 0.196 0.988
125 0.185 0.986
126 0.165 0.983
127 0.154 0.984
128 0.128 0.980
129 0.135 0.980
130 0.171 0.986
131 0.160 0.981
132 0.190 0.988
133 0.169 0.985
134 0.221 0.993
135 0.050 0.975
136 0.147 0.981
137 0.129 0.983
138 0.207 0.985
139 0.176 0.986
140 0.232 0.995
141 0.237 0.991
142 0.152 0.990
143 0.253 0.989
144 0.163 0.995
145 0.119 0.978
146 0.170 0.986
147 0.177 0.983
148 0.195 0.988
149 0.177 0.989
150 0.130 0.990
151 0.170 0.988
152 0.187 0.989
153 0.190 0.986
154 0.216 0.993
155 0.202 0.990
156 0.140 0.983
157 0.169 0.979
158 0.270 0.993
159 0.167 0.994
160 0.117 0.988
161 0.173 0.984
162 0.190 0.990
163 0.215 0.990
164 0.210 0.993
165 -0.049 0.981
166 0.179 0.985
167 0.207 0.991
168 0.137 0.989
169 -0.719 0.899
170 0.206 0.993
171 0.235 0.994
172 0.164 0.991
173 0.212 0.985
174 0.229 0.995
175 0.232 0.998
176 0.225 0.993
177 0.200 0.988
178 0.193 0.993
179 0.166 0.988
180 0.231 0.994
181 0.214 0.989
182 0.188 0.989
183 0.194 0.984
184 0.184 0.985
185 0.148 0.980
186 0.136 0.989
187 0.255 0.993
188 0.235 0.991
189 0.185 0.993
190 0.239 0.996
191 0.205 0.989
192 0.222 0.988
193 0.233 0.995
194 0.219 0.990
195 0.155 0.979
196 0.216 0.990
197 0.216 0.990
198 0.235 0.991
199 0.227 0.985
200 0.202 0.988
201 0.235 0.991
201 0.235 0.991
