1 -4.867 0.070
2 -4.760 0.096
3 -4.765 0.100
4 -4.744 0.104
5 -4.712 0.115
6 -4.469 0.158
7 -4.450 0.174
8 -4.087 0.255
9 -3.626 0.367
10 -3.519 0.388
11 -3.179 0.472
12 -2.939 0.521
13 -2.679 0.575
14 -2.572 0.595
15 -2.089 0.691
16 -1.754 0.754
17 -1.785 0.726
18 -1.994 0.710
19 -1.790 0.746
20 -1.497 0.780
21 -1.431 0.812
22 -1.548 0.785
23 -1.355 0.830
24 -1.281 0.828
25 -1.514 0.790
26 -1.294 0.828
27 -1.275 0.828
28 -1.324 0.810
29 -1.247 0.839
30 -1.241 0.836
31 -1.019 0.866
32 -1.101 0.859
33 -0.942 0.875
34 -1.047 0.850
35 -0.884 0.876
36 -1.035 0.866
37 -1.033 0.863
38 -0.909 0.882
39 -0.757 0.910
40 -0.786 0.892
41 -0.978 0.874
42 -0.602 0.915
43 -0.645 0.915
44 -0.761 0.897
45 -0.708 0.910
46 -0.734 0.897
47 -0.567 0.930
48 -0.822 0.882
49 -0.603 0.924
50 -0.768 0.886
51 -0.510 0.929
52 -0.484 0.940
53 -0.498 0.924
54 -0.414 0.943
55 -0.442 0.930
56 -0.424 0.938
57 -0.317 0.946
58 -0.381 0.948
59 -0.444 0.934
60 -0.323 0.939
61 -0.322 0.951
62 -0.329 0.944
63 -0.426 0.940
64 -0.338 0.946
65 -0.340 0.940
66 -0.251 0.956
67 -0.276 0.953
68 -0.234 0.949
69 -0.231 0.955
70 -0.268 0.958
71 -0.233 0.955
72 -0.250 0.953
73 -0.251 0.951
74 -0.068 0.969
75 -0.173 0.958
76 -0.347 0.946
77 -0.151 0.966
78 -0.110 0.969
79 -0.104 0.971
80 -0.159 0.958
81 -0.134 0.966
82 -0.096 0.963
83 -0.028 0.975
84 -0.092 0.974
85 -0.068 0.973
86 -0.058 0.961
87 -0.039 0.964
88 0.008 0.981
89 -0.040 0.975
90 -0.062 0.973
91 -0.072 0.966
92 -0.036 0.979
93 0.039 0.981
94 -0.011 0.970
95 -0.035 0.975
96 -0.028 0.973
97 -0.122 0.960
98 -0.170 0.939
99 0.052 0.981
100 -0.078 0.973
101 0.057 0.979
102 -0.171 0.956
103 0.074 0.975
104 -0.033 0.970
105 -0.012 0.973
106 0.087 0.985
107 0.023 0.974
108 0.015 0.973
109 0.065 0.984
110 0.005 0.980
111 0.068 0.985
112 0.058 0.981
113 0.119 0.986
114 0.057 0.983
115 0.080 0.984
116 0.075 0.988
117 0.004 0.974
118 0.050 0.981
119 0.083 0.983
120 0.030 0.975
121 0.066 0.981
122 -0.079 0.975
123 0.109 0.988
124 0.040 0.983
125 -0.013 0.978
126 0.071 0.978
127 0.049 0.984
128 0.091 0.984
129 0.115 0.981
130 0.093 0.980
131 0.130 0.989
132 0.076 0.985
133 0.090 0.984
134 0.095 0.983
135 0.065 0.979
136 0.082 0.990
137 0.133 0.986
138 0.148 0.988
139 0.083 0.990
140 0.103 0.984
141 0.078 0.976
142 0.106 0.989
143 0.115 0.983
144 0.081 0.985
145 0.065 0.984
146 0.094 0.986
147 0.122 0.986
148 0.112 0.989
149 0.149 0.984
150 0.159 0.989
151 0.116 0.986
152 0.116 0.984
153 0.048 0.975
154 0.059 0.983
155 0.171 0.990
156 0.163 0.981
157 0.103 0.986
158 0.112 0.989
159 0.111 0.988
160 0.155 0.994
161 0.092 0.980
162 0.146 0.985
163 0.121 0.989
164 0.137 0.986
165 0.021 0.976
166 0.128 0.986
167 0.124 0.984
168 0.172 0.985
169 0.170 0.986
170 0.145 0.989
171 0.172 0.993
172 0.204 0.995
173 0.140 0.989
174 0.103 0.988
175 0.110 0.983
176 0.162 0.986
177 0.114 0.981
178 0.206 0.989
179 0.138 0.981
180 0.132 0.989
181 0.179 0.994
182 0.099 0.985
183 0.162 0.991
184 0.184 0.988
185 0.148 0.993
186 0.162 0.983
187 0.180 0.986
188 0.137 0.990
189 0.153 0.991
190 0.163 0.985
191 0.130 0.985
192 0.147 0.988
193 0.113 0.986
194 0.063 0.976
195 0.145 0.985
196 0.175 0.989
197 0.122 0.984
198 0.086 0.983
199 0.129 0.986
200 0.151 0.994
201 0.175 0.988
201 0.175 0.988
