1 -4.935 0.052
2 -4.798 0.086
3 -4.782 0.089
4 -4.776 0.089
5 -4.767 0.092
6 -4.837 0.070
7 -4.713 0.104
8 -4.793 0.094
9 -4.860 0.075
10 -4.784 0.091
11 -4.697 0.107
12 -4.471 0.152
13 -4.415 0.188
14 -4.312 0.217
15 -3.885 0.318
16 -3.692 0.369
17 -3.277 0.470
18 -2.961 0.542
19 -2.556 0.616
20 -2.131 0.713
21 -2.288 0.671
22 -2.180 0.667
23 -1.943 0.739
24 -1.888 0.740
25 -1.839 0.759
26 -1.510 0.801
27 -1.524 0.809
28 -1.277 0.859
29 -1.614 0.771
30 -1.455 0.820
31 -1.433 0.815
32 -1.333 0.830
33 -1.282 0.826
34 -1.249 0.838
35 -1.274 0.841
36 -1.155 0.850
37 -1.060 0.870
38 -1.241 0.846
39 -1.157 0.848
40 -1.024 0.868
41 -1.205 0.849
42 -0.883 0.890
43 -1.019 0.869
44 -1.078 0.876
45 -1.050 0.848
46 -1.108 0.841
47 -0.977 0.865
48 -0.892 0.884
49 -0.994 0.873
50 -0.864 0.887
51 -0.895 0.886
52 -1.002 0.863
53 -0.934 0.868
54 -0.708 0.914
55 -0.761 0.900
56 -0.733 0.902
57 -0.727 0.905
58 -0.588 0.938
59 -0.604 0.921
60 -0.496 0.935
61 -0.497 0.936
62 -0.485 0.932
63 -0.472 0.931
64 -0.441 0.945
65 -0.496 0.934
66 -0.450 0.943
67 -0.281 0.968
68 -0.361 0.955
69 -0.388 0.940
70 -0.433 0.931
71 -0.478 0.921
72 -0.284 0.958
73 -0.231 0.963
74 -0.228 0.955
75 -0.246 0.955
76 -0.232 0.961
77 -0.320 0.950
78 -0.188 0.964
79 -0.171 0.968
80 -0.198 0.966
81 -0.123 0.963
82 -0.196 0.963
83 -0.170 0.958
84 -0.215 0.955
85 -0.040 0.984
86 -0.041 0.975
87 -0.170 0.961
88 -0.089 0.974
89 -0.068 0.974
90 -0.107 0.961
91 -0.104 0.971
92 -0.112 0.959
93 -0.109 0.966
94 -0.126 0.963
95 0.029 0.979
96 -0.059 0.970
97 -0.035 0.975
98 -0.080 0.970
99 0.006 0.974
100 -0.065 0.975
101 -0.041 0.969
102 0.021 0.981
103 -0.021 0.980
104 0.005 0.979
105 -0.014 0.974
106 -0.025 0.971
107 0.011 0.978
108 -0.092 0.963
109 0.025 0.981
110 -0.088 0.963
111 0.013 0.981
112 0.005 0.979
113 -0.061 0.968
114 -0.076 0.965
115 0.075 0.981
116 0.028 0.974
117 0.051 0.981
118 -0.044 0.970
119 0.050 0.980
120 -0.022 0.978
121 0.098 0.985
122 0.077 0.981
123 0.105 0.989
124 -0.032 0.975
125 0.069 0.976
126 0.097 0.984
127 -0.020 0.966
128 0.070 0.981
129 0.063 0.978
130 0.090 0.989
131 0.095 0.981
132 0.063 0.985
133 0.034 0.978
134 0.139 0.988
135 0.086 0.984
136 -0.072 0.965
137 0.040 0.980
138 0.087 0.984
139 0.142 0.989
140 0.094 0.989
141 0.043 0.979
142 0.114 0.986
143 0.046 0.980
144 0.073 0.984
145 0.039 0.979
146 0.028 0.975
147 0.059 0.976
148 0.040 0.976
149 0.116 0.983
150 0.107 0.984
151 0.134 0.989
152 0.107 0.981
153 0.011 0.974
154 0.129 0.988
155 0.108 0.989
156 0.104 0.985
157 0.051 0.979
158 0.112 0.984
159 0.095 0.979
160 0.176 0.991
161 0.177 0.991
162 0.110 0.983
163 0.097 0.980
164 0.120 0.983
165 0.087 0.986
166 0.112 0.981
167 0.170 0.988
168 0.131 0.986
169 0.078 0.989
170 0.095 0.978
171 0.119 0.988
172 0.082 0.989
173 0.164 0.991
174 0.107 0.980
175 0.191 0.994
176 0.135 0.984
177 0.095 0.980
178 0.158 0.991
179 0.102 0.980
180 0.152 0.990
181 0.184 0.991
182 0.114 0.979
183 0.121 0.975
184 0.149 0.993
185 0.181 0.985
186 0.154 0.995
187 0.102 0.983
188 0.201 0.993
189 0.179 0.988
190 0.113 0.986
191 0.132 0.981
192 0.152 0.988
193 0.156 0.989
194 0.093 0.985
195 0.156 0.988
196 0.107 0.983
197 0.098 0.989
198 0.153 0.989
199 0.169 0.991
200 0.105 0.978
201 0.158 0.988
201 0.158 0.988
