1 -4.926 0.062
2 -4.842 0.076
3 -4.862 0.075
4 -4.554 0.152
5 -4.103 0.268
6 -3.568 0.406
7 -2.804 0.554
8 -2.322 0.657
9 -2.054 0.690
10 -2.029 0.695
11 -1.859 0.728
12 -1.467 0.794
13 -1.624 0.766
14 -1.640 0.769
15 -1.565 0.790
16 -1.359 0.804
17 -1.383 0.809
18 -1.421 0.815
19 -1.410 0.800
20 -1.186 0.820
21 -1.116 0.850
22 -1.373 0.805
23 -1.295 0.812
24 -1.104 0.838
25 -1.236 0.819
26 -1.125 0.848
27 -0.980 0.855
28 -1.125 0.844
29 -0.948 0.860
30 -1.041 0.851
31 -0.872 0.887
32 -1.076 0.848
33 -1.008 0.861
34 -0.949 0.874
35 -0.949 0.856
36 -0.860 0.870
37 -0.801 0.884
38 -0.709 0.901
39 -0.672 0.902
40 -0.706 0.907
41 -0.524 0.916
42 -0.450 0.932
43 -0.636 0.901
44 -0.511 0.929
45 -0.604 0.911
46 -0.603 0.924
47 -0.491 0.930
48 -0.423 0.936
49 -0.500 0.922
50 -0.589 0.905
51 -0.498 0.916
52 -0.503 0.921
53 -0.316 0.953
54 -0.417 0.941
55 -0.395 0.922
56 -0.308 0.955
57 -0.467 0.932
58 -0.352 0.943
59 -0.370 0.934
60 -0.270 0.953
61 -0.310 0.950
62 -0.240 0.974
63 -0.177 0.956
64 -0.241 0.956
65 -0.305 0.945
66 -0.367 0.943
67 -0.209 0.956
68 -0.190 0.966
69 -0.144 0.961
70 -0.111 0.973
71 -0.086 0.976
72 -0.094 0.979
73 -0.163 0.961
74 -0.154 0.965
75 -0.083 0.965
76 -0.043 0.978
77 -0.026 0.970
78 -0.107 0.964
79 -0.019 0.973
80 -0.037 0.973
81 0.014 0.976
82 -0.021 0.979
83 -0.062 0.979
84 0.037 0.989
85 0.021 0.978
86 0.057 0.983
87 0.040 0.983
88 -0.022 0.973
89 0.065 0.979
90 0.054 0.976
91 0.055 0.983
92 0.031 0.981
93 0.093 0.986
94 0.122 0.989
95 0.024 0.978
96 0.036 0.975
97 0.058 0.988
98 0.071 0.985
99 0.050 0.974
100 0.071 0.985
101 0.046 0.976
102 0.048 0.980
103 0.145 0.988
104 0.056 0.983
105 0.128 0.990
106 0.153 0.990
107 0.103 0.980
108 0.094 0.981
109 0.143 0.989
110 0.176 0.995
111 0.160 0.999
112 0.069 0.980
113 0.033 0.971
114 0.140 0.984
115 0.127 0.990
116 0.086 0.979
117 0.138 0.980
118 0.122 0.990
119 0.101 0.979
120 0.153 0.990
121 0.125 0.985
122 0.104 0.981
123 0.077 0.989
124 0.160 0.990
125 0.077 0.981
126 0.119 0.986
127 0.126 0.986
128 0.147 0.986
129 0.110 0.983
130 0.095 0.984
131 0.152 0.989
132 0.099 0.975
133 0.169 0.988
134 0.184 0.994
135 0.107 0.985
136 0.178 0.994
137 0.165 0.990
138 0.094 0.984
139 0.174 0.991
140 0.192 0.986
141 0.182 0.993
142 0.129 0.985
143 0.118 0.990
144 0.145 0.993
145 0.136 0.989
146 0.161 0.988
147 0.133 0.990
148 0.183 0.989
149 0.137 0.988
150 0.106 0.983
151 0.162 0.985
152 0.112 0.978
153 0.119 0.981
154 0.130 0.990
155 0.209 0.990
156 0.201 0.993
157 0.176 0.988
158 0.191 0.993
159 0.152 0.990
160 0.162 0.991
161 0.138 0.984
162 0.174 0.991
163 0.126 0.988
164 0.126 0.985
165 0.155 0.989
166 0.171 0.991
167 0.193 0.993
168 0.147 0.985
169 0.212 0.990
170 0.185 0.984
171 0.195 0.995
172 0.167 0.990
173 0.124 0.984
174 0.152 0.985
175 0.174 0.989
176 0.175 0.990
177 0.173 0.993
178 0.188 0.996
179 0.204 0.993
180 0.133 0.989
181 0.191 0.986
182 0.111 0.984
183 0.169 0.991
184 0.084 0.975
185 0.181 0.993
186 0.142 0.991
187 0.180 0.993
188 0.152 0.988
189 0.115 0.979
190 0.164 0.990
191 0.207 0.991
192 0.164 0.986
193 0.167 0.988
194 0.214 0.990
195 0.151 0.993
196 0.164 0.989
197 0.182 0.989
198 0.127 0.988
199 0.105 0.988
200 0.163 0.985
201 0.218 0.993
201 0.218 0.993
