1 -4.928 0.055
2 -4.769 0.094
3 -4.716 0.100
4 -4.624 0.128
5 -4.119 0.251
6 -3.950 0.289
7 -3.688 0.347
8 -3.133 0.474
9 -2.759 0.561
10 -2.450 0.609
11 -2.247 0.646
12 -1.848 0.739
13 -1.982 0.703
14 -1.815 0.715
15 -1.775 0.721
16 -1.336 0.823
17 -1.556 0.755
18 -1.362 0.795
19 -1.662 0.757
20 -1.163 0.840
21 -1.302 0.809
22 -1.274 0.811
23 -1.200 0.815
24 -0.985 0.855
25 -1.422 0.781
26 -0.944 0.856
27 -1.011 0.863
28 -1.237 0.818
29 -0.929 0.853
30 -1.132 0.833
31 -0.901 0.858
32 -0.891 0.873
33 -0.704 0.897
34 -0.791 0.881
35 -0.712 0.880
36 -0.965 0.855
37 -0.674 0.915
38 -0.619 0.915
39 -0.756 0.884
40 -0.702 0.891
41 -0.639 0.921
42 -0.701 0.904
43 -0.513 0.921
44 -0.433 0.936
45 -0.594 0.919
46 -0.549 0.915
47 -0.402 0.935
48 -0.427 0.940
49 -0.384 0.934
50 -0.490 0.927
51 -0.392 0.940
52 -0.405 0.930
53 -0.365 0.927
54 -0.511 0.915
55 -0.368 0.935
56 -0.259 0.960
57 -0.283 0.950
58 -0.254 0.961
59 -0.296 0.946
60 -0.203 0.964
61 -0.064 0.978
62 -0.168 0.965
63 -0.185 0.955
64 -0.203 0.951
65 -0.162 0.964
66 -0.122 0.958
67 -0.126 0.965
68 -0.152 0.958
69 -0.057 0.970
70 -0.045 0.971
71 -0.072 0.971
72 0.037 0.979
73 -0.057 0.979
74 -0.007 0.976
75 -0.002 0.975
76 -0.033 0.973
77 -0.063 0.960
78 -0.026 0.980
79 0.047 0.983
80 0.023 0.973
81 0.036 0.978
82 0.034 0.973
83 0.022 0.976
84 0.116 0.984
85 0.200 0.990
86 0.156 0.985
87 0.077 0.983
88 0.092 0.984
89 0.101 0.980
90 0.143 0.990
91 0.114 0.986
92 0.096 0.981
93 0.163 0.986
94 -0.041 0.960
95 0.112 0.988
96 0.091 0.978
97 0.131 0.986
98 0.180 0.989
99 0.157 0.994
100 0.167 0.983
101 0.156 0.986
102 0.153 0.985
103 0.188 0.993
104 0.195 0.990
105 0.127 0.984
106 0.133 0.988
107 0.173 0.984
108 0.215 0.993
109 0.198 0.988
110 0.232 0.989
111 0.177 0.988
112 0.219 0.988
113 0.180 0.989
114 0.118 0.974
115 0.191 0.988
116 0.165 0.990
117 0.178 0.986
118 0.165 0.990
119 0.201 0.986
120 0.159 0.990
121 0.152 0.988
122 0.177 0.988
123 0.214 0.994
124 0.215 0.993
125 0.164 0.988
126 0.150 0.985
127 0.147 0.985
128 0.181 0.983
129 0.176 0.988
130 0.147 0.983
131 0.164 0.984
132 0.164 0.985
133 0.179 0.993
134 0.174 0.989
135 0.161 0.988
136 0.183 0.990
137 0.217 0.989
138 0.190 0.991
139 0.194 0.981
140 0.173 0.985
141 0.197 0.991
142 0.194 0.986
143 0.233 0.988
144 0.167 0.986
145 0.210 0.990
146 0.163 0.986
147 0.211 0.986
148 0.141 0.986
149 0.219 0.991
150 0.095 0.980
151 0.184 0.989
152 0.197 0.994
153 0.217 0.986
154 0.210 0.988
155 0.196 0.988
156 0.216 0.986
157 0.193 0.991
158 0.245 0.991
159 0.199 0.988
160 0.207 0.991
161 0.239 0.991
162 0.216 0.993
163 0.227 0.995
164 0.231 0.996
165 0.179 0.986
166 0.296 0.996
167 0.213 0.991
168 0.252 0.994
169 0.221 0.990
170 0.178 0.988
171 0.258 0.991
172 0.187 0.983
173 0.289 0.994
174 0.179 0.990
175 0.207 0.989
176 0.260 0.994
177 0.229 0.991
178 0.222 0.990
179 0.194 0.989
180 0.186 0.984
181 0.216 0.988
182 0.199 0.985
183 0.242 0.990
184 0.242 0.993
185 0.217 0.994
186 0.246 0.994
187 0.198 0.988
188 0.245 0.993
189 0.229 0.990
190 0.236 0.988
191 0.253 0.993
192 0.226 0.994
193 0.224 0.993
194 0.273 0.995
195 0.237 0.993
196 0.236 0.994
197 0.228 0.993
198 0.256 0.996
199 0.205 0.989
200 0.221 0.991
201 0.221 0.990
201 0.221 0.990
