1 -4.900 0.066
2 -4.850 0.072
1 -4.801 0.078
2 -4.832 0.072
3 -4.816 0.075
4 -4.747 0.103
5 -4.717 0.094
6 -4.829 0.078
7 -4.847 0.075
8 -4.641 0.109
9 -4.588 0.134
10 -4.543 0.153
11 -4.186 0.234
12 -4.158 0.247
13 -3.640 0.359
14 -3.375 0.422
15 -3.329 0.441
16 -2.998 0.528
17 -2.488 0.594
18 -2.269 0.662
19 -2.267 0.650
20 -2.347 0.622
21 -2.111 0.675
22 -1.727 0.731
23 -1.675 0.734
24 -1.533 0.766
25 -1.579 0.762
26 -1.484 0.775
27 -1.176 0.825
28 -1.215 0.806
29 -1.262 0.787
30 -0.900 0.869
31 -1.030 0.844
32 -0.793 0.894
33 -1.029 0.859
34 -0.872 0.884
35 -0.929 0.859
36 -0.817 0.872
37 -1.345 0.831
38 -0.972 0.847
39 -0.774 0.891
40 -1.030 0.825
41 -0.686 0.897
42 -0.564 0.919
43 -0.638 0.894
44 -0.836 0.912
45 -0.619 0.916
46 -0.745 0.881
47 -0.608 0.897
48 -0.808 0.872
49 -0.601 0.909
50 -0.557 0.919
51 -0.677 0.909
52 -0.404 0.947
53 -0.417 0.938
54 -0.575 0.878
55 -0.365 0.947
56 -0.564 0.903
57 -0.482 0.912
58 -0.424 0.934
59 -0.258 0.953
60 -0.352 0.941
61 -0.390 0.928
62 -0.307 0.947
63 -0.337 0.944
64 -0.276 0.934
65 -0.226 0.959
66 -0.196 0.953
67 -0.195 0.966
68 -0.145 0.956
69 -0.256 0.947
70 -0.172 0.969
71 -0.163 0.959
72 -0.057 0.975
73 -0.073 0.963
74 -0.183 0.950
75 -0.065 0.959
76 -0.021 0.969
77 -1.527 0.781
78 -0.160 0.950
79 -0.105 0.959
80 -0.007 0.978
81 -0.115 0.966
82 -0.124 0.953
83 -0.008 0.988
84 -0.098 0.956
85 0.001 0.981
86 -0.160 0.969
87 -0.095 0.959
88 -0.061 0.959
89 0.053 0.981
90 0.076 0.978
91 0.016 0.972
92 0.090 0.978
93 0.058 0.984
94 -0.109 0.963
95 -0.032 0.978
96 0.146 0.991
97 0.162 0.984
98 0.077 0.988
99 0.065 0.991
100 0.123 0.988
101 0.076 0.978
102 0.025 0.978
103 0.042 0.981
104 -0.008 0.988
105 0.108 0.984
106 0.047 0.984
107 0.227 0.997
108 0.013 0.975
109 0.028 0.975
110 0.080 0.981
111 0.122 0.978
112 0.142 0.994
113 0.123 0.997
114 0.196 0.991
115 0.051 0.984
116 0.192 0.997
117 0.092 0.984
118 0.110 0.991
119 -0.070 0.969
120 -0.120 0.978
121 0.123 0.991
122 0.124 0.988
123 -0.026 0.966
124 0.109 0.984
125 0.091 0.981
126 0.149 0.994
127 0.140 0.991
128 0.178 0.991
129 0.202 0.994
130 0.085 0.988
131 0.187 0.997
132 0.013 0.984
133 0.133 0.988
134 0.146 0.997
135 0.166 0.994
136 0.252 0.997
137 0.160 0.991
138 0.105 0.988
139 0.159 0.988
140 0.118 0.984
141 0.100 0.981
142 0.126 0.991
143 0.128 0.988
144 0.162 0.991
145 0.262 1.000
146 0.149 0.997
147 0.249 0.997
148 0.168 0.988
149 0.110 0.978
150 0.136 0.994
151 0.084 0.981
152 0.217 0.991
153 0.227 0.994
154 0.133 0.981
155 0.121 0.969
156 0.133 0.984
157 0.209 0.991
158 0.133 0.991
159 0.094 0.984
160 0.126 0.988
161 0.218 0.991
162 0.167 0.991
163 0.177 0.984
164 0.177 0.988
165 0.148 0.978
166 0.224 0.991
167 0.147 0.981
168 0.153 0.991
169 0.180 0.997
170 0.177 0.988
171 0.172 0.997
172 0.206 0.991
173 0.260 0.997
174 0.177 0.991
175 0.165 0.988
176 0.249 0.991
177 0.191 0.994
178 0.213 0.991
179 0.195 0.997
180 0.020 0.988
181 0.097 0.981
182 0.093 0.975
183 0.255 1.000
184 0.071 0.978
185 0.203 0.984
186 0.125 0.981
187 0.201 0.991
188 0.187 0.994
189 0.127 0.984
190 0.221 1.000
191 0.184 0.984
192 0.136 0.984
193 0.197 0.994
194 0.171 0.991
195 0.209 0.991
196 0.212 0.991
197 0.204 0.994
198 0.237 0.994
199 0.135 0.994
200 0.171 0.991
201 0.150 0.991
201 0.150 0.991
