1 -4.830 0.072
2 -4.756 0.096
3 -4.795 0.091
4 -4.784 0.091
5 -4.772 0.095
6 -4.872 0.074
7 -4.885 0.066
8 -4.743 0.095
9 -4.760 0.100
10 -4.535 0.140
11 -4.580 0.136
12 -4.367 0.189
13 -4.163 0.237
14 -4.005 0.286
15 -3.831 0.319
16 -3.419 0.420
17 -3.047 0.515
18 -2.833 0.556
19 -2.676 0.579
20 -2.264 0.636
21 -2.160 0.670
22 -1.704 0.766
23 -1.674 0.748
24 -1.596 0.765
25 -1.447 0.775
26 -1.339 0.794
27 -1.612 0.759
28 -1.565 0.750
29 -1.045 0.853
30 -1.087 0.849
31 -1.169 0.860
32 -1.639 0.811
33 -1.006 0.848
34 -0.848 0.876
35 -0.794 0.868
36 -1.040 0.839
37 -0.936 0.866
38 -0.794 0.881
39 -0.747 0.881
40 -0.879 0.856
41 -0.938 0.859
42 -0.894 0.874
43 -0.644 0.904
44 -0.600 0.919
45 -0.768 0.882
46 -0.614 0.901
47 -0.683 0.881
48 -0.707 0.890
49 -0.499 0.911
50 -0.531 0.929
51 -0.547 0.909
52 -0.550 0.911
53 -0.492 0.926
54 -0.444 0.920
55 -0.375 0.931
56 -0.399 0.938
57 -0.344 0.945
58 -0.368 0.946
59 -0.382 0.929
60 -0.384 0.936
61 -0.272 0.944
62 -0.413 0.935
63 -0.342 0.950
64 -0.316 0.959
65 -0.166 0.966
66 -0.196 0.959
67 -0.212 0.953
68 -0.425 0.938
69 -0.215 0.954
70 -0.240 0.941
71 -0.224 0.953
72 -0.187 0.954
73 -0.105 0.961
74 -0.109 0.969
75 -0.145 0.959
76 -0.162 0.960
77 -0.111 0.950
78 -0.135 0.963
79 -0.164 0.950
80 -0.072 0.975
81 -0.157 0.959
82 0.052 0.976
83 -0.126 0.969
84 -0.128 0.963
85 -0.043 0.975
86 -0.026 0.978
87 -0.005 0.980
88 0.073 0.984
89 0.063 0.981
90 0.032 0.980
91 -0.010 0.978
92 0.004 0.979
93 -0.017 0.973
94 0.071 0.980
95 0.047 0.980
96 0.072 0.979
97 0.080 0.985
98 0.033 0.983
99 0.100 0.991
100 0.056 0.983
101 0.111 0.990
102 0.082 0.976
103 0.087 0.984
104 0.079 0.978
105 0.115 0.980
106 0.114 0.985
107 0.099 0.981
108 0.057 0.981
109 0.051 0.976
110 0.119 0.983
111 0.078 0.984
112 0.138 0.990
113 0.103 0.984
114 0.118 0.990
115 0.052 0.975
116 0.146 0.985
117 0.161 0.993
118 0.116 0.986
119 0.126 0.986
120 0.050 0.979
121 0.204 0.995
122 0.112 0.985
123 0.151 0.989
124 0.081 0.988
125 0.114 0.981
126 0.119 0.991
127 0.114 0.985
128 0.134 0.990
129 0.157 0.991
130 0.080 0.983
131 0.104 0.985
132 0.108 0.986
133 0.132 0.993
134 0.164 0.991
135 0.180 0.988
136 0.148 0.984
137 0.166 0.986
138 0.108 0.986
139 0.143 0.984
140 0.173 0.991
141 0.132 0.986
142 0.133 0.986
143 0.131 0.991
144 0.123 0.994
145 0.099 0.984
146 0.147 0.990
147 0.190 0.993
148 0.113 0.984
149 0.098 0.986
150 0.132 0.989
151 0.112 0.980
152 0.202 0.989
153 0.127 0.984
154 0.148 0.981
155 0.178 0.993
156 0.130 0.984
157 0.158 0.990
158 0.100 0.985
159 0.123 0.985
160 0.108 0.988
161 0.232 0.993
162 -0.310 0.948
163 0.182 0.990
164 0.241 0.995
165 0.158 0.986
166 0.124 0.978
167 0.246 0.993
168 0.202 0.991
169 0.211 0.993
170 0.214 0.998
171 0.162 0.984
172 0.134 0.988
173 0.181 0.990
174 0.194 0.991
175 0.160 0.988
176 0.213 0.993
177 0.202 0.993
178 0.128 0.986
179 -0.052 0.969
180 0.224 0.991
181 0.145 0.990
182 0.139 0.988
183 0.216 0.994
184 0.217 0.993
185 0.152 0.990
186 0.143 0.986
187 0.157 0.985
188 0.128 0.986
189 0.201 0.991
190 0.213 0.994
191 0.193 0.995
192 0.196 0.990
193 0.186 0.991
194 -0.120 0.966
195 0.236 0.993
196 0.176 0.991
197 0.176 0.989
198 0.193 0.991
199 0.171 0.984
200 0.195 0.994
201 0.191 0.989
201 0.191 0.989
