1 -4.914 0.060
2 -4.830 0.079
3 -4.836 0.085
4 -4.804 0.084
5 -4.847 0.072
6 -4.799 0.081
7 -4.841 0.075
8 -4.784 0.096
9 -4.676 0.113
10 -4.668 0.124
11 -4.720 0.122
12 -4.396 0.194
13 -4.190 0.242
14 -3.959 0.307
15 -3.840 0.333
16 -3.212 0.461
17 -3.371 0.444
18 -3.012 0.506
19 -2.510 0.618
20 -2.404 0.641
21 -2.252 0.670
22 -2.092 0.691
23 -1.920 0.725
24 -1.730 0.791
25 -1.704 0.775
26 -1.933 0.719
27 -1.864 0.740
28 -1.583 0.790
29 -1.576 0.781
30 -1.274 0.838
31 -1.403 0.820
32 -1.547 0.776
33 -1.290 0.844
34 -1.294 0.828
35 -1.481 0.791
36 -1.259 0.845
37 -1.337 0.825
38 -1.187 0.851
39 -1.185 0.861
40 -1.241 0.845
41 -1.155 0.854
42 -1.040 0.877
43 -1.016 0.871
44 -1.093 0.860
45 -1.016 0.865
46 -1.064 0.870
47 -1.047 0.885
48 -0.888 0.891
49 -0.859 0.897
50 -0.935 0.875
51 -0.845 0.894
52 -0.706 0.919
53 -0.642 0.926
54 -0.892 0.890
55 -0.819 0.895
56 -0.839 0.885
57 -0.543 0.935
58 -0.682 0.902
59 -0.521 0.940
60 -0.602 0.919
61 -0.725 0.892
62 -0.594 0.911
63 -0.515 0.936
64 -0.493 0.919
65 -0.447 0.938
66 -0.450 0.934
67 -0.569 0.917
68 -0.439 0.935
69 -0.407 0.936
70 -0.577 0.915
71 -0.580 0.924
72 -0.476 0.925
73 -0.475 0.927
74 -0.312 0.955
75 -0.204 0.955
76 -0.380 0.944
77 -0.346 0.945
78 -0.219 0.949
79 -0.268 0.954
80 -0.208 0.969
81 -0.156 0.963
82 -0.248 0.948
83 -0.211 0.964
84 -0.291 0.959
85 -0.332 0.944
86 -0.098 0.968
87 -0.134 0.965
88 -0.195 0.963
89 -0.265 0.954
90 -0.225 0.965
91 -0.165 0.961
92 -0.070 0.969
93 -0.166 0.971
94 -0.080 0.983
95 -0.067 0.970
96 -0.150 0.965
97 -0.072 0.968
98 -0.002 0.979
99 -0.052 0.979
100 -0.017 0.980
101 -0.056 0.975
102 -0.046 0.981
103 -0.021 0.969
104 -0.010 0.979
105 -0.127 0.968
106 -0.029 0.971
107 -0.079 0.975
108 0.002 0.985
109 0.076 0.980
110 -0.045 0.975
111 -0.040 0.971
112 -0.121 0.964
113 -0.035 0.961
114 -0.055 0.979
115 0.044 0.976
116 0.064 0.988
117 0.080 0.985
118 0.061 0.978
119 0.009 0.976
120 -0.017 0.971
121 0.039 0.988
122 0.029 0.983
123 0.081 0.981
124 0.103 0.984
125 0.038 0.985
126 0.100 0.984
127 0.062 0.984
128 -0.034 0.965
129 0.065 0.990
130 0.071 0.986
131 0.023 0.973
132 0.078 0.985
133 0.057 0.983
134 0.052 0.981
135 -0.028 0.971
136 0.072 0.981
137 0.036 0.975
138 0.095 0.979
139 0.017 0.979
140 0.116 0.990
141 0.019 0.976
142 0.054 0.986
143 0.074 0.979
144 0.116 0.981
145 0.105 0.986
146 0.058 0.979
147 0.086 0.984
148 0.091 0.988
149 0.124 0.989
150 0.148 0.991
151 0.131 0.989
152 -0.014 0.981
153 0.107 0.985
154 0.169 0.986
155 0.021 0.975
156 0.114 0.993
157 0.086 0.978
158 0.104 0.981
159 0.130 0.985
160 0.106 0.983
161 0.121 0.983
162 0.147 0.993
163 0.047 0.979
164 0.101 0.981
165 0.074 0.984
166 0.052 0.974
167 0.088 0.984
168 0.084 0.975
169 0.095 0.976
170 0.128 0.991
171 0.063 0.978
172 0.079 0.990
173 0.085 0.984
174 0.139 0.984
175 0.048 0.984
176 0.120 0.985
177 0.117 0.986
178 0.085 0.980
179 0.198 0.993
180 0.135 0.983
181 0.120 0.986
182 0.067 0.984
183 0.173 0.988
184 0.118 0.985
185 0.130 0.989
186 0.181 0.989
187 0.144 0.981
188 0.102 0.988
189 0.104 0.985
190 0.137 0.981
191 0.128 0.990
192 0.184 0.990
193 0.176 0.991
194 0.188 0.988
195 0.142 0.993
196 0.154 0.988
197 0.102 0.985
198 0.158 0.989
199 0.152 0.985
200 0.143 0.991
201 0.208 0.990
201 0.208 0.990
