1 -4.953 0.050
2 -4.771 0.091
3 -4.806 0.076
4 -4.334 0.205
5 -3.691 0.366
6 -2.720 0.581
7 -2.532 0.595
8 -2.277 0.644
9 -1.836 0.735
10 -2.079 0.689
11 -1.903 0.718
12 -1.841 0.729
13 -1.571 0.771
14 -1.492 0.794
15 -1.399 0.791
16 -1.378 0.804
17 -1.291 0.830
18 -1.329 0.810
19 -1.112 0.860
20 -0.986 0.869
21 -1.133 0.835
22 -1.047 0.841
23 -1.083 0.856
24 -1.246 0.818
25 -1.036 0.859
26 -0.963 0.874
27 -0.904 0.882
28 -0.923 0.859
29 -0.825 0.889
30 -0.811 0.886
31 -0.899 0.868
32 -0.706 0.907
33 -0.850 0.877
34 -1.096 0.855
35 -0.750 0.892
36 -0.572 0.927
37 -0.727 0.899
38 -0.888 0.865
39 -0.662 0.906
40 -0.619 0.919
41 -0.624 0.909
42 -0.595 0.911
43 -0.591 0.919
44 -0.627 0.899
45 -0.515 0.921
46 -0.445 0.929
47 -0.527 0.917
48 -0.485 0.932
49 -0.665 0.895
50 -0.470 0.932
51 -0.494 0.929
52 -0.339 0.948
53 -0.425 0.939
54 -0.414 0.932
55 -0.338 0.944
56 -0.331 0.953
57 -0.418 0.935
58 -0.326 0.945
59 -0.396 0.930
60 -0.307 0.950
61 -0.214 0.961
62 -0.342 0.934
63 -0.368 0.944
64 -0.176 0.959
65 -0.218 0.960
66 -0.175 0.960
67 -0.222 0.958
68 -0.180 0.955
69 -0.065 0.966
70 -0.178 0.955
71 -0.162 0.965
72 -0.035 0.978
73 -0.196 0.958
74 -0.129 0.961
75 -0.094 0.970
76 -0.012 0.979
77 -0.009 0.978
78 -0.033 0.965
79 -0.112 0.961
80 -0.057 0.981
81 0.003 0.980
82 0.061 0.981
83 0.061 0.981
84 -0.062 0.966
85 -0.011 0.971
86 0.004 0.974
87 0.063 0.978
88 0.053 0.978
89 0.083 0.985
90 0.119 0.984
91 0.075 0.983
92 -0.053 0.966
93 0.072 0.980
94 -0.003 0.968
95 0.068 0.981
96 0.112 0.986
97 0.062 0.981
98 0.107 0.988
99 0.136 0.988
100 0.111 0.993
101 0.102 0.988
102 0.155 0.984
103 0.086 0.980
104 0.136 0.985
105 0.069 0.979
106 0.061 0.979
107 0.097 0.988
108 0.078 0.984
109 0.118 0.983
110 0.149 0.990
111 0.102 0.981
112 0.151 0.994
113 0.080 0.984
114 0.115 0.989
115 0.175 0.986
116 0.162 0.991
117 0.115 0.983
118 0.057 0.979
119 0.177 0.993
120 0.108 0.986
121 0.122 0.990
122 0.139 0.986
123 0.110 0.985
124 0.138 0.989
125 0.097 0.988
126 0.158 0.990
127 0.143 0.990
128 0.092 0.988
129 0.159 0.986
130 0.088 0.989
131 0.151 0.990
132 0.146 0.991
133 0.158 0.988
134 0.139 0.990
135 0.148 0.995
136 0.135 0.989
137 0.180 0.988
138 0.164 0.988
139 0.117 0.981
140 0.169 0.994
141 0.123 0.986
142 0.162 0.991
143 0.132 0.984
144 0.182 0.990
145 0.162 0.993
146 0.185 0.988
147 0.186 0.993
148 0.183 0.990
149 0.163 0.989
150 0.165 0.988
151 0.164 0.984
152 0.154 0.986
153 0.179 0.988
154 0.121 0.983
155 0.202 0.993
156 0.174 0.988
157 0.175 0.991
158 0.214 0.991
159 0.169 0.990
160 0.071 0.980
161 0.152 0.988
162 0.207 0.995
163 0.179 0.986
164 0.162 0.986
165 0.127 0.980
166 0.171 0.991
167 0.222 0.994
168 0.198 0.994
169 0.170 0.994
170 0.204 0.991
171 0.199 0.994
172 0.186 0.990
173 0.121 0.993
174 0.186 0.990
175 0.180 0.993
176 0.190 0.991
177 0.149 0.990
178 0.162 0.989
179 0.150 0.990
180 0.141 0.988
181 0.122 0.988
182 0.172 0.990
183 0.172 0.989
184 0.188 0.991
185 0.141 0.988
186 0.197 0.993
187 0.171 0.993
188 0.177 0.991
189 0.145 0.989
190 0.192 0.995
191 0.150 0.985
192 0.174 0.986
193 0.162 0.988
194 0.169 0.988
195 0.164 0.991
196 0.185 0.996
197 0.161 0.986
198 0.191 0.990
199 0.219 0.995
200 0.162 0.985
201 0.163 0.986
201 0.163 0.986
