1 -4.890 0.067
2 -4.834 0.084
3 -4.861 0.071
1 -4.794 0.078
2 -4.772 0.116
3 -4.791 0.091
4 -4.771 0.087
5 -4.917 0.078
6 -4.625 0.134
7 -4.357 0.191
8 -4.241 0.222
9 -3.852 0.300
10 -3.784 0.334
11 -3.424 0.416
12 -3.528 0.406
13 -3.074 0.509
14 -2.883 0.544
15 -2.434 0.619
16 -2.543 0.619
17 -1.912 0.722
18 -2.173 0.684
19 -1.642 0.778
20 -1.995 0.684
21 -1.881 0.709
22 -1.579 0.800
23 -1.889 0.734
24 -1.668 0.769
25 -1.471 0.791
26 -1.457 0.787
27 -1.591 0.769
28 -1.240 0.825
29 -1.288 0.816
30 -1.345 0.806
31 -1.069 0.863
32 -1.180 0.850
33 -0.782 0.909
34 -1.187 0.847
35 -0.906 0.863
36 -0.806 0.894
37 -1.083 0.847
38 -0.842 0.897
39 -0.793 0.897
40 -0.833 0.878
41 -0.826 0.900
42 -0.944 0.875
43 -0.948 0.891
44 -1.002 0.866
45 -0.689 0.909
46 -0.855 0.891
47 -0.752 0.894
48 -0.505 0.931
49 -0.470 0.947
50 -0.618 0.916
51 -0.584 0.928
52 -0.493 0.950
53 -0.619 0.919
54 -0.432 0.956
55 -0.417 0.928
56 -0.438 0.944
57 -0.424 0.953
58 -0.409 0.953
59 -0.381 0.956
60 -0.371 0.934
61 -0.283 0.959
62 -0.397 0.938
63 -0.407 0.947
64 -0.285 0.950
65 -0.297 0.947
66 -0.428 0.944
67 -0.202 0.956
68 -0.288 0.956
69 -0.149 0.984
70 -0.197 0.956
71 -0.202 0.950
72 -0.082 0.981
73 -0.151 0.978
74 -0.226 0.959
75 -0.078 0.972
76 -0.197 0.963
77 -0.112 0.963
78 -0.178 0.950
79 -0.176 0.969
80 0.039 0.978
81 -0.090 0.959
82 -0.110 0.975
83 -0.214 0.953
84 -0.036 0.966
85 -0.057 0.981
86 0.006 0.978
87 0.064 0.972
88 0.051 0.981
89 -0.055 0.981
90 -0.075 0.975
91 -0.001 0.975
92 -0.046 0.978
93 -0.001 0.981
94 -0.034 0.969
95 -0.118 0.953
96 0.002 0.988
97 -0.022 0.963
98 -0.033 0.981
99 -0.148 0.959
100 -0.142 0.963
101 0.082 0.991
102 0.031 0.981
103 0.015 0.969
104 -0.008 0.969
105 0.013 0.981
106 0.065 0.984
107 0.082 0.984
108 -0.115 0.963
109 0.047 0.978
110 0.061 0.981
111 0.105 0.991
112 0.059 0.984
113 0.184 0.988
114 0.122 0.984
115 0.128 0.981
116 0.071 0.972
117 0.192 0.988
118 0.047 0.978
119 0.065 0.988
120 0.140 0.988
121 0.096 0.994
122 0.026 0.972
123 0.090 0.981
124 0.162 1.000
125 0.123 0.991
126 0.113 0.984
127 0.090 0.981
128 0.182 0.994
129 0.112 0.988
130 0.023 0.978
131 0.000 0.978
132 0.106 0.988
133 0.069 0.984
134 0.222 0.997
135 0.181 0.991
136 0.209 0.994
137 0.147 0.988
138 0.110 0.978
139 0.155 0.994
140 0.128 0.988
141 0.130 0.988
142 0.047 0.988
143 0.097 0.988
144 0.146 0.991
145 0.107 0.978
146 0.211 0.997
147 0.119 0.981
148 0.127 0.991
149 0.170 0.988
150 0.109 0.988
151 -0.000 0.969
152 0.128 0.981
153 0.124 0.984
154 0.084 0.994
155 0.058 0.972
156 0.128 0.988
157 0.085 0.972
158 0.175 0.997
159 0.177 0.981
160 0.109 0.978
161 0.200 0.994
162 0.081 0.981
163 0.101 0.975
164 0.109 0.984
165 0.149 0.991
166 0.124 0.988
167 0.078 0.978
168 0.139 0.984
169 0.116 0.988
170 0.105 0.978
171 0.130 0.988
172 0.152 0.988
173 0.039 0.981
174 0.195 0.994
175 0.102 0.988
176 0.104 0.991
177 0.140 0.988
178 0.212 0.991
179 0.115 0.978
180 0.159 0.991
181 0.107 0.991
182 0.039 0.978
183 0.071 0.988
184 0.195 0.991
185 0.171 0.988
186 0.035 0.988
187 0.123 0.997
188 0.187 0.991
189 0.179 0.997
190 0.201 0.994
191 0.254 0.997
192 0.144 0.988
193 0.227 0.988
194 0.144 0.984
195 0.109 0.978
196 0.214 0.997
197 0.141 0.991
198 0.173 0.991
199 0.206 0.997
200 0.157 0.988
201 0.208 0.997
201 0.208 0.997
