1 -4.903 0.064
2 -4.895 0.059
3 -4.834 0.083
4 -4.672 0.116
5 -4.455 0.160
6 -4.350 0.200
7 -3.822 0.309
8 -3.505 0.390
9 -3.123 0.465
10 -2.683 0.565
11 -2.321 0.652
12 -1.905 0.725
13 -1.675 0.750
14 -1.685 0.752
15 -1.604 0.759
16 -1.574 0.774
17 -1.462 0.786
18 -1.357 0.786
19 -1.113 0.843
20 -1.557 0.754
21 -1.251 0.805
22 -1.326 0.791
23 -1.216 0.824
24 -1.255 0.821
25 -1.054 0.840
26 -0.975 0.845
27 -1.168 0.826
28 -1.036 0.844
29 -0.939 0.861
30 -0.913 0.861
31 -0.771 0.891
32 -0.840 0.885
33 -0.721 0.884
34 -0.904 0.870
35 -0.854 0.879
36 -0.665 0.896
37 -0.750 0.909
38 -0.508 0.927
39 -0.716 0.891
40 -0.616 0.917
41 -0.632 0.905
42 -0.636 0.909
43 -0.439 0.939
44 -0.726 0.892
45 -0.606 0.907
46 -0.443 0.934
47 -0.471 0.925
48 -0.569 0.911
49 -0.284 0.956
50 -0.367 0.936
51 -0.263 0.951
52 -0.425 0.940
53 -0.381 0.939
54 -0.455 0.939
55 -0.256 0.953
56 -0.411 0.929
57 -0.227 0.948
58 -0.120 0.969
59 -0.192 0.961
60 -0.221 0.953
61 -0.188 0.964
62 -0.191 0.954
63 -0.117 0.965
64 -0.101 0.966
65 -0.108 0.970
66 -0.194 0.956
67 -0.093 0.974
68 -0.096 0.980
69 -0.035 0.975
70 -0.044 0.978
71 -0.038 0.978
72 -0.029 0.970
73 -0.095 0.964
74 -0.046 0.974
75 -0.015 0.971
76 -0.016 0.971
77 0.072 0.981
78 0.060 0.979
79 -0.032 0.970
80 0.120 0.989
81 0.129 0.990
82 0.029 0.986
83 0.006 0.971
84 0.068 0.983
85 0.158 0.994
86 0.113 0.981
87 0.023 0.988
88 0.102 0.978
89 0.202 0.989
90 0.130 0.988
91 0.144 0.986
92 0.058 0.981
93 0.118 0.988
94 0.162 0.986
95 0.075 0.978
96 0.130 0.983
97 0.180 0.994
98 0.145 0.988
99 0.112 0.985
100 0.145 0.989
101 0.178 0.988
102 0.125 0.989
103 0.073 0.984
104 0.141 0.984
105 0.165 0.984
106 0.176 0.989
107 0.106 0.985
108 0.203 0.991
109 0.146 0.990
110 0.121 0.980
111 0.155 0.983
112 0.176 0.988
113 0.144 0.985
114 0.204 0.984
115 0.157 0.993
116 0.157 0.986
117 0.171 0.986
118 0.169 0.991
119 0.114 0.978
120 0.204 0.984
121 0.162 0.990
122 0.214 0.990
123 0.199 0.988
124 0.228 0.993
125 0.136 0.984
126 0.022 0.965
127 0.186 0.993
128 0.193 0.990
129 0.171 0.989
130 0.233 0.989
131 0.201 0.994
132 0.158 0.989
133 0.108 0.983
134 0.196 0.989
135 0.164 0.985
136 0.218 0.994
137 0.210 0.990
138 0.262 0.995
139 0.276 0.996
140 0.172 0.980
141 0.175 0.985
142 0.210 0.994
143 0.203 0.990
144 0.169 0.985
145 0.233 0.993
146 0.232 0.995
147 0.202 0.986
148 0.212 0.990
149 0.201 0.993
150 0.224 0.988
151 0.275 0.998
152 0.231 0.994
153 0.246 0.994
154 0.075 0.988
155 0.147 0.989
156 0.248 0.995
157 0.223 0.991
158 0.190 0.989
159 0.204 0.988
160 0.182 0.991
161 0.213 0.989
162 0.232 0.990
163 0.189 0.983
164 0.222 0.989
165 0.237 0.993
166 0.221 0.994
167 0.196 0.986
168 0.237 0.995
169 0.233 0.994
170 0.209 0.991
171 0.234 0.993
172 0.188 0.985
173 0.245 0.990
174 0.234 0.988
175 0.282 0.994
176 0.253 0.995
177 0.232 0.991
178 0.177 0.988
179 0.237 0.990
180 0.155 0.981
181 0.275 0.994
182 0.218 0.990
183 0.180 0.986
184 0.253 0.993
185 0.241 0.988
186 0.224 0.996
187 0.257 0.995
188 0.269 0.994
189 0.223 0.989
190 0.203 0.994
191 0.237 0.995
192 0.202 0.989
193 0.265 0.995
194 0.238 0.995
195 0.272 0.993
196 0.206 0.991
197 0.258 0.993
198 0.254 0.991
199 0.260 0.989
200 0.187 0.988
201 0.255 0.991
201 0.255 0.991
