1 -4.901 0.064
2 -4.808 0.085
3 -4.847 0.084
4 -4.846 0.084
5 -4.452 0.185
6 -3.999 0.282
7 -3.471 0.403
8 -2.939 0.531
9 -2.491 0.610
10 -1.953 0.726
11 -1.763 0.749
12 -1.696 0.755
13 -1.408 0.812
14 -1.556 0.765
15 -1.399 0.807
16 -1.318 0.819
17 -1.507 0.791
18 -1.413 0.787
19 -1.337 0.801
20 -1.187 0.848
21 -1.048 0.859
22 -0.970 0.851
23 -1.154 0.835
24 -1.219 0.838
25 -1.059 0.849
26 -1.012 0.856
27 -1.063 0.851
28 -0.927 0.869
29 -1.507 0.825
30 -0.783 0.896
31 -0.825 0.882
32 -1.402 0.848
33 -0.811 0.882
34 -0.902 0.887
35 -0.824 0.875
36 -0.792 0.909
37 -0.580 0.924
38 -0.741 0.886
39 -0.611 0.915
40 -0.485 0.926
41 -0.679 0.896
42 -0.546 0.938
43 -0.511 0.932
44 -0.465 0.938
45 -0.516 0.926
46 -0.513 0.917
47 -0.355 0.946
48 -0.437 0.938
49 -0.495 0.932
50 -0.396 0.941
51 -0.453 0.926
52 -0.337 0.951
53 -0.309 0.950
54 -0.353 0.949
55 -0.239 0.965
56 -0.335 0.946
57 -0.218 0.958
58 -0.230 0.954
59 -0.238 0.955
60 -0.098 0.976
61 -0.182 0.960
62 -0.115 0.973
63 -0.084 0.969
64 -0.203 0.960
65 -0.368 0.960
66 -0.176 0.959
67 -0.107 0.964
68 -0.103 0.971
69 -0.155 0.956
70 -0.051 0.974
71 -0.002 0.984
72 -0.037 0.978
73 0.021 0.981
74 -0.080 0.964
75 -0.043 0.978
76 -0.035 0.973
77 -0.404 0.953
78 0.043 0.980
79 0.070 0.983
80 -0.038 0.971
81 0.091 0.985
82 0.069 0.979
83 0.112 0.985
84 0.150 0.989
85 0.041 0.978
86 0.045 0.975
87 0.132 0.989
88 0.090 0.980
89 0.111 0.983
90 0.164 0.990
91 0.138 0.989
92 0.125 0.985
93 0.143 0.990
94 0.159 0.990
95 0.017 0.975
96 0.169 0.981
97 0.137 0.985
98 0.186 0.991
99 0.073 0.975
100 0.122 0.983
101 -0.096 0.958
102 0.150 0.990
103 0.139 0.983
104 0.143 0.981
105 0.037 0.978
106 0.147 0.990
107 0.163 0.984
108 0.106 0.979
109 0.114 0.983
110 0.229 0.990
111 0.201 0.986
112 0.205 0.993
113 0.170 0.986
114 0.216 0.991
115 -0.556 0.930
116 -0.182 0.921
117 0.156 0.988
118 0.207 0.989
119 0.178 0.985
120 0.163 0.989
121 0.178 0.988
122 0.160 0.989
123 0.207 0.993
124 0.187 0.993
125 0.181 0.989
126 0.203 0.990
127 0.260 0.996
128 -0.598 0.909
129 0.192 0.993
130 0.230 0.991
131 0.170 0.985
132 0.189 0.988
133 0.164 0.989
134 0.201 0.988
135 0.180 0.988
136 0.168 0.989
137 0.221 0.990
138 0.189 0.989
139 0.224 0.996
140 0.190 0.989
141 0.231 0.988
142 0.234 0.994
143 0.184 0.988
144 0.076 0.975
145 0.204 0.990
146 0.211 0.995
147 0.196 0.985
148 0.218 0.990
149 0.220 0.995
150 0.221 0.991
151 0.216 0.993
152 0.226 0.994
153 0.191 0.993
154 0.243 0.993
155 0.195 0.989
156 0.232 0.989
157 0.214 0.989
158 0.246 0.995
159 0.160 0.986
160 0.229 0.993
161 0.251 0.990
162 0.193 0.994
163 0.209 0.990
164 0.212 0.984
165 0.233 0.988
166 0.213 0.989
167 0.194 0.991
168 0.188 0.986
169 0.225 0.991
170 0.236 0.990
171 0.210 0.989
172 0.209 0.988
173 0.219 0.991
174 0.199 0.989
175 0.213 0.989
176 0.249 0.996
177 0.214 0.991
178 0.158 0.983
179 0.254 0.989
180 0.189 0.990
181 0.228 0.996
182 0.251 0.991
183 0.211 0.984
184 0.198 0.994
185 0.161 0.986
186 0.167 0.990
187 0.244 0.995
188 0.241 0.990
189 0.216 0.990
190 0.233 0.996
191 0.278 0.995
192 0.229 0.994
193 0.069 0.978
194 0.205 0.991
195 0.241 0.993
196 0.202 0.989
197 0.229 0.993
198 0.241 0.994
199 0.191 0.995
200 0.191 0.990
201 0.213 0.995
201 0.213 0.995
