1 -4.481 0.149
2 -4.561 0.135
3 -4.420 0.174
4 -4.471 0.156
5 -4.445 0.159
6 -4.433 0.161
7 -4.463 0.154
8 -4.438 0.170
9 -4.294 0.196
10 -4.229 0.209
11 -3.813 0.291
12 -3.970 0.263
13 -3.590 0.354
14 -3.540 0.366
15 -3.406 0.390
16 -2.712 0.529
17 -2.596 0.576
18 -2.579 0.562
19 -2.755 0.521
20 -1.868 0.708
21 -2.162 0.632
22 -2.040 0.651
23 -1.631 0.735
24 -1.876 0.706
25 -1.532 0.779
26 -1.542 0.756
27 -1.500 0.752
28 -1.571 0.743
29 -1.616 0.735
30 -1.475 0.754
31 -1.075 0.836
32 -1.180 0.850
33 -1.094 0.820
34 -1.236 0.809
35 -1.237 0.795
36 -0.785 0.868
37 -0.856 0.868
38 -0.993 0.849
39 -0.751 0.886
40 -0.806 0.884
41 -0.968 0.844
42 -0.681 0.897
43 -1.027 0.836
44 -1.195 0.800
45 -0.671 0.891
46 -0.961 0.828
47 -0.749 0.869
48 -0.728 0.876
49 -0.862 0.844
50 -0.626 0.892
51 -0.605 0.909
52 -0.534 0.906
53 -0.519 0.907
54 -0.482 0.920
55 -0.477 0.925
56 -0.539 0.915
57 -0.571 0.914
58 -0.395 0.935
59 -0.430 0.905
60 -0.405 0.929
61 -0.488 0.922
62 -0.437 0.915
63 -0.313 0.948
64 -0.341 0.940
65 -0.329 0.935
66 -0.227 0.960
67 -0.297 0.943
68 -0.343 0.930
69 -0.276 0.950
70 -0.220 0.954
71 -0.183 0.956
72 -0.284 0.940
73 -0.302 0.935
74 -0.191 0.945
75 -0.160 0.969
76 -0.202 0.953
77 -0.151 0.951
78 -0.228 0.948
79 -0.160 0.954
80 -0.098 0.966
81 -0.220 0.941
82 -0.050 0.974
83 -0.117 0.961
84 -0.011 0.975
85 -0.023 0.971
86 -0.105 0.961
87 -0.086 0.966
88 0.022 0.980
89 -0.125 0.956
90 -0.006 0.975
91 -0.060 0.976
92 -0.039 0.976
93 0.016 0.973
94 0.015 0.976
95 -0.061 0.973
96 -0.092 0.975
97 0.010 0.971
98 -0.012 0.976
99 0.044 0.986
100 0.068 0.979
101 -0.051 0.966
102 -0.012 0.975
103 0.059 0.983
104 0.033 0.989
105 -0.020 0.975
106 0.081 0.981
107 0.061 0.984
108 0.084 0.978
109 0.046 0.983
110 0.029 0.971
111 0.095 0.985
112 0.100 0.984
113 -0.217 0.939
114 0.065 0.976
115 -0.131 0.960
116 0.065 0.975
117 0.059 0.979
118 0.185 0.990
119 0.070 0.983
120 -0.068 0.973
121 0.030 0.984
122 0.085 0.983
123 0.090 0.986
124 0.153 0.991
125 0.044 0.981
126 0.082 0.981
127 0.093 0.981
128 0.068 0.975
129 0.146 0.990
130 0.015 0.979
131 0.060 0.978
132 0.185 0.995
133 0.074 0.981
134 0.110 0.983
135 0.155 0.991
136 0.151 0.989
137 0.088 0.983
138 0.176 0.988
139 0.145 0.989
140 0.099 0.986
141 0.122 0.984
142 0.112 0.986
143 0.168 0.994
144 0.122 0.983
145 0.144 0.985
146 0.132 0.981
147 0.116 0.986
148 0.112 0.991
149 0.130 0.989
150 0.119 0.985
151 0.135 0.989
152 0.151 0.984
153 0.066 0.984
154 0.127 0.986
155 0.138 0.990
156 0.184 0.993
157 0.078 0.978
158 0.078 0.980
159 0.168 0.985
160 0.152 0.984
161 0.124 0.989
162 0.155 0.985
163 0.187 0.991
164 0.133 0.988
165 0.054 0.971
166 0.174 0.994
167 0.162 0.990
168 0.153 0.986
169 0.181 0.985
170 0.183 0.994
171 0.109 0.988
172 0.202 0.991
173 0.136 0.983
174 0.174 0.985
175 0.178 0.994
176 0.176 0.989
177 0.153 0.981
178 0.152 0.988
179 0.159 0.989
180 0.230 0.988
181 0.126 0.989
182 0.134 0.989
183 0.131 0.980
184 0.174 0.989
185 0.188 0.990
186 0.212 0.995
187 0.237 0.996
188 0.122 0.991
189 0.105 0.986
190 0.172 0.989
191 0.090 0.988
192 0.139 0.983
193 0.178 0.988
194 0.215 0.991
195 0.148 0.981
196 0.140 0.984
197 0.176 0.990
198 0.166 0.989
199 0.216 0.993
200 0.178 0.990
201 0.196 0.993
201 0.196 0.993
