1 -4.591 0.130
2 -4.308 0.175
3 -4.344 0.185
4 -4.085 0.234
5 -3.446 0.410
6 -3.178 0.461
7 -2.503 0.600
8 -1.970 0.691
9 -2.266 0.654
10 -1.793 0.731
11 -1.896 0.696
12 -1.466 0.787
13 -1.618 0.760
14 -1.236 0.824
15 -1.431 0.794
16 -1.328 0.802
17 -1.234 0.834
18 -1.262 0.816
19 -1.365 0.787
20 -1.071 0.840
21 -1.298 0.818
22 -1.130 0.838
23 -1.089 0.846
24 -1.095 0.839
25 -1.213 0.820
26 -0.953 0.868
27 -1.023 0.849
28 -0.786 0.887
29 -1.248 0.812
30 -0.895 0.869
31 -0.842 0.885
32 -1.093 0.838
33 -0.838 0.885
34 -0.745 0.887
35 -0.892 0.856
36 -0.730 0.890
37 -0.672 0.896
38 -0.911 0.850
39 -0.774 0.873
40 -0.709 0.889
41 -0.677 0.892
42 -0.721 0.899
43 -0.818 0.869
44 -0.798 0.881
45 -0.677 0.894
46 -0.472 0.924
47 -0.404 0.943
48 -0.480 0.929
49 -0.608 0.896
50 -0.461 0.924
51 -0.458 0.920
52 -0.439 0.914
53 -0.395 0.946
54 -0.469 0.935
55 -0.524 0.925
56 -0.323 0.945
57 -0.333 0.943
58 -0.295 0.944
59 -0.325 0.940
60 -0.190 0.965
61 -0.332 0.946
62 -0.235 0.948
63 -0.086 0.974
64 -0.190 0.958
65 -0.305 0.939
66 -0.189 0.963
67 -0.260 0.948
68 -0.182 0.956
69 -0.326 0.945
70 -0.119 0.968
71 -0.049 0.964
72 -0.179 0.951
73 -0.034 0.968
74 -0.130 0.948
75 -0.151 0.959
76 -0.141 0.961
77 -0.085 0.959
78 -0.019 0.973
79 -0.056 0.976
80 0.010 0.969
81 -0.010 0.974
82 -0.025 0.983
83 0.006 0.971
84 0.059 0.989
85 0.094 0.988
86 0.129 0.991
87 0.034 0.975
88 0.062 0.986
89 0.087 0.984
90 0.067 0.981
91 0.049 0.981
92 0.101 0.983
93 0.062 0.986
94 0.116 0.985
95 0.054 0.975
96 0.101 0.991
97 0.050 0.980
98 0.103 0.993
99 0.098 0.988
100 0.128 0.981
101 0.098 0.985
102 0.157 0.993
103 0.158 0.990
104 0.180 0.990
105 0.175 0.991
106 0.032 0.979
107 0.140 0.988
108 0.129 0.984
109 0.171 0.993
110 0.094 0.990
111 0.151 0.983
112 0.095 0.979
113 0.151 0.986
114 0.153 0.986
115 0.214 0.993
116 0.098 0.988
117 0.144 0.994
118 0.105 0.985
119 0.072 0.975
120 0.219 0.995
121 0.149 0.980
122 0.209 0.991
123 0.152 0.985
124 0.140 0.984
125 0.145 0.985
126 0.115 0.988
127 0.100 0.980
128 0.119 0.986
129 0.117 0.978
130 0.234 0.996
131 0.097 0.979
132 0.148 0.991
133 0.208 0.991
134 0.147 0.990
135 0.138 0.990
136 0.151 0.994
137 0.175 0.993
138 0.104 0.985
139 0.210 0.991
140 0.126 0.984
141 0.232 0.991
142 0.181 0.991
143 0.153 0.985
144 0.186 0.988
145 0.168 0.990
146 0.199 0.989
147 0.137 0.984
148 0.211 0.990
149 0.160 0.989
150 0.091 0.979
151 0.183 0.988
152 0.156 0.990
153 0.157 0.991
154 0.175 0.991
155 0.187 0.993
156 0.196 0.993
157 0.182 0.986
158 0.158 0.991
159 0.200 0.994
160 0.194 0.994
161 0.122 0.983
162 0.140 0.990
163 0.184 0.990
164 0.163 0.994
165 0.230 0.996
166 0.142 0.984
167 0.183 0.993
168 0.184 0.993
169 0.180 0.986
170 0.218 0.995
171 0.181 0.990
172 0.211 0.993
173 0.223 0.994
174 0.151 0.988
175 0.158 0.980
176 0.214 0.989
177 0.157 0.988
178 0.155 0.985
179 0.189 0.994
180 0.175 0.984
181 0.161 0.989
182 0.200 0.993
183 0.194 0.988
184 0.185 0.993
185 0.156 0.985
186 0.217 0.998
187 0.161 0.988
188 0.206 0.993
189 0.170 0.991
190 0.146 0.986
191 0.191 0.993
192 0.211 0.994
193 0.110 0.984
194 0.203 0.989
195 0.186 0.990
196 0.158 0.988
197 0.187 0.984
198 0.188 0.990
199 0.216 0.991
200 0.172 0.993
201 0.177 0.990
201 0.177 0.990
