1 -4.587 0.125
2 -4.518 0.146
3 -4.462 0.160
4 -4.528 0.141
5 -4.437 0.156
6 -4.348 0.175
7 -4.519 0.149
8 -4.368 0.177
9 -4.388 0.179
10 -4.403 0.166
11 -4.378 0.172
12 -4.289 0.193
13 -4.243 0.189
14 -4.116 0.226
15 -3.855 0.291
16 -3.557 0.362
17 -3.481 0.361
18 -3.235 0.426
19 -3.043 0.475
20 -2.875 0.499
21 -2.613 0.544
22 -2.272 0.640
23 -2.316 0.624
24 -1.621 0.745
25 -1.799 0.715
26 -1.369 0.796
27 -1.680 0.724
28 -1.265 0.806
29 -1.380 0.776
30 -1.469 0.756
31 -1.031 0.833
32 -1.148 0.825
33 -1.272 0.795
34 -0.996 0.838
35 -0.844 0.874
36 -0.771 0.874
37 -1.056 0.844
38 -1.358 0.786
39 -0.769 0.875
40 -0.957 0.848
41 -1.115 0.805
42 -0.933 0.845
43 -0.813 0.855
44 -0.603 0.905
45 -0.617 0.895
46 -0.683 0.880
47 -0.521 0.912
48 -0.530 0.916
49 -0.692 0.891
50 -0.405 0.922
51 -0.634 0.896
52 -0.373 0.929
53 -0.498 0.917
54 -0.521 0.897
55 -0.568 0.905
56 -0.466 0.907
57 -0.229 0.939
58 -0.397 0.925
59 -0.297 0.940
60 -0.382 0.930
61 -0.350 0.930
62 -0.338 0.926
63 -0.356 0.929
64 -0.297 0.940
65 -0.153 0.948
66 -0.211 0.956
67 -0.267 0.940
68 -0.180 0.965
69 -0.127 0.958
70 -0.153 0.958
71 -0.250 0.954
72 -0.175 0.956
73 -0.085 0.978
74 -0.109 0.965
75 -0.107 0.961
76 -0.094 0.971
77 -0.101 0.961
78 -0.148 0.960
79 -0.078 0.971
80 -0.041 0.975
81 -0.236 0.954
82 -0.060 0.958
83 -0.095 0.969
84 -0.154 0.965
85 0.052 0.979
86 0.060 0.985
87 0.035 0.980
88 0.005 0.975
89 0.006 0.966
90 0.075 0.979
91 0.014 0.980
92 0.139 0.991
93 0.057 0.978
94 0.060 0.989
95 0.040 0.986
96 0.075 0.979
97 0.088 0.985
98 0.079 0.984
99 0.066 0.976
100 0.141 0.985
101 0.089 0.984
102 0.157 0.985
103 0.102 0.985
104 0.068 0.978
105 0.146 0.989
106 0.020 0.976
107 0.050 0.980
108 0.129 0.988
109 0.138 0.983
110 0.155 0.989
111 0.139 0.985
112 0.099 0.989
113 0.126 0.989
114 0.079 0.981
115 0.169 0.993
116 0.098 0.981
117 0.166 0.989
118 0.023 0.975
119 0.164 0.990
120 0.194 0.993
121 0.178 0.993
122 0.208 0.990
123 0.107 0.985
124 0.138 0.986
125 0.136 0.985
126 0.101 0.981
127 0.151 0.990
128 0.217 0.993
129 0.177 0.990
130 0.086 0.983
131 0.094 0.978
132 0.186 0.990
133 0.011 0.974
134 0.153 0.988
135 0.086 0.986
136 0.170 0.990
137 0.199 0.995
138 0.204 0.988
139 0.187 0.988
140 0.167 0.993
141 0.178 0.990
142 0.180 0.990
143 0.186 0.991
144 0.187 0.991
145 0.177 0.986
146 0.139 0.986
147 0.166 0.991
148 0.134 0.985
149 0.167 0.985
150 0.162 0.988
151 0.223 0.994
152 0.174 0.989
153 0.181 0.990
154 0.141 0.988
155 0.121 0.986
156 0.159 0.991
157 0.153 0.989
158 0.210 0.993
159 0.241 0.993
160 0.194 0.994
161 0.196 0.990
162 0.154 0.984
163 0.168 0.990
164 0.153 0.990
165 0.226 0.994
166 0.206 0.996
167 0.177 0.991
168 0.173 0.985
169 0.180 0.989
170 0.233 0.994
171 0.267 0.993
172 0.178 0.988
173 0.208 0.994
174 0.208 0.995
175 0.194 0.996
176 -3.524 0.287
177 0.143 0.988
178 0.158 0.991
179 0.227 0.991
180 0.189 0.989
181 0.205 0.993
182 0.212 0.988
183 0.186 0.989
184 0.206 0.994
185 0.225 0.991
186 0.211 0.994
187 0.162 0.989
188 0.192 0.993
189 0.229 0.993
190 0.199 0.989
191 0.186 0.991
192 0.228 0.993
193 0.188 0.995
194 0.192 0.990
195 0.181 0.994
196 0.229 0.996
197 0.226 0.994
198 0.192 0.990
199 0.073 0.986
200 0.229 0.994
201 0.245 0.995
201 0.245 0.995
