1 -4.543 0.131
2 -4.444 0.166
3 -4.418 0.166
4 -4.432 0.159
5 -3.917 0.291
6 -3.427 0.397
7 -3.246 0.441
8 -2.729 0.569
9 -2.645 0.544
10 -1.920 0.706
11 -2.011 0.675
12 -1.902 0.716
13 -1.333 0.784
14 -1.767 0.734
15 -1.457 0.778
16 -1.388 0.778
17 -1.322 0.800
18 -1.433 0.769
19 -1.427 0.778
20 -1.284 0.803
21 -1.113 0.816
22 -1.388 0.772
23 -0.997 0.856
24 -1.051 0.866
25 -1.253 0.803
26 -1.092 0.831
27 -0.861 0.887
28 -1.051 0.841
29 -0.759 0.875
30 -0.845 0.866
31 -0.833 0.872
32 -0.710 0.872
33 -0.972 0.859
34 -0.722 0.897
35 -0.728 0.903
36 -0.769 0.872
37 -0.569 0.887
38 -0.704 0.866
39 -0.678 0.906
40 -0.549 0.903
41 -0.688 0.872
42 -0.600 0.903
43 -0.696 0.869
44 -0.532 0.906
45 -0.429 0.925
46 -0.642 0.903
47 -0.705 0.881
48 -0.481 0.919
49 -0.629 0.887
50 -0.355 0.941
51 -0.715 0.863
52 -0.335 0.953
53 -0.452 0.906
54 -0.314 0.938
55 -0.425 0.916
56 -0.382 0.931
57 -0.327 0.950
58 -0.101 0.963
59 -0.344 0.938
60 -0.203 0.953
61 -0.271 0.947
62 -0.143 0.969
63 -0.157 0.959
64 -0.346 0.938
65 -0.267 0.941
66 -0.244 0.941
67 -0.124 0.959
68 -0.178 0.950
69 -0.197 0.938
70 -0.018 0.978
71 -0.063 0.963
72 -0.055 0.969
73 -0.066 0.966
74 -0.168 0.959
75 0.037 0.975
76 -0.029 0.975
77 -0.121 0.956
78 0.003 0.966
79 0.004 0.981
80 -0.034 0.972
81 0.018 0.972
82 -0.071 0.953
83 0.135 0.988
84 0.082 0.978
85 0.063 0.978
86 0.090 0.981
87 0.214 0.997
88 0.115 0.978
89 0.017 0.978
90 0.128 0.981
91 0.045 0.978
92 0.141 0.984
93 0.042 0.972
94 0.095 0.984
95 0.107 0.984
96 0.073 0.969
97 0.165 0.988
98 0.137 0.981
99 0.097 0.978
100 0.161 0.994
101 0.068 0.978
102 0.159 0.991
103 0.233 0.997
104 0.138 0.988
105 0.231 0.988
106 0.124 0.984
107 0.207 0.991
108 0.088 0.972
109 -0.032 0.969
110 0.096 0.975
111 0.176 0.988
112 0.121 0.984
113 -0.010 0.956
114 0.191 0.994
115 0.191 0.991
116 0.184 0.994
117 0.122 0.994
118 0.156 0.988
119 0.244 0.991
120 0.261 0.994
121 0.131 0.988
122 0.136 0.994
123 0.213 0.994
124 0.203 0.994
125 0.255 0.991
126 0.275 1.000
127 0.232 0.988
128 0.135 0.988
129 0.174 0.988
130 0.174 0.991
131 0.174 0.991
132 0.209 0.988
133 0.201 0.991
134 0.223 0.991
135 0.119 0.981
136 0.243 0.994
137 0.123 0.984
138 0.160 0.994
139 0.168 0.981
140 0.205 0.994
141 0.142 0.984
142 0.198 0.988
143 0.227 0.988
144 0.186 0.978
145 0.214 0.994
146 0.133 0.981
147 0.134 0.984
148 0.242 0.991
149 0.135 0.991
150 0.252 0.994
151 0.240 0.997
152 0.201 0.997
153 0.185 0.994
154 0.181 0.994
155 0.209 0.991
156 0.209 0.991
157 0.127 0.981
158 0.175 0.984
159 0.219 0.988
160 0.110 0.984
161 0.143 0.988
162 0.232 0.994
163 0.210 0.984
164 0.248 0.994
165 0.241 0.997
166 0.259 0.994
167 0.276 0.994
168 0.225 0.984
169 0.130 0.975
170 0.174 0.981
171 0.192 0.994
172 0.273 1.000
173 0.226 0.991
174 0.188 0.991
175 0.300 1.000
176 0.210 0.981
177 0.205 0.984
178 0.275 0.991
179 0.197 0.994
180 0.240 0.991
181 0.170 0.984
182 0.226 0.991
183 0.208 0.981
184 0.139 0.978
185 0.307 0.997
186 0.235 0.991
187 0.268 0.991
188 0.241 0.997
189 0.244 0.994
190 0.282 0.997
191 0.195 0.991
192 0.239 0.994
193 0.256 0.994
194 0.143 0.991
195 0.184 0.988
196 0.248 0.991
197 0.261 0.991
198 0.274 0.997
199 0.282 0.991
200 0.222 0.988
201 0.210 0.988
201 0.210 0.988
