1 -4.554 0.126
2 -4.353 0.177
3 -4.455 0.151
4 -4.317 0.189
5 -4.537 0.147
6 -4.402 0.172
7 -4.173 0.217
8 -3.901 0.304
9 -3.473 0.394
10 -2.879 0.517
11 -2.483 0.613
12 -2.082 0.691
13 -1.889 0.718
14 -1.694 0.754
15 -1.616 0.764
16 -1.630 0.743
17 -1.461 0.774
18 -1.515 0.771
19 -1.374 0.807
20 -1.449 0.796
21 -1.186 0.841
22 -1.186 0.833
23 -1.156 0.830
24 -2.534 0.604
25 -1.114 0.850
26 -1.218 0.821
27 -1.160 0.836
28 -1.026 0.844
29 -1.070 0.836
30 -1.113 0.826
31 -1.043 0.839
32 -0.888 0.866
33 -0.845 0.876
34 -0.802 0.868
35 -0.826 0.886
36 -0.837 0.875
37 -0.911 0.866
38 -0.719 0.891
39 -0.561 0.906
40 -0.700 0.892
41 -0.665 0.902
42 -0.424 0.932
43 -0.596 0.912
44 -0.514 0.921
45 -0.637 0.906
46 -0.602 0.904
47 -0.524 0.924
48 -0.508 0.914
49 -0.446 0.925
50 -0.358 0.949
51 -0.490 0.931
52 -0.435 0.944
53 -0.585 0.929
54 -0.306 0.940
55 -0.322 0.949
56 -0.492 0.914
57 -0.155 0.963
58 -0.268 0.948
59 -0.132 0.970
60 -0.224 0.975
61 -0.337 0.948
62 -0.206 0.954
63 -0.319 0.940
64 -0.225 0.956
65 -0.058 0.973
66 -0.137 0.961
67 -0.192 0.950
68 -0.182 0.945
69 -0.120 0.964
70 -0.103 0.965
71 -0.047 0.975
72 -0.099 0.975
73 -0.078 0.970
74 -0.088 0.970
75 0.041 0.978
76 -0.028 0.973
77 -0.036 0.983
78 -0.075 0.973
79 0.079 0.980
80 0.024 0.976
81 0.043 0.978
82 0.052 0.983
83 0.009 0.973
84 -0.032 0.964
85 -0.007 0.966
86 0.002 0.975
87 0.067 0.978
88 0.165 0.986
89 0.096 0.980
90 0.099 0.985
91 0.155 0.988
92 0.132 0.983
93 0.111 0.976
94 0.020 0.970
95 0.116 0.981
96 0.144 0.984
97 0.180 0.986
98 0.150 0.986
99 0.115 0.981
100 0.070 0.981
101 0.164 0.991
102 0.114 0.981
103 0.157 0.986
104 0.103 0.989
105 0.110 0.981
106 0.167 0.990
107 0.147 0.991
108 0.177 0.991
109 0.128 0.986
110 0.207 0.993
111 0.164 0.990
112 0.176 0.990
113 0.111 0.984
114 0.151 0.980
115 0.134 0.985
116 0.131 0.981
117 -0.430 0.971
118 0.190 0.990
119 0.191 0.989
120 0.176 0.993
121 0.209 0.991
122 0.157 0.979
123 0.163 0.989
124 0.156 0.980
125 0.163 0.981
126 0.180 0.986
127 0.122 0.978
128 0.182 0.986
129 0.173 0.984
130 0.167 0.996
131 0.193 0.984
132 0.204 0.994
133 0.163 0.985
134 0.220 0.991
135 0.180 0.980
136 0.191 0.986
137 0.243 0.991
138 0.129 0.979
139 0.228 0.991
140 0.061 0.976
141 0.209 0.991
142 0.179 0.990
143 0.267 0.994
144 0.200 0.990
145 0.254 0.996
146 0.184 0.986
147 0.240 0.991
148 0.180 0.989
149 0.204 0.996
150 0.207 0.993
151 0.227 0.993
152 0.188 0.978
153 0.198 0.985
154 0.211 0.988
155 0.210 0.988
156 -0.097 0.966
157 0.202 0.991
158 0.238 0.993
159 0.200 0.988
160 0.192 0.985
161 0.175 0.988
162 0.137 0.989
163 0.198 0.985
164 0.253 0.994
165 0.211 0.988
166 0.217 0.991
167 0.227 0.991
168 0.120 0.983
169 0.286 0.994
170 0.225 0.994
171 0.226 0.995
172 0.238 0.993
173 0.239 0.991
174 0.041 0.978
175 0.223 0.991
176 0.244 0.996
177 0.252 0.990
178 0.238 0.993
179 0.237 0.996
180 0.237 0.993
181 0.280 0.993
182 0.205 0.989
183 0.215 0.989
184 0.226 0.990
185 0.180 0.989
186 0.020 0.981
187 0.249 0.993
188 0.225 0.991
189 0.214 0.993
190 0.211 0.989
191 -4.160 0.161
192 0.189 0.988
193 0.237 0.994
194 0.223 0.988
195 0.233 0.988
196 0.219 0.995
197 0.272 0.998
198 0.221 0.993
199 0.219 0.989
200 0.186 0.990
201 0.253 0.994
201 0.253 0.994
