1 -4.601 0.127
2 -4.459 0.161
1 -4.678 0.119
2 -4.266 0.191
3 -4.546 0.141
4 -4.545 0.131
5 -4.572 0.122
6 -4.483 0.163
7 -4.422 0.169
8 -3.984 0.256
9 -4.105 0.244
10 -3.757 0.322
11 -3.330 0.422
12 -3.609 0.350
13 -2.984 0.487
14 -2.903 0.506
15 -2.672 0.553
16 -2.098 0.703
17 -1.975 0.688
18 -2.020 0.672
19 -1.926 0.709
20 -1.630 0.769
21 -1.701 0.744
22 -1.494 0.791
23 -1.097 0.847
24 -1.503 0.756
25 -1.418 0.791
26 -1.162 0.809
27 -1.227 0.825
28 -1.263 0.803
29 -0.818 0.866
30 -0.819 0.875
31 -1.075 0.844
32 -1.162 0.812
33 -0.982 0.853
34 -1.212 0.816
35 -0.800 0.891
36 -0.944 0.838
37 -0.830 0.878
38 -0.969 0.881
39 -0.753 0.887
40 -1.113 0.834
41 -0.648 0.912
42 -0.699 0.900
43 -0.558 0.906
44 -0.430 0.925
45 -0.734 0.875
46 -0.716 0.903
47 -0.537 0.922
48 -0.645 0.919
49 -0.612 0.912
50 -0.479 0.934
51 -0.616 0.909
52 -0.329 0.953
53 -0.435 0.941
54 -0.398 0.950
55 -0.468 0.925
56 -0.257 0.947
57 -0.161 0.975
58 -0.271 0.947
59 -0.292 0.934
60 -0.247 0.953
61 -0.243 0.941
62 -0.325 0.953
63 -0.213 0.956
64 -0.203 0.966
65 -0.253 0.963
66 -0.325 0.953
67 -0.274 0.947
68 -0.204 0.969
69 -0.271 0.950
70 -0.260 0.956
71 -0.131 0.963
72 -0.110 0.966
73 -0.133 0.966
74 -0.169 0.963
75 -0.055 0.969
76 -0.115 0.966
77 -0.012 0.981
78 -0.097 0.963
79 -0.041 0.969
80 0.093 0.984
81 0.003 0.981
82 0.051 0.981
83 -0.106 0.975
84 0.143 0.994
85 -0.040 0.969
86 -0.068 0.959
87 -0.005 0.966
88 0.057 0.975
89 0.019 0.972
90 0.118 0.981
91 0.041 0.978
92 0.068 0.975
93 -0.063 0.959
94 0.122 0.984
95 0.014 0.981
96 0.091 0.991
97 0.057 0.991
98 0.083 0.984
99 0.066 0.984
100 0.169 0.984
101 0.052 0.972
102 0.099 0.981
103 0.116 0.994
104 0.133 0.994
105 0.159 0.984
106 0.055 0.981
107 0.103 0.981
108 0.046 0.978
109 0.042 0.984
110 -0.003 0.975
111 0.084 0.981
112 0.159 0.988
113 0.007 0.972
114 0.148 0.984
115 0.132 0.988
116 0.145 0.988
117 0.113 0.988
118 0.089 0.984
119 0.096 0.988
120 0.127 0.991
121 0.166 0.984
122 0.168 0.988
123 0.148 0.988
124 0.207 0.988
125 0.085 0.981
126 0.095 0.984
127 0.115 0.984
128 0.111 0.984
129 0.238 0.997
130 0.239 0.991
131 0.118 0.988
132 0.080 0.984
133 0.145 0.988
134 0.055 0.984
135 0.126 0.984
136 0.111 0.981
137 0.115 0.988
138 0.190 0.991
139 0.148 0.991
140 0.155 0.984
141 0.187 0.988
142 0.141 0.994
143 0.240 0.994
144 0.064 0.981
145 0.124 0.981
146 0.233 0.997
147 0.043 0.991
148 0.172 0.991
149 0.028 0.975
150 0.137 0.984
151 0.147 0.991
152 0.219 0.991
153 0.186 0.994
154 0.141 0.988
155 0.148 0.988
156 0.133 0.991
157 0.154 0.981
158 0.099 0.984
159 0.098 0.981
160 0.183 0.994
161 0.258 0.991
162 0.140 0.988
163 0.022 0.984
164 0.168 0.991
165 0.201 0.984
166 0.110 0.984
167 0.184 0.991
168 0.237 0.997
169 0.226 0.997
170 0.168 0.991
171 0.048 0.984
172 0.168 0.988
173 0.191 0.991
174 0.256 0.997
175 0.156 0.984
176 0.128 0.991
177 0.218 0.984
178 0.167 0.991
179 0.144 0.988
180 0.236 0.997
181 0.094 0.984
182 0.098 0.984
183 0.209 0.994
184 0.121 0.984
185 0.246 0.997
186 0.277 0.984
187 0.227 0.994
188 0.062 0.972
189 0.188 0.981
190 0.281 0.997
191 0.157 0.981
192 0.173 0.997
193 0.118 0.984
194 0.148 0.994
195 0.217 0.984
196 0.249 0.991
197 0.182 0.988
198 0.232 0.991
199 0.121 0.984
200 0.211 0.991
201 0.167 0.994
201 0.167 0.994
1 -4.597 0.131
2 -4.473 0.147
