1 -9.963 -5.969 0.000 0.000
2 -9.838 -5.894 0.000 0.000
3 -9.888 -5.919 0.000 0.000
4 -9.781 -5.831 0.000 0.000
5 -9.713 -5.763 0.000 0.006
6 -9.631 -5.744 0.000 0.006
7 -9.519 -5.591 0.000 0.019
8 -9.731 -5.733 0.000 0.006
9 -9.306 -5.339 0.000 0.062
10 -8.919 -5.081 0.000 0.100
11 -8.325 -4.742 0.000 0.106
12 -8.312 -4.924 0.000 0.075
13 -7.831 -4.743 0.000 0.094
14 -8.137 -4.597 0.000 0.113
15 -8.106 -4.496 0.000 0.125
16 -7.931 -4.229 0.000 0.156
17 -7.500 -4.557 0.000 0.119
18 -8.000 -4.754 0.000 0.087
19 -7.812 -4.255 0.000 0.175
20 -7.975 -4.086 0.000 0.231
21 -8.025 -4.104 0.000 0.188
22 -7.769 -4.299 0.000 0.188
23 -7.775 -4.134 0.000 0.181
24 -8.012 -4.014 0.000 0.281
25 -7.806 -4.057 0.000 0.237
26 -7.625 -3.764 0.000 0.275
27 -7.806 -3.938 0.000 0.294
28 -7.812 -3.706 0.000 0.306
29 -7.562 -3.196 0.000 0.537
30 -7.844 -3.263 0.000 0.500
31 -7.684 -2.397 0.006 0.744
32 -7.586 -2.381 0.037 0.787
33 -7.707 -2.628 0.006 0.656
34 -7.652 -2.519 0.013 0.706
35 -7.578 -2.242 0.019 0.806
36 -7.516 -2.549 0.019 0.731
37 -7.689 -2.624 0.013 0.694
38 -7.776 -2.626 0.050 0.725
39 -7.074 -2.202 0.150 0.819
40 -7.614 -2.581 0.013 0.675
41 -7.159 -2.060 0.150 0.863
42 -6.463 -2.236 0.331 0.831
43 -7.799 -2.925 0.056 0.600
44 -6.697 -2.317 0.281 0.819
45 -7.304 -2.418 0.138 0.769
46 -7.025 -2.211 0.188 0.869
47 -6.846 -1.981 0.194 0.887
48 -6.412 -2.167 0.331 0.894
49 -6.054 -2.289 0.450 0.838
50 -7.331 -2.974 0.156 0.588
51 -6.540 -2.178 0.275 0.825
52 -7.365 -2.461 0.087 0.762
53 -7.220 -2.780 0.194 0.625
54 -6.421 -2.469 0.331 0.688
55 -6.532 -2.112 0.331 0.838
56 -8.436 -4.758 0.006 0.119
57 -6.493 -2.315 0.300 0.863
58 -6.077 -2.339 0.481 0.775
59 -7.159 -2.437 0.194 0.756
60 -7.794 -4.174 0.000 0.194
61 -6.486 -2.044 0.356 0.894
62 -7.537 -4.267 0.006 0.181
63 -7.412 -2.977 0.094 0.556
64 -6.766 -1.871 0.281 0.900
65 -7.291 -2.094 0.138 0.850
66 -7.326 -2.138 0.125 0.850
67 -6.554 -1.855 0.312 0.919
68 -8.456 -4.344 0.000 0.225
69 -7.604 -2.434 0.037 0.731
