1 -9.856 -5.934 0.000 0.000
2 -8.625 -5.109 0.000 0.000
3 -8.366 -5.206 0.000 0.000
4 -8.397 -5.083 0.000 0.006
5 -8.262 -4.924 0.000 0.016
6 -8.069 -4.778 0.000 0.006
7 -7.794 -4.665 0.000 0.009
8 -7.909 -4.725 0.000 0.006
9 -7.659 -4.582 0.000 0.022
10 -7.678 -4.695 0.000 0.034
11 -7.834 -4.507 0.000 0.053
12 -7.666 -2.382 0.059 0.747
13 -5.391 -1.800 0.516 0.878
14 -5.059 -1.831 0.597 0.891
15 -4.660 -1.760 0.725 0.925
16 -4.365 -1.722 0.762 0.919
17 -4.419 -1.753 0.744 0.912
18 -4.657 -1.736 0.734 0.922
19 -7.692 -4.487 0.019 0.047
20 -4.269 -1.808 0.791 0.916
21 -7.634 -4.669 0.000 0.000
22 -7.712 -4.597 0.000 0.025
23 -5.131 -1.964 0.575 0.875
24 -3.963 -1.701 0.844 0.922
25 -4.539 -1.782 0.778 0.894
26 -3.929 -1.711 0.863 0.897
27 -4.160 -1.613 0.803 0.909
28 -5.111 -1.872 0.613 0.878
29 -3.917 -1.656 0.834 0.912
30 -3.923 -1.627 0.831 0.938
31 -4.189 -1.717 0.812 0.903
32 -3.805 -1.680 0.863 0.925
33 -3.795 -1.532 0.866 0.941
34 -4.207 -1.604 0.791 0.916
35 -3.534 -1.636 0.912 0.925
36 -3.682 -1.749 0.912 0.916
37 -7.828 -4.821 0.000 0.003
38 -7.759 -4.687 0.000 0.006
39 -5.006 -1.613 0.572 0.903
40 -5.555 -1.619 0.478 0.922
41 -4.077 -1.589 0.825 0.928
42 -4.401 -1.464 0.734 0.959
43 -4.033 -1.657 0.806 0.928
44 -4.297 -1.752 0.741 0.887
45 -7.531 -4.562 0.000 0.000
46 -3.732 -1.581 0.875 0.953
47 -7.519 -4.678 0.000 0.000
48 -7.809 -4.828 0.000 0.000
49 -4.192 -1.750 0.775 0.891
50 -3.907 -1.548 0.872 0.938
51 -3.666 -1.630 0.894 0.916
52 -4.044 -1.563 0.800 0.922
53 -3.927 -1.647 0.878 0.906
54 -3.732 -1.722 0.900 0.928
55 -4.129 -1.534 0.781 0.944
56 -3.770 -1.558 0.887 0.944
57 -3.502 -1.698 0.903 0.922
58 -3.694 -1.549 0.912 0.953
59 -3.572 -1.543 0.894 0.959
60 -3.879 -1.632 0.869 0.944
61 -4.111 -1.646 0.797 0.931
62 -3.911 -1.675 0.844 0.931
63 -4.012 -1.581 0.884 0.941
64 -3.748 -1.673 0.881 0.931
65 -3.710 -1.658 0.903 0.938
66 -3.880 -1.697 0.872 0.931
67 -3.676 -1.643 0.900 0.934
68 -3.725 -1.605 0.884 0.941
69 -3.656 -1.643 0.909 0.944
70 -3.959 -1.652 0.863 0.922
71 -4.977 -1.637 0.659 0.925
72 -3.668 -1.592 0.909 0.931
73 -4.207 -1.482 0.791 0.944
74 -3.726 -1.587 0.897 0.963
75 -3.317 -1.497 0.938 0.947
76 -3.907 -1.663 0.856 0.919
