1 -9.925 -5.944 0.000 0.000
2 -9.988 -5.981 0.000 0.003
3 -9.994 -5.974 0.000 0.006
4 -10.000 -5.986 0.000 0.003
5 -9.994 -5.946 0.000 0.022
6 -9.994 -5.887 0.000 0.041
7 -9.994 -5.896 0.000 0.025
8 -10.000 -5.342 0.000 0.169
9 -9.212 -2.049 0.147 0.919
10 -9.984 -4.863 0.003 0.291
11 -7.486 -1.824 0.419 0.950
12 -6.491 -1.720 0.578 0.972
13 -5.394 -1.638 0.741 0.966
14 -6.011 -1.717 0.628 0.963
15 -4.222 -1.634 0.894 0.981
16 -4.006 -1.711 0.909 0.966
17 -4.287 -1.623 0.887 0.981
18 -5.456 -1.732 0.716 0.975
19 -4.167 -1.514 0.909 0.991
20 -4.232 -1.673 0.872 0.963
21 -4.236 -1.593 0.891 0.988
22 -9.759 -5.802 0.000 0.006
23 -9.022 -5.209 0.000 0.000
24 -8.975 -5.175 0.000 0.000
25 -9.034 -5.172 0.000 0.000
26 -8.991 -5.206 0.000 0.000
27 -9.016 -5.184 0.000 0.000
28 -9.034 -5.212 0.000 0.000
29 -9.022 -5.200 0.000 0.000
30 -9.203 -5.004 0.000 0.100
31 -8.786 -4.027 0.034 0.306
32 -9.026 -4.090 0.019 0.316
33 -8.941 -4.217 0.028 0.269
34 -9.139 -4.068 0.009 0.303
35 -8.876 -4.315 0.019 0.241
36 -9.049 -4.484 0.022 0.203
37 -9.201 -4.361 0.016 0.231
38 -9.271 -4.056 0.009 0.322
39 -8.966 -3.964 0.028 0.334
40 -9.298 -4.302 0.009 0.281
41 -9.459 -5.244 0.000 0.056
42 -9.206 -4.264 0.028 0.272
43 -9.171 -4.286 0.022 0.269
44 -9.187 -4.308 0.025 0.272
45 -9.006 -5.184 0.000 0.000
46 -8.984 -4.290 0.022 0.247
