1 -3.255 -1.373 0.969 0.981
2 -2.989 -1.361 0.981 0.981
3 -3.253 -1.250 0.966 0.988
4 -3.062 -1.263 0.969 0.981
5 -3.061 -1.317 0.972 0.991
6 -3.178 -1.285 0.969 1.000
7 -3.277 -1.313 0.941 0.981
8 -3.314 -1.451 0.966 0.981
9 -3.217 -1.252 0.944 0.991
10 -3.096 -1.271 0.966 0.988
11 -3.297 -1.352 0.953 0.966
12 -3.357 -1.320 0.931 0.988
13 -3.642 -1.316 0.887 0.991
14 -3.259 -1.263 0.925 0.984
15 -3.384 -1.321 0.909 0.988
16 -3.186 -1.307 0.963 0.997
17 -3.283 -1.244 0.947 0.984
18 -3.259 -1.251 0.956 0.984
19 -3.162 -1.327 0.966 0.994
20 -3.082 -1.277 0.978 0.991
21 -3.129 -1.309 0.963 0.981
22 -3.158 -1.305 0.972 0.981
23 -3.131 -1.209 0.969 0.991
24 -3.128 -1.407 0.972 0.969
25 -3.297 -1.349 0.972 0.984
26 -3.201 -1.342 0.950 0.972
27 -3.113 -1.338 0.975 0.984
28 -3.274 -1.430 0.969 0.978
29 -3.151 -1.295 0.966 0.981
30 -3.151 -1.284 0.972 0.981
31 -3.158 -1.326 0.953 0.975
32 -3.247 -1.254 0.934 0.991
33 -3.221 -1.355 0.956 0.978
34 -3.157 -1.322 0.963 0.978
35 -3.046 -1.305 0.978 0.981
36 -3.169 -1.330 0.959 0.988
37 -3.117 -1.336 0.947 0.981
38 -3.162 -1.355 0.947 0.972
39 -3.086 -1.350 0.975 0.981
40 -3.090 -1.314 0.975 0.988
41 -3.044 -1.304 0.978 0.975
42 -3.221 -1.226 0.959 0.972
43 -3.065 -1.415 0.978 0.978
44 -3.125 -1.259 0.972 0.991
45 -3.191 -1.324 0.950 0.969
46 -3.129 -1.334 0.953 0.975
47 -3.235 -1.272 0.953 0.975
48 -3.116 -1.380 0.944 0.984
49 -3.302 -1.315 0.938 0.981
50 -3.276 -1.377 0.953 0.972
51 -3.455 -1.314 0.894 0.978
51 -3.455 -1.314 0.894 0.978
