1 -3.430 -1.501 0.922 0.944
2 -3.159 -1.301 0.966 0.981
3 -3.339 -1.212 0.944 0.994
4 -3.297 -1.345 0.963 0.984
5 -3.075 -1.322 0.969 0.984
6 -3.012 -1.358 0.981 0.975
7 -3.248 -1.460 0.966 0.953
8 -3.290 -1.189 0.950 0.991
9 -3.112 -1.427 0.975 0.978
10 -3.106 -1.406 0.959 0.984
11 -3.062 -1.262 0.972 0.988
12 -3.275 -1.297 0.944 0.975
13 -3.356 -1.324 0.934 0.978
14 -3.367 -1.383 0.922 0.978
15 -3.843 -1.642 0.894 0.934
16 -3.618 -1.443 0.919 0.981
17 -4.679 -2.234 0.828 0.841
18 -5.168 -2.777 0.744 0.703
19 -5.437 -2.829 0.706 0.666
20 -5.843 -2.697 0.622 0.703
21 -5.741 -2.877 0.625 0.666
22 -7.326 -3.200 0.291 0.550
23 -8.210 -2.961 0.113 0.581
