1 -6.308 -2.957 0.506 0.662
2 -5.974 -2.127 0.537 0.875
3 -5.562 -1.955 0.688 0.894
4 -4.848 -2.020 0.769 0.925
5 -5.397 -2.094 0.694 0.881
6 -5.724 -1.998 0.644 0.912
7 -5.696 -1.932 0.631 0.919
8 -6.969 -2.222 0.381 0.856
9 -5.321 -2.212 0.694 0.887
10 -5.987 -1.962 0.544 0.956
11 -6.376 -1.866 0.506 0.931
12 -5.882 -2.086 0.613 0.887
13 -5.854 -1.975 0.606 0.925
14 -6.579 -2.178 0.463 0.875
15 -5.851 -1.907 0.619 0.944
16 -7.429 -2.150 0.275 0.906
17 -6.737 -2.152 0.456 0.887
18 -8.249 -3.004 0.169 0.675
19 -8.281 -3.633 0.150 0.519
20 -8.568 -4.176 0.069 0.338
21 -8.672 -3.853 0.081 0.431
22 -8.247 -4.033 0.150 0.381
23 -8.352 -4.279 0.113 0.269
24 -8.567 -4.304 0.100 0.244
25 -8.308 -4.206 0.138 0.294
26 -8.440 -4.097 0.138 0.338
27 -8.454 -4.185 0.113 0.306
28 -8.301 -4.241 0.138 0.319
29 -8.281 -4.505 0.119 0.237
30 -8.322 -4.491 0.125 0.225
31 -8.382 -4.606 0.113 0.169
32 -8.651 -4.299 0.062 0.281
33 -8.779 -4.646 0.031 0.212
34 -9.025 -4.741 0.000 0.125
35 -8.711 -4.448 0.069 0.231
36 -8.114 -4.422 0.144 0.250
37 -8.588 -4.472 0.069 0.212
38 -8.676 -4.604 0.031 0.188
39 -8.461 -4.258 0.069 0.287
40 -8.954 -4.511 0.025 0.250
41 -8.588 -4.124 0.081 0.319
42 -9.059 -4.244 0.025 0.319
43 -8.382 -4.251 0.094 0.306
44 -8.689 -4.429 0.069 0.250
45 -8.882 -4.203 0.025 0.312
46 -8.748 -4.426 0.056 0.237
47 -9.031 -5.134 0.000 0.050
48 -8.874 -5.110 0.031 0.062
49 -8.894 -5.087 0.031 0.069
50 -8.888 -4.685 0.031 0.169
51 -8.654 -4.296 0.069 0.244
51 -8.654 -4.296 0.069 0.244
