1 -6.652 0.156
2 -5.153 0.167
3 -5.138 0.242
4 -4.947 0.240
5 -4.402 0.292
6 -2.270 0.542
7 -2.341 0.542
8 -1.842 0.585
9 -2.077 0.565
10 0.568 0.952
11 0.567 0.967
12 0.643 0.969
13 0.637 0.963
14 0.613 0.952
15 0.729 0.979
16 0.662 0.965
17 0.638 0.963
18 0.689 0.979
19 0.718 0.971
1 -7.611 0.000
2 -5.751 0.000
3 -5.936 0.000
4 -6.442 0.000
5 -6.044 0.000
6 -5.962 0.000
7 -5.905 0.000
8 -6.509 0.000
9 -5.241 0.000
10 -5.036 0.000
11 -5.054 0.000
12 -5.044 0.000
13 -5.126 0.000
14 -4.677 0.000
15 -4.868 0.000
16 -4.695 0.000
17 -4.463 0.000
18 -4.316 0.000
19 -4.314 0.000
20 -4.465 0.000
21 -4.277 0.000
22 -4.412 0.000
23 -4.340 0.000
24 -4.244 0.000
25 -4.274 0.000
26 -4.222 0.002
27 -4.367 0.002
28 -4.162 0.002
29 -4.120 0.002
30 -4.302 0.004
31 -4.115 0.002
32 -4.155 0.004
33 -4.079 0.004
34 -4.008 0.000
35 -4.027 0.004
36 -4.036 0.004
37 -3.987 0.004
38 -4.045 0.002
39 -3.995 0.006
