1 0.135 0.147 0.987 0.985 0.995 0.997
2 -1.136 -0.923 0.816 0.849 0.949 0.983
3 -0.716 -0.991 0.889 0.841 0.984 0.987
4 -0.972 -1.012 0.855 0.841 0.972 0.986
5 -0.792 -0.876 0.888 0.866 0.977 0.984
6 -0.812 -0.811 0.879 0.870 0.973 0.983
7 -0.663 -0.685 0.910 0.894 0.966 0.979
8 -0.784 -0.691 0.892 0.891 0.986 0.983
9 -0.727 -0.850 0.906 0.869 0.970 0.981
10 -0.527 -0.610 0.928 0.910 0.980 0.979
11 -0.641 -0.626 0.914 0.903 0.982 0.980
12 -0.558 -0.583 0.923 0.914 0.976 0.985
13 -0.679 -0.646 0.908 0.901 0.971 0.978
14 -0.540 -0.462 0.920 0.935 0.968 0.982
15 -0.738 -0.596 0.910 0.913 0.960 0.969
16 -0.523 -0.413 0.934 0.938 0.972 0.978
17 -0.552 -0.457 0.923 0.940 0.966 0.978
18 -0.415 -0.437 0.948 0.938 0.973 0.968
19 -0.714 -0.496 0.905 0.927 0.971 0.972
20 -0.581 -0.473 0.922 0.934 0.976 0.976
21 -0.489 -0.408 0.936 0.949 0.966 0.976
22 -0.544 -0.434 0.925 0.942 0.968 0.967
23 -0.328 -0.339 0.956 0.959 0.970 0.973
24 -0.575 -0.522 0.923 0.930 0.968 0.974
25 -0.334 -0.294 0.954 0.954 0.970 0.980
26 -0.373 -0.359 0.949 0.948 0.969 0.975
27 -0.536 -0.477 0.933 0.934 0.968 0.974
28 -0.343 -0.314 0.959 0.964 0.975 0.980
29 -0.410 -0.383 0.946 0.952 0.968 0.975
30 -0.379 -0.284 0.951 0.959 0.964 0.975
31 -0.224 -0.213 0.965 0.968 0.963 0.975
32 -0.300 -0.307 0.959 0.958 0.971 0.975
33 -0.341 -0.308 0.953 0.953 0.975 0.976
34 -0.384 -0.370 0.951 0.949 0.975 0.974
35 -0.340 -0.195 0.959 0.973 0.976 0.981
36 -0.454 -0.357 0.941 0.953 0.974 0.979
37 -0.315 -0.276 0.959 0.965 0.968 0.975
38 -0.348 -0.259 0.948 0.960 0.980 0.979
39 -0.297 -0.203 0.960 0.963 0.978 0.977
40 -0.240 -0.184 0.967 0.973 0.974 0.978
41 -0.238 -0.171 0.965 0.971 0.973 0.976
42 -0.192 -0.047 0.971 0.980 0.963 0.979
43 -0.243 -0.151 0.963 0.972 0.971 0.977
44 -0.080 -0.034 0.975 0.979 0.965 0.980
45 -0.152 -0.055 0.967 0.981 0.975 0.979
46 -0.095 -0.048 0.975 0.976 0.976 0.982
47 -0.105 -0.074 0.974 0.978 0.982 0.983
48 -0.165 -0.081 0.966 0.974 0.984 0.981
49 -0.089 -0.041 0.972 0.977 0.967 0.985
50 -0.028 -0.026 0.980 0.980 0.982 0.986
51 -0.030 -0.024 0.978 0.978 0.982 0.986
52 -0.033 -0.027 0.979 0.981 0.982 0.980
53 -0.104 0.040 0.974 0.985 0.943 0.983
54 -0.062 0.022 0.974 0.982 0.969 0.975
55 -0.011 0.013 0.980 0.983 0.984 0.987
56 -0.036 0.022 0.983 0.984 0.979 0.984
57 -0.056 0.010 0.976 0.982 0.966 0.981
58 0.063 0.050 0.984 0.978 0.979 0.985
59 -0.012 0.010 0.980 0.979 0.984 0.984
60 0.006 0.015 0.979 0.980 0.982 0.983
61 0.028 0.072 0.983 0.983 0.970 0.988
62 0.079 0.087 0.985 0.983 0.987 0.985
63 0.079 0.096 0.984 0.986 0.984 0.988
64 0.059 0.089 0.983 0.987 0.983 0.986
65 0.086 0.047 0.985 0.985 0.990 0.989
66 0.063 0.111 0.982 0.988 0.987 0.989
67 0.048 0.056 0.983 0.981 0.989 0.987
68 0.085 0.151 0.985 0.987 0.977 0.984
69 0.110 0.137 0.985 0.988 0.978 0.989
70 0.117 0.138 0.987 0.988 0.984 0.986
71 0.132 0.152 0.987 0.989 0.975 0.989
72 0.144 0.175 0.987 0.993 0.983 0.985
73 0.123 0.169 0.986 0.986 0.985 0.990
74 0.180 0.162 0.993 0.989 0.988 0.989
75 0.187 0.212 0.989 0.992 0.984 0.988
76 0.177 0.175 0.989 0.993 0.984 0.988
77 0.140 0.187 0.986 0.989 0.986 0.990
78 0.183 0.184 0.989 0.991 0.987 0.988
79 0.146 0.172 0.984 0.989 0.986 0.993
80 0.165 0.189 0.988 0.991 0.987 0.991
81 0.140 0.187 0.988 0.989 0.986 0.986
82 0.143 0.201 0.984 0.990 0.974 0.992
83 0.181 0.195 0.990 0.987 0.985 0.992
84 0.173 0.192 0.988 0.991 0.988 0.991
85 0.188 0.208 0.988 0.988 0.984 0.993
86 0.196 0.176 0.988 0.988 0.981 0.990
87 0.201 0.222 0.991 0.993 0.991 0.992
88 0.187 0.212 0.989 0.988 0.991 0.992
89 0.171 0.197 0.988 0.987 0.988 0.991
90 0.181 0.246 0.989 0.992 0.980 0.989
91 0.190 0.212 0.990 0.990 0.987 0.991
92 0.192 0.218 0.990 0.991 0.988 0.993
93 0.192 0.232 0.991 0.992 0.985 0.990
94 0.215 0.207 0.992 0.988 0.988 0.995
95 0.099 0.201 0.987 0.988 0.944 0.991
96 0.169 0.231 0.988 0.989 0.990 0.997
97 0.213 0.229 0.991 0.990 0.991 0.995
98 0.227 0.218 0.989 0.988 0.992 0.994
99 0.205 0.186 0.990 0.985 0.992 0.996
100 0.225 0.250 0.993 0.991 0.991 0.992
101 0.205 0.261 0.990 0.993 0.993 0.996
102 0.224 0.211 0.990 0.990 0.989 0.993
103 0.199 0.215 0.988 0.989 0.988 0.993
104 0.221 0.196 0.990 0.986 0.994 0.995
105 0.222 0.218 0.990 0.992 0.993 0.993
106 0.211 0.226 0.988 0.992 0.995 0.994
107 0.197 0.228 0.989 0.990 0.992 0.991
108 0.228 0.253 0.990 0.992 0.993 0.996
109 0.207 0.265 0.989 0.993 0.990 0.996
110 0.197 0.230 0.987 0.993 0.993 0.996
111 0.228 0.233 0.991 0.991 0.992 0.990
112 0.197 0.230 0.988 0.992 0.994 0.994
113 0.224 0.218 0.990 0.989 0.995 0.995
114 0.236 0.254 0.991 0.991 0.993 0.995
115 0.227 0.239 0.991 0.993 0.993 0.997
116 0.227 0.246 0.992 0.992 0.994 0.996
117 0.235 0.249 0.993 0.992 0.997 0.992
118 0.226 0.259 0.988 0.992 0.996 0.996
119 0.246 0.242 0.990 0.992 0.994 0.992
120 0.184 0.241 0.987 0.990 0.989 0.993
121 0.217 0.243 0.990 0.992 0.994 0.995
122 0.239 0.247 0.991 0.994 0.995 0.994
123 0.214 0.213 0.989 0.987 0.997 0.991
124 0.268 0.250 0.993 0.993 0.996 0.993
125 0.223 0.234 0.991 0.991 0.996 0.979
126 0.228 0.236 0.990 0.991 0.996 0.992
127 0.233 0.240 0.992 0.991 0.994 0.994
128 0.221 0.235 0.991 0.993 0.993 0.995
129 0.224 0.236 0.991 0.990 0.995 0.995
130 0.241 0.248 0.993 0.992 0.996 0.995
131 0.217 0.245 0.990 0.990 0.995 0.994
132 0.223 0.243 0.990 0.992 0.992 0.995
133 0.217 0.240 0.989 0.991 0.996 0.990
134 0.215 0.217 0.990 0.990 0.997 0.992
135 0.227 0.235 0.988 0.991 0.996 0.994
136 0.238 0.242 0.990 0.991 0.994 0.996
137 0.238 0.250 0.991 0.989 0.995 0.992
138 0.240 0.255 0.991 0.993 0.995 0.995
139 0.249 0.240 0.991 0.988 0.993 0.995
140 0.201 0.239 0.989 0.993 0.996 0.993
141 0.229 0.252 0.989 0.992 0.995 0.995
142 0.231 0.236 0.989 0.989 0.997 0.995
143 0.222 0.284 0.990 0.995 0.996 0.994
144 0.232 0.245 0.991 0.990 0.998 0.994
145 0.223 0.252 0.989 0.994 0.994 0.996
146 0.241 0.236 0.991 0.990 0.994 0.995
147 0.225 0.224 0.990 0.990 0.994 0.992
148 0.230 0.259 0.989 0.994 0.994 0.994
149 0.227 0.232 0.988 0.991 0.993 0.994
150 0.234 0.256 0.989 0.992 0.996 0.996
151 0.228 0.252 0.991 0.991 0.993 0.997
152 0.256 0.232 0.994 0.991 0.996 0.995
153 0.234 0.235 0.990 0.993 0.993 0.991
154 0.271 0.259 0.994 0.994 0.995 0.994
155 0.233 0.240 0.989 0.992 0.993 0.995
156 0.246 0.261 0.992 0.992 0.996 0.996
157 0.261 0.246 0.994 0.992 0.994 0.993
158 0.229 0.232 0.989 0.990 0.998 0.995
159 0.221 0.263 0.992 0.993 0.997 0.996
160 0.257 0.263 0.991 0.992 0.995 0.994
161 0.264 0.266 0.992 0.993 0.997 0.997
162 0.238 0.237 0.991 0.992 0.996 0.991
163 0.241 0.256 0.990 0.993 0.993 0.991
164 0.214 0.243 0.992 0.992 0.996 0.997
165 0.263 0.262 0.993 0.993 0.994 0.997
166 0.234 0.252 0.991 0.993 0.997 0.993
167 0.243 0.247 0.993 0.993 0.997 0.996
168 0.236 0.264 0.991 0.992 0.993 0.993
169 0.228 0.248 0.989 0.991 0.996 0.993
170 0.184 0.245 0.986 0.991 0.997 0.996
171 0.229 0.257 0.988 0.990 0.996 0.993
172 0.211 0.224 0.987 0.988 0.995 0.993
173 0.244 0.243 0.993 0.991 0.995 0.995
174 0.240 0.248 0.989 0.989 0.994 0.995
175 0.253 0.250 0.993 0.989 0.996 0.994
176 0.229 0.262 0.988 0.993 0.998 0.995
177 0.230 0.261 0.992 0.993 0.996 0.996
178 0.219 0.242 0.991 0.995 0.994 0.994
179 0.238 0.238 0.991 0.991 0.996 0.998
180 0.258 0.253 0.992 0.993 0.993 0.995
181 0.231 0.262 0.993 0.993 0.996 0.995
182 0.203 0.232 0.989 0.993 0.979 0.993
183 0.237 0.239 0.991 0.991 0.994 0.996
184 0.226 0.268 0.990 0.993 0.994 0.995
185 0.254 0.253 0.992 0.989 0.995 0.995
186 0.253 0.263 0.993 0.994 0.997 0.994
187 0.259 0.224 0.993 0.989 0.996 0.995
188 0.256 0.267 0.992 0.993 0.995 0.994
189 0.264 0.269 0.993 0.993 0.998 0.996
190 0.255 0.270 0.994 0.994 0.994 0.996
191 0.235 0.257 0.991 0.993 0.991 0.994
192 0.229 0.265 0.990 0.994 0.993 0.997
193 0.236 0.260 0.991 0.992 0.997 0.995
194 0.251 0.275 0.992 0.991 0.996 0.995
195 0.246 0.260 0.992 0.993 0.994 0.996
196 0.234 0.244 0.991 0.988 0.997 0.997
197 0.247 0.252 0.992 0.992 0.993 0.995
198 0.228 0.244 0.991 0.991 0.997 0.996
199 0.237 0.230 0.991 0.991 0.995 0.996
200 0.209 0.233 0.988 0.989 0.995 0.993
201 0.227 0.255 0.989 0.993 0.998 0.995
202 0.248 0.275 0.990 0.992 0.998 0.997
203 0.264 0.249 0.996 0.992 0.995 0.994
204 0.260 0.267 0.994 0.991 0.994 0.996
205 0.259 0.245 0.992 0.990 0.996 0.996
206 0.229 0.249 0.992 0.992 0.997 0.996
207 0.249 0.233 0.993 0.990 0.996 0.994
208 0.229 0.281 0.991 0.995 0.995 0.993
