1 -4.945 -4.658 0.059 0.122 0.295 0.275
2 -4.996 -4.675 0.009 0.087 0.991 0.916
3 -4.982 -4.745 0.006 0.067 0.994 0.933
4 -4.986 -4.672 0.009 0.087 0.992 0.912
5 -4.987 -4.688 0.008 0.080 0.992 0.920
6 -4.968 -4.613 0.011 0.105 0.989 0.898
7 -4.988 -4.443 0.009 0.145 0.991 0.858
8 -4.964 -4.401 0.014 0.155 0.986 0.848
9 -4.961 -4.226 0.020 0.208 0.981 0.794
10 -4.942 -4.380 0.030 0.166 0.970 0.839
11 -4.936 -4.344 0.033 0.175 0.967 0.827
12 -4.887 -4.237 0.042 0.219 0.958 0.783
13 -4.918 -4.114 0.033 0.244 0.969 0.761
14 -4.901 -4.058 0.044 0.261 0.956 0.741
15 -4.827 -3.883 0.070 0.305 0.933 0.697
16 -4.862 -3.831 0.073 0.333 0.931 0.672
17 -4.769 -3.743 0.089 0.336 0.911 0.669
18 -4.738 -3.507 0.117 0.394 0.886 0.608
19 -4.661 -3.256 0.131 0.472 0.870 0.534
20 -4.559 -3.129 0.167 0.486 0.834 0.519
21 -4.372 -2.822 0.231 0.558 0.769 0.447
22 -3.875 -2.297 0.388 0.648 0.616 0.358
23 -4.100 -2.495 0.303 0.622 0.698 0.384
24 -4.136 -2.468 0.273 0.616 0.730 0.388
25 -3.378 -1.790 0.456 0.764 0.547 0.242
26 -3.235 -1.716 0.498 0.769 0.511 0.292
27 -2.896 -1.564 0.556 0.791 0.509 0.452
28 -2.685 -1.490 0.580 0.780 0.684 0.639
29 -2.071 -1.190 0.727 0.838 0.508 0.570
30 -3.301 -1.121 0.466 0.850 0.567 0.725
31 -2.129 -1.030 0.708 0.853 0.566 0.841
32 -2.015 -0.858 0.720 0.872 0.642 0.852
33 -3.102 -0.925 0.483 0.875 0.634 0.850
34 -2.045 -1.094 0.695 0.828 0.697 0.780
35 -1.727 -0.760 0.767 0.886 0.469 0.861
36 -1.802 -0.682 0.758 0.897 0.666 0.906
37 -1.361 -0.500 0.830 0.928 0.711 0.905
38 -2.692 -0.615 0.523 0.914 0.794 0.930
39 -1.452 -0.502 0.800 0.944 0.794 0.920
40 -2.858 -0.522 0.502 0.928 0.833 0.919
41 -1.337 -0.406 0.819 0.934 0.830 0.953
42 -0.831 -0.359 0.891 0.944 0.872 0.955
43 -0.657 -0.368 0.919 0.938 0.867 0.936
44 -0.782 -0.310 0.903 0.959 0.878 0.956
45 -0.657 -0.329 0.936 0.953 0.902 0.945
46 -0.753 -0.470 0.909 0.934 0.877 0.947
47 -0.829 -0.306 0.895 0.947 0.877 0.972
48 -0.600 -0.260 0.927 0.956 0.881 0.945
49 -0.497 -0.304 0.933 0.948 0.934 0.969
50 -0.402 -0.249 0.942 0.947 0.944 0.975
51 -0.441 -0.197 0.936 0.950 0.914 0.972
52 -0.530 -0.247 0.931 0.950 0.922 0.970
53 -0.383 -0.203 0.948 0.958 0.952 0.967
54 -0.447 -0.150 0.942 0.964 0.947 0.981
55 -0.297 -0.113 0.950 0.961 0.923 0.969
56 -0.262 -0.066 0.961 0.966 0.955 0.981
57 -0.328 -0.055 0.953 0.977 0.956 0.984
58 -0.477 -0.104 0.927 0.958 0.936 0.984
59 -0.274 -0.110 0.955 0.958 0.952 0.978
60 -0.268 -0.119 0.952 0.963 0.944 0.963
61 -0.222 -0.131 0.956 0.956 0.964 0.969
62 -0.132 -0.104 0.967 0.969 0.953 0.975
63 -0.149 0.067 0.964 0.994 0.970 0.986
64 -0.213 -0.023 0.958 0.967 0.942 0.972
65 -0.214 -0.014 0.958 0.975 0.970 0.984
66 -0.147 -0.047 0.966 0.969 0.969 0.984
67 -0.209 0.007 0.948 0.988 0.964 0.975
68 -0.086 -0.164 0.972 0.956 0.980 0.977
69 -0.027 -0.109 0.973 0.959 0.983 0.988
70 -0.011 0.010 0.977 0.969 0.978 0.975
71 -0.143 -0.081 0.966 0.981 0.961 0.983
72 -0.021 -0.008 0.977 0.978 0.980 0.983
73 -0.060 -0.026 0.964 0.977 0.967 0.988
74 -0.189 -0.079 0.967 0.969 0.950 0.955
75 -0.080 0.040 0.972 0.977 0.977 0.981
76 -0.207 -0.085 0.955 0.970 0.969 0.988
77 -0.100 0.035 0.970 0.983 0.977 0.991
78 -0.166 -0.077 0.969 0.973 0.866 0.939
79 -0.045 0.051 0.975 0.981 0.980 0.983
80 0.075 0.048 0.986 0.981 0.989 0.991
81 -0.037 0.055 0.972 0.988 0.984 0.997
82 -0.027 -0.028 0.978 0.973 0.970 0.986
83 -0.080 -0.043 0.981 0.970 0.977 0.973
84 -0.042 -0.005 0.970 0.977 0.984 0.984
85 0.005 0.049 0.983 0.977 0.986 0.989
86 -0.079 -0.033 0.975 0.975 0.952 0.977
87 0.036 0.079 0.984 0.983 0.983 0.989
88 -0.134 0.052 0.970 0.981 0.961 0.986
89 0.012 0.054 0.984 0.977 0.983 0.995
90 -0.248 0.011 0.958 0.969 0.870 0.973
91 0.049 0.067 0.984 0.983 0.986 0.991
92 -0.020 0.035 0.973 0.981 0.980 0.988
93 0.038 0.082 0.977 0.981 0.978 0.989
94 -0.040 0.043 0.970 0.975 0.975 0.992
95 0.006 0.075 0.977 0.986 0.986 0.988
96 -0.057 0.095 0.978 0.986 0.964 0.986
97 -0.058 0.083 0.966 0.984 0.967 0.989
98 0.047 0.096 0.984 0.981 0.984 0.989
99 0.105 0.093 0.984 0.981 0.991 0.994
100 -0.048 0.040 0.970 0.981 0.988 0.997
101 0.068 0.099 0.981 0.983 0.994 0.991
102 -0.073 0.096 0.972 0.983 0.988 0.981
103 0.083 0.036 0.981 0.964 0.986 0.992
104 0.067 0.155 0.973 0.988 0.970 0.989
105 0.016 0.118 0.969 0.986 0.984 0.994
106 0.013 0.067 0.980 0.981 0.978 0.994
107 0.040 0.075 0.984 0.980 0.981 0.995
108 0.032 0.053 0.975 0.980 0.986 0.994
109 -0.023 0.098 0.977 0.981 0.981 0.984
110 -0.037 0.071 0.973 0.977 0.988 0.983
111 0.004 0.131 0.977 0.986 0.986 0.981
112 0.013 0.034 0.977 0.973 0.975 0.981
113 0.025 0.093 0.983 0.978 0.984 0.986
114 -0.015 0.006 0.988 0.978 0.988 0.994
115 0.019 0.083 0.980 0.977 0.978 0.989
116 0.092 0.093 0.992 0.984 0.980 0.986
117 0.008 0.123 0.980 0.978 0.978 0.994
118 0.002 0.109 0.972 0.984 0.997 0.989
119 0.050 0.137 0.972 0.989 0.991 0.991
120 0.062 0.083 0.981 0.983 0.972 0.988
121 0.022 0.102 0.980 0.981 0.980 0.989
122 0.092 0.136 0.983 0.984 0.992 0.988
123 0.030 0.106 0.978 0.984 0.988 0.988
124 0.096 0.093 0.981 0.977 0.986 0.991
125 0.045 0.138 0.983 0.991 0.981 0.989
126 0.107 0.101 0.980 0.984 0.988 0.988
127 -1.936 -0.940 0.652 0.820 0.828 0.838
128 0.020 0.094 0.975 0.989 0.995 0.986
129 0.109 0.105 0.988 0.984 0.983 0.992
130 0.027 0.082 0.980 0.984 0.989 0.994
131 -0.015 0.106 0.970 0.988 0.986 0.992
132 0.089 0.161 0.989 0.989 0.986 0.981
133 0.141 0.148 0.989 0.988 0.986 0.994
134 0.118 0.065 0.988 0.981 0.992 0.989
135 0.115 0.092 0.983 0.984 0.992 0.991
136 0.035 0.166 0.973 0.984 0.984 0.995
137 0.061 0.090 0.978 0.983 0.980 0.995
138 0.146 0.107 0.988 0.988 0.995 0.995
139 0.058 0.110 0.983 0.980 0.980 0.989
140 0.079 0.084 0.980 0.981 0.988 0.997
141 0.118 0.157 0.983 0.986 0.989 0.986
142 0.053 0.148 0.975 0.988 0.988 0.994
143 0.061 0.151 0.980 0.986 0.995 0.991
144 0.069 0.122 0.984 0.984 0.995 0.994
145 0.118 0.115 0.984 0.988 0.986 0.994
146 0.055 0.013 0.984 0.963 0.989 0.997
147 0.112 0.127 0.984 0.988 0.989 0.991
148 0.116 0.155 0.986 0.988 0.989 0.995
149 0.123 0.126 0.981 0.988 0.989 0.992
150 0.108 0.165 0.984 0.992 0.998 0.997
151 0.136 0.078 0.986 0.983 0.997 0.989
152 -0.004 0.092 0.967 0.983 0.989 0.989
153 0.135 0.117 0.994 0.983 0.992 0.992
154 0.128 0.154 0.984 0.989 0.981 0.989
155 0.116 0.170 0.988 0.988 0.988 0.992
156 0.126 0.090 0.988 0.984 0.988 0.989
157 0.057 0.135 0.977 0.980 0.988 0.994
158 0.144 0.116 0.995 0.981 0.991 0.994
159 0.136 0.157 0.981 0.994 0.984 0.994
160 0.063 0.158 0.980 0.988 0.994 0.995
161 0.024 0.106 0.978 0.989 0.992 0.994
162 0.066 0.186 0.986 0.992 0.992 0.992
163 0.126 0.137 0.989 0.984 0.938 0.992
164 0.101 0.102 0.977 0.984 0.994 0.998
165 0.075 0.095 0.989 0.973 0.991 0.991
166 0.127 0.106 0.984 0.984 0.989 0.998
167 0.102 0.076 0.981 0.977 0.995 0.986
168 0.103 0.130 0.980 0.991 0.992 0.995
169 0.044 0.073 0.975 0.981 0.995 0.994
170 0.105 0.060 0.989 0.970 0.986 0.989
171 0.093 0.129 0.986 0.977 0.989 0.994
172 0.132 0.075 0.989 0.973 0.975 0.992
173 0.070 0.115 0.983 0.989 0.908 0.983
174 0.054 0.101 0.980 0.983 0.992 0.994
175 0.110 0.098 0.992 0.981 0.991 0.995
176 0.149 0.102 0.991 0.991 0.995 0.997
177 0.058 0.130 0.981 0.989 0.977 0.989
178 0.089 0.148 0.984 0.989 0.992 0.994
179 0.100 0.141 0.981 0.989 0.986 0.991
180 0.152 0.100 0.986 0.981 0.992 0.994
181 0.105 0.114 0.991 0.984 0.992 0.992
182 0.093 0.147 0.981 0.988 0.989 0.998
183 0.100 0.111 0.984 0.981 0.992 0.992
184 0.027 0.148 0.972 0.986 0.961 0.992
185 0.119 0.124 0.983 0.986 0.988 0.991
186 0.075 0.103 0.984 0.984 0.980 0.992
187 0.040 0.177 0.978 0.991 0.992 0.991
188 0.056 0.139 0.980 0.989 0.983 0.997
189 0.180 0.121 0.989 0.988 0.983 0.997
190 0.084 0.160 0.986 0.989 0.977 0.989
191 0.117 0.165 0.986 0.981 0.994 0.991
192 0.141 0.115 0.984 0.984 0.991 0.988
193 0.113 0.157 0.984 0.992 0.991 0.989
194 0.075 0.141 0.984 0.984 0.992 1.000
195 0.079 0.125 0.980 0.986 0.992 0.992
196 0.098 0.181 0.986 0.992 0.984 0.989
197 0.067 0.101 0.977 0.980 0.991 0.997
198 0.062 0.131 0.984 0.984 0.972 0.988
199 0.037 0.170 0.983 0.989 0.998 0.995
200 0.099 0.119 0.980 0.986 0.988 0.992
201 0.110 0.178 0.981 0.989 0.995 0.998
202 0.021 0.140 0.973 0.989 0.994 0.997
203 0.157 0.201 0.989 0.994 0.988 0.997
204 0.124 0.131 0.988 0.988 0.988 0.995
205 0.120 0.181 0.988 0.991 0.981 0.991
206 0.045 0.084 0.973 0.980 0.988 0.991
207 0.129 0.154 0.989 0.991 0.994 0.989
208 0.119 0.114 0.983 0.988 0.994 0.995
209 0.133 0.130 0.988 0.989 0.992 0.994
210 0.078 0.141 0.980 0.984 0.992 0.992
211 0.111 0.199 0.991 0.994 0.991 0.989
212 0.171 0.105 0.992 0.981 0.997 0.989
213 0.142 0.138 0.991 0.991 0.991 0.995
214 0.161 0.174 0.989 0.988 0.994 0.997
215 0.159 0.139 0.994 0.984 0.995 0.997
216 0.130 0.137 0.989 0.986 0.991 0.992
217 0.086 0.148 0.983 0.986 0.961 0.992
218 0.114 0.162 0.984 0.994 0.989 0.989
219 0.117 0.143 0.983 0.984 0.994 0.995
220 0.086 0.121 0.980 0.983 1.000 0.988
221 0.019 0.040 0.975 0.981 0.995 0.991
222 0.115 0.147 0.984 0.989 0.977 0.992
223 0.090 0.201 0.991 0.988 0.994 0.992
224 0.128 0.139 0.981 0.984 0.995 0.998
225 0.155 0.124 0.978 0.988 0.995 0.995
226 0.153 0.142 0.989 0.989 0.994 0.998
227 0.102 0.160 0.984 0.989 0.992 0.995
228 0.156 0.153 0.984 0.988 0.992 0.994
229 0.048 0.134 0.973 0.988 0.983 0.994
230 0.103 0.167 0.984 0.991 0.995 0.995
231 0.109 0.183 0.983 0.988 0.980 0.995
232 0.046 0.195 0.981 0.995 0.977 0.997
233 0.075 0.134 0.989 0.988 0.992 0.995
234 0.171 0.081 0.989 0.980 0.991 0.995
235 0.128 0.159 0.991 0.988 0.997 0.994
236 0.073 0.153 0.980 0.988 0.994 0.995
237 0.117 0.105 0.980 0.981 0.992 0.995
238 0.139 0.039 0.988 0.975 0.989 0.994
239 0.096 0.138 0.989 0.992 0.986 0.992
240 0.182 0.167 0.992 0.984 0.983 0.991
241 0.067 0.101 0.975 0.989 0.975 0.992
242 0.123 0.156 0.986 0.984 0.992 0.997
243 0.138 0.154 0.988 0.989 0.981 0.997
244 0.122 0.119 0.991 0.988 0.898 0.984
245 0.018 0.099 0.980 0.983 0.956 0.989
246 0.115 0.135 0.988 0.988 0.975 0.994
247 0.115 0.101 0.989 0.984 0.969 0.994
248 0.092 0.184 0.980 0.988 0.983 0.998
249 -0.130 0.040 0.966 0.975 0.930 0.963
250 0.104 0.150 0.984 0.988 0.983 0.997
251 0.102 0.167 0.981 0.986 0.981 0.989
252 0.088 0.149 0.981 0.986 0.995 0.997
253 0.082 0.055 0.980 0.978 0.992 0.995
254 0.114 0.127 0.981 0.980 0.995 0.995
255 0.129 0.074 0.989 0.989 0.994 0.994
256 0.044 0.032 0.980 0.980 0.995 0.995
257 0.147 0.169 0.988 0.992 0.991 0.986
258 0.168 0.109 0.989 0.983 0.995 0.992
259 0.090 0.062 0.983 0.975 0.984 0.989
260 0.105 0.142 0.986 0.989 0.991 0.995
261 0.136 0.137 0.988 0.991 0.984 0.994
262 0.180 0.190 0.994 0.986 0.995 0.995
263 0.190 0.159 0.986 0.986 0.992 0.986
264 0.162 0.192 0.986 0.986 0.988 0.994
265 0.040 0.161 0.983 0.988 0.989 0.992
266 0.112 0.053 0.983 0.978 0.992 1.000
267 0.147 0.110 0.984 0.980 0.994 0.995
268 0.134 0.175 0.981 0.988 0.994 0.995
269 0.098 0.135 0.984 0.991 0.991 0.998
270 0.091 0.129 0.980 0.984 0.991 0.995
271 0.188 0.179 0.992 0.991 1.000 0.998
272 0.189 0.215 0.989 0.994 0.995 0.994
273 0.173 0.149 0.994 0.988 0.986 0.995
274 0.143 0.077 0.981 0.980 0.984 0.998
275 0.180 0.085 0.988 0.980 0.992 0.994
276 0.098 0.164 0.983 0.989 0.992 0.992
277 0.142 0.180 0.989 0.991 0.991 0.997
278 0.187 0.237 0.994 0.995 0.989 0.997
279 0.121 0.125 0.984 0.989 0.991 0.997
280 0.140 0.111 0.984 0.989 0.994 0.988
281 0.141 0.151 0.980 0.988 0.994 0.995
282 0.168 0.170 0.986 0.988 0.991 0.992
283 0.132 0.113 0.983 0.980 0.961 0.991
284 0.119 0.118 0.992 0.983 0.995 0.989
285 0.076 0.171 0.980 0.994 0.991 0.997
286 0.131 0.202 0.984 0.995 0.992 0.994
287 0.120 0.213 0.986 0.988 0.995 0.994
288 0.099 0.235 0.984 0.991 0.995 0.995
289 0.084 0.143 0.988 0.988 0.988 0.994
290 0.139 0.116 0.986 0.984 0.984 0.998
291 0.109 0.181 0.986 0.989 0.998 0.998
292 0.070 0.135 0.980 0.989 0.992 0.995
293 0.148 0.126 0.989 0.989 1.000 0.994
