1 -4.845 -4.762 0.080 0.100 0.230 0.244
2 -4.960 -4.723 0.019 0.078 0.983 0.922
3 -4.992 -4.718 0.006 0.073 0.994 0.927
4 -4.996 -4.628 0.009 0.089 0.991 0.914
5 -4.985 -4.531 0.006 0.125 0.994 0.875
6 -4.959 -4.513 0.016 0.119 0.984 0.884
7 -4.997 -4.391 0.014 0.166 0.986 0.836
8 -4.975 -4.237 0.019 0.202 0.981 0.800
9 -4.941 -4.225 0.047 0.216 0.956 0.786
10 -4.976 -3.786 0.041 0.331 0.961 0.670
11 -4.879 -3.124 0.083 0.495 0.917 0.508
12 -4.921 -2.545 0.056 0.622 0.945 0.381
13 -4.983 -2.308 0.016 0.659 0.984 0.344
14 -4.905 -1.920 0.047 0.717 0.953 0.287
15 -5.004 -1.377 0.013 0.822 0.984 0.273
16 -5.010 -1.306 0.008 0.828 0.989 0.414
17 -4.970 -0.727 0.009 0.903 0.991 0.738
18 -5.002 -0.692 0.003 0.895 0.997 0.833
19 -4.996 -0.542 0.003 0.911 0.997 0.909
20 -4.981 -0.696 0.005 0.898 0.995 0.883
21 -5.005 -0.348 0.002 0.947 0.998 0.916
22 -5.000 -0.444 0.002 0.934 0.998 0.906
23 -4.997 -0.263 0.002 0.956 0.998 0.928
24 -4.980 -0.184 0.006 0.958 0.994 0.948
25 -4.982 -0.175 0.005 0.966 0.995 0.947
26 -4.995 -0.188 0.003 0.948 0.997 0.947
27 -5.001 -0.112 0.000 0.959 1.000 0.958
28 -5.002 -0.444 0.000 0.939 1.000 0.925
29 -4.992 -0.078 0.005 0.970 0.995 0.955
30 -5.003 -0.024 0.000 0.980 1.000 0.953
31 -4.995 0.028 0.002 0.981 0.998 0.967
32 -5.003 -0.103 0.000 0.961 1.000 0.970
33 -5.002 -0.005 0.000 0.983 1.000 0.969
34 -5.003 -0.115 0.000 0.969 0.995 0.973
35 -5.002 -0.022 0.000 0.973 1.000 0.967
36 -4.970 -0.027 0.006 0.983 0.994 0.964
37 -4.990 -0.019 0.003 0.978 0.994 0.970
38 -5.003 -0.017 0.000 0.980 1.000 0.977
39 -4.992 -0.007 0.002 0.978 0.998 0.978
40 -4.984 0.050 0.005 0.981 0.995 0.989
41 -4.995 0.074 0.002 0.984 0.998 0.980
42 -4.987 0.027 0.003 0.975 0.997 0.978
43 -4.985 0.035 0.005 0.991 0.981 0.981
44 -4.975 0.011 0.006 0.983 0.967 0.994
45 -4.997 0.109 0.002 0.984 0.998 0.983
46 -4.966 -0.011 0.009 0.973 0.981 0.983
47 -5.000 0.057 0.002 0.981 0.998 0.986
48 -4.994 0.061 0.003 0.986 0.998 0.984
49 -4.970 0.060 0.011 0.980 0.969 0.975
50 -4.983 0.032 0.006 0.983 0.991 0.988
51 -4.993 0.025 0.002 0.984 0.998 0.977
52 -4.998 -0.001 0.003 0.970 0.997 0.989
53 -5.001 0.113 0.000 0.983 1.000 0.980
54 -5.001 0.037 0.000 0.980 1.000 0.984
55 -5.001 0.060 0.000 0.980 1.000 0.972
56 -5.002 0.095 0.000 0.977 1.000 0.981
57 -5.002 0.063 0.000 0.984 1.000 0.984
58 -5.001 -0.011 0.000 0.969 1.000 0.978
59 -5.002 0.094 0.000 0.984 1.000 0.980
60 -5.002 0.101 0.000 0.983 1.000 0.988
61 -4.984 0.086 0.005 0.983 0.995 0.983
62 -5.000 0.105 0.000 0.984 1.000 0.986
63 -5.000 0.093 0.002 0.983 1.000 0.989
64 -4.984 0.075 0.005 0.980 0.995 0.981
65 -4.991 0.046 0.003 0.975 0.992 0.981
66 -5.002 0.046 0.000 0.983 1.000 0.989
67 -5.000 0.152 0.002 0.986 0.998 0.989
68 -4.958 0.022 0.013 0.980 0.920 0.988
69 -5.001 0.083 0.000 0.977 1.000 0.992
70 -5.002 0.085 0.000 0.988 1.000 0.983
71 -5.001 0.045 0.000 0.975 1.000 0.989
72 -5.001 0.075 0.000 0.973 1.000 0.988
73 -4.998 0.085 0.002 0.980 0.998 0.991
74 -4.996 0.034 0.003 0.973 0.997 0.988
75 -4.993 0.131 0.003 0.988 0.997 0.992
76 -5.002 0.107 0.000 0.988 1.000 0.981
77 -4.993 0.135 0.003 0.988 0.992 0.992
78 -5.001 0.192 0.000 0.992 1.000 0.991
79 -4.992 0.144 0.003 0.984 0.995 0.978
80 -5.001 0.090 0.000 0.984 1.000 0.983
81 -5.001 0.165 0.000 0.991 1.000 0.991
82 -5.002 0.134 0.000 0.988 1.000 0.995
83 -4.967 0.120 0.009 0.984 0.980 0.988
84 -5.001 0.069 0.000 0.978 1.000 0.988
85 -5.004 0.071 0.000 0.980 0.994 0.986
86 -4.992 0.070 0.002 0.986 0.998 0.992
87 -4.992 0.128 0.002 0.984 0.998 0.995
88 -4.993 0.121 0.002 0.986 0.998 0.992
89 -5.001 0.122 0.000 0.992 1.000 0.994
90 -4.993 0.102 0.002 0.981 0.998 0.988
91 -4.997 0.144 0.002 0.984 0.995 0.994
92 -5.001 0.146 0.000 0.989 1.000 0.989
93 -4.995 0.169 0.002 0.992 0.998 0.991
94 -4.994 0.127 0.002 0.977 0.989 0.988
95 -5.001 0.129 0.000 0.983 1.000 0.997
96 -5.002 0.110 0.000 0.984 1.000 0.991
97 -4.991 0.125 0.003 0.988 0.998 0.992
98 -4.977 0.111 0.008 0.984 0.992 0.989
99 -4.995 0.111 0.002 0.989 0.998 0.992
100 -5.001 0.137 0.000 0.983 1.000 0.992
101 -4.997 0.101 0.002 0.983 0.998 0.994
102 -4.996 0.138 0.002 0.980 0.998 0.994
103 -4.980 0.110 0.008 0.984 0.936 0.984
104 -4.995 0.090 0.002 0.981 0.998 0.988
105 -4.998 0.122 0.005 0.983 0.947 0.991
106 -4.997 0.027 0.002 0.983 0.998 0.995
107 -5.001 0.167 0.000 0.988 1.000 0.986
108 -5.001 0.169 0.000 0.986 0.995 0.989
109 -5.001 0.168 0.000 0.989 1.000 0.992
110 -5.002 0.125 0.000 0.992 1.000 0.997
111 -5.002 0.122 0.000 0.983 1.000 0.988
112 -5.001 0.006 0.000 0.973 1.000 0.989
113 -4.992 0.145 0.002 0.988 0.998 0.992
114 -4.960 0.145 0.011 0.986 0.980 0.989
115 -5.001 0.132 0.000 0.986 0.991 0.989
116 -4.996 0.177 0.003 0.991 0.930 0.995
117 -4.987 0.139 0.003 0.981 0.997 0.992
118 -4.965 0.101 0.009 0.991 0.869 0.998
119 -5.001 0.105 0.000 0.983 1.000 0.997
120 -4.990 0.145 0.005 0.986 0.978 0.994
121 -4.982 0.189 0.005 0.986 0.995 0.988
122 -4.993 0.158 0.003 0.991 0.997 0.991
123 -5.000 0.136 0.000 0.988 1.000 0.994
124 -5.002 0.118 0.000 0.988 1.000 0.992
125 -5.000 0.172 0.002 0.994 0.998 0.992
126 -5.001 0.160 0.000 0.988 1.000 0.991
127 -4.988 0.080 0.003 0.980 0.995 0.989
128 -4.999 0.115 0.002 0.988 0.994 0.991
129 -5.001 0.170 0.000 0.986 0.998 0.994
130 -5.004 0.145 0.000 0.984 0.994 0.989
131 -4.993 0.169 0.003 0.991 0.997 0.991
132 -5.000 0.184 0.000 0.991 1.000 0.994
133 -5.002 0.130 0.000 0.986 1.000 0.994
134 -5.001 0.262 0.000 0.994 1.000 0.991
135 -5.000 0.204 0.000 0.995 1.000 0.991
136 -5.001 0.174 0.002 0.989 0.989 0.989
137 -4.992 0.133 0.002 0.984 0.998 0.998
138 -4.987 0.104 0.006 0.980 0.963 0.984
139 -4.994 0.126 0.002 0.984 0.998 0.992
140 -4.994 0.101 0.002 0.983 0.998 0.992
141 -4.995 0.154 0.003 0.984 0.983 0.994
142 -4.986 0.145 0.005 0.994 0.994 0.994
143 -4.991 0.109 0.005 0.977 0.933 0.997
144 -4.998 0.171 0.002 0.992 0.998 0.992
145 -5.000 0.150 0.002 0.988 0.995 0.992
146 -4.995 0.083 0.002 0.981 0.998 0.992
147 -4.976 0.137 0.006 0.986 0.973 0.991
148 -4.961 0.191 0.008 0.984 0.980 0.991
149 -4.959 0.221 0.013 0.992 0.880 0.994
150 -4.978 0.156 0.006 0.994 0.989 0.997
151 -4.984 0.136 0.005 0.989 0.922 0.994
152 -4.984 0.119 0.005 0.980 0.984 0.988
153 -4.964 0.092 0.011 0.981 0.955 0.997
154 -5.003 0.127 0.000 0.981 0.992 0.992
155 -4.994 0.117 0.002 0.981 0.992 0.992
156 -4.993 0.095 0.002 0.986 0.998 0.991
157 -4.955 0.205 0.016 0.991 0.923 0.992
158 -4.992 0.199 0.003 0.991 0.992 0.997
159 -4.984 0.118 0.006 0.988 0.930 0.988
160 -4.991 0.139 0.003 0.991 0.997 0.994
161 -5.002 0.111 0.000 0.983 0.995 0.995
162 -4.988 0.183 0.006 0.988 0.856 0.991
163 -4.931 0.148 0.020 0.986 0.714 0.989
164 -5.000 0.114 0.000 0.980 1.000 0.994
165 -4.967 0.143 0.011 0.991 0.977 0.994
166 -4.979 0.176 0.008 0.994 0.938 0.991
167 -4.975 0.117 0.013 0.984 0.895 0.998
168 -4.970 0.164 0.008 0.989 0.992 0.994
169 -4.986 0.204 0.008 0.994 0.927 0.997
170 -4.963 0.040 0.014 0.973 0.963 0.986
171 -4.902 0.147 0.031 0.988 0.806 0.995
172 -4.977 0.088 0.006 0.983 0.992 0.992
173 -4.971 0.134 0.009 0.981 0.961 0.988
174 -4.865 0.184 0.039 0.991 0.673 0.994
175 -4.783 0.159 0.069 0.989 0.547 0.986
176 -4.969 0.133 0.008 0.983 0.966 0.994
177 -4.847 0.174 0.066 0.989 0.412 0.997
178 -4.960 0.182 0.011 0.984 0.923 0.997
179 -4.950 0.079 0.016 0.973 0.877 0.995
180 -4.967 0.158 0.009 0.994 0.964 0.995
181 -4.971 0.208 0.016 0.986 0.734 0.992
182 -4.980 0.098 0.006 0.981 0.994 0.992
183 -4.988 0.129 0.005 0.986 0.984 0.995
184 -4.990 0.178 0.003 0.989 0.967 0.995
185 -4.981 0.145 0.008 0.986 0.922 0.997
186 -4.820 0.121 0.052 0.988 0.627 0.992
187 -4.938 0.135 0.017 0.984 0.752 0.984
188 -4.970 0.108 0.014 0.981 0.738 0.992
189 -4.919 0.078 0.025 0.983 0.705 0.991
190 -4.856 0.164 0.048 0.983 0.631 1.000
191 -4.892 0.146 0.036 0.984 0.609 0.988
192 -4.904 0.117 0.039 0.983 0.455 0.994
193 -4.795 0.154 0.066 0.986 0.544 0.997
194 -4.828 0.148 0.067 0.988 0.495 0.998
195 -4.852 0.104 0.047 0.981 0.672 0.998
196 -4.954 0.130 0.017 0.991 0.767 0.991
197 -4.671 0.138 0.092 0.986 0.591 0.997
198 -4.864 0.101 0.050 0.978 0.650 0.997
199 -4.896 0.082 0.036 0.975 0.678 0.994
200 -4.778 0.147 0.064 0.988 0.566 0.994
201 -4.906 0.087 0.025 0.981 0.892 0.997
202 -4.732 0.121 0.077 0.983 0.620 0.989
203 -4.903 0.193 0.048 0.986 0.564 0.994
204 -4.923 0.182 0.039 0.991 0.580 0.994
205 -4.870 0.191 0.048 0.991 0.634 0.995
206 -4.951 0.141 0.030 0.992 0.658 1.000
207 -4.795 0.173 0.066 0.991 0.602 0.998
208 -4.925 0.135 0.030 0.983 0.628 0.989
209 -4.890 0.107 0.034 0.983 0.719 0.963
210 -4.863 0.069 0.050 0.981 0.577 0.995
211 -4.962 0.152 0.022 0.986 0.598 0.997
212 -4.886 0.133 0.039 0.989 0.633 0.991
213 -4.882 0.126 0.050 0.988 0.497 1.000
214 -4.925 0.157 0.030 0.978 0.662 0.995
215 -4.912 0.094 0.041 0.981 0.495 0.997
216 -4.936 0.085 0.020 0.981 0.869 0.998
217 -4.977 0.164 0.008 0.989 0.984 0.995
218 -4.914 0.173 0.030 0.984 0.673 0.994
219 -4.921 0.132 0.028 0.983 0.666 0.995
220 -4.970 0.143 0.020 0.988 0.670 0.994
221 -4.953 0.163 0.023 0.984 0.584 0.994
222 -4.916 0.133 0.037 0.988 0.553 0.997
223 -4.948 0.189 0.016 0.992 0.827 0.997
224 -4.960 0.154 0.019 0.986 0.831 0.994
225 -4.980 0.124 0.016 0.983 0.641 0.997
226 -4.978 0.176 0.014 0.986 0.731 0.994
227 -4.980 0.183 0.028 0.991 0.391 0.991
228 -5.047 0.152 0.013 0.986 0.508 0.995
229 -4.886 0.148 0.031 0.981 0.666 0.997
230 -4.949 0.131 0.025 0.980 0.747 0.995
231 -4.975 0.162 0.009 0.986 0.887 0.994
232 -4.932 0.187 0.022 0.989 0.787 0.989
233 -4.904 0.148 0.037 0.989 0.491 0.995
234 -4.911 0.163 0.044 0.980 0.578 0.991
235 -5.004 0.138 0.016 0.981 0.619 0.992
236 -5.003 0.106 0.000 0.988 1.000 0.994
237 -4.992 0.170 0.017 0.986 0.658 0.995
238 -4.968 0.124 0.020 0.983 0.681 0.998
239 -4.957 0.108 0.027 0.986 0.594 0.994
240 -4.986 0.107 0.019 0.983 0.580 0.995
241 -4.973 0.157 0.014 0.983 0.884 0.989
242 -4.903 0.100 0.045 0.988 0.548 0.997
243 -4.945 0.102 0.022 0.984 0.691 0.995
244 -4.889 0.090 0.045 0.978 0.572 0.998
245 -4.999 0.182 0.003 0.989 0.978 0.995
246 -4.903 0.089 0.033 0.980 0.811 0.998
247 -4.905 0.135 0.045 0.988 0.516 0.995
248 -4.864 0.171 0.045 0.984 0.666 0.998
249 -4.929 0.226 0.028 0.995 0.613 0.994
250 -4.986 0.084 0.013 0.981 0.655 0.995
251 -4.934 0.139 0.031 0.989 0.500 0.997
252 -4.989 0.186 0.011 0.992 0.800 0.994
253 -4.955 0.153 0.013 0.989 0.927 0.998
254 -4.954 0.217 0.042 0.991 0.342 0.998
255 -4.962 0.151 0.044 0.989 0.350 0.992
256 -4.990 0.127 0.028 0.984 0.537 0.997
257 -4.971 0.170 0.031 0.986 0.530 0.997
258 -4.970 0.120 0.052 0.983 0.216 0.995
259 -4.974 0.093 0.028 0.978 0.566 0.994
260 -5.010 0.158 0.023 0.988 0.536 0.997
261 -4.933 0.162 0.044 0.989 0.480 0.997
262 -4.998 0.204 0.028 0.989 0.520 0.992
263 -4.941 0.133 0.031 0.988 0.627 0.995
264 -4.955 0.179 0.031 0.989 0.552 0.995
265 -4.932 0.203 0.034 0.992 0.634 0.997
266 -4.937 0.102 0.025 0.981 0.683 0.994
267 -5.008 0.141 0.028 0.988 0.458 0.997
268 -4.947 0.168 0.042 0.989 0.469 0.997
269 -4.974 0.176 0.039 0.989 0.442 0.994
270 -4.765 0.185 0.080 0.992 0.406 1.000
271 -4.904 0.113 0.036 0.984 0.656 0.992
272 -4.880 0.115 0.047 0.986 0.542 0.994
273 -4.820 0.130 0.058 0.984 0.611 0.995
274 -4.901 0.168 0.042 0.984 0.688 0.994
275 -4.972 0.148 0.027 0.991 0.509 0.992
276 -4.968 0.200 0.022 0.986 0.637 0.995
277 -4.993 0.192 0.023 0.991 0.548 0.994
278 -4.848 0.182 0.055 0.981 0.541 0.998
279 -4.765 0.177 0.075 0.995 0.542 0.998
280 -4.847 0.140 0.056 0.988 0.541 0.997
281 -4.661 0.141 0.108 0.989 0.534 0.998
282 -4.813 0.127 0.059 0.983 0.594 0.997
283 -4.829 0.161 0.070 0.981 0.480 0.992
284 -4.851 0.176 0.053 0.988 0.566 0.997
285 -4.814 0.124 0.070 0.986 0.480 0.995
286 -4.861 0.160 0.061 0.991 0.500 0.997
287 -4.842 0.163 0.061 0.984 0.522 0.995
288 -4.945 0.141 0.037 0.984 0.522 0.998
289 -4.804 0.187 0.064 0.991 0.611 0.994
290 -4.630 0.130 0.108 0.989 0.606 0.994
291 -4.833 0.145 0.062 0.984 0.559 0.997
292 -4.691 0.153 0.094 0.978 0.617 0.995
293 -4.863 0.109 0.059 0.980 0.566 0.995
294 -4.806 0.194 0.061 0.988 0.670 0.994
295 -4.844 0.129 0.055 0.983 0.613 1.000
296 -4.928 0.177 0.039 0.995 0.545 0.994
297 -4.893 0.161 0.050 0.983 0.523 0.994
298 -4.940 0.198 0.041 0.988 0.544 0.991
299 -4.867 0.185 0.059 0.991 0.569 0.995
300 -4.835 0.114 0.056 0.989 0.666 0.995
301 -4.953 0.166 0.033 0.988 0.534 0.998
301 -4.953 0.166 0.033 0.988 0.534 0.998
1 -4.918 -4.729 0.067 0.098 0.503 0.486
2 -4.974 -4.711 0.016 0.075 0.984 0.927
3 -4.945 -4.607 0.020 0.106 0.980 0.895
4 -4.957 -4.612 0.020 0.095 0.980 0.905
5 -4.992 -4.520 0.011 0.131 0.991 0.870
6 -4.937 -4.364 0.028 0.173 0.973 0.830
7 -4.990 -4.248 0.028 0.206 0.975 0.795
8 -4.927 -3.976 0.052 0.258 0.950 0.744
9 -4.535 -3.618 0.234 0.428 0.767 0.577
10 -4.878 -2.645 0.087 0.605 0.912 0.397
11 -4.915 -2.020 0.058 0.727 0.942 0.275
12 -4.964 -1.825 0.014 0.731 0.988 0.277
13 -4.980 -1.403 0.011 0.792 0.989 0.261
14 -4.990 -1.162 0.005 0.850 0.995 0.281
15 -4.960 -0.890 0.014 0.880 0.986 0.727
16 -4.957 -0.545 0.014 0.933 0.988 0.825
17 -4.895 -0.644 0.030 0.909 0.964 0.866
18 -4.986 -0.489 0.005 0.923 0.995 0.855
19 -4.966 -0.453 0.011 0.934 0.989 0.906
20 -4.976 -0.267 0.006 0.953 0.994 0.905
21 -4.965 -0.295 0.009 0.952 0.991 0.939
22 -4.943 -0.161 0.017 0.959 0.972 0.939
23 -4.967 -0.352 0.014 0.942 0.986 0.948
24 -4.934 -0.245 0.027 0.958 0.955 0.939
25 -4.936 -0.247 0.020 0.955 0.972 0.953
26 -4.678 -0.241 0.102 0.950 0.775 0.963
27 -4.965 -0.092 0.011 0.961 0.991 0.952
28 -4.993 -0.083 0.005 0.970 0.992 0.963
29 -5.001 -0.184 0.000 0.964 1.000 0.925
30 -4.949 -0.075 0.019 0.967 0.963 0.966
31 -4.985 -0.045 0.006 0.977 0.986 0.975
32 -4.993 -0.080 0.002 0.972 0.998 0.978
33 -5.000 0.058 0.002 0.980 0.998 0.977
34 -4.995 -0.024 0.002 0.966 0.998 0.973
35 -4.565 0.015 0.122 0.975 0.667 0.970
36 -4.973 -0.034 0.009 0.970 0.952 0.984
37 -4.978 -0.001 0.008 0.977 0.953 0.992
38 -4.879 0.025 0.041 0.983 0.769 0.992
39 -5.001 -0.662 0.000 0.875 1.000 0.909
40 -4.772 -0.020 0.061 0.977 0.814 0.981
41 -4.908 0.037 0.030 0.986 0.872 0.983
42 -4.973 0.008 0.009 0.983 0.967 0.978
43 -4.998 0.041 0.003 0.978 0.995 0.975
44 -4.960 0.065 0.014 0.983 0.955 0.988
45 -4.994 0.035 0.002 0.978 0.998 0.984
46 -4.935 0.001 0.022 0.973 0.877 0.986
47 -4.937 0.141 0.022 0.986 0.936 0.983
48 -4.980 0.104 0.008 0.986 0.948 0.984
49 -5.001 0.015 0.000 0.977 1.000 0.981
50 -5.001 0.098 0.000 0.986 1.000 0.975
51 -4.986 0.105 0.006 0.988 0.983 0.984
52 -5.004 -0.013 0.000 0.977 0.992 0.988
53 -4.980 0.096 0.008 0.988 0.978 0.989
54 -4.977 0.074 0.011 0.984 0.938 0.988
55 -4.992 0.070 0.005 0.989 0.981 0.978
56 -4.927 0.037 0.027 0.977 0.770 0.986
57 -4.998 0.059 0.002 0.983 0.988 0.991
58 -4.971 0.067 0.027 0.981 0.662 0.981
59 -4.884 0.054 0.041 0.977 0.822 0.983
60 -4.993 0.041 0.005 0.978 0.973 0.977
61 -4.907 0.185 0.027 0.984 0.806 0.984
62 -4.838 0.028 0.048 0.978 0.806 0.986
63 -4.857 0.140 0.042 0.989 0.870 0.994
64 -4.996 0.089 0.002 0.989 0.994 0.995
65 -4.939 0.052 0.017 0.981 0.955 0.980
66 -4.941 0.137 0.016 0.986 0.972 0.991
67 -4.942 0.119 0.016 0.988 0.881 0.975
68 -4.825 0.110 0.052 0.984 0.689 0.991
69 -4.341 0.090 0.170 0.983 0.619 0.992
70 -4.606 0.152 0.103 0.984 0.647 0.983
71 -4.711 0.112 0.073 0.983 0.781 0.983
72 -4.952 0.103 0.013 0.978 0.936 0.986
73 -4.849 0.090 0.047 0.973 0.739 0.986
74 -4.764 0.120 0.066 0.983 0.731 0.989
75 -4.572 0.196 0.111 0.994 0.672 0.989
76 -4.231 0.152 0.189 0.994 0.647 0.995
77 -4.746 0.083 0.075 0.984 0.727 0.995
78 -4.639 0.151 0.108 0.986 0.600 0.992
79 -4.998 0.103 0.003 0.984 0.955 0.989
80 -4.546 0.107 0.122 0.988 0.658 0.984
81 -4.985 0.054 0.003 0.983 0.992 0.986
82 -4.779 0.150 0.069 0.984 0.634 0.992
83 -4.830 0.106 0.050 0.986 0.664 0.989
84 -4.578 0.120 0.109 0.983 0.631 0.981
85 -4.574 0.145 0.117 0.988 0.616 0.992
86 -4.910 0.095 0.033 0.995 0.739 0.992
87 -4.854 0.135 0.041 0.989 0.652 0.978
88 -4.678 0.073 0.094 0.988 0.655 0.989
89 -4.649 0.101 0.102 0.981 0.564 0.991
90 -4.605 0.098 0.111 0.989 0.589 0.997
91 -4.647 0.128 0.097 0.988 0.609 0.986
92 -4.337 0.050 0.163 0.973 0.600 0.986
93 -4.683 0.109 0.091 0.980 0.577 0.984
94 -4.797 0.106 0.061 0.989 0.586 0.997
95 -4.615 0.145 0.109 0.989 0.541 0.986
96 -4.625 0.099 0.105 0.983 0.566 0.991
97 -4.911 0.164 0.033 0.997 0.662 0.989
98 -4.767 0.134 0.077 0.986 0.564 0.988
99 -4.758 0.113 0.075 0.981 0.659 0.995
100 -4.542 0.051 0.128 0.981 0.567 1.000
101 -4.419 0.095 0.142 0.981 0.580 0.992
102 -4.899 0.076 0.045 0.981 0.594 1.000
103 -4.847 0.135 0.058 0.981 0.561 0.989
104 -4.480 0.154 0.136 0.988 0.641 0.995
105 -4.615 0.106 0.114 0.983 0.686 0.986
106 -4.502 0.092 0.138 0.988 0.625 0.995
107 -4.483 0.102 0.141 0.988 0.586 0.994
108 -4.579 0.170 0.116 0.988 0.578 0.991
109 -4.704 0.125 0.084 0.983 0.619 0.991
110 -4.595 0.122 0.106 0.984 0.606 0.992
111 -4.703 0.153 0.086 0.986 0.639 0.988
112 -4.462 0.162 0.142 0.984 0.562 0.995
113 -4.642 0.102 0.100 0.983 0.619 0.991
114 -4.608 0.139 0.102 0.991 0.606 0.986
115 -4.720 0.071 0.086 0.981 0.562 0.995
116 -4.510 0.158 0.127 0.989 0.598 0.995
117 -4.555 0.207 0.117 0.988 0.600 0.994
118 -4.488 0.145 0.125 0.984 0.620 0.988
119 -4.758 0.155 0.067 0.983 0.695 0.997
120 -4.349 0.183 0.158 0.988 0.627 0.995
121 -3.993 0.145 0.231 0.988 0.661 0.992
122 -4.095 0.130 0.211 0.988 0.673 0.989
123 -4.127 0.141 0.202 0.986 0.662 0.995
124 -4.345 0.119 0.158 0.980 0.623 0.994
125 -4.655 0.132 0.097 0.981 0.622 0.994
126 -4.709 0.143 0.094 0.984 0.555 0.989
127 -4.460 0.174 0.144 0.986 0.559 0.997
128 -4.563 0.074 0.123 0.984 0.622 0.995
129 -4.552 0.163 0.138 0.983 0.552 1.000
130 -4.832 0.151 0.052 0.984 0.648 0.992
131 -4.151 0.126 0.208 0.984 0.656 0.992
132 -3.961 0.081 0.247 0.984 0.622 0.995
133 -4.341 0.154 0.161 0.988 0.678 0.992
134 -4.968 0.134 0.008 0.983 0.978 0.991
135 -3.784 0.163 0.269 0.991 0.677 0.992
136 -4.510 0.182 0.127 0.991 0.597 0.997
137 -4.634 0.108 0.106 0.984 0.595 0.995
138 -4.641 0.119 0.095 0.981 0.606 0.992
139 -4.635 0.123 0.100 0.989 0.577 0.998
140 -4.623 0.143 0.097 0.988 0.595 0.995
141 -4.755 0.119 0.081 0.989 0.519 0.994
142 -4.802 0.037 0.056 0.980 0.736 0.989
143 -4.746 0.155 0.073 0.986 0.595 0.991
144 -4.925 0.168 0.052 0.988 0.511 0.994
145 -4.756 0.083 0.083 0.983 0.555 0.991
146 -4.886 0.130 0.056 0.975 0.553 0.992
147 -4.870 0.141 0.056 0.981 0.580 0.998
148 -4.759 0.161 0.080 0.988 0.539 0.995
149 -4.846 0.113 0.067 0.991 0.525 0.994
150 -4.684 0.100 0.092 0.980 0.561 0.994
151 -3.750 0.193 0.277 0.988 0.698 0.989
152 -4.536 0.187 0.125 0.984 0.562 0.989
153 -4.688 0.083 0.097 0.980 0.602 0.989
154 -4.441 0.143 0.148 0.991 0.591 0.992
155 -4.766 0.071 0.072 0.986 0.592 0.991
156 -4.678 0.164 0.089 0.989 0.564 0.992
157 -4.654 0.185 0.098 0.989 0.589 0.995
158 -4.458 0.122 0.136 0.984 0.623 0.989
159 -4.747 0.190 0.083 0.991 0.578 0.995
160 -4.770 0.179 0.072 0.991 0.567 0.997
161 -4.992 0.164 0.042 0.988 0.527 0.995
162 -5.005 0.069 0.037 0.980 0.516 0.997
163 -5.044 0.222 0.023 0.992 0.514 0.983
164 -5.146 0.102 0.011 0.984 0.511 0.995
165 -4.957 0.192 0.050 0.989 0.548 0.997
166 -4.944 0.165 0.042 0.986 0.528 0.994
167 -5.017 0.169 0.022 0.992 0.569 0.997
168 -5.040 0.113 0.020 0.984 0.553 0.994
169 -5.109 0.174 0.009 0.988 0.514 0.995
170 -5.085 0.156 0.025 0.989 0.500 0.997
171 -5.023 0.125 0.025 0.980 0.547 0.994
172 -4.747 0.045 0.080 0.969 0.573 0.992
173 -5.023 0.124 0.027 0.983 0.539 0.991
174 -5.069 0.080 0.022 0.977 0.553 0.995
175 -4.879 0.136 0.050 0.980 0.550 0.986
176 -4.962 0.152 0.037 0.989 0.544 0.995
177 -5.141 0.182 0.013 0.992 0.505 0.992
178 -4.786 0.157 0.069 0.988 0.575 0.991
179 -5.023 0.157 0.023 0.986 0.567 0.995
180 -4.983 0.050 0.041 0.988 0.489 0.992
181 -4.987 0.178 0.037 0.988 0.519 0.994
182 -4.863 0.088 0.058 0.980 0.567 0.994
183 -4.775 0.121 0.070 0.984 0.556 0.969
184 -5.090 0.131 0.020 0.991 0.531 0.991
185 -4.927 0.105 0.055 0.984 0.525 0.998
186 -4.767 0.135 0.087 0.981 0.534 0.994
187 -5.065 0.165 0.028 0.988 0.531 0.992
188 -5.063 0.153 0.020 0.983 0.487 0.997
189 -4.953 0.148 0.039 0.988 0.531 0.994
190 -5.112 0.176 0.013 0.984 0.495 0.995
191 -4.895 0.130 0.052 0.986 0.534 0.998
192 -5.081 0.191 0.020 0.992 0.470 0.997
193 -4.955 0.144 0.042 0.981 0.569 0.998
194 -5.061 0.099 0.025 0.981 0.514 1.000
195 -4.816 0.217 0.059 0.989 0.553 1.000
196 -4.397 0.136 0.153 0.991 0.570 0.994
197 -4.629 0.136 0.106 0.989 0.591 0.992
198 -4.640 0.192 0.098 0.988 0.556 0.998
199 -4.536 0.090 0.128 0.983 0.508 0.991
200 -4.538 0.176 0.120 0.988 0.586 0.988
201 -4.801 0.206 0.073 0.988 0.580 0.988
202 -4.939 0.199 0.050 0.986 0.523 0.994
203 -4.692 0.179 0.103 0.991 0.523 0.997
204 -4.934 0.122 0.048 0.984 0.534 0.991
205 -5.047 0.186 0.030 0.983 0.530 0.997
206 -4.984 0.179 0.044 0.997 0.498 0.994
207 -5.004 0.189 0.042 0.991 0.502 0.995
208 -4.909 0.169 0.055 0.989 0.548 0.997
209 -4.792 0.097 0.075 0.975 0.545 0.992
210 -4.722 0.161 0.081 0.988 0.561 0.989
211 -4.924 0.196 0.055 0.995 0.528 0.988
212 -4.786 0.186 0.075 0.983 0.542 0.995
213 -4.944 0.157 0.045 0.991 0.553 0.997
214 -4.806 0.115 0.066 0.984 0.541 0.994
215 -5.084 0.137 0.017 0.986 0.503 0.994
216 -5.048 0.186 0.030 0.989 0.511 0.998
217 -4.606 0.165 0.108 0.986 0.561 0.995
218 -4.944 0.104 0.048 0.983 0.525 0.997
219 -5.046 0.183 0.027 0.992 0.512 0.997
220 -5.047 0.123 0.019 0.983 0.542 0.998
221 -5.053 0.185 0.017 0.989 0.519 0.998
222 -5.107 0.109 0.017 0.981 0.517 0.994
223 -4.900 0.167 0.056 0.994 0.550 0.994
224 -4.857 0.140 0.056 0.983 0.533 0.998
225 -4.984 0.154 0.041 0.984 0.528 0.995
226 -4.948 0.148 0.039 0.980 0.516 0.995
227 -5.058 0.084 0.017 0.975 0.523 0.992
228 -5.046 0.191 0.031 0.989 0.519 0.995
229 -5.009 0.226 0.039 0.994 0.516 0.995
230 -4.839 0.175 0.059 0.991 0.552 0.992
231 -4.968 0.136 0.041 0.986 0.534 0.997
232 -5.144 0.162 0.008 0.988 0.528 0.995
233 -5.061 0.216 0.017 0.992 0.492 0.992
234 -5.075 0.198 0.019 0.989 0.497 0.994
235 -5.063 0.158 0.031 0.989 0.512 0.998
236 -4.812 0.117 0.077 0.984 0.542 0.997
237 -4.988 0.174 0.028 0.992 0.569 0.995
238 -4.954 0.159 0.047 0.989 0.523 0.995
239 -5.072 0.142 0.028 0.989 0.523 0.994
240 -5.075 0.141 0.028 0.991 0.498 0.995
241 -5.086 0.140 0.016 0.983 0.512 0.998
242 -4.985 0.133 0.030 0.988 0.556 0.997
243 -5.092 0.216 0.017 0.991 0.514 0.998
244 -5.138 0.161 0.005 0.991 0.497 0.994
245 -5.206 0.121 0.009 0.980 0.483 0.995
246 -5.173 0.142 0.003 0.989 0.517 0.994
247 -5.194 0.193 0.003 0.994 0.506 0.997
248 -5.178 0.141 0.006 0.989 0.511 0.997
249 -5.211 0.153 0.003 0.988 0.483 0.992
250 -5.179 0.126 0.006 0.986 0.483 0.998
251 -5.187 0.125 0.011 0.991 0.444 0.998
252 -5.140 0.172 0.016 0.991 0.470 0.998
253 -5.140 0.197 0.014 0.995 0.483 0.998
254 -5.171 0.137 0.011 0.984 0.492 0.997
255 -5.200 0.130 0.013 0.992 0.486 0.997
256 -5.141 0.196 0.013 0.984 0.473 0.997
257 -5.113 0.141 0.008 0.991 0.492 0.998
258 -5.104 0.173 0.022 0.989 0.519 0.997
259 -5.092 0.094 0.022 0.983 0.478 0.981
260 -5.175 0.218 0.009 0.989 0.512 0.995
261 -5.081 0.181 0.025 0.991 0.467 0.994
262 -5.042 0.152 0.030 0.986 0.477 0.995
263 -5.031 0.159 0.031 0.988 0.439 0.995
264 -4.727 0.165 0.120 0.991 0.325 0.994
265 -5.119 0.192 0.017 0.995 0.514 0.997
266 -5.177 0.135 0.009 0.989 0.473 0.994
267 -5.114 0.136 0.008 0.988 0.486 0.992
268 -5.172 0.206 0.014 0.991 0.502 0.998
269 -5.201 0.120 0.008 0.984 0.528 0.995
270 -5.109 0.167 0.028 0.986 0.503 0.998
271 -5.129 0.095 0.030 0.972 0.427 0.991
272 -5.098 0.136 0.016 0.989 0.553 0.997
273 -5.105 0.108 0.028 0.980 0.436 0.994
274 -5.173 0.141 0.011 0.984 0.491 0.995
275 -5.148 0.192 0.011 0.991 0.516 0.994
276 -5.074 0.148 0.028 0.984 0.506 0.988
277 -5.080 0.187 0.020 0.991 0.517 0.994
278 -5.193 0.109 0.009 0.981 0.500 0.997
279 -5.157 0.177 0.011 0.989 0.512 0.998
280 -5.174 0.160 0.003 0.989 0.528 0.998
281 -5.150 0.059 0.005 0.975 0.511 0.995
282 -5.188 0.083 0.013 0.980 0.505 0.998
283 -5.144 0.176 0.009 0.983 0.511 0.997
284 -5.118 0.128 0.019 0.980 0.517 0.997
285 -5.091 0.133 0.020 0.984 0.534 0.997
286 -5.125 0.142 0.014 0.984 0.530 0.998
287 -5.120 0.122 0.016 0.983 0.500 0.997
288 -5.111 0.132 0.019 0.988 0.527 0.998
289 -5.087 0.137 0.009 0.980 0.533 0.998
290 -5.130 0.165 0.008 0.991 0.553 0.995
291 -5.101 0.099 0.008 0.983 0.522 0.998
292 -5.157 0.143 0.006 0.980 0.527 0.994
293 -5.105 0.145 0.020 0.989 0.470 1.000
294 -5.033 0.138 0.033 0.986 0.472 0.998
295 -5.095 0.187 0.031 0.992 0.433 0.998
296 -5.134 0.165 0.014 0.983 0.511 0.997
297 -5.064 0.068 0.022 0.984 0.506 0.997
298 -5.086 0.205 0.027 0.988 0.487 0.995
299 -5.018 0.129 0.027 0.983 0.552 0.998
300 -5.205 0.098 0.019 0.984 0.489 0.995
301 -5.179 0.166 0.031 0.988 0.391 1.000
301 -5.179 0.166 0.031 0.988 0.391 1.000
