1 -4.835 -4.823 -4.770 0.083 0.077 0.094 0.670 0.667 0.662
2 -4.544 -4.645 -4.739 0.111 0.095 0.069 0.891 0.908 0.931
3 -4.189 -4.228 -4.381 0.214 0.200 0.173 0.787 0.802 0.833
4 -3.877 -3.975 -4.271 0.286 0.277 0.197 0.716 0.725 0.806
5 -3.587 -3.485 -4.153 0.375 0.420 0.245 0.631 0.583 0.755
6 -3.289 -2.732 -4.020 0.442 0.589 0.263 0.558 0.414 0.741
7 -2.656 -1.685 -3.752 0.562 0.775 0.322 0.642 0.486 0.662
8 -2.611 -1.266 -3.507 0.555 0.830 0.377 0.703 0.780 0.545
9 -2.229 -0.882 -3.615 0.622 0.903 0.333 0.747 0.859 0.606
10 -2.083 -0.602 -3.842 0.628 0.922 0.303 0.780 0.923 0.541
11 -1.824 -0.495 -3.505 0.689 0.936 0.362 0.716 0.947 0.559
12 -1.879 -0.333 -3.486 0.680 0.942 0.383 0.734 0.939 0.536
13 -1.860 -0.583 -3.665 0.675 0.942 0.312 0.716 0.953 0.602
14 -2.025 -0.157 -3.812 0.622 0.969 0.287 0.803 0.967 0.664
15 -1.870 -0.068 -3.812 0.636 0.981 0.277 0.811 0.980 0.655
16 -1.819 -0.024 -3.786 0.667 0.973 0.284 0.744 0.983 0.613
17 -2.098 -0.021 -3.977 0.602 0.983 0.263 0.880 0.986 0.742
18 -1.799 -0.041 -3.680 0.650 0.980 0.320 0.777 0.989 0.603
19 -1.863 -0.038 -3.825 0.631 0.981 0.277 0.833 0.980 0.692
20 -1.995 0.066 -3.807 0.600 0.992 0.306 0.822 0.984 0.675
21 -1.652 0.043 -3.643 0.697 0.988 0.325 0.745 0.992 0.597
22 -2.002 0.015 -3.727 0.605 0.983 0.303 0.845 0.988 0.661
1 -4.792 -4.825 -4.768 0.102 0.089 0.097 0.500 0.525 0.505
2 -4.543 -4.503 -4.471 0.109 0.117 0.131 0.891 0.884 0.869
3 -4.290 -4.465 -4.575 0.170 0.139 0.111 0.833 0.861 0.891
4 -4.298 -4.459 -4.446 0.188 0.130 0.144 0.814 0.872 0.861
5 -4.277 -4.400 -4.510 0.183 0.166 0.131 0.817 0.838 0.870
6 -4.027 -4.156 -4.275 0.256 0.214 0.194 0.745 0.786 0.808
7 -3.824 -3.910 -4.123 0.308 0.291 0.242 0.697 0.711 0.759
8 -3.998 -3.795 -3.948 0.261 0.336 0.300 0.742 0.672 0.709
9 -3.677 -3.432 -3.766 0.358 0.406 0.330 0.644 0.600 0.677
10 -3.644 -3.446 -3.581 0.375 0.428 0.378 0.630 0.580 0.630
11 -3.132 -2.840 -3.383 0.489 0.561 0.452 0.537 0.453 0.553
12 -3.138 -2.870 -3.354 0.477 0.559 0.438 0.531 0.448 0.569
13 -2.592 -2.495 -3.010 0.597 0.637 0.523 0.505 0.480 0.495
14 -2.557 -2.029 -3.290 0.614 0.714 0.453 0.577 0.512 0.564
15 -2.420 -2.304 -2.879 0.648 0.673 0.539 0.653 0.645 0.541
16 -2.020 -1.950 -2.588 0.711 0.731 0.600 0.656 0.738 0.527
17 -2.141 -1.684 -2.463 0.677 0.786 0.634 0.688 0.738 0.562
18 -1.712 -1.530 -2.657 0.755 0.805 0.581 0.709 0.808 0.541
19 -1.789 -1.539 -2.398 0.738 0.792 0.623 0.719 0.858 0.606
20 -1.629 -1.219 -2.073 0.775 0.859 0.670 0.713 0.897 0.575
21 -1.531 -1.335 -2.100 0.803 0.828 0.688 0.742 0.903 0.648
22 -1.362 -1.055 -1.782 0.825 0.884 0.730 0.772 0.933 0.667
23 -0.975 -0.910 -1.557 0.863 0.884 0.777 0.816 0.959 0.641
24 -0.899 -0.884 -1.597 0.877 0.902 0.755 0.823 0.880 0.714
25 -0.881 -0.720 -1.473 0.883 0.919 0.794 0.800 0.963 0.658
26 -0.710 -0.588 -1.360 0.912 0.928 0.806 0.845 0.970 0.711
27 -0.674 -0.605 -1.397 0.911 0.931 0.800 0.803 0.970 0.734
28 -0.830 -0.945 -1.677 0.900 0.872 0.750 0.838 0.936 0.634
29 -0.400 -0.406 -1.027 0.956 0.948 0.848 0.869 0.981 0.742
30 -0.451 -0.315 -0.943 0.941 0.958 0.859 0.816 0.980 0.722
31 -0.224 -0.310 -0.897 0.973 0.948 0.859 0.941 0.980 0.797
32 -0.398 -0.232 -0.900 0.953 0.967 0.866 0.902 0.991 0.805
33 -0.262 -0.180 -0.772 0.969 0.973 0.867 0.908 0.981 0.775
34 -0.275 -0.120 -0.857 0.961 0.975 0.861 0.914 0.989 0.789
35 -0.238 -0.195 -0.798 0.964 0.970 0.859 0.925 0.986 0.786
36 -0.113 -0.066 -0.850 0.975 0.973 0.855 0.934 0.991 0.786
37 -0.231 -0.134 -0.625 0.961 0.977 0.887 0.909 0.995 0.809
38 -0.257 -0.090 -0.908 0.967 0.978 0.842 0.916 0.992 0.794
39 -0.143 -0.086 -0.571 0.966 0.975 0.891 0.927 0.988 0.831
40 -0.122 -0.062 -0.611 0.964 0.969 0.886 0.934 0.986 0.809
41 -0.067 -0.068 -0.621 0.984 0.978 0.891 0.952 0.992 0.845
42 -0.092 -0.073 -0.519 0.980 0.975 0.903 0.898 0.991 0.841
43 -0.080 -0.055 -0.618 0.973 0.980 0.891 0.928 0.995 0.844
44 0.009 -0.016 -0.662 0.983 0.981 0.866 0.939 0.992 0.819
45 -0.088 0.042 -0.626 0.972 0.989 0.880 0.917 0.995 0.823
46 -0.039 -0.045 -0.561 0.983 0.980 0.883 0.942 0.991 0.808
47 0.071 0.001 -0.628 0.988 0.981 0.869 0.936 0.995 0.816
48 -0.029 0.026 -0.594 0.978 0.988 0.878 0.939 0.992 0.809
49 -0.030 0.130 -0.762 0.981 0.991 0.861 0.930 0.983 0.777
50 -0.035 0.083 -0.450 0.975 0.991 0.908 0.928 0.997 0.858
51 -0.113 -0.014 -0.585 0.972 0.980 0.878 0.933 0.997 0.825
52 -0.028 0.014 -0.380 0.975 0.980 0.917 0.925 0.991 0.845
53 0.021 0.015 -0.525 0.983 0.975 0.884 0.931 0.994 0.820
54 0.017 -0.012 -0.336 0.980 0.975 0.916 0.952 0.995 0.853
55 0.019 0.126 -0.637 0.981 0.988 0.863 0.948 0.997 0.806
56 -0.015 0.125 -0.667 0.977 0.992 0.866 0.963 0.992 0.831
57 0.057 0.074 -0.458 0.986 0.980 0.889 0.961 0.992 0.844
58 0.048 0.086 -0.459 0.984 0.986 0.897 0.947 0.992 0.822
59 0.034 0.037 -0.540 0.975 0.984 0.889 0.942 0.992 0.789
60 0.059 0.104 -0.232 0.988 0.989 0.941 0.908 0.997 0.831
61 -0.007 -0.027 -0.462 0.983 0.978 0.895 0.912 0.994 0.819
62 0.044 0.043 -0.289 0.980 0.986 0.923 0.950 0.992 0.870
63 0.072 0.123 -0.347 0.991 0.989 0.928 0.953 0.992 0.870
64 0.064 0.058 -0.430 0.983 0.984 0.908 0.955 0.998 0.863
65 0.065 0.075 -0.450 0.991 0.991 0.900 0.955 0.995 0.839
66 -0.042 0.098 -0.391 0.984 0.991 0.911 0.964 0.998 0.869
67 0.077 -0.009 -0.400 0.983 0.977 0.911 0.933 0.998 0.842
68 0.088 0.150 -0.262 0.992 0.994 0.933 0.938 0.997 0.855
69 0.029 0.121 -0.295 0.981 0.984 0.928 0.975 1.000 0.877
70 0.092 0.011 -0.263 0.994 0.977 0.939 0.914 0.997 0.836
71 -0.006 0.081 -0.381 0.981 0.986 0.916 0.950 0.997 0.855
72 0.027 0.149 -0.352 0.977 0.988 0.920 0.941 0.994 0.867
73 0.027 0.067 -0.420 0.978 0.983 0.906 0.928 0.998 0.833
74 -0.001 0.064 -0.336 0.980 0.984 0.928 0.928 0.994 0.859
75 0.065 0.019 -0.230 0.978 0.983 0.939 0.958 0.998 0.889
76 0.077 0.010 -0.047 0.991 0.978 0.959 0.908 0.995 0.863
77 0.039 0.076 -0.323 0.989 0.989 0.920 0.928 0.995 0.861
78 0.050 0.109 -0.253 0.988 0.989 0.938 0.903 0.995 0.861
79 0.054 0.082 -0.218 0.988 0.988 0.942 0.950 0.994 0.889
80 0.095 0.086 -0.364 0.991 0.989 0.917 0.920 0.998 0.842
81 0.072 0.057 -0.166 0.980 0.986 0.952 0.908 0.995 0.859
82 0.134 0.051 -0.193 0.997 0.980 0.950 0.909 0.994 0.855
83 0.094 0.047 -0.070 0.989 0.981 0.966 0.934 0.998 0.886
84 0.094 0.092 -0.324 0.986 0.991 0.925 0.934 0.992 0.836
85 0.015 0.100 -0.353 0.981 0.986 0.927 0.945 0.998 0.859
86 0.062 0.106 -0.125 0.983 0.992 0.953 0.970 0.997 0.902
