1 -4.759 -4.827 -4.720 0.105 0.089 0.113 0.372 0.380 0.353
2 -4.682 -4.597 -4.635 0.084 0.103 0.094 0.916 0.898 0.908
3 -4.526 -4.442 -4.659 0.131 0.144 0.089 0.870 0.859 0.911
4 -4.402 -4.480 -4.571 0.153 0.127 0.109 0.847 0.873 0.891
5 -4.236 -4.386 -4.471 0.191 0.153 0.130 0.816 0.847 0.870
6 -4.140 -4.220 -4.414 0.209 0.203 0.152 0.791 0.798 0.852
7 -4.192 -4.213 -4.455 0.208 0.202 0.148 0.797 0.800 0.853
8 -3.987 -3.946 -4.295 0.266 0.278 0.191 0.738 0.725 0.812
9 -3.942 -4.113 -4.345 0.273 0.252 0.178 0.730 0.753 0.827
10 -3.790 -3.826 -4.010 0.322 0.317 0.266 0.680 0.686 0.738
11 -3.856 -3.661 -3.879 0.316 0.372 0.298 0.695 0.636 0.703
12 -3.640 -3.766 -3.628 0.364 0.339 0.364 0.642 0.670 0.637
13 -3.697 -3.542 -3.664 0.362 0.400 0.362 0.642 0.603 0.642
14 -3.312 -3.056 -3.396 0.448 0.520 0.438 0.553 0.489 0.567
15 -3.191 -3.111 -3.330 0.481 0.502 0.430 0.534 0.512 0.573
16 -2.968 -2.742 -3.206 0.530 0.581 0.458 0.481 0.427 0.544
17 -2.486 -2.247 -2.725 0.647 0.703 0.572 0.403 0.344 0.434
18 -2.018 -2.013 -2.450 0.727 0.723 0.653 0.419 0.484 0.403
19 -2.008 -1.847 -2.167 0.734 0.759 0.694 0.509 0.561 0.409
20 -1.665 -1.713 -2.071 0.769 0.780 0.705 0.562 0.655 0.430
21 -1.568 -1.502 -1.912 0.811 0.805 0.744 0.550 0.714 0.470
22 -1.465 -1.297 -1.743 0.814 0.842 0.766 0.622 0.777 0.470
23 -1.261 -1.136 -1.365 0.855 0.859 0.841 0.684 0.791 0.511
24 -0.992 -1.147 -1.327 0.881 0.872 0.855 0.722 0.842 0.641
25 -0.940 -1.102 -1.227 0.900 0.872 0.833 0.792 0.889 0.714
26 -1.016 -0.894 -1.052 0.883 0.900 0.855 0.830 0.889 0.745
27 -0.831 -0.766 -0.892 0.905 0.909 0.884 0.825 0.933 0.791
28 -0.715 -0.729 -0.807 0.903 0.911 0.912 0.844 0.916 0.784
29 -0.642 -0.664 -0.812 0.917 0.908 0.894 0.870 0.938 0.772
30 -0.717 -0.514 -0.687 0.919 0.933 0.927 0.906 0.956 0.847
31 -0.664 -0.425 -0.673 0.922 0.948 0.916 0.847 0.942 0.789
32 -0.692 -0.516 -0.686 0.903 0.936 0.917 0.833 0.963 0.831
33 -0.693 -0.447 -0.665 0.906 0.934 0.917 0.838 0.944 0.816
34 -0.453 -0.362 -0.607 0.945 0.947 0.927 0.916 0.966 0.852
35 -0.495 -0.427 -0.517 0.939 0.944 0.945 0.927 0.972 0.889
36 -0.393 -0.289 -0.326 0.939 0.955 0.967 0.895 0.966 0.894
37 -0.349 -0.447 -0.432 0.952 0.936 0.941 0.823 0.963 0.808
38 -0.673 -0.519 -0.794 0.912 0.948 0.908 0.861 0.948 0.802
39 -0.255 -0.279 -0.360 0.952 0.956 0.950 0.939 0.975 0.909
40 -0.316 -0.243 -0.408 0.963 0.950 0.941 0.961 0.984 0.933
41 -0.160 -0.115 -0.254 0.973 0.980 0.958 0.933 0.977 0.914
42 -0.226 -0.089 -0.218 0.966 0.983 0.964 0.942 0.978 0.931
43 -0.164 -0.019 -0.186 0.978 0.988 0.969 0.956 0.981 0.936
44 -0.339 -0.135 -0.287 0.956 0.972 0.959 0.912 0.983 0.891
45 -0.152 -0.167 -0.203 0.973 0.959 0.958 0.967 0.983 0.967
46 -0.171 -0.099 -0.199 0.967 0.973 0.972 0.931 0.989 0.948
47 -0.111 -0.094 -0.288 0.973 0.972 0.939 0.902 0.986 0.889
48 -0.097 -0.186 -0.264 0.975 0.963 0.959 0.973 0.988 0.950
49 -0.168 -0.061 -0.131 0.959 0.977 0.969 0.922 0.988 0.930
50 -0.086 -0.023 -0.078 0.981 0.981 0.975 0.945 0.984 0.947
51 -0.064 -0.128 -0.153 0.983 0.975 0.977 0.934 0.988 0.941
52 -0.124 -0.059 -0.131 0.975 0.980 0.966 0.967 0.994 0.958
53 -0.157 -0.018 -0.082 0.969 0.981 0.973 0.963 0.980 0.956
54 -0.136 -0.044 -0.068 0.959 0.980 0.980 0.920 0.988 0.906
55 -0.084 -0.139 -0.150 0.981 0.967 0.975 0.922 0.981 0.930
56 -0.077 -0.054 0.018 0.975 0.972 0.981 0.963 0.991 0.959
57 -0.053 -0.067 -0.115 0.981 0.978 0.980 0.955 0.994 0.933
58 -0.050 0.011 -0.085 0.975 0.980 0.970 0.977 0.989 0.972
59 -0.096 -0.105 -0.082 0.970 0.978 0.973 0.975 0.989 0.972
60 -0.075 -0.093 -0.044 0.977 0.973 0.977 0.966 0.991 0.964
61 0.016 0.008 -0.067 0.988 0.983 0.970 0.967 0.994 0.934
62 -0.086 -0.094 -0.074 0.972 0.970 0.972 0.880 0.991 0.866
63 0.007 0.065 -0.040 0.981 0.988 0.983 0.958 0.978 0.953
64 -0.043 0.058 -0.057 0.970 0.988 0.980 0.967 0.991 0.948
65 0.071 0.022 -0.027 0.988 0.983 0.983 0.984 0.995 0.953
66 -0.028 0.030 -0.087 0.967 0.989 0.967 0.973 0.997 0.947
67 -0.089 0.017 -0.044 0.972 0.981 0.975 0.975 0.989 0.953
68 -0.064 0.062 -0.048 0.975 0.984 0.972 0.966 0.994 0.959
69 0.027 0.046 -0.013 0.983 0.986 0.983 0.964 0.986 0.956
70 -0.040 0.018 0.070 0.983 0.989 0.986 0.963 0.992 0.980
71 0.039 0.065 -0.077 0.986 0.988 0.973 0.969 0.994 0.972
72 0.049 -0.011 -0.075 0.983 0.980 0.981 0.981 0.986 0.975
73 0.001 0.046 -0.076 0.980 0.983 0.973 0.977 0.997 0.973
74 0.026 0.049 -0.045 0.981 0.992 0.977 0.973 0.992 0.961
75 -0.043 0.033 -0.000 0.973 0.986 0.978 0.909 0.992 0.895
76 0.027 0.041 -0.043 0.984 0.988 0.978 0.958 0.991 0.964
77 -0.016 0.074 -0.023 0.975 0.986 0.980 0.958 0.991 0.977
78 0.004 0.030 -0.032 0.980 0.975 0.980 0.959 0.988 0.952
79 -0.004 0.055 -0.031 0.980 0.983 0.973 0.975 0.991 0.970
80 0.021 0.061 -0.006 0.983 0.984 0.973 0.981 0.992 0.978
81 0.002 0.005 0.005 0.978 0.980 0.981 0.981 0.994 0.970
82 0.058 0.031 0.016 0.988 0.988 0.980 0.980 0.998 0.970
83 -0.022 0.123 -0.019 0.983 0.991 0.981 0.984 0.988 0.966
84 0.027 0.067 0.063 0.977 0.983 0.983 0.970 0.992 0.970
85 0.006 0.090 0.052 0.977 0.989 0.980 0.981 0.998 0.977
86 0.055 0.085 -0.135 0.984 0.983 0.970 0.977 0.994 0.970
87 0.009 0.044 -0.036 0.978 0.989 0.977 0.978 0.988 0.977
88 0.054 0.044 0.080 0.981 0.989 0.981 0.966 0.994 0.964
89 -0.024 0.022 0.041 0.975 0.984 0.988 0.981 0.991 0.981
90 0.017 0.077 0.034 0.978 0.984 0.977 0.966 0.991 0.963
91 -0.014 0.079 -0.109 0.983 0.988 0.973 0.969 0.991 0.952
92 0.065 0.132 -0.017 0.975 0.991 0.980 0.984 0.997 0.980
93 0.088 0.069 -0.134 0.992 0.984 0.958 0.941 0.994 0.923
94 0.033 0.071 -0.052 0.989 0.992 0.973 0.975 0.994 0.958
95 0.029 0.025 -0.045 0.978 0.970 0.983 0.981 0.989 0.961
96 0.029 0.040 0.007 0.984 0.984 0.984 0.981 0.994 0.978
97 0.024 0.094 -0.015 0.980 0.986 0.975 0.964 0.995 0.950
98 0.019 0.057 0.010 0.986 0.983 0.988 0.983 0.995 0.975
99 0.054 0.130 0.041 0.988 0.994 0.989 0.980 0.989 0.972
100 0.068 0.043 0.043 0.984 0.983 0.978 0.989 0.998 0.961
101 0.120 0.081 0.034 0.992 0.981 0.984 0.980 0.997 0.977
102 0.111 0.084 0.027 0.994 0.989 0.994 0.942 1.000 0.950
103 0.077 0.074 0.065 0.991 0.988 0.980 0.983 0.994 0.964
104 0.100 0.050 0.009 0.989 0.989 0.983 0.984 0.995 0.970
105 0.072 0.014 -0.100 0.984 0.988 0.959 0.958 0.989 0.931
106 0.081 0.084 0.119 0.991 0.989 0.994 0.984 0.991 0.988
107 0.031 0.015 0.009 0.989 0.978 0.986 0.978 0.995 0.975
108 0.089 0.098 -0.023 0.988 0.986 0.970 0.986 0.994 0.977
109 0.118 0.122 0.116 0.988 0.995 0.994 0.966 0.997 0.958
110 0.050 0.127 0.053 0.986 0.983 0.984 0.972 0.991 0.984
111 0.116 0.061 0.077 0.989 0.984 0.991 0.986 0.994 0.964
112 -0.006 0.089 0.115 0.992 0.991 0.992 0.964 0.991 0.966
113 0.039 0.063 0.098 0.983 0.989 0.988 0.970 0.997 0.969
114 0.029 0.021 0.089 0.989 0.989 0.983 0.972 1.000 0.973
115 0.128 0.122 0.003 0.992 0.992 0.975 0.984 0.997 0.978
116 -0.037 0.069 0.030 0.983 0.989 0.984 0.991 0.997 0.978
117 0.070 0.092 0.057 0.989 0.986 0.983 0.973 0.995 0.980
118 0.010 0.094 0.053 0.983 0.988 0.983 0.983 0.988 0.970
119 0.031 0.042 0.082 0.983 0.984 0.988 0.981 0.995 0.978
120 0.059 0.074 -0.013 0.983 0.984 0.977 0.977 0.994 0.975
121 -0.019 -0.019 -0.023 0.975 0.975 0.980 0.980 0.995 0.988
122 0.072 0.080 0.032 0.981 0.981 0.978 0.983 0.998 0.986
123 0.056 0.135 -0.022 0.988 0.989 0.973 0.973 0.997 0.967
124 0.057 0.094 0.026 0.986 0.986 0.981 0.984 0.995 0.984
125 0.077 0.086 0.058 0.981 0.986 0.991 0.967 0.992 0.973
126 0.095 0.076 0.061 0.988 0.986 0.989 0.984 0.998 0.986
127 0.073 0.057 -0.077 0.994 0.994 0.973 0.972 0.995 0.967
128 0.031 0.094 0.012 0.981 0.989 0.988 0.991 0.995 0.988
129 0.008 0.031 0.040 0.978 0.988 0.980 0.980 0.997 0.977
130 0.087 0.161 0.108 0.984 0.994 0.988 0.983 0.994 0.975
131 0.081 0.108 0.031 0.981 0.992 0.981 0.977 0.995 0.977
132 0.036 0.111 0.061 0.978 0.992 0.978 0.977 0.992 0.983
133 0.077 0.083 0.033 0.984 0.989 0.977 0.973 0.994 0.959
134 0.074 0.012 -0.005 0.988 0.978 0.983 0.988 0.997 0.986
135 0.093 0.137 -0.015 0.988 0.991 0.973 0.992 0.997 0.988
136 0.139 0.053 -0.022 0.991 0.986 0.978 0.986 0.995 0.981
137 0.050 0.077 0.037 0.983 0.986 0.980 0.970 0.994 0.973
138 0.059 0.068 -0.001 0.986 0.983 0.981 0.984 1.000 0.980
139 0.069 0.102 0.044 0.989 0.992 0.980 0.970 0.997 0.973
140 0.063 0.114 -0.030 0.986 0.986 0.969 0.963 0.994 0.970
141 0.055 0.083 0.052 0.984 0.983 0.986 0.983 0.998 0.977
142 0.074 0.096 0.064 0.988 0.989 0.983 0.981 0.994 0.966
143 0.102 0.044 0.032 0.989 0.983 0.980 0.980 1.000 0.981
144 0.132 0.131 0.148 0.991 0.994 0.992 0.978 0.995 0.977
145 0.038 0.054 0.019 0.988 0.988 0.977 0.963 0.994 0.959
146 -0.010 0.047 0.089 0.977 0.981 0.991 0.973 0.998 0.980
147 0.121 0.073 -0.028 0.988 0.977 0.977 0.972 0.995 0.975
148 0.055 0.151 0.038 0.983 0.988 0.983 0.981 0.997 0.963
149 0.152 0.149 0.096 0.994 0.994 0.983 0.959 0.997 0.973
150 0.119 0.167 0.061 0.988 0.995 0.977 0.983 0.998 0.972
151 0.067 0.114 0.113 0.986 0.992 0.988 0.989 0.995 0.991
152 0.022 0.043 0.042 0.980 0.981 0.988 0.977 0.998 0.961
153 0.081 0.060 0.084 0.991 0.991 0.988 0.977 0.995 0.975
154 0.106 0.109 0.031 0.991 0.989 0.986 0.973 0.992 0.969
155 0.096 0.071 0.016 0.984 0.984 0.988 0.980 1.000 0.970
156 0.065 0.132 0.146 0.983 0.994 0.989 0.989 0.992 0.978
157 0.011 0.090 0.043 0.983 0.986 0.988 0.984 1.000 0.981
158 0.087 0.126 0.036 0.986 0.989 0.978 0.980 0.995 0.991
159 0.015 0.122 0.021 0.986 0.991 0.980 0.978 0.986 0.983
160 0.056 0.134 0.023 0.981 0.992 0.978 0.973 0.998 0.992
161 0.081 0.121 0.072 0.983 0.991 0.986 0.988 0.998 0.975
162 0.066 0.179 0.048 0.988 0.997 0.983 0.986 0.998 0.964
163 0.067 0.079 0.054 0.989 0.986 0.983 0.977 0.994 0.978
164 0.075 0.132 0.076 0.989 0.992 0.984 0.989 0.992 0.981
165 0.080 0.081 -0.008 0.988 0.986 0.973 0.986 0.997 0.975
166 0.092 0.092 0.098 0.989 0.981 0.981 0.984 0.994 0.977
167 0.077 0.068 0.049 0.991 0.988 0.984 0.978 0.998 0.981
168 0.075 0.077 0.047 0.991 0.988 0.981 0.964 0.992 0.950
169 0.063 0.068 0.050 0.991 0.986 0.989 0.984 0.994 0.977
170 0.136 0.105 0.060 0.994 0.986 0.988 0.981 0.998 0.975
171 0.102 0.067 0.120 0.986 0.984 0.984 0.992 1.000 0.981
172 0.141 0.099 0.028 0.992 0.983 0.981 0.983 0.998 0.969
173 0.040 0.119 0.096 0.984 0.986 0.989 0.984 0.992 0.984
174 0.151 0.100 0.105 0.994 0.986 0.986 0.973 0.997 0.975
175 0.103 0.046 0.096 0.988 0.981 0.981 0.964 0.998 0.964
176 0.092 0.099 0.035 0.991 0.986 0.983 0.958 0.994 0.967
177 0.120 0.105 0.018 0.991 0.991 0.978 0.986 0.997 0.981
178 0.065 0.115 0.155 0.984 0.988 0.988 0.970 0.997 0.977
179 0.135 0.147 0.063 0.988 0.997 0.984 0.986 0.997 0.978
180 0.102 0.135 0.023 0.984 0.989 0.981 0.978 0.995 0.988
181 0.057 0.086 0.077 0.986 0.988 0.986 0.978 1.000 0.967
182 0.036 0.085 0.071 0.977 0.988 0.983 0.978 0.994 0.978
183 0.131 0.040 0.157 0.991 0.977 0.997 0.969 0.998 0.969
184 0.059 0.082 0.010 0.983 0.984 0.981 0.941 0.998 0.934
185 0.075 0.090 0.147 0.983 0.983 0.992 0.984 0.995 0.973
186 0.069 0.128 -0.000 0.984 0.994 0.984 0.977 0.997 0.967
187 0.024 0.122 0.030 0.977 0.988 0.983 0.989 0.994 0.984
188 0.064 0.132 0.095 0.980 0.988 0.989 0.981 0.997 0.986
189 0.130 0.083 0.095 0.984 0.980 0.992 0.975 0.995 0.964
190 0.141 0.107 0.020 0.989 0.986 0.973 0.975 0.997 0.961
191 0.068 0.081 0.091 0.977 0.984 0.988 0.991 0.997 0.986
192 0.134 0.127 0.086 0.994 0.992 0.986 0.983 0.992 0.983
193 0.097 0.152 0.060 0.983 0.994 0.986 0.980 0.995 0.966
194 0.097 0.064 0.117 0.988 0.991 0.988 0.989 0.998 0.977
195 0.177 0.100 0.037 0.991 0.983 0.986 0.991 0.995 0.983
196 0.127 0.097 0.037 0.991 0.989 0.973 0.989 0.998 0.969
197 0.084 0.140 0.008 0.989 0.988 0.980 0.984 0.992 0.964
198 0.081 0.118 0.038 0.980 0.986 0.986 0.992 0.998 0.983
199 0.098 0.062 0.084 0.986 0.981 0.983 0.978 0.998 0.969
200 0.159 0.089 0.155 0.991 0.986 0.984 0.992 0.997 0.980
201 0.081 0.058 0.096 0.984 0.983 0.988 0.953 0.997 0.961
202 0.138 0.140 0.048 0.989 0.984 0.980 0.963 0.995 0.970
203 0.145 0.108 0.011 0.989 0.989 0.983 0.944 0.991 0.914
204 0.029 0.124 0.120 0.983 0.992 0.991 0.953 0.995 0.942
205 0.114 -0.005 0.093 0.984 0.972 0.988 0.952 0.997 0.931
206 0.033 0.124 0.044 0.984 0.988 0.973 0.984 0.995 0.983
207 0.070 0.126 0.123 0.983 0.991 0.988 0.981 0.995 0.973
208 0.096 0.080 0.046 0.986 0.992 0.980 0.978 0.995 0.955
209 0.101 0.141 0.032 0.986 0.994 0.980 0.963 0.998 0.958
210 0.084 0.089 0.023 0.986 0.980 0.980 0.950 0.995 0.948
211 0.056 0.093 0.136 0.988 0.991 0.991 0.947 0.998 0.950
212 0.156 0.146 0.135 0.994 0.991 0.991 0.964 1.000 0.958
213 0.106 0.094 0.090 0.986 0.983 0.984 0.977 0.994 0.983
214 0.076 0.100 0.092 0.989 0.988 0.984 0.995 0.995 0.972
215 0.106 0.115 0.000 0.984 0.992 0.975 0.991 0.997 0.973
216 0.030 0.096 0.075 0.978 0.991 0.988 0.975 0.995 0.952
217 0.148 0.134 0.075 0.986 0.991 0.991 0.981 0.998 0.981
218 0.123 0.115 0.066 0.994 0.989 0.986 0.958 0.997 0.958
219 0.087 0.104 0.078 0.988 0.986 0.983 0.970 0.998 0.961
220 0.165 0.079 0.127 0.994 0.986 0.986 0.970 0.994 0.945
221 0.083 0.079 0.052 0.989 0.988 0.986 0.975 0.998 0.964
222 0.116 0.060 0.024 0.983 0.983 0.986 0.963 0.989 0.942
223 0.069 0.138 0.076 0.984 0.991 0.983 0.988 0.995 0.963
224 0.027 0.107 0.059 0.978 0.992 0.978 0.992 0.994 0.989
225 0.114 0.118 0.079 0.992 0.986 0.975 0.986 0.994 0.989
226 0.063 0.131 0.102 0.989 0.989 0.989 0.973 0.995 0.973
227 0.128 0.134 0.108 0.989 0.994 0.991 0.973 0.994 0.978
228 0.117 0.074 0.167 0.992 0.986 0.991 0.958 0.989 0.967
229 0.066 0.113 0.030 0.988 0.988 0.978 0.980 1.000 0.970
230 0.116 0.099 0.076 0.991 0.983 0.981 0.963 0.995 0.972
231 0.100 0.164 0.037 0.988 0.994 0.983 0.977 0.998 0.977
232 0.117 0.115 0.151 0.986 0.984 0.991 0.986 0.998 0.977
233 0.121 0.117 0.058 0.989 0.991 0.981 0.977 0.998 0.970
234 0.122 0.105 0.058 0.992 0.989 0.986 0.948 0.997 0.936
235 0.053 0.140 0.062 0.986 0.992 0.986 0.967 1.000 0.969
236 0.066 0.104 0.037 0.989 0.988 0.980 0.981 1.000 0.972
237 0.081 0.090 0.049 0.988 0.991 0.983 0.978 0.994 0.977
238 0.082 0.131 0.064 0.991 0.992 0.983 0.988 0.998 0.978
239 0.162 0.107 0.089 0.991 0.989 0.980 0.977 0.997 0.958
240 0.087 0.107 0.119 0.988 0.988 0.995 0.989 0.991 0.988
241 0.091 0.117 0.148 0.988 0.989 0.988 0.953 0.995 0.942
242 0.072 0.052 0.070 0.988 0.988 0.986 0.969 0.997 0.942
243 0.154 0.144 0.094 0.989 0.995 0.977 0.967 0.998 0.956
244 0.093 0.130 0.069 0.989 0.983 0.988 0.980 0.997 0.975
245 0.133 0.142 0.075 0.992 0.991 0.986 0.980 0.997 0.986
246 0.093 0.105 0.088 0.986 0.984 0.983 0.983 0.998 0.975
247 0.103 0.121 0.130 0.988 0.983 0.991 0.984 0.995 0.986
248 0.115 0.156 0.050 0.984 0.994 0.981 0.984 0.998 0.973
249 0.062 0.117 0.111 0.983 0.991 0.983 0.953 0.991 0.944
250 0.070 0.085 0.035 0.992 0.984 0.978 0.955 0.998 0.959
251 0.071 0.108 0.057 0.989 0.989 0.984 0.973 0.995 0.964
252 0.130 0.106 0.063 0.989 0.980 0.983 0.988 0.997 0.964
253 0.106 0.113 0.032 0.983 0.988 0.978 0.978 0.995 0.966
254 0.067 0.076 0.106 0.980 0.986 0.988 0.988 0.994 0.975
255 0.105 0.078 0.065 0.986 0.984 0.981 0.975 0.995 0.955
256 0.101 0.125 0.078 0.984 0.986 0.981 0.992 0.997 0.975
257 0.127 0.117 0.078 0.991 0.989 0.988 0.977 0.998 0.975
258 0.103 0.132 0.042 0.992 0.989 0.981 0.958 1.000 0.942
259 0.054 0.078 0.152 0.986 0.978 0.992 0.980 0.997 0.975
260 0.097 0.101 0.018 0.984 0.994 0.978 0.980 0.995 0.966
261 0.083 0.122 0.090 0.989 0.986 0.988 0.992 0.998 0.983
262 0.058 0.145 0.102 0.986 0.986 0.989 0.959 0.994 0.963
263 0.090 0.099 0.023 0.984 0.989 0.984 0.959 1.000 0.959
264 0.049 0.093 0.030 0.989 0.988 0.983 0.952 0.992 0.948
265 0.070 0.136 0.147 0.984 0.988 0.991 0.984 1.000 0.978
266 0.075 0.091 0.141 0.986 0.989 0.992 0.984 0.994 0.978
267 0.111 0.052 0.001 0.988 0.988 0.983 0.983 0.994 0.973
268 0.104 0.101 0.119 0.989 0.995 0.992 0.975 0.998 0.978
269 0.077 0.091 0.127 0.986 0.986 0.992 0.973 1.000 0.958
270 0.105 0.176 0.057 0.994 0.989 0.984 0.945 0.995 0.956
271 0.066 0.108 0.075 0.988 0.988 0.989 0.964 0.998 0.980
272 0.125 0.140 0.031 0.983 0.991 0.988 0.977 0.997 0.961
273 0.127 0.127 0.174 0.991 0.983 0.994 0.953 1.000 0.942
274 0.185 0.093 0.140 0.991 0.991 0.988 0.966 0.998 0.963
275 -0.009 0.176 0.118 0.975 0.989 0.986 0.980 0.992 0.977
276 0.190 0.187 0.077 0.988 0.992 0.984 0.967 0.997 0.973
277 0.105 0.111 0.083 0.992 0.983 0.984 0.969 1.000 0.964
278 0.147 0.080 0.040 0.995 0.988 0.984 0.969 0.998 0.945
279 0.045 0.054 0.056 0.988 0.986 0.986 0.986 0.998 0.977
280 0.141 0.052 0.077 0.994 0.986 0.983 0.980 0.992 0.959
281 0.162 0.145 0.093 0.988 0.992 0.983 0.977 0.997 0.958
282 0.110 0.141 0.084 0.986 0.989 0.986 0.977 0.995 0.977
283 0.073 0.148 0.064 0.986 0.995 0.980 0.978 0.994 0.975
284 0.094 0.072 0.054 0.984 0.984 0.989 0.984 0.998 0.966
285 0.103 0.018 0.123 0.984 0.983 0.988 0.970 0.995 0.947
286 0.094 0.074 0.138 0.989 0.983 0.992 0.952 0.995 0.936
287 0.141 0.071 0.124 0.989 0.983 0.991 0.970 0.998 0.977
288 0.178 0.144 0.169 0.994 0.989 0.995 0.956 0.998 0.958
289 0.102 0.071 0.077 0.986 0.984 0.980 0.964 0.994 0.964
290 0.065 0.117 0.107 0.995 0.984 0.988 0.964 0.998 0.964
291 0.035 0.014 0.135 0.978 0.977 0.988 0.989 0.995 0.983
292 0.105 0.094 0.114 0.988 0.984 0.992 0.970 1.000 0.972
293 0.142 0.109 0.125 0.988 0.981 0.989 0.947 0.997 0.942
294 0.051 0.115 0.097 0.986 0.991 0.983 0.977 0.997 0.956
295 0.076 0.093 0.114 0.984 0.991 0.992 0.988 0.995 0.973
296 0.060 0.120 0.018 0.986 0.994 0.984 0.958 0.995 0.970
297 0.101 0.176 0.186 0.983 0.997 0.991 0.972 0.995 0.969
298 0.122 0.122 0.097 0.986 0.984 0.984 0.969 0.998 0.964
299 0.080 0.107 0.160 0.980 0.988 0.994 0.969 0.998 0.953
300 0.130 0.102 0.079 0.986 0.988 0.988 0.989 0.997 0.986
301 0.096 0.068 -0.116 0.984 0.980 0.972 0.955 0.994 0.912
301 0.096 0.068 -0.116 0.984 0.980 0.972 0.955 0.994 0.912
