1 -4.879 -4.744 -4.849 0.072 0.105 0.081 0.422 0.381 0.411
2 -4.623 -4.598 -4.604 0.089 0.114 0.098 0.911 0.889 0.903
3 -4.359 -4.353 -4.528 0.170 0.173 0.130 0.831 0.828 0.872
4 -4.190 -4.153 -4.514 0.219 0.230 0.139 0.784 0.772 0.867
5 -4.009 -3.885 -4.012 0.261 0.306 0.247 0.739 0.698 0.756
6 -3.647 -3.414 -3.837 0.358 0.422 0.306 0.647 0.583 0.697
7 -3.243 -3.116 -3.132 0.452 0.497 0.463 0.555 0.508 0.537
8 -2.604 -2.539 -2.839 0.608 0.633 0.548 0.398 0.375 0.455
9 -3.033 -3.050 -3.483 0.492 0.491 0.386 0.511 0.541 0.623
10 -1.513 -1.361 -2.179 0.783 0.828 0.678 0.522 0.691 0.502
11 -1.189 -1.198 -1.854 0.845 0.847 0.734 0.727 0.894 0.684
12 -0.945 -0.794 -1.333 0.883 0.911 0.808 0.855 0.947 0.842
13 -0.472 -0.575 -0.908 0.945 0.922 0.881 0.839 0.955 0.798
14 -0.559 -0.605 -0.816 0.936 0.936 0.895 0.917 0.964 0.884
15 -0.464 -0.404 -0.635 0.947 0.945 0.923 0.942 0.969 0.919
16 -0.723 -0.780 -0.809 0.903 0.897 0.880 0.892 0.955 0.908
17 -0.309 -0.227 -0.492 0.944 0.967 0.925 0.931 0.983 0.900
18 -0.278 -0.285 -0.267 0.961 0.958 0.956 0.941 0.978 0.931
19 -0.228 -0.363 -0.377 0.964 0.947 0.945 0.920 0.983 0.894
20 -0.244 -0.187 -0.355 0.967 0.964 0.948 0.950 0.986 0.931
21 -0.210 -0.135 -0.221 0.967 0.967 0.966 0.941 0.991 0.927
22 -0.102 -0.023 -0.221 0.973 0.978 0.963 0.945 0.991 0.936
23 -0.278 -0.255 -0.245 0.963 0.958 0.958 0.967 0.977 0.936
24 -0.055 -0.035 -0.081 0.966 0.981 0.973 0.944 0.992 0.944
25 -0.089 -0.022 -0.077 0.975 0.984 0.969 0.961 0.984 0.964
26 -0.012 -0.070 -0.027 0.984 0.983 0.975 0.933 0.995 0.925
27 -0.069 -0.052 -0.150 0.972 0.973 0.961 0.966 0.989 0.959
28 -0.031 -0.075 -0.087 0.981 0.980 0.981 0.942 0.989 0.928
29 -0.076 -0.014 -0.007 0.975 0.988 0.973 0.955 0.992 0.936
30 0.016 -0.007 -0.038 0.986 0.983 0.977 0.975 0.994 0.970
31 -0.030 0.006 0.016 0.980 0.981 0.984 0.975 0.992 0.977
32 0.020 -0.085 -0.014 0.988 0.973 0.978 0.947 0.995 0.959
33 -0.259 -0.240 -0.738 0.959 0.967 0.880 0.850 0.942 0.859
34 0.030 0.028 -0.036 0.986 0.986 0.977 0.927 0.988 0.948
35 0.039 0.059 -0.019 0.981 0.991 0.972 0.927 0.989 0.947
36 0.053 0.008 -0.001 0.984 0.980 0.978 0.969 0.992 0.956
37 -0.011 0.047 0.058 0.978 0.983 0.988 0.942 0.992 0.955
38 -0.015 0.009 0.025 0.981 0.981 0.988 0.939 0.995 0.933
39 0.023 0.040 0.024 0.981 0.984 0.978 0.958 0.995 0.963
40 0.043 0.004 0.068 0.988 0.980 0.989 0.942 0.991 0.928
41 0.050 0.049 -0.037 0.981 0.983 0.970 0.959 0.998 0.963
42 -0.050 0.017 0.015 0.970 0.983 0.978 0.939 0.983 0.927
43 0.028 0.118 0.024 0.980 0.991 0.983 0.956 0.995 0.930
44 0.094 0.108 0.090 0.992 0.989 0.986 0.956 0.998 0.950
45 0.068 0.090 0.043 0.984 0.988 0.983 0.944 0.994 0.942
46 0.067 0.065 0.033 0.983 0.981 0.980 0.948 0.998 0.948
47 0.036 0.036 0.023 0.983 0.980 0.989 0.964 0.997 0.953
48 0.003 0.082 0.036 0.986 0.983 0.986 0.950 0.995 0.958
49 0.094 0.145 0.042 0.994 0.988 0.977 0.970 0.998 0.969
50 0.117 0.039 0.058 0.991 0.983 0.989 0.958 0.997 0.958
51 0.025 0.060 0.008 0.980 0.986 0.988 0.981 0.997 0.978
52 0.112 0.113 0.115 0.984 0.992 0.988 0.977 0.997 0.961
53 0.034 0.013 0.078 0.984 0.980 0.984 0.956 0.992 0.947
54 0.030 0.071 0.074 0.981 0.983 0.984 0.942 0.994 0.947
55 0.061 0.067 0.064 0.988 0.991 0.984 0.967 0.994 0.959
56 0.089 0.108 0.074 0.991 0.984 0.981 0.961 0.997 0.958
57 0.116 0.129 0.045 0.988 0.994 0.981 0.958 1.000 0.977
58 0.098 0.086 0.108 0.989 0.988 0.988 0.963 0.998 0.981
59 0.147 0.013 0.031 0.986 0.981 0.989 0.970 0.998 0.963
60 0.035 -0.011 -0.067 0.986 0.983 0.978 0.934 0.991 0.914
61 0.027 0.055 0.063 0.981 0.978 0.983 0.958 0.998 0.952
62 0.092 0.122 0.035 0.991 0.995 0.981 0.953 0.994 0.939
63 0.109 0.061 0.032 0.986 0.988 0.980 0.956 0.988 0.936
64 0.067 0.075 0.079 0.988 0.986 0.981 0.983 0.994 0.983
65 0.129 0.101 0.103 0.991 0.986 0.984 0.953 0.995 0.967
66 0.098 0.097 0.080 0.984 0.984 0.986 0.961 1.000 0.945
67 0.071 0.110 0.015 0.986 0.988 0.983 0.947 0.998 0.948
68 0.049 0.131 0.101 0.980 0.995 0.992 0.947 0.995 0.959
69 0.116 0.054 0.055 0.992 0.981 0.983 0.958 0.995 0.961
70 0.109 0.063 0.021 0.986 0.988 0.980 0.939 0.997 0.942
71 0.075 0.039 0.054 0.989 0.988 0.981 0.952 0.997 0.950
72 0.094 0.116 0.106 0.984 0.992 0.989 0.955 0.997 0.964
73 0.149 0.081 0.120 0.989 0.989 0.991 0.972 0.995 0.964
74 0.066 0.095 0.043 0.984 0.989 0.983 0.963 0.998 0.950
75 0.121 0.151 0.089 0.994 0.991 0.983 0.986 0.997 0.973
76 0.057 0.087 0.057 0.981 0.992 0.984 0.933 0.991 0.917
77 0.074 0.077 0.060 0.988 0.984 0.992 0.952 0.998 0.947
78 0.080 0.049 0.083 0.991 0.980 0.980 0.934 0.994 0.936
79 0.066 0.089 0.080 0.981 0.988 0.989 0.969 0.998 0.969
80 0.100 0.192 0.103 0.988 1.000 0.988 0.944 0.995 0.939
81 0.119 0.106 0.123 0.988 0.994 0.988 0.963 0.998 0.961
82 0.183 0.082 0.070 0.998 0.981 0.986 0.948 1.000 0.945
83 0.047 0.087 0.104 0.989 0.988 0.991 0.964 0.998 0.967
84 0.141 0.104 0.040 0.989 0.995 0.984 0.964 0.995 0.952
85 0.103 0.029 0.049 0.986 0.986 0.991 0.947 0.991 0.953
86 0.127 0.120 0.092 0.992 0.988 0.986 0.969 0.995 0.944
87 0.048 0.107 0.096 0.989 0.988 0.984 0.947 0.995 0.930
88 0.054 0.166 0.065 0.977 0.992 0.988 0.934 0.997 0.922
89 0.029 0.058 0.040 0.980 0.986 0.980 0.945 0.998 0.947
90 0.150 0.053 0.095 0.988 0.983 0.984 0.936 0.997 0.930
91 0.104 0.107 0.102 0.986 0.991 0.984 0.948 0.998 0.956
92 0.115 0.133 0.029 0.992 0.991 0.978 0.945 0.997 0.952
93 0.107 0.130 0.088 0.986 0.995 0.986 0.947 1.000 0.961
94 0.162 0.120 0.172 0.991 0.995 0.989 0.942 0.997 0.936
95 0.181 0.140 0.044 0.994 0.994 0.983 0.944 0.997 0.952
96 0.081 0.049 0.125 0.986 0.986 0.986 0.945 0.994 0.945
97 0.130 0.104 0.043 0.988 0.986 0.980 0.939 0.994 0.936
98 0.105 0.057 -0.011 0.986 0.984 0.983 0.956 1.000 0.942
99 0.057 0.083 0.108 0.991 0.991 0.986 0.939 0.989 0.919
100 0.069 0.106 0.092 0.980 0.980 0.992 0.930 0.998 0.925
101 0.097 0.150 0.098 0.994 0.991 0.986 0.933 0.997 0.944
102 0.097 0.099 0.022 0.989 0.986 0.975 0.931 0.994 0.927
103 0.041 0.087 0.094 0.983 0.991 0.991 0.955 0.998 0.938
104 0.129 0.186 0.080 0.986 0.995 0.986 0.941 1.000 0.934
105 0.103 0.104 0.127 0.988 0.991 0.984 0.941 0.994 0.927
106 0.043 0.095 0.035 0.978 0.991 0.980 0.934 0.997 0.939
107 0.095 0.115 0.143 0.986 0.991 0.994 0.942 1.000 0.939
108 0.131 0.066 0.110 0.992 0.988 0.994 0.939 0.995 0.927
109 0.077 0.096 0.116 0.984 0.986 0.986 0.939 0.995 0.934
110 0.146 0.155 0.048 0.994 0.991 0.984 0.961 0.998 0.945
111 0.176 0.070 0.072 0.994 0.984 0.992 0.956 1.000 0.939
112 0.178 0.131 0.103 0.989 0.991 0.991 0.933 0.997 0.936
113 0.098 0.118 0.154 0.986 0.986 0.992 0.936 0.998 0.939
114 0.144 0.070 0.115 0.989 0.986 0.984 0.936 0.997 0.933
115 0.136 0.053 0.030 0.986 0.983 0.983 0.953 0.995 0.925
116 0.159 0.121 0.120 0.997 0.989 0.992 0.955 0.997 0.941
117 0.030 0.104 0.119 0.984 0.983 0.984 0.958 0.995 0.931
118 0.093 0.112 0.002 0.981 0.989 0.972 0.953 0.994 0.950
119 0.091 0.105 0.110 0.983 0.991 0.986 0.936 0.995 0.939
120 0.076 0.175 0.109 0.986 0.992 0.981 0.942 1.000 0.955
121 0.153 0.123 0.120 0.991 0.986 0.984 0.950 0.997 0.941
122 0.143 0.044 0.091 0.992 0.981 0.988 0.942 0.998 0.953
123 0.091 0.122 0.050 0.989 0.988 0.973 0.950 0.995 0.930
124 0.132 0.127 0.073 0.992 0.989 0.981 0.966 0.998 0.948
125 0.103 0.160 0.091 0.988 0.994 0.989 0.948 0.998 0.908
126 0.055 0.107 0.131 0.986 0.989 0.984 0.972 1.000 0.950
127 0.137 0.096 0.109 0.992 0.983 0.989 0.948 1.000 0.938
128 0.096 0.148 0.025 0.986 0.989 0.977 0.945 1.000 0.931
129 0.148 0.133 0.063 0.988 0.989 0.986 0.934 1.000 0.931
130 0.112 0.107 0.161 0.986 0.988 0.989 0.939 0.997 0.933
131 0.102 0.081 0.010 0.983 0.984 0.973 0.953 1.000 0.927
132 0.078 0.104 0.174 0.986 0.981 0.992 0.956 0.997 0.938
133 0.139 0.084 0.117 0.989 0.992 0.981 0.950 0.998 0.936
134 0.102 0.116 0.092 0.991 0.989 0.986 0.958 0.998 0.934
135 0.105 0.151 -0.023 0.994 0.992 0.975 0.952 0.995 0.959
136 0.169 0.129 0.058 0.991 0.994 0.977 0.938 0.992 0.939
137 0.087 0.115 0.128 0.983 0.988 0.991 0.939 1.000 0.931
138 0.033 0.025 0.073 0.983 0.988 0.986 0.912 0.992 0.941
139 0.090 0.087 0.102 0.991 0.991 0.992 0.947 0.994 0.891
140 0.113 0.080 0.117 0.991 0.981 0.986 0.939 0.995 0.920
