1 -4.919 -4.890 -4.842 0.069 0.066 0.089 0.409 0.408 0.395
2 -4.701 -4.544 -4.691 0.081 0.119 0.086 0.919 0.884 0.916
3 -4.577 -4.667 -4.712 0.098 0.083 0.084 0.902 0.917 0.919
4 -4.582 -4.657 -4.674 0.114 0.092 0.084 0.887 0.908 0.916
5 -4.285 -4.340 -4.535 0.178 0.173 0.125 0.823 0.831 0.877
6 -4.177 -4.236 -4.320 0.205 0.195 0.189 0.798 0.805 0.816
7 -4.246 -4.073 -4.216 0.195 0.244 0.205 0.806 0.758 0.797
8 -4.053 -3.889 -4.260 0.248 0.278 0.203 0.758 0.725 0.803
9 -3.910 -3.766 -4.206 0.286 0.323 0.223 0.714 0.678 0.781
10 -3.792 -3.609 -4.005 0.309 0.356 0.247 0.697 0.645 0.756
11 -3.308 -2.806 -3.774 0.427 0.548 0.300 0.577 0.458 0.702
12 -3.051 -2.152 -4.066 0.486 0.713 0.252 0.527 0.305 0.748
13 -2.962 -2.281 -4.047 0.489 0.641 0.230 0.534 0.402 0.770
14 -2.845 -1.501 -4.111 0.508 0.797 0.219 0.659 0.450 0.783
15 -2.585 -1.107 -4.030 0.548 0.844 0.236 0.787 0.669 0.764
16 -2.453 -0.839 -3.843 0.566 0.898 0.278 0.794 0.830 0.723
17 -2.553 -0.791 -4.063 0.548 0.909 0.227 0.797 0.842 0.767
18 -2.078 -0.793 -3.995 0.633 0.902 0.248 0.825 0.914 0.753
19 -2.356 -0.453 -3.960 0.567 0.939 0.252 0.886 0.922 0.753
20 -2.319 -0.445 -3.814 0.572 0.944 0.283 0.852 0.950 0.717
21 -2.294 -0.427 -4.169 0.577 0.936 0.198 0.863 0.945 0.802
22 -2.118 -0.355 -4.065 0.613 0.963 0.236 0.858 0.945 0.766
23 -2.107 -0.301 -4.253 0.600 0.959 0.191 0.892 0.948 0.814
24 -2.456 -0.463 -4.197 0.552 0.939 0.208 0.831 0.922 0.795
25 -2.109 -0.304 -4.017 0.608 0.952 0.242 0.852 0.958 0.762
26 -2.019 -0.193 -4.087 0.625 0.972 0.231 0.866 0.972 0.770
27 -2.177 -0.162 -4.031 0.578 0.970 0.242 0.858 0.969 0.758
28 -1.980 -0.101 -4.055 0.627 0.972 0.231 0.870 0.964 0.769
29 -1.910 -0.089 -3.944 0.641 0.977 0.256 0.838 0.973 0.745
30 -2.147 -0.085 -3.933 0.589 0.980 0.261 0.873 0.983 0.730
31 -1.693 -0.060 -3.711 0.670 0.977 0.292 0.855 0.950 0.719
32 -2.088 -0.153 -3.969 0.591 0.961 0.255 0.878 0.980 0.750
33 -2.069 -0.091 -3.944 0.594 0.969 0.256 0.858 0.977 0.752
34 -2.185 -0.144 -3.832 0.584 0.969 0.284 0.877 0.978 0.717
35 -1.812 -0.132 -3.960 0.655 0.969 0.255 0.836 0.983 0.739
36 -2.022 -0.033 -3.888 0.606 0.981 0.259 0.858 0.972 0.741
37 -1.875 -0.060 -3.705 0.636 0.983 0.297 0.838 0.961 0.708
38 -2.149 0.043 -4.071 0.591 0.988 0.237 0.869 0.997 0.767
39 -1.986 -0.072 -4.022 0.631 0.977 0.255 0.852 0.984 0.750
40 -2.001 0.005 -4.004 0.616 0.981 0.247 0.850 0.980 0.756
41 -1.895 0.003 -3.858 0.641 0.977 0.289 0.861 0.984 0.716
42 -2.027 -0.071 -3.848 0.609 0.975 0.278 0.872 0.988 0.722
43 -2.002 -0.010 -3.979 0.606 0.983 0.245 0.887 0.977 0.756
44 -2.058 -0.063 -4.054 0.603 0.973 0.244 0.891 0.983 0.762
45 -1.968 -0.067 -4.037 0.622 0.978 0.244 0.887 0.988 0.756
46 -2.011 -0.017 -3.877 0.616 0.978 0.267 0.853 0.991 0.733
47 -2.056 0.013 -3.852 0.595 0.983 0.275 0.875 0.991 0.727
48 -1.900 -0.128 -3.995 0.633 0.973 0.242 0.863 0.981 0.759
49 -2.042 0.027 -4.044 0.598 0.986 0.237 0.863 0.983 0.764
50 -1.964 -0.011 -3.831 0.622 0.978 0.289 0.836 0.992 0.716
51 -1.959 0.038 -4.094 0.627 0.986 0.217 0.881 0.989 0.784
52 -1.958 0.020 -4.026 0.625 0.981 0.242 0.867 0.988 0.761
53 -1.989 -0.074 -3.955 0.609 0.983 0.252 0.884 0.984 0.748
54 -1.850 0.092 -3.918 0.647 0.984 0.270 0.834 0.988 0.733
55 -1.898 -0.017 -4.002 0.627 0.984 0.256 0.887 0.992 0.742
56 -2.003 0.073 -3.969 0.617 0.992 0.259 0.870 0.994 0.744
57 -2.010 0.069 -4.040 0.606 0.983 0.231 0.873 0.986 0.769
58 -2.050 0.052 -3.905 0.609 0.981 0.275 0.852 0.986 0.725
59 -2.017 0.090 -4.022 0.616 0.986 0.237 0.864 0.988 0.766
60 -1.805 -0.023 -3.924 0.653 0.969 0.256 0.831 0.984 0.742
61 -1.994 0.077 -3.787 0.603 0.984 0.283 0.875 0.995 0.719
62 -1.780 0.050 -3.905 0.637 0.988 0.252 0.873 0.988 0.752
63 -2.011 0.080 -4.098 0.608 0.995 0.225 0.866 0.981 0.762
64 -1.879 0.103 -3.845 0.627 0.992 0.287 0.872 0.992 0.716
65 -1.925 0.055 -4.158 0.623 0.984 0.217 0.887 0.994 0.783
66 -1.730 0.027 -4.104 0.664 0.980 0.219 0.858 0.984 0.783
67 -2.114 0.010 -4.064 0.591 0.972 0.241 0.875 0.986 0.758
68 -1.781 0.062 -3.757 0.648 0.980 0.295 0.878 0.988 0.700
69 -1.931 0.102 -4.010 0.611 0.989 0.247 0.859 0.983 0.755
70 -1.690 0.105 -3.988 0.664 0.986 0.255 0.825 0.988 0.736
71 -1.764 0.133 -3.795 0.658 0.984 0.291 0.848 0.986 0.711
72 -1.992 0.054 -3.927 0.619 0.984 0.258 0.873 0.986 0.745
73 -1.785 0.055 -3.798 0.647 0.988 0.283 0.866 0.998 0.717
74 -1.940 0.060 -3.856 0.633 0.988 0.275 0.841 0.989 0.727
75 -1.984 0.030 -4.002 0.616 0.983 0.253 0.877 0.991 0.752
76 -1.818 0.030 -4.009 0.648 0.986 0.247 0.856 0.994 0.753
77 -1.916 0.065 -3.998 0.631 0.986 0.256 0.869 0.995 0.731
78 -2.079 0.077 -4.040 0.584 0.986 0.241 0.875 0.994 0.762
79 -2.046 0.121 -3.972 0.609 0.988 0.252 0.875 0.992 0.750
80 -1.819 0.016 -3.914 0.648 0.983 0.269 0.858 0.984 0.733
81 -1.947 0.076 -4.050 0.623 0.986 0.234 0.870 0.991 0.767
82 -1.744 0.025 -3.879 0.664 0.978 0.267 0.859 0.991 0.733
83 -1.977 0.017 -3.877 0.611 0.983 0.270 0.873 0.994 0.733
84 -1.871 0.125 -3.864 0.633 0.991 0.284 0.875 0.992 0.719
85 -1.947 0.034 -3.948 0.622 0.978 0.263 0.848 0.991 0.738
86 -1.812 0.026 -3.901 0.647 0.980 0.269 0.869 0.991 0.733
87 -2.271 0.036 -4.080 0.558 0.978 0.227 0.880 0.992 0.773
88 -1.955 0.078 -3.947 0.614 0.983 0.258 0.861 0.992 0.742
89 -1.942 0.053 -3.939 0.627 0.989 0.258 0.864 0.989 0.744
90 -1.891 0.073 -3.753 0.637 0.989 0.289 0.858 0.995 0.709
91 -1.956 0.128 -3.985 0.627 0.995 0.250 0.861 0.991 0.752
92 -1.792 0.058 -3.956 0.647 0.989 0.255 0.870 0.986 0.748
93 -1.785 0.053 -4.029 0.645 0.984 0.237 0.886 0.989 0.758
94 -1.783 0.074 -3.913 0.655 0.992 0.248 0.853 0.989 0.742
95 -2.163 0.134 -3.999 0.578 0.989 0.244 0.887 0.995 0.756
96 -1.842 0.108 -3.895 0.627 0.991 0.270 0.872 0.995 0.734
97 -1.905 0.083 -3.876 0.630 0.991 0.267 0.864 0.989 0.634
98 -1.925 -0.015 -3.759 0.623 0.975 0.300 0.883 0.994 0.683
99 -1.955 0.083 -3.912 0.623 0.988 0.258 0.863 0.986 0.748
100 -1.836 0.041 -3.881 0.641 0.977 0.281 0.858 0.995 0.717
101 -1.848 0.153 -3.843 0.631 0.992 0.284 0.856 0.994 0.664
102 -1.918 0.153 -3.923 0.628 0.994 0.263 0.878 0.994 0.734
103 -2.093 0.035 -3.937 0.594 0.977 0.263 0.858 0.997 0.736
104 -1.948 0.039 -3.945 0.627 0.978 0.253 0.838 0.995 0.733
105 -1.950 0.086 -4.015 0.630 0.981 0.237 0.845 0.994 0.762
106 -1.972 0.095 -3.884 0.614 0.988 0.269 0.877 0.997 0.731
107 -1.845 0.028 -3.964 0.641 0.988 0.248 0.859 0.992 0.752
108 -2.047 0.121 -3.953 0.598 0.992 0.263 0.858 0.988 0.738
109 -1.813 0.008 -4.057 0.648 0.978 0.247 0.867 0.992 0.755
110 -2.063 0.054 -3.895 0.597 0.983 0.264 0.872 0.992 0.723
111 -1.990 0.109 -3.941 0.613 0.984 0.266 0.839 0.995 0.738
112 -2.055 0.083 -3.958 0.597 0.981 0.256 0.883 0.997 0.736
113 -1.865 0.101 -4.001 0.634 0.988 0.245 0.853 0.991 0.708
114 -1.845 0.092 -3.759 0.634 0.988 0.297 0.833 0.992 0.680
115 -2.001 0.038 -3.913 0.608 0.980 0.252 0.875 0.988 0.669
116 -1.985 0.077 -4.114 0.606 0.988 0.222 0.891 0.991 0.745
117 -1.789 0.057 -3.919 0.653 0.988 0.259 0.844 0.991 0.641
118 -1.752 0.128 -3.919 0.655 0.989 0.256 0.858 0.994 0.688
119 -1.916 0.061 -3.910 0.619 0.983 0.269 0.847 0.998 0.617
120 -2.015 0.038 -3.817 0.603 0.986 0.280 0.878 0.992 0.659
121 -2.050 0.158 -3.905 0.591 0.998 0.261 0.880 0.991 0.713
122 -1.877 0.072 -4.113 0.633 0.984 0.209 0.850 0.991 0.783
123 -1.929 0.105 -3.896 0.630 0.984 0.267 0.858 0.989 0.628
124 -1.700 0.133 -3.906 0.666 0.992 0.275 0.875 0.991 0.717
125 -1.934 0.116 -3.818 0.627 0.983 0.281 0.869 0.994 0.670
126 -1.839 0.133 -3.890 0.637 0.992 0.283 0.869 0.989 0.720
127 -1.996 0.066 -3.903 0.608 0.989 0.264 0.889 0.995 0.714
128 -1.757 0.106 -3.860 0.641 0.988 0.281 0.863 0.998 0.622
129 -1.917 0.087 -4.013 0.630 0.988 0.248 0.859 0.986 0.755
130 -1.890 0.114 -3.806 0.628 0.988 0.287 0.858 0.995 0.644
131 -1.822 0.080 -3.871 0.644 0.984 0.269 0.864 0.997 0.667
132 -1.820 0.083 -4.007 0.639 0.991 0.244 0.853 0.997 0.738
133 -1.885 0.097 -3.922 0.628 0.984 0.267 0.853 0.994 0.630
134 -1.717 0.118 -4.019 0.666 0.984 0.245 0.836 0.998 0.713
135 -2.002 0.058 -3.862 0.605 0.991 0.272 0.859 0.994 0.714
136 -1.841 0.097 -4.013 0.634 0.988 0.236 0.881 0.991 0.761
137 -1.866 0.093 -3.970 0.625 0.986 0.253 0.852 0.992 0.694
138 -1.740 0.083 -3.862 0.662 0.984 0.269 0.839 0.991 0.683
139 -1.785 0.126 -3.982 0.652 0.992 0.241 0.858 0.994 0.717
140 -1.880 0.083 -3.820 0.627 0.991 0.283 0.853 0.995 0.637
141 -1.600 0.144 -3.828 0.689 0.991 0.289 0.825 1.000 0.625
142 -1.926 0.100 -3.804 0.622 0.986 0.280 0.859 0.995 0.702
143 -1.921 0.113 -3.809 0.623 0.984 0.280 0.839 0.998 0.614
144 -1.999 0.054 -3.913 0.603 0.983 0.264 0.878 0.991 0.734
145 -1.943 0.097 -3.811 0.613 0.986 0.286 0.875 0.994 0.706
146 -1.764 0.092 -4.116 0.645 0.978 0.219 0.859 0.998 0.725
147 -1.955 0.088 -3.996 0.616 0.995 0.248 0.884 0.995 0.727
148 -1.849 0.128 -3.935 0.637 0.989 0.250 0.850 0.994 0.706
149 -1.998 0.105 -4.104 0.594 0.992 0.219 0.880 0.997 0.684
150 -1.748 0.067 -4.049 0.652 0.989 0.237 0.853 0.994 0.675
151 -1.786 0.107 -3.823 0.647 0.989 0.289 0.844 0.997 0.658
152 -1.788 0.118 -4.044 0.645 0.994 0.242 0.855 1.000 0.745
153 -1.860 0.090 -3.910 0.636 0.991 0.275 0.875 0.997 0.661
154 -1.870 0.066 -4.037 0.634 0.977 0.237 0.877 0.995 0.661
155 -1.737 0.105 -4.012 0.658 0.988 0.239 0.847 0.995 0.664
156 -1.809 0.088 -3.975 0.641 0.986 0.252 0.883 0.995 0.656
157 -2.133 0.116 -4.013 0.573 0.989 0.261 0.880 0.988 0.628
158 -2.060 0.121 -4.012 0.608 0.988 0.256 0.870 0.997 0.648
159 -1.969 0.082 -3.978 0.609 0.986 0.250 0.884 0.992 0.698
160 -1.723 0.083 -4.014 0.669 0.986 0.241 0.842 0.997 0.730
161 -1.849 0.145 -3.777 0.644 0.992 0.291 0.863 0.995 0.631
162 -1.677 0.095 -3.961 0.667 0.994 0.245 0.850 0.995 0.703
163 -2.039 0.081 -3.994 0.597 0.986 0.252 0.875 0.995 0.722
164 -1.791 0.131 -3.961 0.652 0.991 0.259 0.866 0.994 0.644
165 -1.838 0.056 -3.939 0.659 0.980 0.273 0.859 0.991 0.647
166 -1.775 0.069 -4.123 0.647 0.980 0.216 0.875 0.995 0.716
167 -1.886 0.061 -3.982 0.620 0.986 0.241 0.873 0.994 0.633
168 -1.769 0.076 -3.828 0.652 0.983 0.275 0.875 0.995 0.711
169 -1.866 0.136 -3.846 0.634 0.988 0.280 0.841 0.997 0.664
170 -1.859 0.120 -4.071 0.623 0.986 0.236 0.883 0.998 0.747
171 -1.882 0.118 -3.909 0.630 0.991 0.266 0.844 0.992 0.644
172 -1.947 0.057 -4.039 0.617 0.975 0.241 0.861 0.995 0.723
173 -1.707 0.136 -3.860 0.656 0.983 0.281 0.844 0.988 0.664
174 -2.026 0.135 -3.987 0.605 0.988 0.258 0.869 0.997 0.647
175 -1.754 0.096 -4.001 0.658 0.983 0.241 0.838 0.991 0.681
176 -2.002 0.116 -3.891 0.606 0.988 0.277 0.867 0.997 0.684
177 -2.018 0.086 -3.976 0.602 0.983 0.261 0.875 0.997 0.642
178 -1.945 0.053 -3.964 0.616 0.986 0.258 0.838 0.997 0.672
179 -1.815 0.128 -3.699 0.642 0.988 0.305 0.842 0.998 0.595
180 -2.019 0.087 -3.940 0.606 0.991 0.270 0.878 0.997 0.634
181 -1.858 0.073 -3.947 0.633 0.981 0.256 0.878 0.995 0.634
182 -1.852 0.075 -3.804 0.648 0.988 0.287 0.827 0.992 0.631
183 -1.936 0.055 -3.843 0.623 0.991 0.275 0.856 0.998 0.662
184 -1.822 0.050 -3.900 0.633 0.983 0.266 0.872 0.986 0.613
185 -1.884 0.090 -3.988 0.636 0.984 0.248 0.828 0.998 0.653
186 -1.962 0.125 -3.848 0.620 0.994 0.272 0.836 0.997 0.666
187 -1.837 0.042 -3.979 0.641 0.973 0.245 0.861 0.994 0.747
188 -1.935 0.074 -4.063 0.614 0.983 0.233 0.864 0.994 0.766
189 -1.847 0.125 -3.944 0.644 0.989 0.261 0.841 0.994 0.659
190 -1.882 0.078 -3.925 0.625 0.981 0.259 0.856 0.994 0.645
191 -1.844 0.091 -3.894 0.634 0.991 0.277 0.866 0.998 0.667
192 -1.942 0.113 -3.837 0.613 0.984 0.287 0.848 0.994 0.617
193 -1.914 0.043 -4.096 0.630 0.984 0.223 0.850 0.995 0.661
194 -1.867 0.080 -3.957 0.628 0.980 0.247 0.855 0.997 0.670
195 -1.742 0.072 -4.096 0.658 0.984 0.239 0.872 0.989 0.677
196 -1.858 -0.002 -3.986 0.627 0.981 0.255 0.872 0.995 0.659
197 -1.717 0.107 -3.964 0.655 0.992 0.248 0.848 0.997 0.678
198 -1.913 0.119 -3.870 0.619 0.988 0.278 0.869 0.989 0.622
199 -1.948 0.102 -3.842 0.622 0.986 0.269 0.867 0.998 0.680
200 -2.044 0.039 -3.784 0.602 0.981 0.291 0.875 0.997 0.605
201 -1.950 0.041 -3.972 0.627 0.994 0.263 0.859 1.000 0.666
202 -1.752 0.094 -4.005 0.655 0.984 0.253 0.859 0.994 0.644
203 -1.811 0.087 -4.065 0.641 0.989 0.239 0.861 0.998 0.662
204 -1.778 -0.012 -3.780 0.644 0.973 0.289 0.852 0.995 0.605
205 -1.816 0.119 -3.860 0.636 0.991 0.258 0.858 0.992 0.647
206 -1.835 0.055 -3.887 0.631 0.988 0.278 0.878 0.998 0.622
207 -1.968 0.096 -3.865 0.611 0.991 0.275 0.895 0.991 0.666
208 -1.865 0.082 -3.849 0.641 0.975 0.275 0.870 0.995 0.641
209 -1.783 0.086 -3.935 0.647 0.989 0.263 0.850 0.994 0.648
210 -2.048 0.097 -3.994 0.602 0.989 0.245 0.861 0.991 0.661
211 -1.941 0.089 -3.887 0.608 0.991 0.270 0.859 0.998 0.613
212 -1.882 0.061 -3.801 0.625 0.986 0.273 0.856 0.997 0.647
213 -1.905 0.076 -3.840 0.619 0.986 0.286 0.883 0.988 0.625
214 -2.007 0.075 -3.843 0.614 0.986 0.287 0.861 0.992 0.609
215 -1.900 0.040 -3.719 0.639 0.978 0.311 0.831 0.994 0.662
216 -1.601 0.100 -3.713 0.678 0.994 0.305 0.827 0.997 0.628
217 -1.893 0.083 -3.683 0.620 0.984 0.316 0.852 0.991 0.602
218 -1.830 0.087 -3.715 0.636 0.984 0.305 0.859 0.997 0.609
219 -1.852 0.108 -3.932 0.633 0.989 0.263 0.869 0.995 0.662
220 -1.798 0.127 -3.841 0.648 0.988 0.286 0.858 0.992 0.598
221 -1.676 0.103 -3.636 0.677 0.988 0.331 0.842 0.997 0.544
222 -1.715 0.093 -3.858 0.658 0.984 0.272 0.855 0.994 0.631
