1 -4.910 -4.733 -4.745 0.073 0.102 0.100 0.606 0.573 0.589
2 -4.527 -4.575 -4.712 0.116 0.108 0.087 0.884 0.894 0.916
3 -4.399 -4.460 -4.478 0.159 0.133 0.138 0.845 0.869 0.867
4 -4.138 -4.233 -4.443 0.222 0.195 0.147 0.780 0.808 0.855
5 -3.943 -4.342 -4.284 0.273 0.177 0.183 0.730 0.823 0.817
6 -3.968 -3.888 -4.063 0.269 0.294 0.244 0.733 0.714 0.758
7 -3.943 -3.582 -3.959 0.273 0.359 0.267 0.728 0.641 0.739
8 -3.554 -3.377 -3.801 0.389 0.452 0.331 0.620 0.555 0.673
9 -3.104 -2.899 -3.632 0.503 0.547 0.366 0.506 0.464 0.639
10 -2.786 -2.447 -3.297 0.567 0.647 0.428 0.448 0.377 0.584
11 -2.637 -2.140 -3.313 0.584 0.706 0.441 0.653 0.473 0.586
12 -3.040 -2.407 -3.430 0.512 0.648 0.403 0.652 0.577 0.614
13 -2.238 -1.686 -2.998 0.656 0.764 0.498 0.691 0.731 0.541
14 -2.046 -1.482 -2.704 0.705 0.817 0.580 0.608 0.787 0.570
15 -2.337 -1.829 -2.951 0.631 0.762 0.498 0.595 0.734 0.577
16 -1.802 -1.257 -2.574 0.723 0.850 0.589 0.733 0.856 0.581
17 -1.575 -0.853 -2.332 0.761 0.900 0.619 0.708 0.912 0.656
1 -4.795 -4.797 -4.880 0.092 0.094 0.069 0.338 0.347 0.361
2 -4.620 -4.597 -4.609 0.098 0.105 0.097 0.902 0.900 0.903
3 -4.524 -4.593 -4.555 0.123 0.100 0.114 0.881 0.900 0.892
4 -4.296 -4.501 -4.546 0.175 0.134 0.122 0.828 0.866 0.880
5 -4.253 -4.240 -4.456 0.197 0.189 0.144 0.806 0.811 0.856
6 -4.156 -4.105 -4.257 0.222 0.228 0.195 0.783 0.777 0.811
7 -4.011 -4.089 -4.171 0.259 0.247 0.216 0.745 0.758 0.789
8 -3.954 -3.866 -4.147 0.281 0.314 0.227 0.720 0.691 0.775
9 -3.929 -3.758 -3.881 0.273 0.339 0.294 0.731 0.667 0.709
10 -3.881 -3.725 -3.902 0.316 0.355 0.300 0.688 0.652 0.706
11 -3.779 -3.500 -3.733 0.331 0.408 0.342 0.670 0.598 0.661
12 -3.817 -3.550 -3.811 0.322 0.370 0.319 0.684 0.633 0.686
13 -3.377 -2.948 -3.366 0.444 0.553 0.444 0.559 0.459 0.559
14 -2.856 -2.753 -3.179 0.564 0.581 0.467 0.442 0.434 0.536
15 -2.979 -2.471 -3.131 0.528 0.647 0.489 0.477 0.373 0.517
16 -2.563 -2.257 -2.955 0.609 0.678 0.533 0.411 0.369 0.480
17 -2.764 -2.465 -2.955 0.566 0.631 0.528 0.487 0.472 0.487
18 -1.978 -1.959 -2.517 0.731 0.730 0.625 0.497 0.500 0.422
19 -2.219 -1.773 -2.750 0.689 0.780 0.577 0.603 0.553 0.491
20 -1.916 -1.661 -2.391 0.741 0.792 0.647 0.505 0.522 0.386
21 -1.610 -1.460 -1.933 0.787 0.811 0.731 0.603 0.703 0.455
22 -1.626 -1.225 -2.177 0.795 0.845 0.653 0.680 0.852 0.611
23 -1.134 -1.119 -1.562 0.869 0.866 0.798 0.767 0.883 0.603
24 -1.060 -0.838 -1.455 0.869 0.898 0.809 0.781 0.903 0.670
25 -0.984 -0.736 -1.243 0.875 0.916 0.839 0.822 0.923 0.759
26 -0.819 -0.831 -1.310 0.895 0.902 0.850 0.830 0.927 0.725
27 -0.629 -0.560 -0.815 0.930 0.934 0.897 0.848 0.952 0.778
28 -0.700 -0.478 -0.881 0.916 0.944 0.897 0.822 0.956 0.786
29 -0.613 -0.586 -0.921 0.923 0.936 0.884 0.825 0.983 0.766
30 -0.438 -0.382 -0.728 0.947 0.945 0.912 0.892 0.964 0.802
31 -0.470 -0.388 -0.566 0.938 0.952 0.925 0.853 0.977 0.831
32 -0.538 -0.442 -0.532 0.931 0.947 0.938 0.886 0.956 0.820
33 -0.318 -0.230 -0.586 0.945 0.963 0.931 0.856 0.981 0.772
34 -0.425 -0.340 -0.434 0.942 0.948 0.952 0.859 0.975 0.792
35 -0.370 -0.265 -0.464 0.950 0.959 0.930 0.880 0.973 0.852
36 -0.215 -0.172 -0.459 0.967 0.969 0.941 0.900 0.981 0.859
37 -0.189 -0.172 -0.319 0.959 0.967 0.944 0.919 0.988 0.889
38 -0.289 -0.242 -0.402 0.956 0.963 0.942 0.934 0.978 0.894
39 -0.117 -0.207 -0.358 0.969 0.961 0.948 0.916 0.980 0.866
40 -0.228 -0.103 -0.262 0.963 0.981 0.952 0.938 0.984 0.908
41 -0.166 -0.152 -0.253 0.955 0.966 0.961 0.884 0.973 0.872
42 -0.212 -0.152 -0.203 0.956 0.970 0.956 0.928 0.975 0.908
43 -0.045 -0.024 -0.147 0.980 0.986 0.967 0.906 0.984 0.903
44 -0.079 -0.106 -0.030 0.978 0.972 0.983 0.944 0.997 0.934
45 -0.105 -0.120 -0.272 0.972 0.973 0.956 0.942 0.983 0.912
46 -0.053 -0.092 -0.047 0.978 0.970 0.973 0.936 0.981 0.922
47 -0.099 0.003 -0.051 0.967 0.978 0.977 0.930 0.981 0.911
48 -0.022 -0.041 -0.276 0.980 0.991 0.952 0.931 0.986 0.886
49 -0.067 -0.013 -0.103 0.970 0.978 0.961 0.945 0.986 0.905
50 -0.080 -0.024 -0.138 0.978 0.978 0.970 0.922 0.988 0.889
51 -0.100 -0.040 -0.049 0.972 0.978 0.972 0.933 0.984 0.908
52 -0.173 0.053 -0.052 0.959 0.988 0.975 0.952 0.989 0.931
53 -0.041 0.008 -0.072 0.973 0.988 0.977 0.936 0.986 0.892
54 -0.064 -0.042 -0.095 0.975 0.981 0.970 0.952 0.991 0.919
55 0.019 0.009 -0.178 0.973 0.986 0.966 0.920 0.988 0.911
56 -0.030 0.039 -0.134 0.978 0.991 0.970 0.930 0.991 0.900
57 -0.069 0.037 -0.110 0.980 0.986 0.973 0.963 0.981 0.916
58 -0.015 -0.030 -0.058 0.977 0.978 0.972 0.959 0.992 0.917
59 -0.030 0.120 -0.065 0.988 0.992 0.980 0.955 0.994 0.934
60 -0.069 0.076 -0.034 0.970 0.984 0.980 0.947 0.992 0.934
61 -0.018 -0.051 0.015 0.980 0.972 0.981 0.931 0.992 0.930
62 -0.009 -0.007 -0.049 0.980 0.977 0.977 0.959 0.984 0.930
63 0.018 0.010 -0.027 0.980 0.986 0.980 0.944 0.992 0.923
64 -0.018 -0.022 -0.080 0.975 0.983 0.973 0.967 0.988 0.930
65 -0.009 0.043 -0.076 0.983 0.986 0.966 0.930 0.992 0.947
66 -0.077 0.064 -0.016 0.973 0.986 0.981 0.936 0.995 0.898
67 0.046 0.027 -0.072 0.983 0.981 0.972 0.953 0.991 0.919
68 0.059 -0.022 -0.015 0.988 0.977 0.980 0.944 0.988 0.887
69 0.027 0.072 -0.088 0.983 0.994 0.977 0.978 0.986 0.933
70 0.061 0.076 -0.009 0.984 0.991 0.977 0.970 0.988 0.941
71 0.055 0.066 -0.026 0.986 0.988 0.972 0.944 0.991 0.923
72 0.041 0.061 -0.102 0.988 0.988 0.969 0.970 0.997 0.961
73 0.049 0.065 0.006 0.983 0.986 0.984 0.952 0.992 0.961
74 0.033 0.048 -0.060 0.984 0.978 0.972 0.966 0.992 0.948
75 -0.041 -0.047 -0.060 0.977 0.973 0.972 0.952 0.984 0.936
76 -0.001 0.105 0.054 0.980 0.986 0.986 0.955 0.994 0.934
77 0.038 0.075 -0.026 0.980 0.984 0.977 0.950 0.989 0.927
78 0.035 0.065 -0.115 0.984 0.988 0.972 0.920 0.997 0.912
79 0.053 -0.008 -0.020 0.978 0.977 0.980 0.938 0.994 0.939
80 0.094 0.054 0.056 0.983 0.983 0.986 0.939 0.991 0.920
81 0.012 0.027 -0.037 0.986 0.983 0.983 0.934 0.989 0.930
82 0.043 0.049 -0.036 0.978 0.980 0.972 0.958 0.992 0.944
83 0.078 0.031 -0.007 0.978 0.977 0.981 0.977 0.986 0.952
84 0.090 0.069 0.001 0.988 0.984 0.978 0.959 0.994 0.930
85 0.073 0.064 0.054 0.983 0.986 0.988 0.955 0.991 0.958
86 0.051 0.053 0.024 0.989 0.986 0.977 0.972 0.994 0.931
87 0.014 0.050 -0.056 0.980 0.994 0.980 0.961 0.994 0.942
88 0.076 0.036 0.013 0.991 0.984 0.981 0.920 0.992 0.916
89 0.052 0.078 0.048 0.988 0.992 0.980 0.972 0.997 0.945
90 0.064 0.105 -0.010 0.983 0.989 0.977 0.941 0.998 0.953
91 0.117 0.035 0.054 0.992 0.978 0.983 0.953 0.992 0.953
92 0.063 0.024 0.060 0.981 0.984 0.988 0.980 0.994 0.953
93 0.065 0.096 0.058 0.989 0.983 0.989 0.952 0.988 0.952
94 0.042 0.059 0.075 0.983 0.984 0.986 0.969 0.994 0.939
95 0.045 0.063 0.048 0.988 0.980 0.983 0.925 0.998 0.925
96 -0.006 0.102 0.009 0.984 0.991 0.981 0.942 0.994 0.939
97 0.057 0.067 0.015 0.980 0.989 0.981 0.933 0.994 0.931
98 -0.011 0.103 -0.008 0.981 0.989 0.981 0.936 0.998 0.919
99 0.031 0.060 0.044 0.984 0.988 0.984 0.950 0.994 0.944
100 0.096 0.094 -0.010 0.981 0.989 0.980 0.963 0.992 0.933
101 0.056 0.065 0.130 0.983 0.984 0.988 0.945 0.998 0.936
102 0.038 0.058 0.069 0.983 0.984 0.983 0.955 0.992 0.919
103 0.063 0.057 -0.034 0.986 0.988 0.966 0.931 0.998 0.945
104 -0.027 -0.001 0.098 0.972 0.977 0.988 0.961 0.997 0.955
105 0.120 0.113 0.067 0.994 0.991 0.983 0.944 0.998 0.931
106 0.085 0.048 0.063 0.981 0.978 0.981 0.952 0.995 0.944
107 0.138 0.067 0.049 0.988 0.986 0.988 0.966 0.995 0.944
108 0.076 0.016 0.031 0.984 0.978 0.983 0.911 0.989 0.898
109 0.046 0.107 0.088 0.980 0.992 0.988 0.955 0.994 0.945
110 -0.014 -0.006 0.010 0.978 0.978 0.980 0.972 0.995 0.961
111 0.077 0.027 -0.001 0.975 0.988 0.983 0.955 0.989 0.958
112 0.090 0.091 -0.015 0.986 0.994 0.978 0.961 0.995 0.959
113 0.077 0.085 0.011 0.988 0.986 0.972 0.972 0.995 0.956
114 0.080 0.115 -0.014 0.981 0.989 0.975 0.938 0.992 0.922
115 0.104 0.075 0.034 0.989 0.981 0.972 0.973 0.995 0.955
116 0.105 0.056 -0.030 0.991 0.986 0.972 0.945 0.998 0.947
117 -0.034 0.088 -0.033 0.966 0.984 0.972 0.875 0.989 0.895
118 0.143 0.121 -0.057 0.986 0.988 0.972 0.945 0.995 0.927
119 0.049 0.099 0.128 0.983 0.988 0.986 0.956 0.994 0.938
120 0.079 0.029 0.024 0.991 0.980 0.983 0.939 0.998 0.914
121 -0.015 0.060 0.035 0.972 0.988 0.983 0.925 0.989 0.923
122 0.069 0.087 0.060 0.984 0.986 0.989 0.950 0.995 0.948
123 0.092 0.111 0.093 0.994 0.986 0.984 0.945 0.997 0.945
124 0.093 0.058 0.071 0.986 0.978 0.981 0.963 0.995 0.955
125 0.071 0.111 0.033 0.984 0.988 0.984 0.944 0.995 0.945
126 0.137 0.133 0.008 0.992 0.986 0.975 0.955 0.995 0.950
127 0.148 0.149 0.048 0.988 0.992 0.980 0.964 0.998 0.934
128 0.092 0.108 -0.018 0.991 0.984 0.980 0.955 0.998 0.911
129 0.147 0.105 0.005 0.986 0.984 0.978 0.977 0.997 0.959
130 0.111 0.031 0.056 0.978 0.977 0.986 0.947 0.989 0.934
131 0.066 0.071 0.030 0.980 0.984 0.980 0.958 0.995 0.931
132 0.104 0.086 -0.082 0.986 0.992 0.972 0.959 0.997 0.933
133 0.033 0.047 0.107 0.991 0.980 0.983 0.959 0.997 0.958
134 0.075 0.083 0.016 0.983 0.986 0.975 0.961 0.997 0.930
135 -0.028 0.101 0.059 0.972 0.988 0.986 0.961 0.998 0.959
136 0.036 0.051 0.036 0.978 0.981 0.983 0.961 0.997 0.958
137 0.043 0.103 0.025 0.978 0.984 0.975 0.922 0.991 0.914
138 0.138 0.094 0.051 0.988 0.991 0.980 0.967 0.995 0.936
139 0.124 0.134 -0.038 0.989 0.988 0.978 0.948 0.994 0.902
140 0.112 0.064 0.103 0.988 0.980 0.989 0.948 0.997 0.942
141 0.090 0.152 -0.018 0.981 0.989 0.973 0.963 1.000 0.956
142 0.071 0.096 -0.018 0.986 0.988 0.973 0.964 0.995 0.945
143 0.140 0.111 0.039 0.991 0.991 0.978 0.986 0.994 0.961
144 0.046 0.066 -0.065 0.981 0.986 0.970 0.969 0.998 0.958
145 0.108 0.082 0.104 0.989 0.983 0.984 0.936 0.998 0.930
146 0.073 0.134 -0.032 0.989 0.988 0.977 0.947 0.998 0.947
147 0.172 0.139 0.027 0.991 0.984 0.980 0.975 0.992 0.964
148 0.066 0.090 0.074 0.995 0.989 0.981 0.958 0.995 0.925
149 0.122 0.046 0.058 0.983 0.986 0.980 0.961 0.994 0.961
150 0.056 0.137 0.104 0.980 0.988 0.981 0.939 1.000 0.919
151 0.088 0.095 -0.027 0.989 0.986 0.970 0.972 0.997 0.956
152 0.074 0.121 0.002 0.983 0.988 0.973 0.945 1.000 0.938
153 0.101 0.103 0.055 0.989 0.988 0.977 0.956 0.992 0.898
154 0.110 0.122 0.032 0.986 0.980 0.977 0.942 0.997 0.917
155 0.062 0.035 0.003 0.977 0.986 0.975 0.923 0.998 0.920
156 0.129 0.101 0.063 0.983 0.983 0.981 0.953 0.992 0.953
157 0.091 0.077 0.045 0.984 0.981 0.981 0.953 0.997 0.927
158 0.145 0.014 0.006 0.989 0.986 0.975 0.956 0.997 0.953
159 0.164 0.105 0.014 0.994 0.988 0.967 0.963 0.995 0.923
160 0.067 0.120 0.028 0.981 0.988 0.981 0.970 0.995 0.944
161 0.140 0.097 0.049 0.988 0.986 0.973 0.922 0.994 0.906
162 0.073 0.104 0.009 0.984 0.991 0.972 0.959 0.995 0.947
163 -0.274 -0.315 -0.355 0.933 0.906 0.934 0.838 0.963 0.831
164 0.112 0.092 -0.028 0.991 0.986 0.973 0.934 0.997 0.920
165 0.067 0.074 0.027 0.984 0.988 0.988 0.942 0.994 0.934
166 0.086 0.038 -0.101 0.991 0.986 0.967 0.980 0.994 0.923
167 0.114 0.135 0.036 0.991 0.995 0.980 0.956 0.998 0.938
168 0.096 0.066 0.076 0.984 0.983 0.984 0.973 0.998 0.953
169 0.125 0.105 0.085 0.988 0.983 0.991 0.963 0.997 0.939
170 0.087 0.160 -0.161 0.991 0.992 0.959 0.959 0.989 0.941
171 0.024 0.095 0.110 0.981 0.989 0.986 0.989 0.998 0.973
172 0.032 0.124 -0.003 0.984 0.989 0.977 0.969 1.000 0.945
173 0.039 0.109 0.008 0.983 0.988 0.973 0.963 0.998 0.947
174 0.039 0.076 0.041 0.983 0.988 0.981 0.963 0.998 0.953
175 0.135 0.077 0.036 0.992 0.981 0.986 0.964 0.997 0.952
176 0.130 0.065 0.011 0.989 0.984 0.981 0.967 0.984 0.953
177 0.034 0.108 0.058 0.988 0.994 0.984 0.961 0.997 0.956
178 0.109 0.096 0.057 0.991 0.986 0.980 0.977 0.994 0.959
179 0.094 0.151 0.044 0.988 0.997 0.978 0.903 0.995 0.928
180 0.132 0.064 0.062 0.997 0.978 0.984 0.964 0.995 0.945
181 0.071 0.135 0.051 0.983 0.991 0.980 0.944 0.998 0.939
182 0.073 0.072 0.076 0.980 0.989 0.980 0.948 0.998 0.966
183 0.094 0.175 0.019 0.992 0.997 0.980 0.977 0.997 0.963
184 0.067 0.097 0.018 0.983 0.984 0.986 0.950 0.995 0.920
185 0.130 0.110 0.058 0.986 0.991 0.981 0.950 0.998 0.941
186 0.073 0.075 0.022 0.983 0.991 0.973 0.945 0.995 0.906
187 0.052 0.123 0.033 0.983 0.989 0.975 0.939 1.000 0.934
188 0.136 0.155 0.080 0.989 0.995 0.988 0.945 0.997 0.939
189 0.099 0.072 0.063 0.988 0.978 0.988 0.936 0.998 0.942
190 0.108 0.089 0.088 0.989 0.984 0.980 0.945 0.995 0.936
191 0.155 0.129 -0.084 0.989 0.994 0.969 0.908 0.992 0.903
192 0.016 0.142 0.090 0.984 0.988 0.988 0.978 0.995 0.961
193 0.102 0.118 0.070 0.989 0.991 0.988 0.970 0.994 0.969
194 0.100 0.082 0.046 0.986 0.983 0.986 0.944 0.992 0.934
195 0.034 0.124 0.058 0.972 0.991 0.988 0.964 0.997 0.953
196 0.090 0.137 0.084 0.981 0.988 0.991 0.972 0.998 0.945
197 0.084 0.071 0.060 0.978 0.988 0.981 0.947 0.995 0.928
198 0.100 0.177 0.076 0.986 0.986 0.989 0.948 0.998 0.955
199 0.086 0.037 0.080 0.984 0.986 0.983 0.961 0.991 0.934
200 0.058 0.037 0.111 0.983 0.983 0.978 0.973 0.997 0.950
201 0.042 0.114 0.062 0.986 0.986 0.984 0.973 0.998 0.959
202 0.083 0.044 0.078 0.981 0.978 0.984 0.977 0.995 0.967
203 0.056 0.102 0.062 0.983 0.984 0.986 0.967 0.997 0.939
204 0.043 0.099 0.084 0.986 0.988 0.986 0.944 0.997 0.928
205 -0.049 0.119 0.052 0.973 0.992 0.989 0.955 0.998 0.930
206 0.068 0.104 0.066 0.981 0.986 0.980 0.930 0.992 0.939
207 0.164 0.046 0.061 0.989 0.983 0.983 0.950 0.997 0.938
208 0.133 0.128 0.041 0.988 0.989 0.977 0.969 0.998 0.953
209 0.040 0.101 0.122 0.983 0.988 0.991 0.973 0.998 0.955
210 0.058 0.144 0.036 0.983 0.994 0.973 0.975 0.995 0.967
211 0.074 0.060 0.060 0.978 0.984 0.981 0.947 0.994 0.956
212 0.133 0.021 0.038 0.988 0.980 0.978 0.942 0.998 0.927
213 0.038 0.105 0.139 0.981 0.989 0.989 0.953 1.000 0.947
214 0.112 0.112 0.120 0.991 0.991 0.989 0.953 0.997 0.950
215 0.122 0.151 0.032 0.988 0.994 0.984 0.947 1.000 0.953
216 0.109 0.071 0.033 0.986 0.991 0.984 0.955 0.994 0.936
217 0.083 0.067 0.054 0.986 0.983 0.986 0.916 1.000 0.920
218 0.087 0.131 0.055 0.983 0.994 0.980 0.923 0.995 0.922
219 0.109 0.122 0.110 0.988 0.989 0.984 0.941 0.995 0.922
220 0.077 0.123 0.098 0.984 0.992 0.984 0.945 0.998 0.944
221 0.143 0.164 0.076 0.991 0.995 0.984 0.973 1.000 0.967
222 0.124 0.120 -0.000 0.992 0.984 0.981 0.966 1.000 0.977
223 0.102 0.058 0.087 0.989 0.988 0.989 0.956 0.992 0.944
224 0.078 0.162 0.062 0.991 0.988 0.977 0.948 0.995 0.930
225 -0.043 0.107 -0.098 0.969 0.988 0.964 0.855 0.991 0.820
226 0.068 0.028 0.057 0.980 0.984 0.991 0.942 0.995 0.931
227 0.053 0.121 0.004 0.978 0.989 0.977 0.959 0.995 0.948
228 0.093 0.133 -0.006 0.986 0.986 0.975 0.958 0.997 0.942
229 0.032 0.093 0.144 0.986 0.992 0.988 0.947 0.994 0.941
230 0.137 0.055 0.035 0.988 0.978 0.980 0.958 0.998 0.933
231 0.119 0.079 0.066 0.986 0.986 0.989 0.931 0.997 0.933
232 0.082 0.112 0.031 0.981 0.986 0.975 0.931 0.997 0.928
233 0.037 0.064 0.061 0.977 0.981 0.986 0.945 0.998 0.961
234 0.123 0.094 0.082 0.991 0.988 0.989 0.955 0.998 0.927
235 0.129 0.069 0.122 0.988 0.981 0.991 0.964 0.997 0.948
236 0.135 0.068 0.124 0.989 0.977 0.992 0.936 0.997 0.938
237 0.081 0.127 0.112 0.986 0.988 0.981 0.963 0.994 0.955
238 0.083 0.054 0.106 0.981 0.984 0.988 0.955 0.997 0.952
239 0.124 0.028 0.145 0.992 0.980 0.995 0.942 0.998 0.939
240 0.087 0.164 0.092 0.983 0.992 0.988 0.956 0.997 0.939
241 0.116 0.098 0.098 0.988 0.991 0.986 0.938 0.997 0.941
242 0.087 0.072 0.127 0.989 0.988 0.984 0.970 0.998 0.956
243 0.123 0.142 0.147 0.988 0.988 0.991 0.964 0.998 0.959
244 0.070 0.107 0.033 0.986 0.984 0.978 0.956 0.995 0.933
245 0.084 0.162 0.133 0.988 0.994 0.986 0.955 0.997 0.945
246 0.119 0.161 0.065 0.983 0.992 0.983 0.972 0.995 0.939
247 0.070 0.115 0.060 0.981 0.994 0.980 0.952 0.998 0.922
248 0.089 0.119 0.052 0.986 0.991 0.980 0.944 1.000 0.930
249 0.111 0.164 0.027 0.989 0.997 0.981 0.963 1.000 0.931
250 0.124 0.138 0.056 0.984 0.994 0.977 0.950 0.998 0.948
251 0.106 0.150 0.080 0.988 0.988 0.983 0.947 0.997 0.942
252 0.089 0.097 0.080 0.981 0.989 0.988 0.964 0.995 0.953
253 0.140 0.073 0.155 0.992 0.983 0.992 0.977 0.997 0.958
254 0.149 0.111 0.032 0.992 0.981 0.981 0.983 0.995 0.972
255 0.081 0.125 0.118 0.981 0.988 0.981 0.952 0.997 0.950
256 0.057 0.107 0.043 0.991 0.986 0.983 0.967 1.000 0.925
257 0.061 0.080 0.111 0.984 0.986 0.984 0.952 0.997 0.939
258 -0.006 0.097 0.108 0.975 0.986 0.989 0.948 0.997 0.956
259 0.065 0.083 0.087 0.983 0.991 0.984 0.928 0.997 0.919
260 0.046 0.123 0.074 0.977 0.984 0.983 0.934 0.998 0.925
261 0.120 0.189 0.050 0.984 0.994 0.986 0.952 0.997 0.959
262 0.136 0.088 0.062 0.991 0.980 0.984 0.970 0.998 0.936
263 0.113 0.077 0.115 0.986 0.991 0.984 0.961 0.997 0.948
264 0.110 0.107 0.084 0.991 0.984 0.984 0.936 0.997 0.953
265 0.080 0.103 0.139 0.984 0.981 0.989 0.944 0.998 0.931
266 0.067 0.132 0.050 0.986 0.994 0.978 0.964 0.998 0.950
267 0.101 0.141 0.050 0.983 0.986 0.988 0.952 0.997 0.955
268 0.113 0.007 -0.009 0.983 0.978 0.969 0.930 0.997 0.889
269 0.194 0.174 0.099 0.991 0.992 0.992 0.961 0.995 0.909
270 0.109 0.120 0.050 0.991 0.988 0.980 0.941 0.995 0.948
271 0.021 0.155 0.014 0.981 0.995 0.973 0.947 0.989 0.927
272 -0.136 -0.016 -0.208 0.966 0.978 0.950 0.827 0.952 0.855
273 0.093 0.075 0.103 0.980 0.983 0.983 0.933 0.995 0.927
274 0.104 0.116 0.014 0.986 0.989 0.973 0.930 0.997 0.920
275 0.093 0.091 0.089 0.984 0.989 0.991 0.930 0.998 0.919
276 0.108 0.158 0.110 0.988 0.995 0.988 0.964 0.995 0.969
277 0.041 0.062 0.137 0.981 0.984 0.989 0.947 0.986 0.939
278 0.164 0.107 0.155 0.992 0.986 0.991 0.944 0.995 0.942
279 0.101 0.038 0.143 0.992 0.989 0.994 0.970 1.000 0.966
280 0.076 0.128 0.058 0.977 0.989 0.983 0.972 0.998 0.953
281 0.109 0.123 0.044 0.984 0.981 0.988 0.941 0.998 0.930
282 0.015 -0.030 0.124 0.984 0.978 0.991 0.969 0.997 0.953
283 0.065 0.128 0.099 0.984 0.994 0.989 0.973 1.000 0.958
284 0.100 0.115 0.055 0.984 0.992 0.977 0.938 0.995 0.925
285 0.128 0.107 0.105 0.984 0.984 0.981 0.923 0.994 0.905
286 0.123 0.106 -0.006 0.988 0.986 0.977 0.939 0.997 0.920
287 0.095 0.199 0.153 0.984 0.995 0.984 0.963 0.995 0.933
288 0.112 0.163 0.137 0.984 0.988 0.991 0.939 0.998 0.900
289 0.058 0.080 0.102 0.986 0.983 0.991 0.952 0.992 0.936
290 0.127 0.183 0.068 0.994 0.992 0.988 0.944 0.998 0.934
291 0.095 0.164 0.053 0.984 0.994 0.978 0.938 0.998 0.956
292 0.053 0.148 0.095 0.984 0.991 0.983 0.977 0.998 0.961
293 0.099 0.132 0.045 0.988 0.988 0.983 0.977 0.997 0.956
294 0.119 0.074 0.020 0.995 0.994 0.980 0.944 0.997 0.934
295 0.062 0.088 0.086 0.984 0.991 0.988 0.945 0.994 0.911
296 0.106 0.108 0.053 0.991 0.983 0.978 0.931 0.997 0.941
297 0.042 0.057 0.093 0.983 0.988 0.978 0.923 0.998 0.928
298 0.115 0.101 0.006 0.988 0.991 0.978 0.959 1.000 0.927
299 0.100 0.039 0.129 0.988 0.981 0.992 0.953 1.000 0.939
300 0.125 0.114 0.045 0.994 0.983 0.988 0.975 0.997 0.966
301 0.073 0.058 0.102 0.983 0.988 0.986 0.972 0.998 0.956
301 0.073 0.058 0.102 0.983 0.988 0.986 0.972 0.998 0.956
