1 0.085 0.091 0.092 0.986 0.984 0.985 0.987 0.998 0.978
2 -0.133 -0.193 -0.558 0.961 0.952 0.896 0.959 0.987 0.832
3 -0.916 -0.797 -1.169 0.858 0.879 0.817 0.916 0.969 0.755
1 0.071 0.106 0.066 0.984 0.989 0.983 0.986 0.996 0.982
2 -0.760 -0.737 -0.917 0.882 0.889 0.857 0.952 0.975 0.887
3 -0.895 -0.860 -1.007 0.863 0.871 0.857 0.922 0.976 0.899
4 -0.638 -0.653 -0.786 0.899 0.900 0.889 0.927 0.983 0.894
5 -0.689 -0.689 -0.831 0.903 0.903 0.893 0.926 0.980 0.909
6 -0.601 -0.619 -0.688 0.917 0.912 0.908 0.937 0.978 0.923
7 -0.551 -0.590 -0.733 0.921 0.921 0.912 0.908 0.971 0.894
8 -0.504 -0.410 -0.704 0.930 0.943 0.914 0.934 0.978 0.919
9 -0.569 -0.547 -0.700 0.927 0.929 0.914 0.922 0.962 0.876
10 -0.507 -0.504 -0.581 0.936 0.938 0.926 0.953 0.974 0.936
11 -0.618 -0.582 -0.734 0.922 0.921 0.909 0.923 0.976 0.900
12 -0.434 -0.516 -0.589 0.948 0.938 0.935 0.935 0.976 0.936
13 -0.688 -0.712 -0.760 0.915 0.908 0.911 0.955 0.980 0.937
14 -0.510 -0.449 -0.528 0.944 0.947 0.934 0.859 0.963 0.840
15 -0.740 -0.615 -0.710 0.909 0.929 0.917 0.934 0.975 0.918
16 -0.577 -0.586 -0.653 0.926 0.934 0.923 0.941 0.973 0.934
17 -0.453 -0.475 -0.521 0.954 0.947 0.944 0.945 0.976 0.942
18 -0.388 -0.368 -0.389 0.951 0.953 0.950 0.946 0.981 0.931
19 -0.513 -0.520 -0.580 0.946 0.941 0.938 0.946 0.972 0.926
20 -0.479 -0.423 -0.538 0.943 0.951 0.935 0.931 0.973 0.919
21 -0.368 -0.328 -0.384 0.953 0.958 0.959 0.929 0.974 0.912
22 -0.513 -0.454 -0.532 0.943 0.950 0.942 0.931 0.972 0.902
23 -0.494 -0.416 -0.460 0.941 0.951 0.951 0.928 0.977 0.905
24 -0.465 -0.505 -0.505 0.947 0.941 0.948 0.941 0.971 0.907
25 -0.429 -0.374 -0.450 0.946 0.963 0.949 0.930 0.980 0.924
26 -0.293 -0.304 -0.374 0.964 0.963 0.956 0.930 0.980 0.922
27 -0.408 -0.373 -0.419 0.951 0.950 0.956 0.927 0.976 0.919
28 -0.393 -0.397 -0.439 0.957 0.953 0.953 0.936 0.981 0.923
29 -0.353 -0.319 -0.373 0.958 0.959 0.958 0.929 0.978 0.910
30 -0.235 -0.204 -0.284 0.970 0.973 0.971 0.929 0.979 0.929
31 -0.245 -0.211 -0.254 0.966 0.967 0.966 0.945 0.982 0.922
32 -0.298 -0.372 -0.432 0.962 0.953 0.953 0.945 0.979 0.933
33 -0.249 -0.260 -0.284 0.967 0.966 0.961 0.936 0.980 0.934
34 -0.307 -0.310 -0.354 0.961 0.960 0.958 0.948 0.980 0.937
35 -0.209 -0.186 -0.262 0.970 0.969 0.967 0.952 0.981 0.936
36 -0.254 -0.243 -0.309 0.967 0.966 0.962 0.949 0.984 0.918
37 -0.265 -0.175 -0.292 0.964 0.972 0.967 0.934 0.981 0.932
38 -0.220 -0.238 -0.303 0.970 0.966 0.960 0.947 0.981 0.919
39 -0.167 -0.191 -0.258 0.976 0.973 0.964 0.949 0.984 0.932
40 -0.201 -0.176 -0.217 0.971 0.972 0.972 0.944 0.985 0.939
41 -0.107 -0.079 -0.099 0.980 0.978 0.979 0.941 0.986 0.931
42 -0.108 -0.142 -0.132 0.978 0.972 0.978 0.956 0.981 0.939
43 -0.072 -0.084 -0.150 0.981 0.981 0.976 0.920 0.980 0.923
44 -0.136 -0.118 -0.212 0.978 0.978 0.971 0.914 0.984 0.917
45 -0.121 -0.103 -0.176 0.977 0.975 0.974 0.946 0.984 0.927
46 -0.113 -0.045 -0.095 0.974 0.982 0.979 0.954 0.985 0.940
47 -0.053 -0.010 -0.069 0.982 0.985 0.981 0.953 0.988 0.958
48 -0.110 -0.099 -0.122 0.975 0.975 0.977 0.943 0.981 0.943
49 -0.092 -0.077 -0.127 0.979 0.980 0.977 0.952 0.985 0.945
50 -0.020 -0.056 -0.102 0.984 0.981 0.975 0.949 0.986 0.949
51 -0.037 -0.033 -0.024 0.981 0.979 0.985 0.950 0.986 0.947
52 0.009 0.000 -0.074 0.987 0.985 0.976 0.950 0.988 0.940
53 -0.030 -0.044 -0.105 0.978 0.978 0.978 0.931 0.985 0.922
54 -0.019 0.021 -0.072 0.981 0.983 0.980 0.952 0.988 0.933
55 -0.003 -0.020 -0.055 0.982 0.981 0.978 0.964 0.990 0.945
56 0.001 0.036 -0.079 0.981 0.986 0.978 0.953 0.990 0.941
57 0.031 -0.004 -0.010 0.984 0.978 0.983 0.959 0.993 0.949
58 -0.012 0.018 -0.072 0.982 0.982 0.981 0.964 0.987 0.940
59 0.022 0.022 0.025 0.983 0.982 0.985 0.964 0.987 0.947
60 0.051 0.078 -0.002 0.984 0.984 0.983 0.967 0.987 0.949
61 -0.006 0.025 -0.022 0.982 0.983 0.979 0.957 0.993 0.939
62 0.051 0.065 0.004 0.983 0.986 0.979 0.951 0.990 0.940
63 0.136 0.118 0.086 0.991 0.987 0.990 0.960 0.992 0.952
64 0.101 0.104 0.067 0.989 0.988 0.983 0.954 0.989 0.946
65 0.087 0.163 0.087 0.984 0.991 0.986 0.964 0.992 0.937
66 0.111 0.138 0.056 0.986 0.987 0.983 0.965 0.991 0.952
67 0.156 0.151 0.135 0.989 0.985 0.988 0.974 0.992 0.943
68 0.163 0.156 0.093 0.990 0.989 0.985 0.965 0.993 0.963
69 0.141 0.159 0.097 0.988 0.989 0.987 0.967 0.992 0.957
70 0.150 0.173 0.123 0.991 0.992 0.988 0.966 0.989 0.953
71 0.157 0.176 0.153 0.989 0.991 0.990 0.964 0.988 0.944
72 0.147 0.148 0.131 0.989 0.989 0.988 0.981 0.993 0.972
73 0.174 0.188 0.157 0.988 0.990 0.989 0.972 0.988 0.964
74 0.174 0.153 0.089 0.991 0.987 0.983 0.973 0.994 0.952
75 0.158 0.185 0.128 0.985 0.987 0.989 0.977 0.993 0.967
76 0.180 0.192 0.148 0.991 0.987 0.986 0.984 0.991 0.974
77 0.189 0.172 0.172 0.991 0.988 0.989 0.964 0.993 0.964
78 0.181 0.203 0.200 0.989 0.991 0.990 0.981 0.992 0.977
79 0.178 0.182 0.179 0.988 0.988 0.988 0.963 0.993 0.961
80 0.214 0.186 0.176 0.990 0.989 0.990 0.976 0.994 0.974
81 0.189 0.210 0.204 0.988 0.992 0.989 0.986 0.995 0.979
82 0.193 0.205 0.190 0.988 0.990 0.988 0.989 0.995 0.984
83 0.224 0.222 0.209 0.992 0.993 0.991 0.988 0.995 0.978
84 0.205 0.209 0.187 0.991 0.988 0.988 0.980 0.993 0.979
85 0.209 0.229 0.212 0.991 0.992 0.991 0.971 0.994 0.967
86 0.209 0.226 0.235 0.988 0.993 0.992 0.980 0.997 0.980
87 0.234 0.189 0.225 0.992 0.989 0.993 0.986 0.994 0.980
88 0.225 0.228 0.209 0.991 0.991 0.988 0.988 0.996 0.983
89 0.208 0.200 0.181 0.988 0.989 0.988 0.987 0.995 0.978
90 0.189 0.198 0.182 0.990 0.991 0.988 0.984 0.994 0.983
91 0.246 0.215 0.208 0.992 0.990 0.986 0.985 0.994 0.977
92 0.231 0.215 0.183 0.993 0.991 0.986 0.992 0.996 0.986
93 0.204 0.239 0.204 0.988 0.992 0.988 0.991 0.994 0.988
94 0.218 0.242 0.217 0.991 0.993 0.991 0.978 0.996 0.976
95 0.224 0.255 0.226 0.991 0.993 0.991 0.977 0.997 0.972
96 0.237 0.232 0.227 0.994 0.991 0.993 0.986 0.997 0.981
97 0.218 0.229 0.219 0.990 0.990 0.990 0.988 0.994 0.985
98 0.200 0.221 0.207 0.986 0.988 0.989 0.985 0.995 0.979
99 0.236 0.250 0.214 0.990 0.991 0.990 0.980 0.997 0.977
100 0.222 0.244 0.219 0.988 0.991 0.988 0.986 0.997 0.987
101 0.230 0.251 0.240 0.989 0.992 0.991 0.982 0.996 0.980
102 0.242 0.244 0.233 0.989 0.991 0.988 0.992 0.997 0.988
103 0.237 0.245 0.209 0.990 0.991 0.988 0.978 0.994 0.981
104 0.209 0.218 0.229 0.990 0.989 0.992 0.976 0.995 0.970
105 0.241 0.249 0.204 0.991 0.993 0.988 0.987 0.997 0.988
106 0.220 0.255 0.214 0.988 0.991 0.989 0.988 0.996 0.987
107 0.246 0.261 0.212 0.993 0.992 0.988 0.982 0.997 0.983
108 0.251 0.271 0.227 0.994 0.992 0.987 0.983 0.997 0.985
109 0.235 0.237 0.250 0.992 0.990 0.992 0.983 0.998 0.978
110 0.214 0.234 0.250 0.988 0.993 0.994 0.985 0.998 0.981
111 0.247 0.264 0.235 0.992 0.994 0.988 0.987 0.996 0.988
112 0.265 0.239 0.226 0.993 0.992 0.991 0.990 0.997 0.992
113 0.251 0.233 0.252 0.992 0.992 0.992 0.981 0.995 0.970
114 0.260 0.254 0.220 0.991 0.992 0.989 0.970 0.997 0.967
115 0.238 0.232 0.234 0.990 0.992 0.993 0.956 0.996 0.963
116 0.254 0.257 0.243 0.993 0.994 0.993 0.986 0.998 0.985
117 0.228 0.233 0.229 0.990 0.989 0.991 0.983 0.996 0.980
118 0.244 0.256 0.276 0.991 0.994 0.993 0.988 0.997 0.986
119 0.203 0.221 0.243 0.988 0.992 0.990 0.991 0.995 0.985
120 0.240 0.241 0.259 0.992 0.990 0.992 0.985 0.997 0.985
121 0.231 0.268 0.250 0.992 0.995 0.993 0.986 0.997 0.978
122 0.241 0.257 0.244 0.988 0.992 0.988 0.989 0.997 0.980
123 0.249 0.242 0.261 0.991 0.991 0.991 0.978 0.995 0.979
124 0.259 0.249 0.265 0.992 0.992 0.992 0.970 0.994 0.965
125 0.255 0.262 0.221 0.993 0.992 0.991 0.984 0.998 0.983
126 0.242 0.240 0.257 0.993 0.991 0.991 0.978 0.996 0.982
127 0.247 0.251 0.253 0.990 0.993 0.992 0.983 0.997 0.982
128 0.254 0.258 0.254 0.992 0.993 0.991 0.988 0.998 0.988
129 0.244 0.244 0.252 0.990 0.991 0.993 0.981 0.996 0.987
130 0.245 0.267 0.266 0.992 0.993 0.993 0.979 0.996 0.974
131 0.241 0.256 0.243 0.992 0.992 0.990 0.988 0.997 0.988
132 0.248 0.238 0.259 0.991 0.990 0.993 0.975 0.999 0.975
133 0.272 0.266 0.259 0.993 0.993 0.990 0.980 0.997 0.977
134 0.250 0.240 0.228 0.992 0.992 0.986 0.982 0.996 0.978
135 0.274 0.268 0.234 0.993 0.993 0.990 0.968 0.997 0.973
136 0.229 0.257 0.229 0.988 0.992 0.990 0.986 0.996 0.985
137 0.251 0.238 0.222 0.990 0.991 0.990 0.984 0.998 0.983
138 0.257 0.264 0.244 0.990 0.991 0.992 0.988 0.997 0.987
139 0.259 0.246 0.246 0.993 0.993 0.992 0.982 0.998 0.981
140 0.245 0.255 0.243 0.989 0.993 0.990 0.988 0.996 0.985
141 0.272 0.257 0.245 0.994 0.993 0.992 0.991 0.996 0.989
142 0.251 0.259 0.237 0.990 0.992 0.989 0.995 0.998 0.991
143 0.230 0.247 0.227 0.990 0.991 0.989 0.988 0.998 0.983
144 0.258 0.276 0.228 0.994 0.994 0.991 0.980 0.995 0.979
145 0.251 0.250 0.205 0.992 0.990 0.985 0.982 0.998 0.985
146 0.239 0.274 0.255 0.989 0.994 0.993 0.988 0.996 0.986
147 0.250 0.241 0.233 0.991 0.991 0.993 0.989 0.997 0.986
148 0.244 0.237 0.229 0.990 0.988 0.987 0.986 0.998 0.981
149 0.268 0.267 0.253 0.992 0.994 0.992 0.981 0.997 0.981
150 0.224 0.272 0.245 0.992 0.994 0.991 0.986 0.999 0.979
151 0.272 0.246 0.251 0.995 0.990 0.990 0.985 0.997 0.979
152 0.245 0.253 0.243 0.992 0.991 0.991 0.992 0.998 0.993
153 0.275 0.261 0.267 0.994 0.990 0.991 0.989 0.998 0.990
154 0.274 0.255 0.240 0.992 0.992 0.989 0.982 0.995 0.981
155 0.258 0.277 0.280 0.991 0.994 0.994 0.985 0.997 0.985
156 0.261 0.286 0.260 0.991 0.994 0.991 0.992 0.998 0.991
157 0.247 0.295 0.272 0.992 0.997 0.994 0.979 0.998 0.981
158 0.236 0.246 0.260 0.990 0.989 0.994 0.993 0.998 0.988
159 0.269 0.255 0.256 0.993 0.991 0.990 0.993 0.998 0.992
160 0.255 0.265 0.249 0.991 0.993 0.992 0.992 0.998 0.989
161 0.273 0.248 0.252 0.993 0.993 0.991 0.983 0.997 0.984
162 0.267 0.251 0.260 0.993 0.991 0.992 0.992 0.996 0.992
163 0.277 0.253 0.255 0.994 0.991 0.992 0.978 0.997 0.974
164 0.262 0.269 0.237 0.993 0.993 0.989 0.986 0.999 0.988
165 0.274 0.273 0.256 0.994 0.993 0.993 0.986 0.996 0.983
166 0.254 0.216 0.241 0.991 0.989 0.993 0.992 0.998 0.993
167 0.239 0.230 0.237 0.992 0.992 0.992 0.991 0.998 0.993
168 0.253 0.234 0.259 0.992 0.989 0.993 0.983 0.998 0.984
169 0.267 0.258 0.262 0.993 0.994 0.994 0.985 0.997 0.984
170 0.245 0.263 0.231 0.990 0.993 0.989 0.987 0.998 0.982
171 0.235 0.266 0.262 0.989 0.994 0.994 0.981 0.997 0.981
172 0.252 0.263 0.246 0.993 0.993 0.991 0.996 0.998 0.989
173 0.269 0.276 0.262 0.994 0.993 0.993 0.965 0.995 0.969
174 0.268 0.268 0.262 0.994 0.993 0.993 0.968 0.998 0.970
175 0.247 0.256 0.255 0.992 0.993 0.992 0.981 0.998 0.983
176 0.260 0.250 0.229 0.993 0.991 0.990 0.971 0.999 0.979
177 0.275 0.259 0.243 0.992 0.995 0.992 0.974 0.998 0.975
178 0.268 0.234 0.257 0.993 0.991 0.992 0.975 0.997 0.974
179 0.264 0.249 0.256 0.992 0.991 0.991 0.979 0.997 0.975
180 0.273 0.288 0.255 0.993 0.994 0.993 0.994 0.999 0.991
181 0.279 0.280 0.247 0.995 0.994 0.991 0.978 0.998 0.979
182 0.247 0.270 0.274 0.990 0.990 0.992 0.993 0.997 0.990
183 0.256 0.283 0.270 0.992 0.994 0.992 0.981 0.998 0.977
184 0.251 0.241 0.272 0.989 0.992 0.994 0.984 0.999 0.980
185 0.269 0.274 0.250 0.993 0.991 0.991 0.977 0.998 0.980
186 0.226 0.238 0.252 0.988 0.987 0.991 0.976 0.998 0.979
187 0.248 0.248 0.256 0.990 0.990 0.993 0.983 0.996 0.982
188 0.241 0.264 0.246 0.992 0.993 0.993 0.987 0.998 0.985
189 0.261 0.276 0.267 0.993 0.995 0.989 0.991 0.998 0.987
190 0.262 0.282 0.248 0.994 0.993 0.990 0.988 0.999 0.985
191 0.278 0.264 0.245 0.993 0.994 0.988 0.988 0.999 0.990
192 0.269 0.240 0.267 0.995 0.992 0.991 0.992 0.999 0.990
193 0.267 0.275 0.255 0.993 0.994 0.990 0.995 0.999 0.993
194 0.269 0.261 0.272 0.992 0.992 0.992 0.987 0.999 0.992
195 0.275 0.269 0.264 0.993 0.995 0.991 0.996 0.998 0.994
196 0.268 0.285 0.279 0.991 0.992 0.992 0.975 0.998 0.976
197 0.278 0.260 0.270 0.993 0.993 0.996 0.993 0.998 0.993
198 0.247 0.259 0.251 0.991 0.990 0.991 0.987 0.997 0.985
199 0.259 0.254 0.229 0.991 0.990 0.988 0.979 0.999 0.977
200 0.252 0.251 0.243 0.993 0.988 0.992 0.992 0.999 0.988
201 0.279 0.268 0.270 0.990 0.989 0.989 0.987 0.999 0.985
202 0.272 0.272 0.287 0.992 0.992 0.993 0.988 0.998 0.986
203 0.294 0.269 0.251 0.995 0.995 0.993 0.988 0.997 0.988
204 0.267 0.276 0.268 0.993 0.993 0.993 0.982 0.998 0.979
205 0.249 0.277 0.279 0.991 0.992 0.992 0.982 0.999 0.977
206 0.269 0.261 0.269 0.993 0.992 0.991 0.990 0.998 0.993
207 0.250 0.267 0.257 0.989 0.991 0.991 0.985 0.998 0.982
208 0.286 0.267 0.293 0.993 0.991 0.997 0.984 0.998 0.985
209 0.260 0.278 0.252 0.993 0.993 0.992 0.988 0.998 0.987
210 0.233 0.252 0.218 0.988 0.991 0.989 0.962 0.996 0.960
211 0.282 0.262 0.262 0.993 0.993 0.992 0.972 0.997 0.968
212 0.276 0.284 0.235 0.995 0.992 0.991 0.987 0.997 0.983
213 0.270 0.266 0.281 0.995 0.993 0.994 0.982 0.998 0.983
214 0.272 0.290 0.268 0.992 0.995 0.991 0.992 0.998 0.992
215 0.291 0.286 0.275 0.992 0.991 0.995 0.988 0.998 0.990
216 0.279 0.291 0.297 0.993 0.994 0.995 0.983 0.998 0.983
217 0.230 0.251 0.242 0.989 0.992 0.990 0.993 0.998 0.993
218 0.268 0.261 0.258 0.994 0.992 0.993 0.989 0.999 0.986
219 0.286 0.245 0.279 0.994 0.990 0.993 0.993 0.998 0.993
220 0.224 0.247 0.274 0.988 0.990 0.992 0.959 0.997 0.953
221 0.261 0.264 0.278 0.993 0.991 0.993 0.979 0.997 0.980
222 0.264 0.253 0.274 0.993 0.991 0.994 0.984 0.998 0.985
223 0.269 0.307 0.264 0.993 0.996 0.993 0.972 0.999 0.975
224 0.268 0.284 0.260 0.991 0.995 0.991 0.992 0.998 0.991
225 0.264 0.254 0.266 0.991 0.992 0.993 0.994 0.997 0.994
226 0.261 0.272 0.293 0.992 0.993 0.996 0.973 0.998 0.979
227 0.237 0.289 0.267 0.989 0.993 0.994 0.995 0.997 0.991
228 0.239 0.262 0.238 0.990 0.993 0.989 0.988 0.999 0.988
229 0.241 0.272 0.262 0.988 0.993 0.991 0.984 0.996 0.982
230 0.253 0.273 0.262 0.989 0.992 0.990 0.990 0.998 0.992
231 0.295 0.267 0.264 0.995 0.990 0.990 0.980 0.998 0.981
232 0.294 0.273 0.295 0.998 0.993 0.995 0.985 0.998 0.982
233 0.254 0.273 0.269 0.993 0.993 0.992 0.994 0.998 0.993
234 0.262 0.262 0.273 0.993 0.992 0.994 0.978 0.996 0.983
235 0.270 0.271 0.270 0.991 0.992 0.990 0.992 0.998 0.991
236 0.276 0.276 0.258 0.992 0.994 0.994 0.990 0.998 0.990
237 0.287 0.261 0.266 0.991 0.993 0.989 0.992 0.999 0.992
238 0.276 0.272 0.279 0.992 0.994 0.993 0.997 0.998 0.996
239 0.260 0.268 0.258 0.992 0.992 0.991 0.990 0.998 0.990
240 0.267 0.260 0.287 0.994 0.993 0.993 0.990 0.999 0.990
241 0.274 0.302 0.261 0.993 0.995 0.993 0.988 0.998 0.993
242 0.260 0.289 0.285 0.990 0.994 0.995 0.989 0.997 0.981
243 0.270 0.269 0.237 0.993 0.994 0.990 0.995 0.998 0.996
244 0.257 0.281 0.241 0.991 0.993 0.990 0.993 0.999 0.995
245 0.228 0.270 0.258 0.989 0.993 0.990 0.995 0.998 0.996
246 0.274 0.288 0.256 0.992 0.994 0.989 0.982 0.998 0.984
247 0.269 0.272 0.248 0.992 0.990 0.991 0.994 0.998 0.993
248 0.266 0.264 0.253 0.994 0.993 0.992 0.995 0.996 0.991
249 0.251 0.268 0.264 0.991 0.991 0.992 0.994 0.998 0.994
250 0.260 0.253 0.260 0.993 0.989 0.991 0.986 0.997 0.980
251 0.297 0.271 0.299 0.994 0.993 0.992 0.994 0.997 0.992
252 0.276 0.302 0.264 0.993 0.996 0.990 0.994 0.999 0.995
253 0.254 0.259 0.290 0.992 0.990 0.993 0.989 0.998 0.988
254 0.280 0.255 0.281 0.992 0.992 0.992 0.994 0.998 0.992
255 0.285 0.289 0.261 0.993 0.993 0.991 0.986 0.999 0.990
256 0.273 0.296 0.239 0.992 0.994 0.990 0.995 0.998 0.995
257 0.279 0.255 0.289 0.994 0.992 0.994 0.991 0.999 0.992
258 0.268 0.281 0.273 0.994 0.995 0.995 0.978 0.998 0.983
259 0.294 0.268 0.243 0.996 0.991 0.993 0.986 0.997 0.990
260 0.279 0.279 0.276 0.993 0.991 0.994 0.994 0.998 0.993
261 0.197 0.211 0.202 0.988 0.989 0.988 0.990 0.991 0.987
262 0.247 0.283 0.261 0.991 0.993 0.991 0.989 0.999 0.987
263 0.275 0.284 0.291 0.993 0.994 0.993 0.993 0.998 0.987
264 0.291 0.280 0.270 0.994 0.993 0.992 0.991 0.998 0.989
265 0.282 0.289 0.263 0.995 0.995 0.992 0.995 0.999 0.986
266 0.264 0.282 0.253 0.992 0.993 0.992 0.978 0.998 0.972
267 0.283 0.260 0.255 0.994 0.989 0.990 0.992 0.998 0.991
268 0.290 0.280 0.285 0.995 0.994 0.993 0.993 0.998 0.989
269 0.300 0.270 0.252 0.993 0.993 0.990 0.995 0.998 0.996
270 0.267 0.274 0.279 0.994 0.994 0.994 0.996 0.998 0.994
271 0.258 0.285 0.266 0.992 0.992 0.991 0.993 0.999 0.992
272 0.259 0.261 0.286 0.992 0.992 0.993 0.992 0.997 0.990
273 0.265 0.269 0.275 0.993 0.992 0.990 0.992 0.999 0.994
274 0.270 0.277 0.284 0.993 0.993 0.996 0.996 0.998 0.993
275 0.272 0.264 0.280 0.996 0.991 0.995 0.985 0.998 0.989
276 0.261 0.257 0.266 0.993 0.990 0.991 0.985 0.998 0.976
277 0.290 0.280 0.268 0.995 0.993 0.993 0.991 0.998 0.987
278 0.279 0.281 0.268 0.994 0.993 0.990 0.994 0.997 0.994
279 0.267 0.271 0.288 0.993 0.992 0.995 0.993 0.998 0.993
280 0.274 0.277 0.279 0.993 0.993 0.993 0.970 0.998 0.969
281 0.285 0.264 0.270 0.994 0.993 0.992 0.994 0.998 0.992
282 0.304 0.258 0.283 0.996 0.990 0.994 0.983 0.997 0.982
283 0.269 0.262 0.273 0.988 0.991 0.992 0.965 0.997 0.964
284 0.277 0.283 0.276 0.993 0.996 0.994 0.972 0.998 0.966
285 0.275 0.272 0.260 0.993 0.993 0.991 0.981 0.998 0.978
286 0.272 0.267 0.299 0.992 0.991 0.995 0.991 0.998 0.988
287 0.271 0.281 0.285 0.993 0.993 0.995 0.993 0.999 0.986
288 0.284 0.298 0.273 0.993 0.996 0.992 0.994 0.998 0.993
289 0.261 0.269 0.266 0.992 0.995 0.993 0.995 0.999 0.992
290 0.267 0.256 0.261 0.992 0.991 0.991 0.994 0.998 0.994
291 0.298 0.281 0.288 0.995 0.995 0.996 0.984 0.998 0.981
292 0.252 0.278 0.286 0.992 0.993 0.994 0.992 0.998 0.993
293 0.258 0.263 0.244 0.992 0.993 0.992 0.986 0.998 0.988
294 0.266 0.248 0.269 0.992 0.992 0.993 0.991 0.998 0.991
295 0.268 0.261 0.245 0.993 0.993 0.992 0.984 0.994 0.991
296 0.245 0.281 0.269 0.991 0.992 0.993 0.992 0.998 0.993
297 0.234 0.245 0.251 0.991 0.992 0.993 0.990 0.998 0.992
298 0.301 0.270 0.279 0.996 0.992 0.994 0.994 0.998 0.993
299 0.290 0.280 0.259 0.994 0.992 0.993 0.987 0.998 0.989
300 0.296 0.282 0.290 0.994 0.994 0.995 0.988 0.998 0.986
301 0.291 0.268 0.261 0.994 0.991 0.993 0.953 0.998 0.962
301 0.291 0.268 0.261 0.994 0.991 0.993 0.953 0.998 0.962
