1 -1.887 0.075 -3.950 0.627 0.986 0.254 0.877 0.995 0.706
2 -2.500 -0.429 -4.540 0.522 0.929 0.134 0.924 0.950 0.829
3 -2.747 -0.911 -4.702 0.492 0.858 0.107 0.926 0.956 0.882
4 -2.877 -0.915 -4.742 0.474 0.861 0.099 0.945 0.968 0.902
5 -2.728 -0.879 -4.678 0.499 0.864 0.118 0.937 0.980 0.871
6 -2.814 -0.928 -4.523 0.494 0.864 0.160 0.899 0.926 0.708
7 -2.955 -1.157 -4.724 0.461 0.825 0.110 0.948 0.975 0.893
8 -2.661 -0.758 -4.525 0.511 0.887 0.159 0.925 0.976 0.834
9 -3.046 -1.443 -4.767 0.448 0.779 0.093 0.930 0.967 0.908
10 -2.596 -0.620 -4.502 0.519 0.915 0.163 0.930 0.977 0.840
11 -2.773 -0.679 -4.510 0.495 0.899 0.159 0.927 0.977 0.839
12 -2.608 -0.560 -4.540 0.520 0.916 0.157 0.921 0.971 0.843
13 -2.692 -0.806 -4.651 0.507 0.880 0.125 0.916 0.977 0.862
14 -2.772 -0.798 -4.500 0.500 0.888 0.170 0.906 0.970 0.758
15 -2.650 -0.759 -4.493 0.521 0.894 0.169 0.900 0.965 0.770
16 -2.536 -0.690 -4.559 0.548 0.900 0.153 0.907 0.972 0.831
17 -2.605 -0.655 -4.514 0.528 0.906 0.166 0.917 0.972 0.818
18 -2.568 -0.427 -4.466 0.524 0.937 0.168 0.917 0.974 0.828
19 -3.060 -0.995 -4.467 0.434 0.837 0.174 0.865 0.921 0.819
20 -2.601 -0.611 -4.482 0.531 0.914 0.179 0.904 0.968 0.823
21 -2.482 -0.494 -4.361 0.549 0.932 0.201 0.899 0.972 0.799
22 -2.542 -0.553 -4.445 0.539 0.918 0.184 0.898 0.972 0.818
23 -2.610 -0.688 -4.402 0.536 0.899 0.192 0.894 0.961 0.808
24 -2.434 -0.465 -4.373 0.557 0.928 0.190 0.897 0.976 0.812
25 -2.275 -0.399 -4.239 0.586 0.943 0.224 0.879 0.975 0.779
26 -2.283 -0.384 -4.289 0.584 0.944 0.211 0.885 0.968 0.792
27 -2.457 -0.491 -4.451 0.547 0.933 0.176 0.914 0.976 0.825
28 -2.292 -0.341 -4.356 0.578 0.951 0.203 0.902 0.975 0.801
29 -2.456 -0.389 -4.376 0.553 0.946 0.203 0.896 0.975 0.769
30 -2.368 -0.442 -4.392 0.566 0.938 0.190 0.894 0.976 0.812
31 -2.469 -0.421 -4.257 0.542 0.941 0.226 0.915 0.976 0.773
32 -2.369 -0.303 -4.368 0.570 0.958 0.199 0.892 0.966 0.804
33 -2.431 -0.496 -4.396 0.561 0.927 0.189 0.890 0.973 0.812
34 -2.303 -0.315 -4.385 0.579 0.951 0.193 0.895 0.977 0.810
35 -2.405 -0.287 -4.353 0.553 0.951 0.197 0.908 0.975 0.803
36 -2.220 -0.187 -4.293 0.588 0.968 0.215 0.890 0.976 0.776
37 -2.360 -0.328 -4.386 0.564 0.951 0.192 0.903 0.978 0.811
38 -2.243 -0.289 -4.262 0.585 0.956 0.217 0.884 0.980 0.782
1 -1.919 0.069 -3.973 0.623 0.986 0.253 0.868 0.996 0.703
2 -2.301 -0.205 -4.279 0.556 0.954 0.203 0.912 0.977 0.724
3 -2.831 -0.887 -4.636 0.476 0.860 0.125 0.937 0.966 0.861
4 -2.797 -1.011 -4.707 0.485 0.841 0.115 0.934 0.981 0.878
5 -2.776 -0.730 -4.628 0.486 0.890 0.134 0.933 0.980 0.868
6 -2.749 -0.938 -4.654 0.492 0.854 0.128 0.932 0.981 0.868
7 -2.736 -0.764 -4.640 0.502 0.891 0.133 0.929 0.982 0.865
8 -2.634 -0.730 -4.620 0.526 0.903 0.141 0.918 0.978 0.862
9 -2.590 -0.718 -4.562 0.533 0.896 0.156 0.922 0.974 0.843
10 -2.672 -0.632 -4.544 0.513 0.914 0.157 0.927 0.980 0.846
11 -2.662 -0.588 -4.563 0.518 0.913 0.159 0.924 0.978 0.843
12 -2.593 -0.578 -4.541 0.532 0.917 0.161 0.919 0.973 0.841
13 -2.701 -0.685 -4.559 0.515 0.904 0.154 0.921 0.980 0.848
14 -2.502 -0.527 -4.439 0.549 0.927 0.182 0.900 0.973 0.822
15 -2.533 -0.485 -4.463 0.542 0.934 0.177 0.910 0.979 0.826
16 -2.550 -0.542 -4.472 0.537 0.929 0.175 0.919 0.973 0.827
17 -2.484 -0.461 -4.471 0.550 0.934 0.174 0.912 0.975 0.829
18 -2.462 -0.473 -4.437 0.558 0.940 0.177 0.908 0.973 0.825
19 -2.560 -0.399 -4.473 0.536 0.949 0.169 0.915 0.978 0.834
20 -2.511 -0.444 -4.433 0.544 0.947 0.184 0.914 0.975 0.815
21 -2.456 -0.368 -4.409 0.546 0.953 0.192 0.912 0.973 0.813
22 -2.461 -0.375 -4.337 0.551 0.958 0.208 0.912 0.979 0.795
23 -2.467 -0.332 -4.429 0.550 0.958 0.189 0.908 0.977 0.810
24 -2.483 -0.406 -4.416 0.552 0.943 0.192 0.907 0.972 0.811
25 -2.421 -0.358 -4.451 0.562 0.947 0.173 0.900 0.977 0.827
26 -2.380 -0.326 -4.402 0.566 0.956 0.185 0.907 0.975 0.818
27 -2.427 -0.379 -4.282 0.555 0.950 0.212 0.913 0.973 0.788
28 -2.441 -0.340 -4.397 0.558 0.958 0.190 0.907 0.974 0.808
29 -2.355 -0.361 -4.226 0.575 0.954 0.238 0.893 0.976 0.763
30 -2.369 -0.275 -4.347 0.563 0.956 0.201 0.909 0.980 0.802
31 -2.387 -0.332 -4.434 0.565 0.953 0.175 0.897 0.974 0.827
32 -2.359 -0.271 -4.296 0.569 0.962 0.215 0.898 0.974 0.786
33 -2.382 -0.307 -4.325 0.571 0.960 0.206 0.900 0.978 0.797
34 -2.365 -0.252 -4.400 0.562 0.965 0.181 0.920 0.973 0.821
35 -2.346 -0.267 -4.294 0.569 0.968 0.215 0.907 0.978 0.761
36 -2.351 -0.205 -4.325 0.562 0.972 0.202 0.913 0.978 0.798
37 -2.320 -0.204 -4.347 0.565 0.967 0.195 0.919 0.975 0.807
38 -2.309 -0.176 -4.319 0.565 0.971 0.203 0.912 0.973 0.794
39 -2.439 -0.269 -4.424 0.556 0.964 0.177 0.902 0.977 0.799
40 -2.355 -0.301 -4.384 0.565 0.959 0.193 0.904 0.974 0.802
41 -2.342 -0.227 -4.196 0.573 0.966 0.236 0.890 0.974 0.749
42 -2.276 -0.195 -4.280 0.579 0.965 0.220 0.895 0.978 0.771
43 -2.423 -0.187 -4.240 0.547 0.969 0.228 0.912 0.970 0.772
44 -2.125 -0.143 -4.243 0.605 0.969 0.217 0.900 0.978 0.777
45 -2.244 -0.130 -4.295 0.575 0.974 0.200 0.903 0.978 0.801
46 -2.238 -0.103 -4.287 0.578 0.975 0.209 0.897 0.976 0.794
47 -2.240 -0.182 -4.430 0.578 0.968 0.178 0.913 0.984 0.819
48 -2.191 -0.054 -4.256 0.585 0.977 0.219 0.901 0.978 0.779
49 -2.257 -0.077 -4.395 0.565 0.975 0.178 0.907 0.985 0.809
50 -2.310 -0.057 -4.362 0.559 0.975 0.183 0.917 0.976 0.818
51 -2.241 -0.040 -4.317 0.566 0.980 0.194 0.907 0.980 0.797
52 -2.281 -0.007 -4.366 0.559 0.979 0.179 0.904 0.981 0.822
53 -2.189 -0.021 -4.217 0.579 0.979 0.220 0.906 0.980 0.768
54 -2.268 -0.043 -4.216 0.564 0.976 0.226 0.901 0.984 0.763
55 -2.089 -0.023 -4.163 0.600 0.985 0.234 0.882 0.982 0.757
56 -2.148 -0.048 -4.013 0.593 0.977 0.270 0.887 0.987 0.692
57 -2.141 -0.034 -4.174 0.584 0.976 0.226 0.904 0.982 0.723
58 -2.169 0.012 -4.280 0.586 0.984 0.202 0.905 0.989 0.763
59 -2.184 -0.039 -4.167 0.579 0.978 0.235 0.903 0.985 0.716
60 -2.072 0.019 -4.066 0.600 0.982 0.255 0.890 0.988 0.702
61 -2.027 0.036 -3.979 0.608 0.980 0.275 0.881 0.985 0.680
62 -2.149 0.032 -4.072 0.580 0.981 0.253 0.901 0.987 0.658
63 -2.058 0.028 -3.985 0.604 0.982 0.270 0.871 0.978 0.632
64 -2.138 0.070 -4.093 0.583 0.981 0.241 0.894 0.986 0.752
65 -2.120 0.048 -4.104 0.591 0.983 0.247 0.888 0.987 0.750
66 -2.142 0.053 -4.125 0.583 0.984 0.239 0.898 0.989 0.738
67 -2.069 0.050 -4.138 0.600 0.986 0.234 0.886 0.987 0.721
68 -1.906 0.105 -3.940 0.624 0.987 0.279 0.878 0.989 0.675
69 -1.939 0.098 -3.986 0.622 0.986 0.266 0.869 0.988 0.711
70 -1.836 0.077 -4.006 0.638 0.983 0.266 0.864 0.982 0.618
71 -1.861 0.116 -3.982 0.632 0.986 0.263 0.869 0.986 0.669
72 -1.987 0.112 -4.101 0.601 0.985 0.229 0.893 0.991 0.763
73 -1.982 0.133 -4.121 0.608 0.990 0.227 0.872 0.990 0.709
74 -1.967 0.139 -4.062 0.617 0.989 0.240 0.860 0.990 0.727
75 -2.038 0.168 -4.126 0.590 0.991 0.220 0.886 0.990 0.730
76 -1.816 0.143 -3.918 0.637 0.986 0.276 0.867 0.993 0.669
77 -1.936 0.145 -4.013 0.616 0.987 0.253 0.883 0.987 0.670
78 -1.905 0.159 -3.904 0.617 0.987 0.278 0.872 0.985 0.622
79 -1.948 0.162 -3.914 0.613 0.991 0.280 0.873 0.991 0.569
80 -1.910 0.180 -3.888 0.618 0.989 0.282 0.863 0.989 0.562
81 -2.010 0.176 -4.171 0.594 0.987 0.214 0.894 0.990 0.731
82 -2.024 0.174 -3.951 0.593 0.989 0.273 0.885 0.992 0.631
83 -1.920 0.151 -3.931 0.613 0.987 0.268 0.881 0.994 0.665
84 -1.960 0.190 -3.963 0.602 0.988 0.262 0.892 0.994 0.662
85 -1.980 0.185 -4.010 0.604 0.989 0.253 0.881 0.989 0.679
86 -1.822 0.198 -3.736 0.638 0.991 0.313 0.859 0.990 0.610
87 -1.932 0.206 -3.901 0.610 0.990 0.273 0.883 0.990 0.667
88 -1.969 0.194 -4.139 0.603 0.989 0.220 0.890 0.991 0.750
89 -1.977 0.225 -3.954 0.598 0.991 0.261 0.886 0.993 0.623
90 -2.001 0.196 -4.153 0.592 0.989 0.212 0.906 0.994 0.773
91 -1.956 0.202 -4.107 0.597 0.989 0.224 0.894 0.990 0.761
92 -1.941 0.197 -4.075 0.606 0.988 0.232 0.880 0.992 0.729
93 -2.127 0.192 -4.172 0.565 0.989 0.206 0.915 0.989 0.745
94 -1.967 0.218 -4.016 0.597 0.990 0.243 0.894 0.992 0.693
95 -1.911 0.203 -4.048 0.610 0.988 0.233 0.883 0.993 0.708
96 -1.848 0.215 -3.888 0.621 0.988 0.274 0.887 0.993 0.648
97 -1.897 0.205 -3.984 0.619 0.988 0.257 0.887 0.992 0.684
98 -1.863 0.194 -3.999 0.621 0.987 0.242 0.864 0.991 0.752
99 -1.846 0.220 -4.000 0.626 0.992 0.241 0.878 0.994 0.744
100 -1.876 0.210 -3.946 0.620 0.988 0.258 0.870 0.994 0.670
101 -1.796 0.265 -3.960 0.633 0.992 0.250 0.863 0.990 0.729
102 -1.992 0.199 -4.079 0.589 0.987 0.222 0.894 0.994 0.760
103 -1.778 0.216 -3.989 0.636 0.988 0.245 0.852 0.991 0.750
104 -1.832 0.222 -3.913 0.626 0.990 0.261 0.853 0.994 0.674
105 -1.957 0.199 -4.020 0.601 0.989 0.246 0.887 0.992 0.740
106 -1.804 0.209 -3.916 0.630 0.989 0.265 0.870 0.994 0.695
107 -1.873 0.214 -3.924 0.619 0.987 0.262 0.873 0.993 0.598
108 -1.797 0.225 -3.819 0.631 0.991 0.286 0.864 0.990 0.565
109 -1.805 0.219 -3.836 0.631 0.989 0.285 0.863 0.993 0.557
110 -1.812 0.203 -3.772 0.632 0.988 0.294 0.847 0.996 0.531
111 -1.826 0.201 -3.865 0.628 0.987 0.280 0.871 0.994 0.578
112 -1.909 0.189 -4.087 0.608 0.986 0.231 0.890 0.994 0.703
113 -1.907 0.235 -3.883 0.611 0.991 0.278 0.871 0.988 0.617
114 -1.877 0.231 -3.850 0.617 0.992 0.287 0.872 0.991 0.526
115 -1.777 0.217 -3.805 0.636 0.987 0.288 0.860 0.991 0.608
116 -1.892 0.221 -3.931 0.617 0.990 0.260 0.867 0.991 0.675
117 -1.790 0.237 -3.802 0.632 0.990 0.282 0.861 0.992 0.679
118 -1.888 0.238 -3.977 0.612 0.990 0.253 0.875 0.993 0.648
119 -1.933 0.233 -4.043 0.605 0.989 0.230 0.891 0.996 0.742
120 -1.881 0.187 -3.759 0.620 0.986 0.300 0.852 0.990 0.513
121 -1.901 0.214 -3.888 0.613 0.990 0.267 0.864 0.995 0.628
122 -1.775 0.220 -3.501 0.634 0.987 0.350 0.853 0.996 0.474
123 -1.832 0.219 -3.889 0.624 0.990 0.274 0.878 0.994 0.605
124 -1.859 0.239 -3.965 0.612 0.991 0.262 0.893 0.995 0.568
125 -1.872 0.217 -3.944 0.615 0.989 0.258 0.888 0.993 0.667
126 -1.838 0.235 -3.911 0.623 0.993 0.266 0.875 0.992 0.664
127 -1.757 0.239 -3.807 0.639 0.991 0.286 0.859 0.994 0.584
128 -1.852 0.224 -3.839 0.621 0.992 0.284 0.879 0.988 0.637
129 -1.855 0.210 -3.965 0.620 0.988 0.254 0.878 0.993 0.623
130 -1.845 0.254 -3.917 0.623 0.992 0.265 0.853 0.989 0.610
131 -1.747 0.230 -3.959 0.640 0.989 0.258 0.865 0.991 0.637
132 -1.874 0.238 -3.850 0.615 0.992 0.278 0.863 0.992 0.563
133 -1.898 0.227 -4.116 0.611 0.990 0.224 0.886 0.994 0.627
134 -1.797 0.240 -3.906 0.629 0.989 0.268 0.873 0.993 0.585
135 -1.737 0.246 -3.854 0.640 0.992 0.283 0.871 0.996 0.598
136 -1.863 0.243 -3.984 0.621 0.990 0.255 0.870 0.992 0.596
137 -1.779 0.225 -3.876 0.633 0.989 0.280 0.862 0.997 0.550
138 -1.899 0.190 -3.843 0.613 0.987 0.284 0.882 0.992 0.573
139 -1.873 0.217 -3.995 0.617 0.989 0.256 0.864 0.984 0.580
140 -1.847 0.250 -3.965 0.620 0.992 0.262 0.879 0.991 0.570
141 -1.925 0.241 -3.840 0.609 0.993 0.293 0.865 0.994 0.532
142 -1.893 0.226 -4.020 0.613 0.991 0.249 0.879 0.994 0.572
143 -1.920 0.237 -4.132 0.603 0.993 0.226 0.894 0.993 0.626
144 -1.986 0.227 -3.909 0.600 0.991 0.272 0.880 0.994 0.542
145 -1.857 0.258 -3.941 0.615 0.991 0.265 0.867 0.995 0.544
146 -1.924 0.223 -4.053 0.603 0.990 0.235 0.886 0.995 0.655
147 -1.896 0.238 -3.936 0.613 0.990 0.259 0.868 0.995 0.608
148 -1.798 0.227 -3.896 0.631 0.989 0.270 0.856 0.994 0.592
149 -1.743 0.246 -3.709 0.638 0.994 0.306 0.857 0.995 0.556
150 -1.763 0.223 -4.013 0.636 0.990 0.238 0.863 0.994 0.681
151 -1.914 0.222 -4.066 0.613 0.991 0.231 0.873 0.993 0.694
152 -1.880 0.244 -4.002 0.613 0.993 0.243 0.875 0.994 0.632
153 -1.816 0.231 -3.910 0.627 0.992 0.265 0.871 0.993 0.637
154 -1.850 0.251 -4.140 0.619 0.992 0.214 0.891 0.995 0.735
155 -1.819 0.235 -3.771 0.627 0.990 0.303 0.859 0.998 0.536
156 -1.960 0.220 -4.161 0.599 0.988 0.206 0.904 0.988 0.761
157 -1.954 0.229 -4.076 0.597 0.990 0.225 0.896 0.993 0.709
158 -1.862 0.226 -4.025 0.614 0.987 0.239 0.885 0.993 0.673
159 -1.918 0.255 -4.082 0.612 0.992 0.228 0.878 0.995 0.666
160 -1.821 0.251 -4.049 0.627 0.991 0.234 0.875 0.997 0.701
161 -1.762 0.238 -3.904 0.639 0.991 0.268 0.853 0.997 0.613
162 -1.799 0.235 -3.924 0.632 0.990 0.266 0.858 0.996 0.682
163 -1.738 0.240 -3.860 0.642 0.992 0.276 0.854 0.995 0.638
164 -1.923 0.176 -4.122 0.612 0.985 0.222 0.883 0.992 0.757
165 -1.839 0.242 -3.912 0.623 0.989 0.268 0.873 0.994 0.652
166 -1.758 0.219 -3.936 0.642 0.988 0.258 0.854 0.992 0.708
167 -1.909 0.227 -4.068 0.606 0.991 0.234 0.888 0.993 0.712
168 -1.814 0.247 -3.923 0.631 0.993 0.264 0.863 0.991 0.688
169 -1.907 0.226 -3.986 0.606 0.989 0.249 0.890 0.995 0.694
170 -1.852 0.213 -4.077 0.624 0.988 0.239 0.867 0.995 0.700
171 -1.844 0.239 -3.989 0.623 0.992 0.252 0.877 0.994 0.697
172 -1.955 0.240 -4.203 0.602 0.991 0.206 0.889 0.993 0.726
173 -1.819 0.220 -4.003 0.625 0.988 0.255 0.884 0.995 0.650
174 -1.776 0.258 -3.764 0.632 0.993 0.305 0.867 0.997 0.619
175 -1.773 0.245 -3.858 0.636 0.990 0.285 0.872 0.994 0.638
176 -1.766 0.259 -3.559 0.638 0.992 0.344 0.853 0.996 0.635
177 -1.855 0.248 -3.746 0.618 0.992 0.312 0.884 0.993 0.648
178 -1.874 0.252 -3.864 0.623 0.989 0.285 0.863 0.993 0.626
179 -2.019 0.258 -4.027 0.591 0.991 0.244 0.885 0.996 0.670
180 -1.953 0.272 -4.162 0.597 0.993 0.216 0.907 0.997 0.697
181 -1.957 0.250 -4.122 0.602 0.991 0.224 0.891 0.995 0.723
182 -1.877 0.245 -3.870 0.614 0.991 0.282 0.877 0.994 0.655
183 -1.883 0.247 -4.001 0.613 0.992 0.248 0.884 0.996 0.661
184 -1.934 0.252 -4.001 0.603 0.991 0.249 0.875 0.993 0.652
185 -1.841 0.253 -4.157 0.619 0.992 0.208 0.881 0.994 0.723
186 -1.943 0.212 -4.286 0.604 0.991 0.187 0.890 0.992 0.729
187 -1.937 0.233 -4.231 0.606 0.992 0.193 0.887 0.997 0.771
188 -1.878 0.253 -4.014 0.618 0.991 0.246 0.875 0.996 0.672
189 -1.949 0.243 -4.130 0.602 0.993 0.225 0.892 0.995 0.658
190 -1.852 0.225 -3.905 0.622 0.988 0.272 0.873 0.994 0.564
191 -1.898 0.261 -3.947 0.614 0.994 0.264 0.862 0.995 0.608
192 -1.981 0.246 -4.243 0.589 0.991 0.190 0.909 0.994 0.698
193 -2.054 0.240 -4.312 0.574 0.991 0.170 0.918 0.995 0.809
194 -1.810 0.268 -4.063 0.633 0.994 0.234 0.872 0.997 0.655
195 -1.951 0.253 -4.255 0.597 0.991 0.188 0.898 0.993 0.726
196 -1.845 0.241 -4.112 0.618 0.988 0.224 0.894 0.997 0.694
197 -1.991 0.257 -4.165 0.597 0.991 0.210 0.880 0.993 0.749
198 -1.845 0.239 -4.087 0.619 0.991 0.225 0.883 0.996 0.745
199 -1.926 0.189 -4.260 0.610 0.986 0.193 0.884 0.995 0.698
200 -1.791 0.265 -3.987 0.634 0.993 0.246 0.858 0.996 0.665
201 -1.783 0.223 -4.016 0.631 0.984 0.238 0.864 0.993 0.636
202 -1.772 0.241 -3.811 0.628 0.989 0.281 0.864 0.993 0.550
203 -1.778 0.268 -3.947 0.630 0.993 0.258 0.871 0.994 0.578
204 -1.823 0.252 -3.871 0.625 0.990 0.271 0.874 0.997 0.649
205 -1.859 0.250 -4.010 0.618 0.990 0.244 0.871 0.993 0.696
206 -1.805 0.237 -4.029 0.634 0.990 0.242 0.859 0.995 0.726
207 -1.732 0.252 -3.958 0.644 0.990 0.252 0.854 0.994 0.677
208 -1.836 0.248 -3.967 0.620 0.990 0.253 0.876 0.995 0.660
209 -1.910 0.222 -4.031 0.603 0.988 0.233 0.887 0.994 0.657
210 -1.967 0.245 -4.049 0.589 0.991 0.234 0.903 0.994 0.669
211 -1.987 0.273 -4.147 0.593 0.993 0.212 0.893 0.996 0.739
212 -1.833 0.215 -4.044 0.620 0.988 0.237 0.882 0.994 0.682
213 -1.918 0.257 -4.028 0.604 0.992 0.236 0.892 0.993 0.733
214 -1.929 0.256 -3.977 0.606 0.994 0.248 0.889 0.994 0.723
215 -1.829 0.262 -3.839 0.628 0.993 0.286 0.866 0.997 0.631
216 -1.760 0.245 -3.832 0.644 0.990 0.287 0.860 0.995 0.633
217 -1.983 0.242 -3.963 0.596 0.992 0.256 0.885 0.994 0.643
218 -1.852 0.208 -3.672 0.621 0.988 0.316 0.865 0.993 0.581
219 -1.809 0.245 -3.926 0.626 0.992 0.260 0.868 0.993 0.618
220 -1.881 0.197 -4.022 0.619 0.988 0.244 0.876 0.994 0.698
221 -1.780 0.248 -3.752 0.634 0.992 0.297 0.863 0.996 0.592
222 -1.763 0.244 -3.773 0.634 0.992 0.294 0.879 0.993 0.624
223 -1.744 0.255 -3.859 0.638 0.991 0.273 0.858 0.993 0.641
224 -1.720 0.259 -3.746 0.641 0.992 0.295 0.860 0.993 0.621
225 -1.903 0.245 -3.970 0.607 0.991 0.252 0.884 0.994 0.677
226 -1.802 0.236 -4.045 0.630 0.990 0.238 0.884 0.995 0.640
227 -1.873 0.246 -3.889 0.622 0.991 0.274 0.872 0.991 0.636
228 -1.756 0.247 -3.949 0.640 0.992 0.255 0.860 0.995 0.728
229 -1.762 0.273 -3.876 0.638 0.994 0.271 0.863 0.996 0.670
230 -1.830 0.234 -3.959 0.622 0.992 0.249 0.885 0.996 0.712
231 -1.812 0.263 -3.928 0.625 0.993 0.265 0.883 0.998 0.650
232 -1.776 0.273 -3.979 0.635 0.993 0.252 0.888 0.994 0.647
233 -1.957 0.256 -4.036 0.595 0.990 0.239 0.895 0.996 0.663
234 -1.864 0.257 -3.842 0.613 0.992 0.284 0.883 0.993 0.628
235 -1.670 0.248 -3.621 0.644 0.993 0.319 0.874 0.995 0.616
236 -1.848 0.274 -3.858 0.617 0.993 0.267 0.873 0.997 0.646
237 -1.650 0.279 -3.763 0.656 0.993 0.292 0.851 0.994 0.604
238 -1.766 0.241 -3.761 0.642 0.990 0.297 0.861 0.996 0.614
239 -1.806 0.235 -3.535 0.624 0.989 0.352 0.869 0.992 0.622
240 -1.801 0.240 -3.861 0.630 0.991 0.279 0.867 0.994 0.658
241 -1.916 0.263 -3.827 0.612 0.993 0.286 0.874 0.994 0.636
242 -1.805 0.254 -3.624 0.625 0.991 0.332 0.871 0.995 0.639
243 -1.706 0.269 -3.302 0.637 0.992 0.390 0.856 0.994 0.610
244 -1.758 0.219 -3.471 0.638 0.989 0.362 0.844 0.992 0.601
245 -1.758 0.248 -3.645 0.637 0.991 0.332 0.859 0.993 0.596
246 -1.815 0.279 -3.577 0.630 0.993 0.346 0.847 0.996 0.594
247 -1.826 0.201 -3.691 0.627 0.983 0.313 0.845 0.992 0.603
248 -1.746 0.259 -3.757 0.639 0.992 0.292 0.848 0.994 0.606
249 -1.687 0.260 -3.760 0.646 0.992 0.296 0.862 0.993 0.599
250 -1.810 0.265 -3.855 0.632 0.993 0.280 0.864 0.995 0.613
251 -1.814 0.264 -3.892 0.627 0.994 0.265 0.856 0.995 0.640
252 -1.740 0.247 -3.877 0.641 0.991 0.267 0.861 0.993 0.638
253 -1.729 0.244 -3.671 0.642 0.989 0.319 0.846 0.994 0.602
254 -1.919 0.244 -3.988 0.608 0.992 0.247 0.874 0.995 0.646
255 -1.797 0.230 -3.992 0.635 0.988 0.247 0.861 0.993 0.648
256 -1.918 0.275 -3.937 0.608 0.994 0.260 0.868 0.992 0.652
257 -1.776 0.231 -3.925 0.634 0.988 0.258 0.869 0.996 0.692
258 -1.748 0.260 -3.919 0.638 0.989 0.258 0.849 0.996 0.667
259 -1.655 0.224 -3.773 0.661 0.991 0.294 0.840 0.994 0.610
260 -1.905 0.250 -3.754 0.610 0.991 0.305 0.868 0.994 0.623
261 -1.825 0.239 -3.638 0.627 0.989 0.329 0.855 0.994 0.596
262 -1.761 0.240 -3.812 0.636 0.989 0.292 0.883 0.995 0.591
263 -1.764 0.260 -3.734 0.641 0.994 0.311 0.865 0.994 0.608
264 -1.945 0.263 -3.901 0.605 0.990 0.269 0.877 0.993 0.624
265 -1.911 0.245 -3.956 0.610 0.990 0.257 0.874 0.995 0.632
266 -1.917 0.274 -3.924 0.603 0.991 0.261 0.885 0.997 0.625
267 -1.876 0.276 -4.006 0.618 0.992 0.250 0.887 0.995 0.658
268 -1.874 0.231 -3.753 0.622 0.990 0.308 0.864 0.997 0.625
269 -1.875 0.245 -3.924 0.617 0.992 0.257 0.877 0.993 0.731
270 -1.876 0.281 -3.983 0.611 0.993 0.246 0.877 0.996 0.727
271 -1.882 0.262 -3.961 0.611 0.992 0.251 0.889 0.994 0.692
272 -1.770 0.266 -3.700 0.636 0.991 0.309 0.851 0.996 0.629
273 -1.892 0.228 -3.866 0.616 0.988 0.273 0.869 0.993 0.686
274 -2.101 0.104 -4.082 0.579 0.977 0.228 0.896 0.989 0.721
275 -1.880 0.240 -3.983 0.611 0.989 0.244 0.887 0.996 0.712
276 -1.867 0.280 -3.827 0.615 0.993 0.287 0.875 0.994 0.631
277 -1.798 0.245 -3.733 0.632 0.993 0.306 0.861 0.993 0.586
278 -1.663 0.234 -3.838 0.653 0.991 0.270 0.856 0.997 0.694
279 -1.829 0.283 -3.879 0.621 0.994 0.265 0.871 0.998 0.707
280 -1.866 0.242 -3.888 0.619 0.993 0.264 0.856 0.996 0.702
281 -1.762 0.236 -3.767 0.634 0.988 0.295 0.858 0.996 0.633
282 -1.974 0.263 -4.057 0.597 0.992 0.235 0.881 0.996 0.743
283 -1.879 0.260 -3.934 0.612 0.991 0.266 0.886 0.995 0.599
284 -1.894 0.230 -3.991 0.614 0.989 0.252 0.873 0.997 0.659
285 -1.841 0.246 -3.998 0.621 0.991 0.246 0.875 0.993 0.686
286 -1.844 0.223 -4.033 0.622 0.988 0.232 0.872 0.996 0.735
287 -1.888 0.236 -4.099 0.610 0.989 0.219 0.891 0.996 0.744
288 -1.787 0.265 -3.809 0.636 0.991 0.290 0.858 0.996 0.593
289 -1.938 0.269 -3.925 0.600 0.992 0.268 0.875 0.997 0.555
290 -1.791 0.273 -3.919 0.629 0.994 0.273 0.871 0.997 0.562
291 -1.924 0.250 -4.021 0.608 0.989 0.240 0.873 0.993 0.657
292 -1.871 0.240 -3.961 0.618 0.990 0.253 0.867 0.997 0.625
293 -1.837 0.256 -4.092 0.622 0.994 0.226 0.878 0.996 0.682
294 -1.775 0.269 -3.865 0.635 0.995 0.273 0.856 0.995 0.667
295 -1.924 0.253 -4.062 0.603 0.991 0.235 0.887 0.996 0.671
296 -2.055 0.236 -4.127 0.585 0.992 0.219 0.889 0.995 0.758
297 -1.864 0.178 -4.066 0.619 0.985 0.235 0.873 0.997 0.657
298 -1.877 0.227 -3.982 0.616 0.989 0.254 0.872 0.995 0.662
299 -1.803 0.263 -3.859 0.628 0.991 0.282 0.842 0.996 0.610
300 -1.721 0.250 -3.907 0.644 0.991 0.269 0.857 0.997 0.619
301 -2.032 0.281 -3.991 0.584 0.991 0.245 0.887 0.996 0.635
301 -2.032 0.281 -3.991 0.584 0.991 0.245 0.887 0.996 0.635
