1 -4.828 -4.832 -4.734 0.089 0.084 0.098 0.403 0.403 0.389
2 -4.578 -4.401 -4.572 0.122 0.152 0.108 0.881 0.850 0.894
3 -4.208 -4.169 -4.394 0.222 0.206 0.159 0.783 0.794 0.844
4 -3.783 -3.817 -4.130 0.306 0.308 0.228 0.695 0.695 0.778
5 -3.778 -3.370 -4.020 0.325 0.422 0.266 0.680 0.581 0.739
6 -3.359 -2.797 -3.793 0.438 0.577 0.338 0.580 0.459 0.669
7 -3.031 -2.233 -4.063 0.484 0.666 0.239 0.595 0.411 0.759
8 -2.822 -1.682 -3.910 0.520 0.783 0.284 0.669 0.528 0.666
9 -2.510 -1.043 -3.850 0.555 0.866 0.281 0.828 0.853 0.713
10 -2.282 -0.566 -3.725 0.591 0.922 0.294 0.823 0.912 0.711
11 -2.185 -0.347 -3.929 0.603 0.953 0.245 0.872 0.934 0.756
12 -1.889 -0.451 -3.635 0.653 0.944 0.306 0.775 0.972 0.691
13 -2.113 -0.304 -3.786 0.606 0.959 0.277 0.869 0.977 0.725
14 -2.011 -0.124 -3.745 0.622 0.972 0.284 0.848 0.975 0.725
15 -1.908 -0.177 -3.640 0.647 0.964 0.297 0.784 0.977 0.714
16 -1.737 -0.097 -3.560 0.664 0.973 0.320 0.856 0.977 0.677
17 -1.839 -0.034 -3.758 0.652 0.984 0.267 0.819 0.988 0.759
18 -1.794 0.024 -3.613 0.658 0.984 0.300 0.822 0.984 0.711
19 -1.879 -0.050 -3.793 0.627 0.980 0.272 0.861 0.989 0.783
20 -2.007 0.020 -3.660 0.619 0.978 0.277 0.828 0.984 0.725
21 -1.927 0.063 -3.553 0.620 0.991 0.314 0.852 0.995 0.705
22 -1.763 0.036 -3.822 0.652 0.980 0.259 0.828 0.992 0.752
23 -2.062 0.034 -3.727 0.608 0.983 0.283 0.838 0.997 0.747
24 -1.676 -0.050 -3.546 0.684 0.980 0.311 0.828 0.986 0.722
25 -1.794 0.006 -3.667 0.647 0.973 0.286 0.823 0.991 0.772
26 -1.869 0.004 -3.632 0.639 0.981 0.294 0.850 0.992 0.713
27 -1.882 -0.006 -3.922 0.634 0.978 0.223 0.811 0.995 0.756
28 -1.755 0.097 -3.660 0.655 0.984 0.292 0.834 0.988 0.784
29 -1.802 0.020 -3.715 0.647 0.975 0.272 0.803 0.995 0.778
30 -1.876 0.081 -3.480 0.633 0.986 0.323 0.823 0.994 0.703
31 -1.809 0.110 -3.851 0.637 0.992 0.258 0.866 0.994 0.759
32 -1.936 0.058 -3.535 0.622 0.983 0.314 0.852 0.992 0.766
33 -1.887 0.115 -3.546 0.633 0.988 0.312 0.852 0.995 0.695
1 -4.716 -4.855 -4.764 0.105 0.077 0.102 0.442 0.467 0.448
2 -4.603 -4.583 -4.622 0.105 0.111 0.108 0.895 0.895 0.892
3 -4.449 -4.543 -4.658 0.145 0.123 0.086 0.861 0.877 0.916
4 -4.305 -4.480 -4.539 0.166 0.134 0.119 0.836 0.866 0.881
5 -4.075 -4.329 -4.378 0.234 0.177 0.166 0.767 0.827 0.836
6 -4.120 -4.225 -4.394 0.222 0.208 0.159 0.780 0.795 0.842
7 -3.921 -3.907 -4.230 0.275 0.289 0.208 0.728 0.716 0.795
8 -3.950 -3.998 -4.104 0.278 0.273 0.231 0.727 0.728 0.772
9 -3.782 -3.730 -3.998 0.298 0.344 0.266 0.702 0.667 0.741
10 -3.919 -3.908 -4.171 0.275 0.303 0.220 0.727 0.702 0.783
11 -3.726 -3.328 -3.752 0.350 0.442 0.323 0.661 0.564 0.680
12 -3.484 -3.107 -3.638 0.394 0.481 0.347 0.614 0.527 0.656
13 -3.428 -3.173 -3.791 0.397 0.466 0.311 0.617 0.542 0.694
14 -3.310 -3.025 -3.575 0.431 0.506 0.358 0.605 0.537 0.645
15 -3.268 -2.898 -3.465 0.434 0.523 0.409 0.656 0.591 0.602
16 -3.131 -2.800 -3.559 0.469 0.566 0.373 0.617 0.561 0.623
17 -2.798 -2.383 -3.145 0.542 0.644 0.472 0.575 0.578 0.556
18 -2.559 -2.165 -2.996 0.598 0.695 0.512 0.541 0.577 0.556
19 -2.490 -2.033 -2.912 0.611 0.708 0.522 0.545 0.609 0.522
20 -2.159 -1.867 -2.677 0.673 0.753 0.569 0.537 0.609 0.505
21 -2.030 -1.547 -2.583 0.697 0.798 0.597 0.537 0.681 0.472
22 -1.969 -1.527 -2.450 0.722 0.811 0.622 0.617 0.787 0.509
23 -1.863 -1.448 -2.132 0.741 0.802 0.700 0.745 0.880 0.577
24 -2.103 -1.640 -2.562 0.677 0.772 0.608 0.620 0.778 0.567
25 -1.601 -1.385 -2.048 0.773 0.819 0.700 0.689 0.919 0.550
26 -1.288 -1.184 -1.867 0.839 0.859 0.734 0.713 0.942 0.584
27 -1.364 -0.958 -1.717 0.809 0.878 0.772 0.773 0.927 0.627
28 -1.178 -0.822 -1.654 0.855 0.917 0.773 0.748 0.952 0.608
29 -0.935 -0.758 -1.639 0.884 0.909 0.789 0.698 0.955 0.567
30 -1.045 -0.608 -1.310 0.863 0.931 0.823 0.748 0.950 0.606
31 -0.734 -0.531 -1.242 0.936 0.934 0.855 0.839 0.966 0.723
32 -0.728 -0.517 -1.397 0.908 0.938 0.812 0.764 0.964 0.664
33 -0.676 -0.396 -1.178 0.909 0.948 0.852 0.800 0.977 0.664
34 -0.459 -0.313 -0.789 0.944 0.969 0.914 0.864 0.978 0.755
35 -0.672 -0.333 -1.031 0.909 0.956 0.863 0.800 0.973 0.692
36 -0.447 -0.328 -0.885 0.941 0.959 0.875 0.812 0.980 0.692
37 -0.443 -0.227 -0.923 0.942 0.963 0.863 0.831 0.975 0.683
38 -0.397 -0.239 -0.812 0.950 0.969 0.877 0.834 0.984 0.694
39 -0.282 -0.218 -0.835 0.956 0.970 0.867 0.855 0.986 0.758
40 -0.390 -0.186 -0.926 0.944 0.970 0.864 0.825 0.975 0.717
41 -0.336 -0.160 -0.848 0.961 0.975 0.863 0.867 0.972 0.711
42 -0.239 -0.169 -0.632 0.969 0.973 0.897 0.853 0.984 0.761
43 -0.110 -0.135 -0.858 0.978 0.966 0.855 0.894 0.986 0.725
44 -0.245 -0.125 -0.849 0.963 0.978 0.858 0.886 0.986 0.706
45 -0.229 -0.195 -0.870 0.958 0.964 0.845 0.864 0.983 0.734
46 -0.204 -0.112 -0.995 0.956 0.972 0.828 0.884 0.981 0.727
47 -0.101 -0.061 -0.970 0.973 0.984 0.833 0.908 0.986 0.733
48 -0.119 -0.049 -0.828 0.977 0.977 0.842 0.889 0.984 0.733
49 -0.146 -0.048 -0.946 0.966 0.972 0.828 0.863 0.994 0.683
50 -0.153 -0.049 -0.995 0.980 0.989 0.823 0.866 0.989 0.719
51 -0.064 0.046 -0.933 0.970 0.984 0.830 0.909 0.991 0.723
52 -0.132 -0.157 -0.971 0.975 0.963 0.817 0.855 0.995 0.684
53 -0.037 0.025 -0.920 0.981 0.991 0.822 0.914 0.991 0.766
54 -0.097 0.021 -0.954 0.975 0.980 0.825 0.919 0.991 0.716
55 -0.016 -0.003 -0.894 0.980 0.970 0.823 0.905 0.991 0.766
56 -0.073 0.023 -0.891 0.973 0.981 0.833 0.897 0.991 0.731
57 -0.039 0.002 -0.837 0.977 0.983 0.844 0.908 0.994 0.777
58 -0.041 -0.020 -0.933 0.984 0.984 0.833 0.914 0.992 0.745
59 -0.251 -0.052 -1.030 0.955 0.972 0.812 0.858 0.988 0.678
60 0.016 0.015 -0.938 0.986 0.978 0.823 0.916 0.995 0.733
61 -0.049 -0.055 -0.997 0.983 0.972 0.808 0.919 0.995 0.753
62 -0.086 -0.032 -0.879 0.973 0.978 0.827 0.886 0.995 0.720
63 0.028 0.054 -0.704 0.984 0.988 0.864 0.884 0.997 0.742
64 -0.033 0.030 -0.881 0.978 0.980 0.820 0.927 0.994 0.748
65 -0.009 0.022 -0.878 0.977 0.984 0.830 0.891 0.989 0.722
66 -0.070 0.100 -0.865 0.969 0.992 0.830 0.903 0.994 0.736
67 -0.046 0.020 -0.871 0.978 0.980 0.820 0.911 0.994 0.728
68 -0.029 0.087 -0.861 0.980 0.986 0.831 0.917 0.995 0.747
69 0.023 0.080 -0.862 0.977 0.991 0.825 0.919 0.995 0.747
70 0.005 0.078 -0.768 0.978 0.988 0.853 0.902 0.989 0.770
71 -0.073 0.032 -0.973 0.981 0.983 0.814 0.898 0.995 0.741
72 -0.000 0.060 -0.873 0.980 0.995 0.823 0.914 0.994 0.733
73 -0.007 -0.004 -0.849 0.978 0.980 0.825 0.927 0.989 0.773
74 0.019 0.088 -0.627 0.983 0.988 0.864 0.898 1.000 0.769
75 -0.047 -0.068 -0.772 0.972 0.973 0.842 0.886 0.995 0.734
76 0.020 0.090 -0.745 0.984 0.989 0.844 0.925 0.994 0.789
77 0.064 0.102 -0.612 0.980 0.992 0.858 0.930 1.000 0.787
78 0.116 0.064 -0.850 0.988 0.989 0.838 0.930 0.997 0.789
79 0.060 0.106 -0.759 0.984 0.991 0.830 0.906 0.995 0.753
80 -0.006 0.155 -0.719 0.978 0.989 0.850 0.922 0.997 0.750
81 0.069 0.112 -0.826 0.981 0.986 0.823 0.927 0.997 0.738
82 -0.020 0.053 -0.782 0.977 0.984 0.836 0.906 0.998 0.734
83 0.003 0.109 -0.868 0.980 0.991 0.825 0.891 0.995 0.702
84 0.111 0.099 -0.734 0.984 0.983 0.838 0.887 0.998 0.748
85 0.061 0.074 -0.748 0.986 0.983 0.844 0.903 0.992 0.745
86 0.054 0.077 -0.643 0.984 0.981 0.853 0.917 0.998 0.770
87 0.019 0.059 -0.841 0.984 0.986 0.825 0.906 0.995 0.711
88 0.065 0.127 -0.788 0.989 0.992 0.831 0.925 0.997 0.783
