1 -1.867 -0.799 0.973 0.976 0.918 0.983
2 -1.986 -0.866 0.962 0.973 0.855 0.976
3 -1.830 -0.864 0.969 0.978 0.861 0.973
4 -1.882 -0.855 0.956 0.974 0.939 0.988
5 -1.762 -0.715 0.974 0.983 0.929 0.985
6 -1.982 -0.790 0.939 0.974 0.833 0.978
7 -1.733 -0.763 0.974 0.979 0.941 0.984
8 -1.648 -0.677 0.986 0.983 0.919 0.991
9 -1.720 -0.706 0.976 0.983 0.946 0.988
10 -1.641 -0.772 0.983 0.979 0.948 0.986
11 -1.699 -0.737 0.986 0.989 0.892 0.988
12 -1.683 -0.735 0.976 0.984 0.945 0.984
13 -1.631 -0.718 0.981 0.983 0.950 0.993
14 -1.599 -0.737 0.979 0.983 0.902 0.984
15 -1.532 -0.677 0.985 0.986 0.661 0.984
16 -1.543 -0.664 0.988 0.988 0.427 0.797
17 -1.646 -0.708 0.978 0.980 0.967 0.986
18 -1.659 -0.727 0.971 0.982 0.944 0.988
19 -1.657 -0.779 0.972 0.972 0.932 0.993
20 -1.576 -0.598 0.983 0.986 0.951 0.989
21 -1.774 -0.767 0.979 0.978 0.922 0.981
22 -1.643 -0.658 0.980 0.987 0.918 0.992
23 -1.473 -0.748 0.986 0.978 0.957 0.993
24 -1.645 -0.648 0.975 0.988 0.946 0.994
25 -1.628 -0.759 0.979 0.978 0.926 0.990
26 -1.444 -0.669 0.988 0.985 0.924 0.991
27 -1.518 -0.664 0.989 0.986 0.943 0.993
28 -1.469 -0.681 0.986 0.983 0.926 0.991
29 -1.563 -0.718 0.980 0.982 0.874 0.990
30 -1.661 -0.649 0.978 0.982 0.792 0.994
31 -1.665 -0.701 0.978 0.983 0.951 0.993
32 -1.489 -0.654 0.984 0.978 0.899 0.994
33 -1.579 -0.768 0.979 0.983 0.901 0.986
34 -1.570 -0.716 0.983 0.979 0.951 0.996
35 -1.556 -0.676 0.981 0.983 0.828 0.994
36 -1.606 -0.648 0.974 0.981 0.939 0.991
37 -1.592 -0.768 0.984 0.987 0.902 0.993
38 -1.595 -0.625 0.981 0.985 0.949 0.997
39 -1.457 -0.647 0.988 0.989 0.926 0.994
40 -1.548 -0.671 0.982 0.985 0.893 0.993
41 -1.499 -0.652 0.989 0.990 0.841 0.996
42 -1.531 -0.672 0.979 0.989 0.854 0.994
43 -1.666 -0.772 0.978 0.978 0.795 0.992
44 -1.460 -0.653 0.985 0.987 0.958 0.995
45 -1.598 -0.716 0.978 0.981 0.776 0.990
46 -1.546 -0.650 0.984 0.988 0.934 0.996
47 -1.504 -0.672 0.984 0.983 0.895 0.989
48 -1.642 -0.793 0.973 0.973 0.882 0.982
49 -1.669 -0.651 0.968 0.983 0.938 0.996
50 -1.463 -0.604 0.989 0.983 0.876 0.991
51 -1.471 -0.619 0.978 0.986 0.882 0.991
