1 -7.349 -5.054 0.000 0.034 0.606 0.611
1 -7.352 -5.001 0.000 0.044 0.322 0.298
1 -7.450 -5.287 0.000 0.000 0.375 0.250
1 -7.312 -5.112 0.000 0.062 0.438 0.375
1 -7.312 -5.112 0.000 0.000 0.375 0.438
1 -7.487 -4.737 0.000 0.062 0.562 0.500
1 -7.450 -5.175 0.000 0.000 0.438 0.438
1 -7.400 -4.850 0.000 0.062 0.375 0.312
1 -7.325 -4.519 0.000 0.188 0.375 0.312
1 -7.342 -5.112 0.000 0.025 0.331 0.331
2 -7.084 -4.801 0.000 0.055 1.000 0.947
3 -7.078 -4.801 0.000 0.053 1.000 0.947
4 -7.083 -4.792 0.000 0.061 1.000 0.941
5 -7.107 -4.808 0.000 0.056 1.000 0.944
6 -7.121 -4.758 0.002 0.083 0.998 0.919
7 -7.159 -4.662 0.002 0.106 0.998 0.895
8 -7.155 -4.399 0.022 0.198 0.981 0.808
9 -7.174 -4.429 0.028 0.197 0.975 0.808
10 -7.123 -4.241 0.061 0.244 0.941 0.761
11 -6.733 -3.805 0.256 0.398 0.753 0.616
12 -6.707 -3.764 0.237 0.445 0.770 0.569
13 -6.224 -3.591 0.327 0.423 0.684 0.581
14 -5.940 -3.177 0.400 0.545 0.606 0.497
15 -5.234 -2.566 0.555 0.688 0.450 0.378
16 -4.784 -2.463 0.633 0.681 0.373 0.509
17 -4.728 -2.162 0.634 0.748 0.380 0.525
18 -4.800 -2.090 0.603 0.744 0.405 0.570
19 -4.301 -2.007 0.697 0.778 0.314 0.619
20 -3.928 -1.995 0.720 0.781 0.295 0.656
21 -4.140 -1.751 0.714 0.792 0.308 0.730
22 -3.963 -1.692 0.742 0.803 0.270 0.688
23 -3.728 -1.448 0.772 0.856 0.233 0.706
24 -4.032 -1.411 0.708 0.844 0.305 0.752
25 -3.350 -1.395 0.825 0.864 0.400 0.895
26 -3.278 -1.134 0.833 0.902 0.264 0.880
27 -3.184 -1.139 0.834 0.892 0.297 0.906
28 -3.405 -1.233 0.802 0.889 0.247 0.850
29 -2.955 -1.148 0.852 0.881 0.347 0.934
30 -3.093 -0.930 0.834 0.911 0.311 0.931
31 -2.997 -1.025 0.853 0.912 0.572 0.952
32 -3.007 -0.919 0.833 0.909 0.439 0.964
33 -2.637 -0.913 0.887 0.920 0.525 0.967
34 -2.727 -0.941 0.859 0.898 0.622 0.970
35 -2.737 -0.820 0.892 0.923 0.503 0.959
36 -2.634 -0.811 0.873 0.923 0.531 0.970
37 -2.564 -0.734 0.886 0.941 0.762 0.973
38 -2.529 -0.712 0.898 0.939 0.667 0.980
39 -2.658 -0.801 0.869 0.931 0.544 0.948
40 -2.434 -0.774 0.897 0.942 0.694 0.983
41 -2.785 -0.862 0.869 0.919 0.617 0.944
42 -2.371 -0.598 0.906 0.950 0.741 0.966
43 -2.280 -0.596 0.930 0.953 0.689 0.981
44 -2.337 -0.569 0.906 0.950 0.578 0.989
45 -2.270 -0.563 0.922 0.945 0.438 0.980
46 -2.179 -0.526 0.936 0.959 0.630 0.981
47 -2.238 -0.519 0.933 0.959 0.753 0.984
48 -2.130 -0.517 0.934 0.955 0.722 0.992
49 -2.057 -0.569 0.938 0.961 0.819 0.986
50 -2.312 -0.544 0.912 0.959 0.616 0.991
51 -2.022 -0.404 0.944 0.972 0.756 0.983
52 -2.089 -0.604 0.928 0.947 0.575 0.970
53 -2.468 -0.828 0.883 0.914 0.322 0.852
54 -2.321 -0.632 0.905 0.942 0.470 0.939
55 -2.105 -0.368 0.928 0.975 0.702 0.986
56 -2.042 -0.570 0.941 0.952 0.705 0.994
57 -2.075 -0.471 0.938 0.953 0.786 0.995
58 -2.126 -0.505 0.927 0.966 0.580 0.967
59 -2.172 -0.516 0.916 0.966 0.527 0.966
60 -1.984 -0.526 0.941 0.958 0.602 0.970
61 -1.859 -0.350 0.952 0.969 0.670 0.991
62 -1.969 -0.370 0.941 0.973 0.448 0.975
63 -2.262 -0.473 0.902 0.967 0.728 0.983
64 -2.011 -0.602 0.934 0.964 0.786 0.970
65 -1.804 -0.409 0.950 0.966 0.683 0.989
66 -2.020 -0.495 0.925 0.961 0.686 0.986
67 -2.135 -0.405 0.916 0.977 0.642 0.978
68 -1.902 -0.367 0.950 0.967 0.537 0.980
69 -1.883 -0.419 0.948 0.969 0.545 0.991
70 -1.886 -0.312 0.939 0.977 0.738 0.991
71 -1.892 -0.342 0.950 0.964 0.530 0.988
72 -1.962 -0.389 0.942 0.966 0.606 0.997
73 -1.824 -0.360 0.947 0.980 0.711 0.995
74 -1.911 -0.415 0.944 0.963 0.759 0.997
75 -1.770 -0.323 0.959 0.970 0.697 0.997
76 -1.789 -0.315 0.958 0.978 0.611 0.989
77 -1.771 -0.377 0.955 0.972 0.520 0.994
78 -1.816 -0.260 0.952 0.978 0.648 0.986
79 -1.926 -0.331 0.958 0.975 0.053 0.652
80 -1.806 -0.322 0.961 0.972 0.623 0.995
81 -1.866 -0.271 0.941 0.981 0.675 0.997
82 -1.789 -0.370 0.959 0.973 0.622 0.975
83 -1.793 -0.332 0.955 0.978 0.695 1.000
84 -1.717 -0.351 0.966 0.977 0.570 0.995
85 -1.809 -0.320 0.953 0.975 0.695 0.989
86 -1.785 -0.340 0.948 0.977 0.550 0.997
87 -1.724 -0.393 0.964 0.966 0.509 0.994
88 -1.756 -0.309 0.967 0.986 0.458 0.992
89 -1.802 -0.344 0.958 0.973 0.509 0.986
90 -1.811 -0.335 0.959 0.972 0.525 0.994
91 -1.871 -0.264 0.952 0.981 0.506 0.989
92 -1.733 -0.324 0.958 0.981 0.597 1.000
93 -1.736 -0.376 0.977 0.970 0.606 0.998
94 -1.727 -0.296 0.973 0.980 0.673 0.992
95 -1.887 -0.274 0.955 0.978 0.613 0.984
96 -1.878 -0.374 0.948 0.966 0.402 0.697
97 -1.628 -0.267 0.973 0.980 0.603 0.995
98 -1.699 -0.236 0.956 0.991 0.500 0.995
99 -1.757 -0.371 0.953 0.975 0.552 0.978
100 -1.700 -0.314 0.961 0.967 0.591 0.995
101 -1.807 -0.308 0.953 0.980 0.537 0.978
102 -1.665 -0.266 0.975 0.983 0.519 0.992
103 -1.687 -0.387 0.963 0.972 0.547 0.992
104 -1.659 -0.348 0.963 0.975 0.530 0.992
105 -1.726 -0.231 0.961 0.980 0.628 0.998
106 -1.971 -0.327 0.939 0.991 0.364 0.983
107 -1.678 -0.311 0.966 0.973 0.484 0.994
108 -1.662 -0.313 0.970 0.981 0.573 0.998
109 -1.731 -0.272 0.958 0.983 0.681 0.994
110 -1.752 -0.335 0.953 0.972 0.669 0.997
111 -1.707 -0.321 0.966 0.972 0.506 0.994
1 -7.325 -5.098 0.000 0.031 0.748 0.752
2 -7.082 -4.880 0.000 0.036 1.000 0.964
3 -7.087 -4.845 0.000 0.048 1.000 0.952
4 -7.125 -4.701 0.000 0.083 1.000 0.917
5 -7.172 -4.795 0.005 0.070 0.995 0.931
6 -7.196 -4.504 0.023 0.170 0.978 0.830
7 -7.090 -4.245 0.067 0.258 0.933 0.744
8 -6.924 -4.118 0.145 0.316 0.863 0.692
9 -6.701 -4.053 0.203 0.322 0.803 0.684
10 -6.511 -3.595 0.247 0.436 0.759 0.570
11 -6.413 -3.617 0.287 0.439 0.717 0.567
12 -6.026 -3.302 0.391 0.500 0.622 0.500
13 -5.934 -3.076 0.386 0.572 0.627 0.434
14 -5.628 -3.017 0.453 0.580 0.556 0.431
15 -4.909 -2.453 0.605 0.703 0.402 0.322
16 -4.924 -2.322 0.586 0.717 0.419 0.316
17 -4.543 -2.491 0.684 0.684 0.328 0.414
18 -4.281 -1.970 0.709 0.777 0.294 0.441
19 -4.456 -2.148 0.631 0.725 0.372 0.450
20 -3.556 -1.801 0.808 0.798 0.195 0.544
21 -6.162 -3.693 0.256 0.356 0.750 0.673
22 -3.721 -1.855 0.762 0.791 0.247 0.527
23 -3.382 -1.342 0.811 0.853 0.191 0.564
24 -3.173 -1.362 0.842 0.848 0.161 0.609
25 -3.055 -1.060 0.855 0.919 0.148 0.634
26 -2.907 -1.084 0.861 0.908 0.142 0.644
27 -2.761 -0.977 0.878 0.919 0.127 0.667
28 -2.710 -0.912 0.892 0.914 0.114 0.688
29 -2.758 -1.013 0.873 0.908 0.133 0.719
30 -2.492 -0.824 0.895 0.923 0.109 0.758
31 -2.485 -0.582 0.906 0.961 0.094 0.733
32 -2.651 -0.720 0.898 0.942 0.109 0.773
33 -2.454 -0.693 0.902 0.942 0.102 0.791
34 -2.372 -0.626 0.911 0.942 0.091 0.825
35 -2.563 -0.715 0.903 0.953 0.103 0.717
36 -2.311 -0.675 0.920 0.934 0.083 0.853
37 -2.126 -0.575 0.930 0.955 0.105 0.872
38 -2.264 -0.540 0.898 0.952 0.111 0.867
39 -2.217 -0.450 0.917 0.972 0.145 0.919
40 -2.311 -0.629 0.934 0.955 0.166 0.844
41 -2.098 -0.420 0.942 0.966 0.153 0.934
42 -1.967 -0.579 0.945 0.953 0.141 0.938
43 -2.412 -0.652 0.897 0.936 0.106 0.789
44 -1.997 -0.402 0.947 0.977 0.102 0.927
45 -1.975 -0.495 0.955 0.963 0.391 0.841
46 -2.017 -0.445 0.942 0.961 0.141 0.964
47 -1.916 -0.442 0.953 0.969 0.361 0.947
48 -1.942 -0.360 0.948 0.973 0.056 0.847
49 -1.828 -0.351 0.961 0.970 0.237 0.973
50 -2.075 -0.397 0.928 0.969 0.152 0.942
51 -1.971 -0.398 0.950 0.977 0.141 0.927
52 -1.901 -0.362 0.950 0.975 0.253 0.973
53 -1.836 -0.427 0.953 0.969 0.223 0.972
54 -1.882 -0.362 0.953 0.980 0.169 0.977
55 -1.909 -0.269 0.945 0.983 0.109 0.917
56 -1.998 -0.281 0.936 0.978 0.331 0.978
57 -1.908 -0.385 0.947 0.977 0.420 0.978
58 -1.772 -0.389 0.963 0.975 0.389 0.977
59 -1.742 -0.310 0.966 0.978 0.388 0.989
60 -1.887 -0.368 0.963 0.966 0.320 0.969
61 -1.748 -0.317 0.964 0.981 0.350 0.978
62 -1.816 -0.295 0.959 0.972 0.369 0.975
63 -1.871 -0.304 0.942 0.978 0.450 0.977
64 -1.775 -0.377 0.958 0.970 0.433 0.983
65 -1.703 -0.250 0.966 0.984 0.316 0.972
66 -1.862 -0.333 0.955 0.977 0.373 0.981
67 -1.816 -0.422 0.948 0.970 0.087 0.938
68 -1.797 -0.292 0.961 0.983 0.366 0.983
69 -1.748 -0.325 0.956 0.978 0.250 0.995
70 -1.692 -0.279 0.967 0.980 0.417 0.986
71 -1.771 -0.362 0.963 0.970 0.381 0.970
72 -1.768 -0.339 0.959 0.973 0.486 0.908
73 -1.823 -0.300 0.953 0.980 0.312 0.986
74 -1.671 -0.321 0.973 0.977 0.461 0.972
75 -1.755 -0.250 0.967 0.975 0.091 0.919
76 -1.766 -0.264 0.970 0.992 0.058 0.919
77 -1.604 -0.275 0.970 0.977 0.362 0.981
78 -1.828 -0.246 0.956 0.980 0.061 0.858
79 -1.704 -0.343 0.964 0.977 0.178 0.983
80 -1.756 -0.242 0.967 0.983 0.330 0.992
81 -1.762 -0.370 0.961 0.964 0.427 0.980
82 -1.743 -0.270 0.961 0.978 0.355 0.988
83 -1.674 -0.298 0.969 0.973 0.422 0.988
84 -1.631 -0.178 0.967 0.986 0.439 0.991
85 -1.662 -0.323 0.966 0.975 0.456 0.859
86 -1.701 -0.277 0.973 0.973 0.245 0.970
87 -1.681 -0.362 0.972 0.967 0.453 0.998
88 -1.628 -0.312 0.967 0.980 0.445 0.988
89 -1.719 -0.296 0.959 0.983 0.411 0.977
90 -1.655 -0.277 0.977 0.986 0.256 0.989
91 -1.636 -0.260 0.969 0.972 0.483 0.766
92 -1.663 -0.277 0.969 0.977 0.412 0.986
93 -1.852 -0.393 0.972 0.969 0.155 0.911
94 -1.731 -0.325 0.956 0.978 0.375 0.992
95 -1.688 -0.224 0.966 0.986 0.511 0.988
96 -1.599 -0.272 0.980 0.986 0.236 0.994
97 -1.635 -0.273 0.969 0.984 0.306 0.986
98 -1.650 -0.225 0.963 0.978 0.303 0.986
99 -1.689 -0.392 0.964 0.963 0.294 0.975
100 -1.636 -0.256 0.964 0.981 0.511 0.989
101 -1.728 -0.243 0.955 0.980 0.559 0.992
102 -1.708 -0.267 0.955 0.980 0.469 0.989
103 -1.609 -0.238 0.969 0.984 0.433 0.991
104 -1.728 -0.281 0.958 0.986 0.436 0.989
105 -1.619 -0.249 0.972 0.986 0.380 0.988
106 -1.713 -0.234 0.967 0.984 0.231 0.995
107 -1.664 -0.296 0.973 0.977 0.388 0.991
108 -1.576 -0.233 0.973 0.983 0.397 0.984
109 -1.607 -0.206 0.969 0.986 0.491 0.989
110 -1.701 -0.244 0.961 0.981 0.630 0.981
111 -1.579 -0.244 0.973 0.983 0.377 0.988
112 -1.681 -0.291 0.969 0.989 0.416 0.995
113 -1.640 -0.275 0.964 0.980 0.537 0.989
114 -1.684 -0.254 0.966 0.984 0.483 0.997
115 -1.604 -0.251 0.975 0.984 0.408 0.986
116 -1.583 -0.248 0.972 0.988 0.119 0.980
117 -1.481 -0.218 0.983 0.981 0.342 0.989
118 -1.635 -0.294 0.973 0.978 0.519 0.988
119 -1.706 -0.278 0.975 0.973 0.403 0.994
120 -1.573 -0.277 0.969 0.984 0.573 0.986
121 -1.625 -0.270 0.966 0.988 0.487 0.988
122 -1.610 -0.276 0.964 0.975 0.372 0.984
123 -1.562 -0.180 0.978 0.989 0.514 0.984
124 -1.573 -0.285 0.973 0.975 0.386 0.986
125 -1.642 -0.364 0.967 0.977 0.381 0.994
126 -1.486 -0.198 0.975 0.986 0.336 0.991
127 -1.696 -0.293 0.952 0.978 0.362 0.984
128 -1.644 -0.277 0.964 0.973 0.528 0.988
129 -1.590 -0.249 0.977 0.980 0.317 0.984
130 -1.624 -0.270 0.964 0.983 0.461 0.994
131 -1.680 -0.217 0.958 0.984 0.459 0.991
132 -1.747 -0.271 0.947 0.980 0.520 0.970
133 -1.645 -0.240 0.961 0.983 0.556 0.992
134 -1.609 -0.300 0.964 0.980 0.350 0.991
135 -1.630 -0.191 0.969 0.991 0.411 0.989
136 -1.578 -0.223 0.975 0.981 0.441 0.989
137 -1.561 -0.336 0.977 0.981 0.336 0.989
138 -1.649 -0.261 0.966 0.984 0.406 0.992
139 -1.748 -0.189 0.961 0.989 0.423 0.992
140 -1.690 -0.286 0.959 0.977 0.400 0.989
141 -1.568 -0.277 0.969 0.980 0.456 0.986
142 -1.580 -0.331 0.983 0.986 0.478 0.995
143 -1.640 -0.243 0.963 0.983 0.459 0.991
144 -1.595 -0.285 0.973 0.980 0.472 0.988
145 -1.637 -0.250 0.970 0.986 0.389 0.989
146 -1.587 -0.212 0.973 0.983 0.569 0.973
147 -1.565 -0.319 0.975 0.978 0.420 0.989
148 -1.623 -0.164 0.972 0.989 0.514 0.984
149 -1.558 -0.276 0.977 0.980 0.552 0.991
150 -1.594 -0.250 0.978 0.977 0.594 0.992
151 -1.627 -0.266 0.977 0.978 0.472 0.989
152 -1.631 -0.249 0.966 0.981 0.283 0.986
153 -1.585 -0.274 0.972 0.977 0.483 0.986
154 -1.555 -0.261 0.975 0.980 0.484 0.988
155 -1.546 -0.271 0.967 0.986 0.525 0.992
156 -1.509 -0.220 0.981 0.984 0.497 0.986
157 -1.643 -0.242 0.969 0.981 0.438 0.980
158 -1.602 -0.269 0.966 0.983 0.417 0.991
159 -1.658 -0.244 0.969 0.980 0.436 0.992
160 -1.602 -0.255 0.966 0.977 0.416 0.994
161 -1.648 -0.173 0.970 0.992 0.497 0.988
162 -1.678 -0.297 0.958 0.978 0.375 0.994
163 -1.680 -0.238 0.950 0.978 0.438 0.994
164 -1.617 -0.259 0.973 0.978 0.519 0.984
165 -1.650 -0.212 0.955 0.992 0.519 0.989
166 -1.623 -0.267 0.961 0.980 0.283 0.983
167 -1.560 -0.280 0.972 0.973 0.477 0.984
168 -1.613 -0.195 0.970 0.989 0.478 0.997
169 -1.501 -0.254 0.983 0.977 0.539 0.989
170 -1.614 -0.225 0.969 0.984 0.483 0.994
171 -1.589 -0.242 0.969 0.992 0.484 0.994
172 -1.570 -0.271 0.972 0.980 0.559 0.995
173 -1.419 -0.238 0.983 0.989 0.542 0.992
174 -1.634 -0.246 0.964 0.991 0.450 0.992
175 -1.608 -0.220 0.969 0.973 0.505 0.991
176 -1.490 -0.263 0.978 0.980 0.586 0.991
177 -1.530 -0.234 0.975 0.983 0.556 0.988
178 -1.594 -0.180 0.970 0.991 0.578 0.994
179 -1.600 -0.286 0.970 0.981 0.397 0.983
180 -1.586 -0.240 0.973 0.983 0.481 0.983
181 -1.581 -0.276 0.980 0.978 0.522 0.989
182 -1.546 -0.214 0.977 0.984 0.456 0.989
183 -1.562 -0.213 0.986 0.981 0.470 0.995
184 -1.600 -0.250 0.975 0.975 0.414 0.994
185 -1.696 -0.189 0.969 0.991 0.566 0.992
186 -1.621 -0.211 0.972 0.984 0.425 0.991
187 -1.528 -0.264 0.984 0.983 0.434 0.994
188 -1.560 -0.288 0.970 0.983 0.380 0.991
189 -1.584 -0.196 0.975 0.973 0.487 0.994
190 -1.646 -0.232 0.964 0.989 0.459 0.991
191 -1.598 -0.273 0.970 0.981 0.353 0.995
192 -1.502 -0.174 0.972 0.980 0.552 0.984
193 -1.621 -0.168 0.970 0.989 0.458 0.997
194 -1.524 -0.265 0.989 0.986 0.450 0.986
195 -1.493 -0.205 0.988 0.986 0.450 0.994
196 -1.650 -0.242 0.973 0.981 0.375 0.991
197 -1.630 -0.264 0.970 0.977 0.539 0.994
198 -1.507 -0.192 0.978 0.983 0.391 0.994
199 -1.658 -0.190 0.973 0.991 0.492 0.995
200 -1.663 -0.240 0.970 0.986 0.291 0.933
201 -1.571 -0.243 0.980 0.984 0.498 0.984
202 -1.622 -0.215 0.969 0.984 0.506 0.991
203 -1.560 -0.216 0.972 0.984 0.334 0.994
204 -1.495 -0.192 0.984 0.994 0.503 0.991
205 -1.607 -0.271 0.972 0.988 0.536 0.992
206 -1.568 -0.264 0.972 0.984 0.464 0.986
207 -1.608 -0.213 0.966 0.989 0.580 0.988
208 -1.494 -0.336 0.975 0.970 0.286 0.978
209 -1.642 -0.250 0.969 0.989 0.547 0.984
210 -1.573 -0.243 0.970 0.984 0.427 0.988
211 -1.495 -0.150 0.984 0.995 0.673 0.986
212 -1.680 -0.356 0.964 0.973 0.592 0.992
213 -1.563 -0.219 0.977 0.991 0.514 0.997
214 -1.665 -0.292 0.963 0.970 0.561 0.994
215 -1.572 -0.310 0.972 0.980 0.411 0.994
216 -1.568 -0.247 0.975 0.988 0.595 0.995
217 -1.568 -0.266 0.975 0.986 0.377 0.994
218 -1.619 -0.330 0.969 0.981 0.627 0.989
219 -1.688 -0.295 0.950 0.973 0.556 0.992
220 -1.613 -0.140 0.963 0.992 0.536 0.994
221 -1.534 -0.220 0.983 0.983 0.478 0.994
222 -1.551 -0.251 0.969 0.989 0.042 0.781
223 -1.642 -0.309 0.966 0.977 0.684 0.984
224 -1.587 -0.203 0.975 0.984 0.550 0.981
225 -1.627 -0.244 0.961 0.978 0.512 0.983
226 -1.552 -0.260 0.975 0.972 0.425 0.989
227 -1.551 -0.218 0.981 0.983 0.566 0.989
228 -1.622 -0.240 0.972 0.986 0.431 0.988
229 -1.547 -0.216 0.978 0.983 0.472 0.991
230 -1.589 -0.287 0.967 0.973 0.483 0.991
231 -1.596 -0.244 0.970 0.983 0.391 0.986
232 -1.615 -0.257 0.973 0.984 0.598 0.994
233 -1.534 -0.214 0.967 0.989 0.577 0.991
234 -1.507 -0.261 0.977 0.975 0.650 0.992
235 -1.592 -0.226 0.977 0.984 0.531 0.994
236 -1.599 -0.269 0.975 0.983 0.469 0.997
237 -1.465 -0.230 0.980 0.980 0.502 0.994
238 -1.625 -0.273 0.969 0.977 0.530 0.994
239 -1.593 -0.214 0.969 0.989 0.637 0.992
240 -1.558 -0.232 0.973 0.986 0.642 0.998
241 -1.577 -0.185 0.973 0.992 0.444 0.992
242 -1.545 -0.221 0.973 0.984 0.489 0.992
243 -1.577 -0.240 0.975 0.980 0.450 0.994
244 -1.611 -0.241 0.970 0.983 0.494 0.981
245 -1.530 -0.162 0.983 0.989 0.500 0.995
246 -1.644 -0.241 0.970 0.983 0.441 0.994
247 -1.593 -0.274 0.966 0.981 0.427 1.000
248 -1.514 -0.281 0.978 0.981 0.506 0.991
249 -1.579 -0.274 0.977 0.981 0.400 0.988
250 -1.565 -0.203 0.970 0.981 0.441 0.992
251 -1.608 -0.229 0.978 0.984 0.186 0.889
252 -1.609 -0.221 0.972 0.986 0.495 0.995
253 -1.590 -0.211 0.964 0.988 0.472 0.994
254 -1.526 -0.158 0.983 0.997 0.569 0.992
255 -1.607 -0.327 0.970 0.969 0.545 0.994
256 -1.563 -0.152 0.978 0.989 0.516 0.991
257 -1.654 -0.290 0.964 0.975 0.539 0.991
258 -1.519 -0.241 0.981 0.988 0.503 0.989
259 -1.540 -0.322 0.978 0.978 0.581 0.988
260 -1.605 -0.188 0.970 0.983 0.508 0.988
261 -1.640 -0.213 0.972 0.986 0.531 0.998
262 -1.656 -0.251 0.967 0.980 0.511 0.989
263 -1.486 -0.228 0.981 0.988 0.492 0.992
264 -1.508 -0.192 0.981 0.991 0.605 0.995
265 -1.560 -0.186 0.973 0.991 0.548 0.998
266 -1.578 -0.217 0.975 0.983 0.702 0.995
267 -1.537 -0.297 0.975 0.983 0.431 0.988
268 -1.561 -0.205 0.975 0.988 0.659 0.988
269 -1.496 -0.241 0.980 0.977 0.372 0.991
270 -1.583 -0.205 0.973 0.980 0.562 0.992
271 -1.634 -0.247 0.963 0.981 0.627 0.989
272 -1.571 -0.200 0.967 0.988 0.527 0.988
273 -1.438 -0.262 0.989 0.977 0.616 0.998
274 -1.580 -0.173 0.970 0.994 0.312 0.978
275 -1.551 -0.134 0.970 0.986 0.562 0.992
276 -1.528 -0.267 0.972 0.980 0.398 0.988
277 -1.568 -0.260 0.980 0.980 0.600 0.984
278 -1.599 -0.216 0.970 0.989 0.627 0.989
279 -1.501 -0.249 0.977 0.984 0.552 0.994
280 -1.582 -0.252 0.975 0.978 0.409 0.981
281 -1.483 -0.220 0.983 0.981 0.598 0.995
282 -1.654 -0.215 0.967 0.989 0.481 0.991
283 -1.578 -0.192 0.970 0.994 0.566 0.998
284 -1.597 -0.157 0.977 0.994 0.544 0.997
285 -1.661 -0.180 0.967 0.984 0.655 0.992
286 -1.585 -0.215 0.973 0.988 0.447 0.992
287 -1.534 -0.201 0.981 0.984 0.527 0.991
288 -1.586 -0.225 0.978 0.986 0.645 0.991
289 -1.506 -0.268 0.980 0.981 0.520 0.994
290 -1.579 -0.192 0.975 0.991 0.633 0.994
291 -1.467 -0.204 0.984 0.983 0.528 0.991
292 -1.599 -0.201 0.966 0.984 0.620 0.988
293 -1.569 -0.241 0.969 0.989 0.534 0.988
294 -1.517 -0.175 0.984 0.988 0.442 0.995
295 -1.493 -0.215 0.984 0.991 0.555 0.994
296 -1.557 -0.262 0.980 0.972 0.581 0.988
297 -1.598 -0.225 0.969 0.978 0.498 0.989
298 -1.470 -0.184 0.978 0.983 0.620 0.995
299 -1.513 -0.212 0.967 0.986 0.642 0.995
300 -1.542 -0.217 0.970 0.986 0.491 0.994
301 -1.558 -0.188 0.975 0.988 0.592 0.995
301 -1.558 -0.188 0.975 0.988 0.592 0.995
1 -9.525 -7.046 0.000 0.044 0.487 0.494
2 -9.151 -6.767 0.000 0.050 1.000 0.956
3 -9.071 -6.703 0.013 0.069 0.988 0.931
4 -9.116 -6.422 0.000 0.113 1.000 0.894
5 -9.084 -6.487 0.025 0.144 0.981 0.856
6 -9.126 -6.489 0.031 0.113 0.969 0.887
7 -8.476 -6.044 0.188 0.256 0.812 0.750
8 -7.779 -5.573 0.350 0.381 0.656 0.625
9 -7.675 -5.654 0.362 0.375 0.644 0.637
10 -7.281 -5.461 0.456 0.469 0.544 0.550
11 -7.279 -5.085 0.419 0.525 0.581 0.475
12 -6.738 -4.080 0.569 0.644 0.431 0.356
13 -5.705 -3.983 0.688 0.700 0.319 0.300
14 -5.542 -3.369 0.706 0.762 0.294 0.275
15 -5.478 -3.008 0.681 0.812 0.338 0.206
16 -4.186 -2.912 0.825 0.844 0.281 0.269
17 -4.166 -2.748 0.825 0.838 0.225 0.375
18 -3.836 -3.181 0.838 0.769 0.219 0.356
19 -3.807 -2.255 0.894 0.881 0.212 0.469
20 -3.801 -2.574 0.863 0.825 0.206 0.394
21 -3.225 -2.342 0.931 0.863 0.219 0.506
22 -3.877 -2.724 0.875 0.812 0.244 0.500
23 -3.262 -2.090 0.894 0.912 0.231 0.456
24 -3.573 -2.234 0.881 0.850 0.231 0.569
25 -2.962 -1.715 0.931 0.925 0.225 0.544
26 -2.364 -1.557 0.956 0.931 0.175 0.556
27 -2.986 -1.477 0.919 0.931 0.250 0.537
28 -2.522 -1.747 0.956 0.944 0.219 0.550
29 -3.014 -1.701 0.881 0.925 0.256 0.569
30 -2.450 -1.266 0.956 0.956 0.312 0.606
31 -2.509 -1.409 0.944 0.956 0.237 0.600
32 -2.225 -1.050 0.956 0.969 0.231 0.606
33 -2.626 -0.967 0.931 0.963 0.325 0.650
34 -2.192 -1.052 0.969 0.963 0.388 0.725
35 -2.249 -0.961 0.963 0.969 0.419 0.756
36 -2.304 -0.929 0.944 0.988 0.300 0.688
37 -2.297 -1.216 0.950 0.950 0.381 0.706
38 -2.157 -0.909 0.963 0.981 0.325 0.738
39 -1.901 -1.157 0.963 0.950 0.375 0.731
40 -1.964 -1.267 0.975 0.950 0.325 0.713
41 -2.089 -0.902 0.950 0.981 0.400 0.787
42 -2.014 -1.057 0.981 0.981 0.481 0.662
43 -2.031 -0.822 0.975 0.975 0.400 0.762
44 -2.001 -0.940 0.963 0.956 0.506 0.819
45 -2.037 -0.852 0.963 0.969 0.394 0.600
46 -1.950 -0.791 0.981 0.981 0.463 0.744
47 -1.731 -0.783 0.969 0.969 0.550 0.787
48 -2.124 -0.958 0.956 0.981 0.287 0.637
49 -2.050 -0.681 0.981 0.988 0.469 0.825
50 -1.722 -0.761 0.969 0.975 0.438 0.800
51 -1.862 -0.994 0.975 0.969 0.525 0.806
1 -9.359 -7.046 0.006 0.037 0.656 0.631
2 -9.112 -6.654 0.006 0.069 0.994 0.931
3 -9.147 -6.679 0.000 0.087 1.000 0.912
4 -9.115 -6.781 0.013 0.050 0.988 0.950
5 -9.095 -6.606 0.019 0.081 0.981 0.919
6 -9.215 -6.639 0.019 0.094 0.981 0.906
7 -8.915 -6.151 0.069 0.225 0.931 0.787
8 -7.984 -5.763 0.300 0.312 0.706 0.688
9 -8.267 -5.568 0.219 0.362 0.781 0.637
10 -7.157 -5.406 0.469 0.394 0.537 0.613
11 -6.961 -4.775 0.431 0.531 0.569 0.494
12 -6.286 -4.447 0.637 0.600 0.381 0.406
13 -6.157 -4.489 0.631 0.637 0.369 0.375
14 -6.969 -4.687 0.506 0.581 0.494 0.425
15 -5.868 -3.917 0.644 0.681 0.356 0.319
16 -5.097 -3.493 0.781 0.725 0.225 0.312
17 -4.868 -3.627 0.744 0.744 0.281 0.263
18 -4.406 -3.419 0.825 0.731 0.200 0.281
19 -4.955 -3.228 0.775 0.781 0.263 0.287
20 -4.281 -2.784 0.819 0.831 0.219 0.312
21 -3.655 -2.328 0.856 0.850 0.200 0.450
22 -3.501 -2.334 0.919 0.819 0.200 0.531
23 -3.569 -2.143 0.812 0.900 0.269 0.456
24 -3.432 -2.192 0.906 0.900 0.175 0.425
25 -2.841 -1.721 0.938 0.919 0.175 0.544
26 -3.179 -1.660 0.881 0.938 0.237 0.506
27 -2.639 -1.846 0.938 0.925 0.194 0.619
28 -3.253 -1.689 0.887 0.900 0.237 0.631
29 -2.774 -1.402 0.906 0.931 0.306 0.575
30 -2.561 -1.634 0.969 0.938 0.237 0.631
31 -2.799 -1.433 0.912 0.938 0.287 0.562
32 -3.004 -1.362 0.938 0.956 0.263 0.531
33 -2.692 -1.474 0.906 0.919 0.319 0.631
34 -2.617 -1.506 0.963 0.919 0.138 0.537
35 -2.324 -1.380 0.969 0.956 0.263 0.662
36 -2.305 -1.131 0.956 0.956 0.356 0.669
37 -2.427 -1.140 0.944 0.944 0.338 0.725
38 -2.136 -1.019 0.988 0.969 0.319 0.713
39 -2.099 -1.141 0.944 0.963 0.325 0.637
40 -2.494 -1.002 0.931 0.981 0.394 0.619
41 -2.309 -1.196 0.944 0.950 0.425 0.713
42 -2.542 -1.351 0.919 0.944 0.388 0.688
43 -1.953 -1.084 0.988 0.956 0.281 0.675
44 -2.219 -0.962 0.956 0.963 0.256 0.550
45 -1.842 -1.084 0.975 0.956 0.425 0.762
46 -1.904 -0.936 0.975 0.988 0.425 0.750
47 -1.891 -0.754 0.969 0.981 0.394 0.794
48 -2.126 -0.948 0.950 0.981 0.412 0.762
49 -1.807 -0.706 0.975 0.988 0.506 0.775
50 -2.000 -0.944 0.975 0.963 0.406 0.656
51 -1.866 -0.839 0.975 0.988 0.412 0.744
52 -1.791 -0.842 0.969 0.988 0.444 0.800
53 -1.736 -0.764 0.975 0.975 0.400 0.794
54 -1.705 -1.007 0.988 0.969 0.569 0.825
55 -1.932 -0.989 0.988 0.963 0.531 0.844
56 -1.586 -1.004 0.988 0.963 0.406 0.762
57 -1.972 -1.000 0.969 0.969 0.500 0.825
58 -2.025 -0.872 0.956 0.988 0.525 0.831
59 -1.890 -0.916 0.981 0.981 0.613 0.781
60 -2.014 -0.812 0.975 0.969 0.287 0.731
61 -1.912 -0.618 0.963 0.994 0.594 0.856
62 -1.689 -0.588 0.981 0.988 0.450 0.875
63 -1.786 -0.792 0.969 0.969 0.625 0.844
64 -1.976 -0.584 0.975 0.988 0.581 0.931
65 -1.827 -0.927 0.975 0.975 0.675 0.863
66 -2.011 -0.900 0.988 0.988 0.625 0.863
67 -1.806 -0.799 0.981 0.969 0.656 0.931
68 -1.601 -0.659 0.994 0.988 0.575 0.881
69 -1.831 -0.749 0.994 0.975 0.706 0.887
70 -1.689 -0.674 0.981 0.975 0.662 0.912
71 -1.611 -0.749 0.994 0.975 0.512 0.838
72 -2.060 -0.743 0.963 0.994 0.662 0.919
73 -1.819 -1.192 0.975 0.944 0.581 0.838
74 -1.644 -1.001 0.988 0.975 0.744 0.875
75 -1.762 -0.788 0.981 0.988 0.531 0.762
76 -1.502 -0.962 0.994 0.981 0.675 0.919
77 -1.632 -0.829 0.981 0.988 0.756 0.869
78 -1.479 -0.833 1.000 0.981 0.625 0.900
79 -1.779 -0.667 0.969 0.981 0.825 0.919
80 -1.811 -0.743 0.981 0.975 0.738 0.881
81 -1.746 -0.591 0.969 0.975 0.544 0.875
82 -1.951 -0.657 0.963 0.994 0.694 0.875
83 -1.710 -0.664 0.988 0.988 0.725 0.931
84 -1.973 -0.779 0.956 0.988 0.669 0.906
85 -1.711 -0.821 0.988 0.994 0.725 0.912
86 -1.745 -0.808 0.981 0.969 0.650 0.919
87 -1.813 -0.771 0.981 1.000 0.675 0.850
88 -1.531 -0.728 0.988 0.981 0.662 0.906
89 -1.739 -0.676 0.981 0.994 0.731 0.938
90 -1.835 -0.791 0.963 0.981 0.694 0.944
91 -1.747 -0.542 0.975 0.981 0.644 0.931
92 -1.889 -0.959 0.975 0.988 0.756 0.931
93 -1.852 -0.636 0.975 0.988 0.769 0.969
94 -1.957 -0.697 0.969 0.988 0.681 0.869
95 -1.721 -0.676 0.981 0.981 0.725 0.919
96 -1.454 -0.828 0.988 0.981 0.725 0.881
97 -1.659 -0.666 0.988 0.994 0.656 0.931
98 -1.620 -0.621 0.975 0.981 0.700 0.950
99 -1.713 -0.802 0.988 0.981 0.706 0.912
100 -1.746 -0.755 0.963 0.981 0.794 0.944
101 -1.696 -0.773 0.981 0.988 0.637 0.906
102 -1.921 -0.825 0.975 0.981 0.669 0.938
103 -1.747 -0.867 0.975 0.975 0.781 0.925
104 -1.809 -0.857 0.969 0.969 0.812 0.931
105 -1.837 -1.007 0.969 0.956 0.713 0.944
106 -1.544 -0.691 0.994 0.963 0.700 0.906
107 -1.833 -0.856 0.963 0.981 0.769 0.981
108 -1.761 -0.712 0.994 0.981 0.681 0.938
109 -1.857 -0.855 0.975 0.988 0.787 0.956
110 -1.931 -1.017 0.950 0.963 0.800 0.938
111 -1.550 -0.654 0.988 0.988 0.556 0.938
112 -1.739 -0.917 0.994 0.981 0.750 0.938
113 -1.532 -1.044 0.994 0.938 0.644 0.919
114 -1.580 -0.796 0.981 0.975 0.569 0.900
115 -1.637 -0.679 0.994 1.000 0.700 0.963
116 -1.911 -0.658 0.956 0.981 0.769 0.981
117 -1.757 -0.693 0.994 1.000 0.575 0.762
118 -1.649 -0.651 0.975 0.988 0.706 0.975
119 -1.754 -0.701 0.975 0.988 0.725 0.969
120 -1.615 -0.663 1.000 0.994 0.725 0.963
121 -1.834 -0.697 0.988 0.975 0.731 0.906
122 -1.512 -0.734 0.994 0.981 0.738 0.944
123 -1.547 -0.669 0.988 0.994 0.825 0.963
124 -1.655 -0.534 0.981 0.988 0.781 0.969
125 -1.592 -0.752 0.975 0.994 0.700 0.931
126 -1.525 -0.635 0.981 0.975 0.731 0.963
127 -1.911 -0.702 0.975 0.969 0.719 0.944
128 -1.629 -0.804 0.988 0.969 0.825 0.969
129 -1.810 -0.870 0.975 0.969 0.669 0.969
130 -1.855 -0.654 0.963 0.994 0.644 0.981
131 -1.489 -0.747 0.988 0.981 0.831 0.956
132 -1.727 -0.626 0.994 0.975 0.669 0.881
133 -1.501 -0.691 1.000 0.981 0.775 0.931
134 -1.803 -0.977 0.981 0.963 0.662 0.906
135 -1.801 -0.824 0.975 0.981 0.750 0.963
136 -1.723 -0.713 0.975 0.981 0.569 0.912
137 -1.566 -0.650 0.988 0.988 0.875 0.963
138 -1.616 -0.732 0.975 0.988 0.794 0.963
139 -1.706 -0.796 0.981 0.981 0.762 0.975
140 -1.821 -0.701 0.981 0.994 0.800 0.950
141 -1.453 -0.717 0.994 0.981 0.775 0.969
142 -1.650 -0.488 0.988 0.994 0.844 0.950
143 -1.722 -0.580 0.988 0.994 0.681 0.969
144 -1.722 -0.677 0.981 0.994 0.719 0.912
145 -1.567 -0.696 0.969 0.975 0.762 0.963
146 -1.678 -0.642 0.975 0.988 0.569 0.931
147 -1.664 -0.941 0.994 0.963 0.719 0.956
148 -1.610 -0.694 0.994 0.975 0.750 0.956
149 -1.682 -0.663 0.981 0.988 0.769 0.963
150 -1.779 -0.825 0.975 0.956 0.831 0.963
151 -1.610 -0.681 0.981 0.988 0.887 0.956
152 -1.673 -0.866 0.975 0.956 0.688 0.981
153 -1.471 -0.734 0.988 1.000 0.725 0.975
154 -1.699 -0.805 0.981 0.994 0.681 0.950
155 -1.729 -0.626 0.994 0.981 0.662 0.831
156 -1.692 -0.585 0.981 1.000 0.787 0.963
157 -1.582 -0.729 0.994 0.975 0.681 0.838
158 -1.884 -0.661 0.969 0.988 0.731 0.950
159 -1.689 -0.954 0.969 0.956 0.487 0.806
160 -1.706 -0.649 0.988 0.988 0.781 0.944
161 -1.651 -0.687 0.988 0.994 0.812 0.981
162 -1.549 -0.680 0.988 0.988 0.644 0.938
163 -1.747 -0.513 0.975 1.000 0.738 0.969
164 -1.731 -0.883 0.981 0.969 0.594 0.975
165 -1.664 -0.480 0.969 0.994 0.812 0.975
166 -1.415 -0.825 1.000 0.975 0.744 0.969
167 -1.674 -0.627 0.988 0.969 0.719 0.956
168 -1.687 -0.586 0.981 0.988 0.756 0.975
169 -1.692 -0.639 1.000 0.994 0.600 0.963
170 -1.984 -0.742 0.963 0.988 0.794 0.969
171 -1.558 -0.724 0.994 0.988 0.812 0.994
172 -1.589 -0.392 0.994 0.994 0.588 0.925
173 -1.747 -0.746 0.988 0.981 0.475 0.887
174 -1.562 -0.600 0.994 0.988 0.775 0.956
175 -1.776 -0.712 0.988 0.988 0.688 0.919
176 -1.567 -0.579 0.988 0.988 0.713 0.956
177 -1.819 -0.512 0.969 0.994 0.713 0.969
178 -1.661 -0.799 0.981 0.981 0.744 0.975
179 -1.850 -0.840 0.969 0.981 0.700 0.919
180 -1.663 -0.716 0.988 0.981 0.669 0.950
181 -1.587 -0.707 0.988 0.981 0.794 0.975
182 -1.635 -0.857 0.994 0.969 0.756 0.975
183 -1.627 -0.787 0.981 0.988 0.713 0.844
184 -1.688 -0.547 0.969 0.994 0.812 0.969
185 -1.536 -0.732 0.994 0.994 0.863 0.956
186 -1.759 -0.841 0.969 0.975 0.644 0.981
187 -1.589 -0.727 0.994 0.994 0.787 0.969
188 -1.769 -0.718 0.963 0.981 0.681 0.944
189 -1.436 -0.759 1.000 0.981 0.756 0.981
190 -1.620 -0.880 0.994 0.975 0.750 0.975
191 -1.476 -0.656 0.994 0.994 0.819 0.950
192 -1.875 -0.518 0.969 1.000 0.762 0.969
193 -1.724 -0.644 0.969 0.988 0.744 0.950
194 -1.497 -0.758 0.994 1.000 0.769 0.969
195 -1.811 -0.564 0.988 1.000 0.650 0.981
196 -1.467 -0.535 0.975 1.000 0.825 0.975
197 -1.675 -0.961 0.988 0.969 0.838 0.950
198 -1.637 -0.769 1.000 0.988 0.800 0.975
199 -1.618 -0.832 0.994 0.981 0.725 0.963
200 -1.987 -0.747 0.975 0.969 0.787 0.981
201 -1.656 -0.787 0.981 0.994 0.769 0.975
202 -1.684 -0.492 0.994 0.994 0.725 0.969
203 -1.722 -0.802 0.975 0.975 0.838 0.963
204 -1.691 -0.654 0.975 1.000 0.812 0.950
205 -1.742 -0.834 0.969 0.975 0.831 0.950
206 -1.611 -0.744 0.981 0.981 0.856 0.981
207 -1.926 -0.725 0.975 0.981 0.787 0.988
208 -1.652 -0.514 0.988 0.988 0.831 0.931
209 -1.713 -0.792 0.969 0.975 0.775 0.950
210 -1.658 -1.111 0.975 0.956 0.769 0.969
211 -1.732 -0.584 0.969 0.988 0.787 0.975
212 -1.534 -0.982 0.994 0.975 0.844 0.969
213 -1.857 -0.856 0.981 0.981 0.700 0.975
214 -1.505 -0.606 0.988 0.988 0.806 0.969
215 -1.687 -0.750 0.988 0.975 0.744 0.988
216 -1.582 -0.735 0.994 0.994 0.738 0.963
217 -1.751 -0.658 0.975 0.988 0.744 0.969
218 -1.674 -0.728 0.994 0.981 0.844 0.969
219 -1.618 -0.409 0.988 1.000 0.731 0.956
220 -1.826 -0.501 0.963 0.988 0.775 0.994
221 -1.654 -0.752 0.981 0.981 0.575 0.950
222 -1.591 -0.609 1.000 0.994 0.725 0.994
223 -1.573 -0.857 1.000 0.975 0.762 0.944
224 -1.762 -0.846 0.981 0.988 0.738 0.963
225 -1.644 -0.697 0.988 0.994 0.887 0.975
226 -1.742 -0.704 0.994 0.988 0.688 0.988
227 -1.713 -0.772 0.981 0.994 0.819 0.981
228 -1.759 -0.794 0.981 0.988 0.831 0.956
229 -1.451 -0.514 1.000 0.988 0.800 0.969
230 -1.783 -0.613 0.981 0.981 0.863 0.969
231 -1.869 -0.722 0.969 0.981 0.831 0.950
232 -1.623 -0.514 0.988 0.988 0.794 0.994
233 -1.621 -0.692 0.988 0.981 0.713 0.969
234 -1.904 -0.659 0.969 0.988 0.831 0.950
235 -1.534 -0.680 0.988 0.988 0.675 0.894
236 -1.839 -0.747 0.963 0.981 0.844 0.956
237 -1.760 -0.634 0.969 0.975 0.887 0.988
238 -1.962 -0.819 0.956 0.981 0.875 0.981
239 -1.660 -0.682 0.981 0.981 0.806 0.931
240 -1.743 -0.563 0.975 0.988 0.769 0.981
241 -1.611 -0.642 0.988 0.988 0.838 0.956
242 -1.481 -0.804 0.988 0.981 0.856 0.975
243 -1.947 -0.802 0.969 0.988 0.750 0.981
244 -1.756 -0.674 0.988 0.988 0.875 0.944
245 -1.599 -0.619 0.981 1.000 0.731 0.938
246 -1.458 -0.623 1.000 0.988 0.787 0.975
247 -1.741 -0.642 0.975 0.975 0.688 0.956
248 -1.575 -0.699 1.000 0.981 0.806 0.938
249 -1.498 -0.668 0.988 0.988 0.844 0.988
250 -1.674 -0.783 1.000 0.975 0.838 0.969
251 -1.559 -0.594 1.000 0.988 0.481 0.856
252 -1.674 -0.511 0.981 1.000 0.850 0.975
253 -1.793 -0.929 0.975 0.975 0.713 0.956
254 -1.742 -0.624 0.981 1.000 0.869 0.969
255 -1.446 -0.759 0.988 0.969 0.812 0.981
256 -1.597 -0.620 0.981 1.000 0.856 0.981
