1 -1.985 -0.971 0.975 0.969 0.824 0.954
2 -3.886 -3.078 0.798 0.703 0.668 0.828
3 -3.128 -1.545 0.849 0.907 0.572 0.833
4 -3.774 -1.847 0.797 0.876 0.552 0.756
5 -2.395 -1.297 0.938 0.932 0.629 0.818
6 -2.528 -1.262 0.935 0.950 0.552 0.818
7 -2.059 -0.888 0.959 0.976 0.729 0.906
8 -2.814 -1.439 0.892 0.916 0.643 0.853
9 -3.450 -1.812 0.786 0.857 0.491 0.748
10 -2.333 -1.157 0.930 0.948 0.774 0.915
11 -2.391 -1.139 0.935 0.958 0.552 0.834
12 -2.170 -1.139 0.951 0.956 0.698 0.907
13 -2.209 -1.086 0.951 0.953 0.631 0.878
14 -2.797 -1.460 0.876 0.908 0.651 0.848
15 -2.057 -1.044 0.961 0.959 0.462 0.739
16 -2.108 -0.905 0.954 0.970 0.656 0.897
17 -2.053 -1.049 0.959 0.964 0.738 0.898
18 -2.688 -1.384 0.919 0.932 0.661 0.806
19 -2.898 -1.441 0.916 0.931 0.646 0.849
20 -2.913 -1.742 0.883 0.866 0.714 0.879
1 -1.948 -0.920 0.971 0.973 0.828 0.956
2 -2.004 -1.044 0.964 0.961 0.627 0.891
3 -1.987 -0.916 0.974 0.970 0.713 0.947
4 -2.024 -0.898 0.973 0.969 0.528 0.874
5 -2.057 -0.992 0.961 0.962 0.482 0.795
6 -1.899 -0.959 0.974 0.976 0.668 0.942
7 -2.267 -0.973 0.931 0.956 0.699 0.928
8 -1.944 -0.811 0.962 0.979 0.705 0.919
9 -1.872 -0.822 0.969 0.979 0.841 0.956
10 -2.031 -0.974 0.963 0.967 0.700 0.948
11 -1.809 -0.836 0.973 0.979 0.554 0.943
12 -2.027 -0.857 0.952 0.970 0.750 0.934
13 -1.921 -0.788 0.966 0.982 0.802 0.952
14 -1.819 -0.804 0.971 0.977 0.710 0.958
15 -2.598 -1.028 0.869 0.947 0.722 0.957
16 -1.779 -0.718 0.977 0.983 0.816 0.938
17 -1.715 -0.827 0.974 0.971 0.791 0.938
18 -2.349 -1.107 0.923 0.943 0.771 0.929
19 -1.854 -0.730 0.976 0.987 0.649 0.975
20 -1.776 -0.866 0.973 0.976 0.656 0.950
21 -1.898 -0.780 0.972 0.980 0.716 0.964
22 -2.336 -1.128 0.914 0.940 0.487 0.784
23 -1.789 -0.775 0.972 0.986 0.633 0.974
24 -1.684 -0.792 0.981 0.978 0.676 0.966
25 -1.706 -0.718 0.974 0.981 0.737 0.959
26 -2.544 -1.337 0.929 0.939 0.736 0.916
27 -1.708 -0.732 0.979 0.981 0.772 0.951
28 -1.708 -0.771 0.979 0.986 0.707 0.971
29 -1.643 -0.703 0.982 0.985 0.604 0.964
30 -1.620 -0.661 0.981 0.984 0.687 0.971
31 -1.816 -0.707 0.974 0.983 0.536 0.968
32 -1.839 -0.767 0.963 0.978 0.744 0.966
33 -1.758 -0.782 0.972 0.969 0.698 0.959
34 -1.731 -0.807 0.971 0.977 0.638 0.980
35 -1.692 -0.728 0.980 0.984 0.780 0.969
36 -2.155 -0.897 0.922 0.974 0.344 0.527
