1 -9.400 -7.112 0.000 0.050 0.487 0.544
2 -9.116 -6.647 0.000 0.075 1.000 0.931
3 -9.111 -6.750 0.000 0.056 1.000 0.944
4 -9.076 -6.724 0.006 0.062 0.994 0.938
5 -9.163 -6.590 0.006 0.094 0.994 0.906
6 -8.779 -6.210 0.175 0.225 0.825 0.775
7 -7.205 -4.822 0.519 0.525 0.500 0.481
8 -6.431 -4.501 0.531 0.506 0.469 0.512
9 -5.530 -3.071 0.675 0.756 0.338 0.344
10 -4.281 -2.879 0.838 0.800 0.237 0.500
11 -3.791 -2.168 0.844 0.881 0.275 0.456
12 -3.539 -2.309 0.856 0.844 0.350 0.613
13 -3.129 -1.669 0.887 0.919 0.263 0.456
14 -2.828 -1.644 0.912 0.931 0.281 0.675
15 -2.772 -1.874 0.906 0.919 0.450 0.650
16 -2.334 -1.259 0.969 0.956 0.369 0.706
17 -2.661 -1.405 0.906 0.938 0.569 0.713
18 -2.586 -1.206 0.938 0.969 0.425 0.631
19 -2.446 -1.549 0.950 0.950 0.450 0.694
20 -3.902 -2.126 0.825 0.887 0.300 0.512
21 -2.346 -1.241 0.963 0.944 0.581 0.850
22 -2.375 -1.245 0.944 0.944 0.519 0.762
23 -2.414 -1.250 0.950 0.950 0.656 0.844
24 -2.644 -1.172 0.894 0.956 0.481 0.700
25 -2.462 -1.421 0.950 0.950 0.331 0.688
26 -2.084 -1.109 0.969 0.950 0.519 0.881
27 -3.382 -1.550 0.887 0.944 0.406 0.681
28 -2.167 -1.252 0.956 0.950 0.512 0.781
29 -2.656 -1.294 0.919 0.944 0.375 0.619
30 -1.877 -1.101 0.975 0.950 0.469 0.719
31 -3.037 -1.526 0.894 0.925 0.338 0.531
32 -2.496 -1.042 0.938 0.969 0.256 0.575
33 -2.077 -0.987 0.963 0.975 0.725 0.938
34 -1.885 -1.070 0.975 0.969 0.750 0.906
35 -2.049 -1.026 0.963 0.963 0.600 0.881
36 -2.174 -0.852 0.944 0.988 0.562 0.894
37 -1.752 -0.899 0.969 0.963 0.781 0.950
38 -1.885 -0.864 0.975 0.963 0.694 0.912
39 -2.434 -1.256 0.938 0.944 0.375 0.637
40 -2.009 -0.938 0.969 0.963 0.787 0.919
41 -2.137 -0.856 0.950 0.969 0.694 0.925
42 -2.030 -1.054 0.963 0.969 0.756 0.925
43 -1.786 -1.079 0.963 0.963 0.794 0.938
44 -1.971 -0.916 0.956 0.975 0.812 0.944
45 -2.141 -0.881 0.950 0.975 0.787 0.944
46 -1.757 -0.916 0.975 0.988 0.450 0.738
47 -1.692 -0.806 0.981 0.988 0.794 0.969
48 -1.987 -1.040 0.944 0.956 0.750 0.938
49 -1.807 -1.069 0.975 0.956 0.844 0.925
50 -2.214 -0.769 0.956 0.994 0.769 0.950
51 -2.534 -0.946 0.956 0.975 0.669 0.912
52 -2.032 -0.979 0.981 0.969 0.694 0.950
53 -1.739 -0.947 0.994 0.981 0.531 0.787
54 -2.446 -0.835 0.944 0.963 0.631 0.863
55 -3.202 -1.571 0.838 0.925 0.706 0.887
56 -2.756 -1.709 0.887 0.894 0.450 0.725
57 -2.783 -1.086 0.887 0.938 0.738 0.925
58 -2.000 -0.776 0.969 0.988 0.731 0.875
59 -1.924 -0.854 0.981 0.963 0.812 0.938
60 -2.019 -1.054 0.988 0.956 0.688 0.969
61 -2.375 -1.100 0.963 0.988 0.631 0.912
62 -2.103 -1.093 0.981 0.981 0.719 0.875
63 -1.942 -1.149 0.963 0.944 0.731 0.969
64 -2.267 -0.958 0.919 0.950 0.787 0.963
65 -1.929 -1.008 0.969 0.975 0.719 0.981
66 -1.968 -0.769 0.975 0.969 0.731 0.950
67 -2.166 -0.906 0.956 0.975 0.588 0.925
68 -1.993 -0.784 0.963 0.981 0.762 0.956
69 -1.955 -0.809 0.975 0.994 0.619 0.931
70 -2.229 -1.192 0.956 0.950 0.588 0.950
71 -2.036 -0.727 0.981 0.975 0.425 0.812
72 -2.253 -0.864 0.950 0.969 0.650 0.981
73 -2.457 -1.057 0.950 0.956 0.625 0.769
74 -1.944 -0.837 0.944 0.950 0.738 0.944
75 -2.039 -1.034 0.988 0.963 0.600 0.975
76 -2.212 -0.652 0.969 1.000 0.713 1.000
77 -1.534 -0.834 0.975 0.975 0.694 0.963
78 -1.821 -0.867 0.981 0.969 0.681 0.969
79 -2.146 -0.864 0.956 0.975 0.719 0.963
80 -2.074 -0.813 0.963 0.963 0.775 0.963
81 -2.111 -0.801 0.950 0.969 0.600 0.963
82 -2.309 -0.865 0.925 0.981 0.656 0.975
83 -2.152 -0.933 0.963 0.956 0.575 0.981
84 -1.889 -0.966 0.963 0.975 0.575 0.963
85 -1.879 -0.791 0.981 0.994 0.669 0.963
86 -1.899 -0.954 0.956 0.969 0.688 0.969
87 -2.001 -0.831 0.950 0.975 0.481 0.912
88 -2.012 -0.753 0.956 0.981 0.662 0.931
89 -1.863 -1.086 0.975 0.969 0.769 0.944
90 -2.464 -1.244 0.938 0.963 0.294 0.619
91 -1.821 -0.796 0.988 0.975 0.575 0.950
92 -2.116 -0.645 0.969 0.994 0.525 0.950
93 -2.062 -0.929 0.944 0.994 0.662 0.906
94 -2.288 -0.816 0.931 0.988 0.713 0.850
95 -2.623 -1.399 0.900 0.925 0.637 0.925
96 -2.277 -1.161 0.944 0.963 0.706 0.925
97 -1.737 -1.040 0.969 0.975 0.662 0.963
98 -1.927 -0.906 0.950 0.963 0.650 0.950
99 -1.827 -0.871 1.000 0.975 0.644 0.969
100 -1.754 -0.884 0.963 0.981 0.581 0.981
101 -2.163 -0.840 0.950 0.988 0.550 0.969
102 -2.066 -0.781 0.975 0.988 0.475 0.950
103 -2.161 -0.769 0.969 0.981 0.594 0.975
104 -2.044 -0.910 0.956 0.988 0.619 0.969
105 -1.942 -1.072 0.988 0.956 0.469 0.894
106 -2.207 -1.015 0.969 0.950 0.550 0.938
107 -2.012 -0.952 0.969 0.988 0.650 0.969
108 -1.780 -0.952 0.981 0.963 0.637 0.981
109 -1.806 -0.639 0.963 0.988 0.594 0.950
110 -1.918 -1.001 0.975 0.975 0.644 0.975
111 -1.721 -0.747 0.981 0.988 0.494 0.906
112 -1.723 -0.824 0.969 0.969 0.631 0.963
113 -1.902 -0.836 0.969 0.988 0.625 0.969
114 -2.017 -0.606 0.981 1.000 0.544 0.969
115 -2.306 -0.892 0.950 0.956 0.581 0.969
116 -1.742 -0.914 0.981 0.950 0.600 0.944
117 -1.919 -0.942 0.963 0.981 0.725 0.912
118 -1.964 -0.728 0.975 0.981 0.713 0.938
119 -1.907 -1.092 0.956 0.963 0.619 0.981
120 -2.219 -0.751 0.963 0.994 0.500 0.938
121 -2.139 -0.885 0.931 0.988 0.500 0.963
122 -1.879 -0.629 0.981 1.000 0.425 0.769
123 -1.763 -0.827 0.994 0.988 0.594 0.969
124 -1.986 -0.634 0.963 0.994 0.544 0.969
125 -1.809 -0.842 0.975 0.975 0.544 0.981
126 -1.812 -0.684 0.988 0.975 0.519 0.975
127 -1.661 -0.840 0.988 0.963 0.506 0.994
128 -1.864 -0.823 0.988 0.994 0.600 0.944
129 -1.624 -0.849 0.969 0.988 0.719 0.981
130 -1.736 -0.755 0.981 0.988 0.738 0.931
131 -1.911 -0.894 0.963 0.975 0.556 0.938
132 -1.801 -0.875 0.969 0.963 0.650 0.981
133 -1.815 -1.014 0.969 0.956 0.756 0.975
134 -1.984 -0.862 0.975 0.981 0.431 0.844
135 -1.950 -0.750 0.969 0.975 0.644 0.956
136 -2.157 -0.752 0.950 0.981 0.500 0.975
137 -1.943 -0.832 0.988 0.975 0.550 0.975
138 -1.856 -0.847 0.981 0.963 0.569 0.969
139 -1.834 -1.076 0.975 0.944 0.581 0.988
140 -1.728 -0.816 0.956 0.975 0.619 0.975
141 -1.902 -0.995 0.975 0.963 0.594 0.969
142 -2.741 -1.017 0.875 0.950 0.637 0.956
143 -1.786 -0.780 0.975 0.988 0.713 0.963
144 -1.856 -0.885 0.975 0.969 0.650 0.981
145 -2.242 -0.797 0.963 0.988 0.475 0.969
146 -1.831 -0.911 0.994 0.969 0.669 0.963
147 -1.466 -1.066 0.994 0.969 0.700 0.975
148 -1.774 -0.910 0.981 0.988 0.613 0.981
149 -1.857 -0.856 0.975 0.981 0.594 0.975
150 -1.882 -0.569 0.975 0.981 0.588 0.969
151 -1.853 -0.812 0.988 0.988 0.544 0.975
152 -1.656 -0.699 0.975 0.981 0.662 0.975
153 -1.880 -0.962 0.975 0.975 0.625 0.963
154 -1.902 -0.909 0.963 0.950 0.619 0.981
