1 -9.283 -7.056 0.013 0.037 0.562 0.588
2 -9.136 -6.889 0.000 0.025 1.000 0.975
3 -9.110 -6.780 0.000 0.062 1.000 0.938
4 -9.115 -6.670 0.000 0.069 1.000 0.931
5 -9.145 -6.657 0.000 0.081 1.000 0.919
6 -9.154 -6.617 0.006 0.094 0.994 0.906
7 -9.118 -6.572 0.044 0.119 0.956 0.887
8 -8.927 -6.172 0.106 0.206 0.900 0.794
9 -8.622 -5.601 0.144 0.331 0.856 0.669
10 -8.205 -5.161 0.269 0.463 0.750 0.544
11 -7.574 -5.497 0.350 0.381 0.650 0.619
12 -7.365 -5.019 0.438 0.475 0.575 0.531
13 -6.644 -4.629 0.550 0.556 0.463 0.463
14 -6.381 -4.175 0.581 0.625 0.469 0.500
15 -5.771 -4.220 0.675 0.625 0.375 0.438
16 -5.511 -3.529 0.694 0.750 0.388 0.475
17 -5.345 -3.326 0.750 0.744 0.319 0.444
18 -5.266 -3.023 0.719 0.781 0.325 0.381
19 -4.531 -3.262 0.794 0.750 0.325 0.444
20 -4.356 -3.061 0.819 0.756 0.244 0.487
21 -4.541 -2.866 0.812 0.819 0.300 0.494
22 -4.257 -2.991 0.806 0.806 0.269 0.425
23 -4.159 -2.397 0.825 0.863 0.275 0.606
24 -3.751 -3.021 0.887 0.794 0.250 0.562
25 -3.601 -2.509 0.875 0.863 0.269 0.594
26 -3.896 -2.314 0.850 0.863 0.388 0.650
27 -3.301 -2.386 0.875 0.875 0.281 0.700
28 -3.522 -2.393 0.869 0.869 0.419 0.662
29 -3.384 -2.034 0.881 0.887 0.356 0.619
30 -3.015 -1.802 0.906 0.912 0.263 0.569
31 -3.109 -2.277 0.912 0.894 0.431 0.756
32 -2.844 -1.782 0.912 0.900 0.556 0.794
33 -3.070 -1.816 0.912 0.894 0.406 0.769
34 -4.610 -3.702 0.738 0.631 0.444 0.700
35 -2.579 -1.965 0.950 0.900 0.338 0.637
36 -2.537 -1.701 0.950 0.931 0.269 0.481
37 -2.496 -1.704 0.963 0.912 0.588 0.738
38 -2.511 -1.584 0.956 0.931 0.331 0.588
39 -2.787 -1.472 0.938 0.931 0.350 0.644
40 -2.849 -1.463 0.938 0.925 0.550 0.800
41 -2.435 -1.637 0.944 0.912 0.494 0.794
42 -2.564 -1.453 0.938 0.944 0.481 0.694
43 -2.373 -1.456 0.956 0.931 0.619 0.887
44 -2.521 -1.293 0.956 0.931 0.662 0.944
45 -2.670 -1.362 0.925 0.950 0.362 0.688
46 -2.249 -1.096 0.969 0.981 0.512 0.863
47 -2.226 -1.287 0.963 0.969 0.512 0.894
48 -2.682 -1.415 0.931 0.925 0.487 0.881
49 -2.466 -1.162 0.950 0.956 0.750 0.919
50 -2.518 -1.149 0.950 0.956 0.756 0.963
51 -2.512 -1.208 0.950 0.944 0.487 0.856
52 -2.660 -1.438 0.919 0.938 0.500 0.825
53 -2.329 -1.106 0.963 0.963 0.650 0.963
54 -2.591 -1.177 0.938 0.956 0.569 0.912
55 -2.342 -1.121 0.938 0.975 0.606 0.938
56 -1.953 -1.172 0.975 0.925 0.713 0.944
57 -2.058 -1.102 0.963 0.956 0.544 0.825
58 -2.425 -1.428 0.950 0.919 0.644 0.938
59 -2.458 -1.164 0.938 0.950 0.706 0.931
60 -2.392 -1.084 0.950 0.975 0.806 0.981
61 -2.027 -0.886 0.969 0.981 0.844 0.963
62 -1.934 -0.970 0.963 0.969 0.725 0.975
63 -1.919 -1.257 0.963 0.963 0.456 0.700
64 -1.959 -0.923 0.969 0.975 0.613 0.894
65 -1.741 -0.963 0.988 0.956 0.863 0.950
66 -2.034 -0.876 0.963 0.981 0.487 0.719
67 -1.732 -0.869 0.994 0.969 0.850 0.969
68 -1.934 -0.877 0.963 0.963 0.775 0.988
69 -1.991 -0.998 0.963 0.975 0.644 0.938
70 -2.136 -1.099 0.956 0.944 0.738 0.975
71 -1.811 -0.953 0.981 0.981 0.900 0.956
72 -1.906 -0.608 0.969 0.981 0.844 0.938
73 -1.980 -0.963 0.963 0.975 0.812 0.969
74 -1.884 -1.151 0.969 0.963 0.844 0.956
75 -2.324 -0.661 0.969 0.981 0.556 0.906
76 -1.893 -0.699 0.975 0.981 0.756 0.988
77 -1.824 -0.707 0.969 0.981 0.831 0.956
78 -1.632 -0.819 0.981 0.975 0.831 0.969
79 -2.204 -0.972 0.944 0.956 0.894 0.944
80 -1.948 -1.006 0.956 0.969 0.900 0.956
81 -1.713 -0.846 0.981 0.981 0.469 0.750
82 -2.056 -0.989 0.950 0.950 0.750 0.975
83 -2.119 -1.027 0.944 0.963 0.856 0.969
84 -1.823 -0.897 0.975 0.975 0.887 0.956
85 -2.024 -0.746 0.975 0.981 0.875 0.981
86 -1.983 -0.949 0.956 0.969 0.738 0.969
87 -1.773 -0.842 0.963 0.975 0.906 0.950
88 -1.898 -0.941 0.969 0.969 0.906 0.988
89 -1.799 -0.942 0.988 0.988 0.681 0.950
90 -1.826 -0.747 0.975 0.994 0.894 0.963
91 -1.779 -0.909 0.975 0.956 0.919 0.975
92 -1.987 -0.696 0.969 0.988 0.887 0.994
93 -1.979 -0.919 0.944 0.956 0.906 0.969
94 -1.754 -0.822 0.981 1.000 0.956 0.988
95 -1.944 -0.916 0.975 0.975 0.912 0.994
96 -1.689 -0.784 0.981 0.969 0.894 0.981
97 -1.871 -0.809 0.969 0.975 0.938 0.988
98 -2.032 -1.033 0.975 0.963 0.912 1.000
99 -1.882 -0.866 0.969 0.988 0.806 0.894
100 -1.833 -0.764 0.975 0.975 0.869 0.981
101 -1.914 -0.894 0.963 0.975 0.900 0.981
102 -1.955 -0.647 0.963 0.994 0.881 0.981
103 -1.967 -1.023 0.956 0.950 0.819 0.969
104 -1.725 -0.908 0.975 0.956 0.900 0.988
105 -1.746 -0.704 0.988 0.975 0.831 0.988
106 -1.566 -0.810 0.988 0.969 0.906 0.975
107 -2.011 -0.794 0.956 0.988 0.825 0.981
108 -1.758 -0.823 0.969 0.981 0.894 0.994
109 -1.957 -1.059 0.963 0.950 0.844 0.975
110 -1.819 -0.714 0.981 0.975 0.750 0.963
111 -1.881 -0.769 0.975 0.981 0.912 0.988
112 -1.784 -0.883 0.975 0.994 0.881 0.969
113 -1.934 -0.912 0.969 0.988 0.906 0.994
114 -1.442 -0.773 0.981 0.988 0.906 0.981
115 -1.734 -0.660 0.975 0.988 0.900 0.981
116 -1.721 -0.568 0.988 0.994 0.769 0.975
117 -1.811 -0.692 0.981 0.981 0.562 0.769
118 -1.694 -0.902 0.988 0.969 0.950 0.988
119 -1.724 -0.556 0.981 1.000 0.963 0.988
120 -1.748 -0.726 0.975 0.994 0.675 0.963
121 -1.819 -0.882 0.975 0.988 0.869 0.969
122 -1.903 -0.740 0.988 0.975 0.875 0.944
123 -1.741 -0.829 0.988 0.969 0.581 0.938
124 -1.946 -0.827 0.963 0.975 0.856 0.981
125 -2.072 -0.687 0.963 0.988 0.787 0.969
126 -1.691 -0.643 0.994 0.981 0.906 1.000
127 -1.678 -0.852 0.981 0.981 0.831 0.994
128 -1.765 -0.774 0.981 0.981 0.831 0.981
129 -1.594 -0.576 0.994 0.988 0.900 0.994
130 -1.976 -0.803 0.969 0.988 0.906 1.000
131 -1.889 -0.617 0.981 0.988 0.850 0.938
132 -1.544 -0.621 0.988 0.994 0.806 1.000
133 -1.777 -0.707 0.988 0.969 0.894 0.988
134 -1.720 -0.727 0.988 0.969 0.725 0.981
135 -1.936 -0.715 0.969 1.000 0.850 0.969
136 -1.617 -0.632 1.000 1.000 0.781 0.994
137 -1.960 -0.861 0.956 0.981 0.681 0.994
138 -1.548 -1.103 1.000 0.956 0.819 0.994
139 -1.649 -0.515 0.981 1.000 0.819 0.988
140 -1.715 -0.912 0.981 0.975 0.750 0.963
141 -1.736 -0.884 0.988 0.975 0.613 0.981
142 -1.886 -1.021 0.975 0.975 0.669 0.894
143 -1.969 -0.849 0.956 0.969 0.850 0.994
144 -1.791 -0.872 0.981 0.969 0.806 0.975
145 -1.749 -0.812 0.975 0.981 0.756 0.994
146 -1.476 -0.754 0.988 0.988 0.925 0.975
147 -1.942 -0.978 0.950 0.975 0.606 0.931
148 -1.988 -0.871 0.956 0.975 0.506 0.975
149 -1.744 -0.567 0.994 0.994 0.919 0.988
150 -1.834 -0.653 0.981 0.988 0.869 0.981
151 -1.693 -0.792 0.969 0.975 0.694 0.994
152 -1.757 -0.578 0.969 0.975 0.869 1.000
153 -1.842 -0.729 0.988 0.994 0.800 0.969
154 -1.907 -0.738 0.975 0.988 0.856 0.994
155 -1.589 -0.656 0.994 0.975 0.656 0.981
156 -1.946 -0.742 0.969 0.988 0.750 0.988
157 -1.556 -0.843 0.994 0.969 0.838 0.988
158 -1.853 -0.781 0.975 0.988 0.706 0.988
159 -1.660 -0.633 0.981 0.994 0.825 0.981
160 -1.829 -0.541 0.981 0.994 0.900 0.988
161 -1.688 -0.893 0.969 0.969 0.863 0.988
162 -1.859 -0.760 0.988 0.994 0.750 0.981
163 -1.523 -0.836 0.975 0.994 0.794 0.981
164 -1.666 -0.527 0.981 0.994 0.588 1.000
