1 -7.332 -5.025 0.000 0.045 0.611 0.569
2 -7.079 -4.847 0.000 0.041 1.000 0.959
1 -7.339 -4.998 0.000 0.044 0.434 0.411
2 -7.057 -4.928 0.000 0.031 1.000 0.970
3 -7.074 -4.793 0.000 0.066 1.000 0.934
4 -7.173 -4.557 0.003 0.141 0.997 0.861
5 -7.159 -4.377 0.036 0.225 0.966 0.780
6 -6.524 -3.399 0.259 0.491 0.750 0.520
7 -5.592 -2.631 0.439 0.669 0.569 0.338
8 -4.665 -2.137 0.647 0.767 0.353 0.278
1 -9.473 -7.291 0.000 0.006 0.381 0.344
2 -9.107 -6.559 0.000 0.113 1.000 0.894
3 -9.132 -6.552 0.000 0.100 1.000 0.900
4 -8.931 -6.267 0.087 0.206 0.912 0.800
5 -8.124 -5.367 0.312 0.456 0.688 0.550
6 -6.315 -3.774 0.581 0.706 0.438 0.294
7 -5.287 -3.278 0.700 0.787 0.325 0.212
8 -4.984 -2.836 0.731 0.838 0.269 0.181
9 -4.169 -2.362 0.812 0.856 0.231 0.306
10 -4.431 -2.196 0.769 0.869 0.287 0.381
11 -3.530 -1.524 0.869 0.931 0.225 0.419
12 -3.237 -1.667 0.919 0.925 0.206 0.481
13 -2.948 -1.270 0.931 0.956 0.200 0.456
14 -2.899 -1.173 0.919 0.956 0.263 0.544
15 -2.464 -1.140 0.950 0.963 0.275 0.625
16 -2.278 -1.191 0.969 0.963 0.231 0.669
17 -2.351 -1.387 0.944 0.931 0.237 0.562
18 -2.349 -0.914 0.969 0.963 0.206 0.600
19 -2.257 -0.920 0.956 0.975 0.200 0.444
20 -2.074 -1.041 0.963 0.956 0.194 0.656
21 -2.269 -0.950 0.956 0.963 0.244 0.619
22 -2.192 -0.967 0.969 0.969 0.263 0.637
23 -2.179 -0.914 0.963 0.969 0.225 0.706
24 -1.615 -0.881 0.994 0.994 0.231 0.700
25 -2.044 -1.096 0.963 0.969 0.225 0.681
26 -2.074 -0.764 0.944 0.994 0.269 0.694
27 -1.757 -0.555 0.988 0.994 0.188 0.825
28 -1.911 -0.908 0.963 0.975 0.225 0.775
29 -1.806 -0.842 0.981 0.981 0.131 0.744
30 -1.767 -0.971 0.994 0.963 0.244 0.762
31 -1.810 -0.736 0.981 0.975 0.225 0.831
32 -1.650 -0.979 0.981 0.969 0.163 0.756
33 -1.608 -0.984 0.981 0.969 0.225 0.713
34 -1.952 -0.875 0.981 0.981 0.206 0.831
35 -2.019 -0.639 0.963 1.000 0.225 0.756
36 -1.963 -0.657 0.981 0.994 0.131 0.844
37 -1.969 -0.760 0.969 0.969 0.188 0.887
38 -2.121 -1.007 0.963 0.969 0.219 0.637
39 -1.697 -0.846 0.981 0.988 0.106 0.744
40 -1.710 -0.889 0.981 0.963 0.231 0.887
41 -1.754 -0.679 0.981 0.975 0.138 0.863
42 -1.647 -0.842 0.975 0.981 0.119 0.906
43 -2.059 -0.824 0.956 0.988 0.231 0.500
44 -1.771 -1.066 0.975 0.963 0.163 0.750
45 -2.212 -0.832 0.963 0.975 0.144 0.887
46 -1.655 -0.786 0.994 0.981 0.100 0.863
47 -1.787 -0.668 0.988 0.994 0.144 0.856
48 -1.851 -0.605 0.975 0.988 0.219 0.894
49 -1.686 -0.673 0.988 0.988 0.150 0.881
50 -1.501 -0.851 0.981 0.981 0.131 0.850
51 -1.762 -0.827 0.981 1.000 0.106 0.650
52 -1.574 -0.810 0.981 0.981 0.194 0.906
53 -1.883 -0.662 0.975 1.000 0.119 0.931
54 -1.653 -0.783 0.969 0.988 0.050 0.844
55 -2.301 -1.028 0.938 0.975 0.081 0.631
56 -1.673 -0.707 0.988 0.988 0.050 0.944
57 -1.427 -0.775 0.994 0.975 0.181 0.856
58 -1.972 -0.766 0.969 0.981 0.081 0.900
59 -1.859 -0.812 0.975 0.975 0.081 0.875
60 -1.685 -0.820 0.975 0.981 0.131 0.956
61 -1.689 -0.736 0.994 0.988 0.131 0.863
62 -1.810 -0.867 0.969 0.981 0.056 0.856
63 -1.654 -0.614 0.975 0.994 0.044 0.881
64 -1.765 -0.899 0.988 0.981 0.069 0.919
65 -1.593 -0.707 0.988 0.963 0.075 0.925
66 -1.589 -0.644 1.000 0.994 0.087 0.931
67 -1.691 -0.584 0.988 0.981 0.037 0.938
68 -2.047 -0.700 0.969 0.981 0.031 0.950
69 -1.487 -0.799 0.994 0.994 0.044 0.944
70 -1.691 -0.949 0.969 0.975 0.150 0.919
71 -1.849 -0.831 0.988 0.975 0.106 0.900
72 -1.607 -0.729 0.988 0.988 0.125 0.944
73 -1.550 -0.734 0.994 0.994 0.106 0.887
74 -1.566 -0.697 0.994 0.981 0.013 0.969
75 -1.687 -0.692 0.975 0.994 0.119 0.912
76 -1.557 -0.854 0.975 0.975 0.037 0.931
77 -1.835 -0.657 0.981 0.988 0.069 0.906
78 -1.711 -0.562 0.981 1.000 0.069 0.950
79 -1.844 -0.799 0.969 0.981 0.075 0.925
80 -2.066 -0.693 0.963 0.981 0.056 0.869
81 -1.704 -0.855 0.981 0.963 0.031 0.963
82 -1.487 -0.896 1.000 0.988 0.037 0.963
83 -1.841 -0.591 0.963 0.981 0.062 0.963
84 -1.703 -0.761 0.981 0.988 0.100 0.844
85 -1.696 -0.870 0.975 0.988 0.081 0.950
86 -1.555 -0.572 0.994 0.994 0.069 0.956
87 -1.532 -0.749 0.988 0.969 0.050 0.938
88 -2.030 -0.781 0.956 0.975 0.075 0.950
89 -1.557 -0.641 0.994 0.988 0.056 0.912
90 -1.833 -0.799 0.981 0.969 0.037 0.931
91 -1.708 -0.699 0.975 0.981 0.081 0.787
92 -1.839 -0.687 0.975 0.994 0.019 0.969
93 -1.731 -0.814 0.969 0.963 0.031 0.944
94 -1.559 -0.689 0.988 0.981 0.050 0.938
95 -1.844 -0.721 0.988 0.988 0.025 0.963
96 -1.677 -0.708 0.975 0.988 0.050 0.956
97 -1.725 -0.597 0.988 1.000 0.044 0.944
98 -1.687 -0.707 0.981 0.994 0.062 0.912
99 -1.564 -0.514 1.000 0.981 0.025 0.956
100 -1.803 -0.764 0.975 0.988 0.075 0.925
101 -1.672 -0.609 0.969 0.994 0.044 0.975
102 -1.674 -0.562 0.975 0.994 0.044 0.981
103 -1.822 -0.690 0.988 0.988 0.025 0.944
104 -1.968 -0.813 0.950 0.975 0.056 0.956
105 -1.539 -0.661 0.981 0.975 0.062 0.925
106 -1.603 -0.757 0.988 0.988 0.013 0.956
107 -1.750 -0.727 0.975 1.000 0.013 0.944
108 -1.562 -0.581 0.988 0.981 0.031 0.900
109 -1.377 -0.718 0.994 0.994 0.031 0.956
110 -1.609 -0.636 0.981 1.000 0.081 0.963
111 -1.631 -0.676 0.975 0.994 0.019 0.963
112 -1.611 -0.732 0.994 0.988 0.131 0.800
113 -1.732 -0.736 0.975 0.988 0.037 0.869
114 -1.631 -0.702 0.988 0.981 0.056 0.975
115 -1.610 -0.759 0.988 0.994 0.031 0.881
116 -1.464 -0.666 0.975 0.975 0.044 0.975
117 -1.718 -0.666 0.975 0.994 0.169 0.725
118 -1.648 -0.706 0.969 0.963 0.013 0.981
119 -1.829 -0.721 0.981 0.988 0.025 0.963
120 -1.661 -0.706 0.994 0.994 0.056 0.975
121 -1.785 -0.756 0.963 0.994 0.037 0.963
122 -1.611 -0.619 0.994 0.981 0.037 0.869
123 -1.705 -0.476 0.975 0.988 0.050 0.981
124 -1.676 -0.752 0.981 0.981 0.037 0.963
125 -1.630 -0.664 0.981 1.000 0.031 0.956
126 -1.668 -0.747 0.988 0.975 0.025 0.906
127 -1.588 -0.531 0.994 0.994 0.006 0.956
128 -1.777 -0.588 0.975 0.975 0.013 0.844
129 -1.666 -0.696 0.981 0.988 0.031 0.969
130 -1.581 -0.715 0.988 0.969 0.050 0.956
131 -1.669 -0.683 0.988 1.000 0.081 0.838
132 -1.757 -0.663 0.969 0.969 0.062 0.975
133 -1.649 -0.666 0.963 0.988 0.075 0.969
134 -1.726 -0.642 0.975 0.981 0.050 0.981
135 -1.763 -0.686 0.988 0.994 0.050 0.969
136 -1.681 -0.756 0.988 0.988 0.069 0.963
137 -1.819 -0.704 0.981 1.000 0.006 0.931
138 -1.716 -0.652 0.975 0.981 0.056 0.950
139 -1.573 -0.945 0.969 0.975 0.069 0.944
140 -1.750 -0.901 0.963 0.975 0.031 0.956
141 -1.616 -0.781 0.981 0.975 0.050 0.919
142 -1.539 -0.613 0.981 0.988 0.062 0.975
143 -1.853 -0.556 0.994 0.981 0.013 0.794
144 -1.577 -0.744 0.981 0.981 0.075 0.988
145 -1.446 -0.862 0.988 0.975 0.075 0.944
146 -1.536 -0.689 0.981 0.981 0.094 0.681
147 -1.806 -0.567 0.969 0.994 0.081 0.969
148 -1.580 -0.657 0.988 0.981 0.069 0.969
149 -1.687 -0.663 0.994 0.975 0.044 0.950
150 -1.730 -0.774 0.963 0.975 0.062 0.975
151 -1.630 -0.699 0.975 0.981 0.037 0.944
152 -1.712 -0.733 0.981 0.981 0.094 0.969
153 -1.676 -0.516 0.981 1.000 0.031 0.975
154 -1.587 -0.664 0.981 0.994 0.031 0.981
155 -1.595 -0.616 0.981 0.988 0.081 0.975
156 -1.594 -0.927 0.988 0.975 0.113 0.912
157 -1.591 -0.592 0.988 0.988 0.050 0.950
158 -1.392 -0.766 0.988 0.988 0.062 0.919
159 -1.487 -0.701 0.975 0.988 0.037 0.956
160 -1.504 -0.571 0.988 1.000 0.206 0.875
161 -1.586 -0.788 0.975 1.000 0.044 0.969
162 -1.566 -0.720 1.000 0.988 0.050 0.969
163 -1.559 -0.664 0.981 0.981 0.069 0.969
164 -1.687 -0.716 0.994 0.988 0.006 0.981
165 -1.721 -0.678 0.981 0.969 0.069 0.925
166 -1.844 -0.504 0.956 0.988 0.069 0.963
167 -1.606 -0.579 0.988 0.981 0.062 0.975
168 -1.651 -0.628 0.988 0.988 0.075 0.969
169 -1.629 -0.681 0.988 0.975 0.025 0.994
170 -1.506 -0.736 1.000 0.981 0.031 0.887
171 -1.681 -0.591 0.981 0.994 0.056 0.963
172 -1.622 -0.598 0.988 0.994 0.025 0.956
173 -1.677 -0.536 0.969 1.000 0.081 0.988
174 -1.557 -0.714 0.981 0.981 0.062 0.994
175 -1.683 -0.596 0.981 0.988 0.169 0.844
176 -1.571 -0.697 0.988 0.981 0.100 0.938
177 -1.499 -0.673 0.969 0.994 0.031 0.988
178 -1.648 -0.606 0.981 0.988 0.169 0.719
179 -1.554 -0.823 1.000 0.963 0.081 0.944
180 -1.458 -0.791 0.994 1.000 0.075 0.981
181 -1.476 -0.877 0.994 0.981 0.037 0.981
182 -1.624 -0.775 0.988 0.981 0.037 0.969
183 -1.568 -0.700 0.981 0.988 0.050 0.938
184 -1.852 -0.767 0.969 0.969 0.006 0.950
185 -1.606 -0.609 0.975 0.981 0.019 0.975
186 -1.611 -0.955 0.994 0.963 0.087 0.963
187 -1.759 -0.802 0.963 0.975 0.081 0.956
188 -1.336 -0.696 1.000 0.994 0.050 0.944
189 -1.652 -0.610 0.975 0.994 0.069 0.969
190 -1.617 -0.737 0.981 0.994 0.031 0.981
191 -1.634 -0.734 1.000 0.988 0.025 0.938
192 -1.653 -0.787 0.988 0.981 0.037 0.963
193 -1.679 -0.574 0.994 0.981 0.069 1.000
194 -1.711 -0.620 0.994 0.969 0.094 0.944
195 -1.703 -0.613 0.975 0.975 0.081 0.963
196 -1.767 -0.791 0.981 0.988 0.044 0.988
197 -1.634 -0.685 0.981 0.975 0.044 0.956
198 -1.574 -0.891 0.994 0.981 0.075 0.950
199 -1.839 -0.763 0.988 0.988 0.019 0.975
200 -1.535 -0.619 0.994 0.994 0.062 0.981
201 -1.757 -0.524 0.981 1.000 0.044 0.981
202 -1.486 -0.534 0.988 0.988 0.181 0.919
203 -1.435 -0.680 0.994 0.994 0.075 0.988
204 -1.448 -0.744 0.981 0.988 0.075 0.988
205 -1.507 -0.602 0.994 0.981 0.056 0.988
206 -1.444 -0.596 0.981 0.988 0.119 0.969
207 -1.779 -0.552 0.981 1.000 0.019 0.975
208 -1.699 -0.607 0.969 0.981 0.075 0.956
209 -1.628 -0.811 0.975 0.981 0.056 0.969
210 -1.690 -0.479 0.981 1.000 0.025 0.925
211 -1.731 -0.554 0.981 0.994 0.062 0.981
212 -1.711 -0.507 0.975 0.988 0.019 0.956
213 -1.636 -0.551 0.969 0.988 0.062 0.963
214 -1.843 -0.704 0.969 0.988 0.081 0.969
215 -1.708 -0.714 0.981 0.994 0.050 0.988
216 -1.403 -0.782 0.981 0.981 0.019 0.981
217 -1.456 -0.723 0.981 0.988 0.044 0.969
218 -1.632 -0.688 0.981 0.994 0.056 0.981
219 -1.606 -0.652 0.994 0.994 0.062 0.981
220 -1.671 -0.638 0.975 1.000 0.075 0.969
221 -1.858 -0.527 0.975 0.988 0.075 0.963
222 -1.676 -0.587 0.981 0.994 0.100 0.956
223 -1.606 -0.636 1.000 0.994 0.056 0.981
224 -1.504 -0.627 0.988 0.988 0.125 0.969
225 -1.652 -0.625 0.994 0.988 0.013 0.950
226 -1.760 -0.544 0.994 0.994 0.087 0.925
227 -1.555 -0.633 0.975 0.994 0.056 0.975
228 -1.661 -0.684 0.994 0.981 0.019 0.994
229 -1.642 -0.719 0.981 0.988 0.062 0.956
230 -1.532 -0.619 0.988 0.988 0.044 0.981
231 -1.496 -0.624 0.981 0.988 0.144 0.938
232 -1.581 -0.677 0.988 0.981 0.156 0.956
233 -1.650 -0.540 0.975 0.981 0.106 0.975
234 -1.431 -0.474 0.994 1.000 0.050 0.975
235 -1.448 -0.603 0.994 0.988 0.056 0.981
236 -1.291 -0.697 0.988 0.981 0.119 0.950
237 -1.617 -0.684 0.969 0.988 0.113 0.975
238 -1.822 -0.495 0.981 0.994 0.037 0.931
239 -1.489 -0.661 1.000 0.975 0.125 0.981
240 -1.629 -0.637 0.981 0.988 0.025 0.963
241 -1.651 -0.802 0.994 0.994 0.069 0.975
242 -1.641 -0.832 0.988 0.963 0.062 0.950
243 -1.471 -0.773 1.000 0.981 0.081 0.969
244 -1.830 -0.696 0.981 0.994 0.163 0.956
245 -1.770 -0.577 0.988 0.994 0.069 0.975
246 -1.619 -0.564 1.000 0.994 0.031 0.956
247 -1.691 -0.721 0.988 0.969 0.031 0.969
248 -1.674 -0.967 0.988 0.969 0.062 0.988
249 -1.675 -0.692 0.975 0.969 0.044 0.969
250 -1.529 -0.601 0.994 0.981 0.087 0.975
251 -1.701 -0.787 0.981 0.975 0.062 0.931
252 -1.609 -0.693 0.975 0.988 0.050 0.963
253 -1.387 -0.731 0.994 0.975 0.081 0.981
254 -1.774 -0.820 0.988 0.969 0.031 0.963
255 -1.851 -0.617 0.975 1.000 0.044 0.988
256 -1.453 -0.567 1.000 1.000 0.025 0.963
257 -1.499 -0.612 0.988 0.981 0.106 0.981
258 -1.488 -0.579 0.994 1.000 0.087 0.963
259 -1.717 -0.537 0.969 0.988 0.094 0.981
260 -1.557 -0.627 0.988 0.981 0.075 0.956
261 -1.349 -0.753 0.994 0.981 0.050 0.975
262 -1.669 -0.772 0.981 0.981 0.069 0.956
263 -1.506 -0.566 1.000 0.988 0.175 0.969
264 -1.689 -0.837 0.981 0.981 0.069 0.994
265 -1.568 -0.873 0.981 0.969 0.044 0.963
266 -1.707 -0.774 0.975 0.994 0.025 0.988
267 -1.667 -0.577 0.981 0.988 0.131 0.938
268 -1.565 -0.696 0.981 1.000 0.075 0.988
269 -1.403 -0.534 1.000 1.000 0.075 0.981
270 -1.722 -0.647 0.969 0.994 0.087 0.988
271 -1.975 -0.703 0.956 0.981 0.081 0.975
272 -1.668 -0.689 0.975 0.981 0.025 0.988
273 -1.725 -0.892 0.988 0.969 0.037 0.988
274 -1.594 -0.653 0.988 0.981 0.113 0.981
275 -1.428 -0.557 0.988 1.000 0.069 0.988
