1 -4.946 -4.897 -4.697 0.062 0.081 0.113
2 -4.822 -4.648 -4.490 0.075 0.106 0.144
3 -4.605 -4.500 -4.667 0.131 0.144 0.125
4 -4.404 -4.462 -4.579 0.206 0.188 0.150
5 -4.329 -4.676 -4.472 0.181 0.131 0.163
6 -4.619 -4.521 -4.250 0.138 0.200 0.250
7 -4.306 -4.417 -4.390 0.225 0.212 0.219
8 -4.028 -4.145 -4.121 0.281 0.256 0.244
9 -3.883 -3.636 -4.141 0.331 0.375 0.237
10 -3.827 -3.842 -4.249 0.344 0.362 0.212
11 -3.562 -2.995 -3.647 0.425 0.594 0.412
12 -2.927 -2.952 -3.615 0.550 0.531 0.394
13 -2.854 -2.672 -3.343 0.581 0.625 0.481
14 -2.142 -2.687 -3.099 0.694 0.644 0.525
15 -2.643 -2.490 -3.223 0.581 0.669 0.500
16 -2.464 -2.493 -3.149 0.619 0.669 0.487
17 -2.624 -2.452 -3.001 0.619 0.650 0.562
18 -2.592 -2.446 -2.876 0.588 0.675 0.562
19 -2.314 -2.153 -2.899 0.694 0.675 0.556
20 -2.837 -2.403 -3.216 0.575 0.644 0.506
21 -2.447 -2.401 -2.752 0.625 0.662 0.562
22 -2.633 -2.044 -2.734 0.613 0.694 0.562
23 -2.450 -2.556 -2.821 0.637 0.625 0.569
24 -2.471 -2.271 -2.532 0.613 0.694 0.606
25 -2.284 -2.025 -2.483 0.662 0.731 0.606
26 -1.991 -2.126 -2.190 0.756 0.694 0.688
27 -2.459 -1.907 -2.670 0.637 0.750 0.619
28 -2.408 -2.064 -2.792 0.650 0.713 0.581
29 -1.956 -2.039 -2.499 0.719 0.700 0.631
30 -2.157 -2.009 -2.933 0.706 0.744 0.562
31 -2.322 -2.046 -2.244 0.656 0.738 0.675
32 -2.226 -2.171 -2.551 0.669 0.706 0.606
33 -2.266 -1.980 -2.376 0.694 0.744 0.656
34 -2.247 -1.926 -2.479 0.675 0.769 0.644
35 -1.960 -1.942 -2.061 0.731 0.731 0.713
36 -2.416 -1.921 -2.382 0.650 0.756 0.637
37 -2.244 -1.811 -2.642 0.681 0.781 0.613
38 -1.898 -2.105 -2.077 0.769 0.688 0.706
39 -2.120 -1.772 -2.432 0.688 0.800 0.656
40 -2.029 -1.494 -2.364 0.681 0.825 0.650
41 -1.932 -1.652 -2.862 0.762 0.756 0.550
42 -1.777 -1.984 -2.426 0.762 0.738 0.650
43 -1.814 -1.787 -2.504 0.756 0.775 0.637
44 -2.026 -1.781 -2.174 0.725 0.769 0.688
45 -1.906 -1.593 -2.259 0.762 0.800 0.675
46 -1.747 -1.844 -2.188 0.756 0.750 0.681
47 -2.116 -1.599 -2.020 0.738 0.775 0.669
48 -2.048 -1.954 -2.057 0.719 0.725 0.706
49 -1.764 -1.848 -1.797 0.762 0.762 0.750
50 -1.637 -1.453 -2.125 0.750 0.806 0.675
51 -1.317 -1.747 -1.956 0.831 0.769 0.738
52 -1.702 -1.377 -1.969 0.744 0.856 0.694
53 -1.636 -1.476 -2.202 0.762 0.825 0.694
54 -1.591 -1.639 -2.286 0.781 0.787 0.669
55 -1.539 -1.650 -2.100 0.800 0.825 0.706
56 -1.517 -1.587 -2.017 0.794 0.787 0.738
57 -1.619 -1.276 -1.904 0.781 0.844 0.731
58 -1.479 -1.445 -2.148 0.800 0.806 0.694
59 -1.493 -1.421 -2.201 0.800 0.806 0.694
60 -1.655 -1.124 -2.071 0.756 0.894 0.694
61 -1.471 -1.092 -1.953 0.794 0.856 0.706
62 -1.404 -1.522 -1.932 0.825 0.794 0.750
63 -1.606 -1.106 -1.999 0.781 0.875 0.731
64 -1.777 -1.292 -1.655 0.738 0.838 0.800
65 -1.451 -1.133 -2.049 0.769 0.869 0.713
66 -1.705 -1.195 -1.947 0.775 0.856 0.719
67 -1.680 -1.260 -1.566 0.781 0.838 0.781
68 -1.406 -1.204 -1.943 0.831 0.856 0.706
69 -1.580 -0.978 -1.816 0.794 0.881 0.731
70 -1.346 -1.343 -1.694 0.838 0.819 0.750
71 -1.384 -1.218 -1.824 0.819 0.850 0.713
72 -1.127 -1.272 -2.017 0.844 0.838 0.694
73 -1.142 -0.989 -1.916 0.856 0.894 0.706
74 -1.230 -0.987 -1.491 0.831 0.900 0.787
75 -1.127 -0.971 -1.636 0.850 0.881 0.769
76 -1.219 -1.032 -1.476 0.825 0.887 0.787
77 -1.467 -1.115 -1.437 0.812 0.838 0.794
78 -0.846 -1.213 -1.629 0.894 0.844 0.769
79 -1.247 -0.882 -1.728 0.819 0.919 0.738
80 -1.308 -0.792 -1.992 0.806 0.900 0.681
81 -0.983 -0.784 -1.662 0.894 0.900 0.794
82 -0.997 -1.027 -1.471 0.875 0.863 0.800
83 -1.031 -0.879 -1.501 0.863 0.900 0.775
84 -1.211 -1.098 -1.139 0.812 0.850 0.825
85 -1.039 -0.677 -1.857 0.831 0.900 0.725
86 -0.751 -0.744 -1.717 0.906 0.925 0.731
87 -1.197 -0.734 -2.095 0.850 0.919 0.681
88 -1.056 -0.874 -1.136 0.850 0.887 0.844
89 -0.879 -0.919 -1.577 0.875 0.869 0.762
90 -1.273 -0.804 -1.207 0.812 0.925 0.831
91 -1.178 -0.272 -1.186 0.819 0.944 0.838
92 -1.089 -0.579 -1.315 0.838 0.931 0.787
93 -1.116 -0.537 -1.737 0.856 0.938 0.725
94 -0.956 -0.462 -1.310 0.869 0.944 0.812
95 -0.692 -0.480 -1.196 0.894 0.950 0.812
96 -1.109 -0.316 -1.062 0.800 0.969 0.856
97 -0.783 -0.367 -1.174 0.881 0.963 0.838
98 -0.409 -0.551 -1.189 0.938 0.925 0.806
99 -0.767 -0.470 -1.111 0.875 0.956 0.819
100 -0.706 -0.581 -1.114 0.887 0.931 0.838
101 -0.867 -0.552 -1.104 0.881 0.925 0.844
102 -0.788 -0.317 -1.128 0.887 0.956 0.825
103 -0.765 -0.097 -1.335 0.875 0.975 0.781
104 -0.796 -0.471 -1.486 0.869 0.925 0.762
105 -0.517 -0.237 -0.972 0.912 0.969 0.863
106 -0.543 -0.213 -1.202 0.931 0.938 0.794
107 -0.566 -0.338 -0.900 0.938 0.925 0.869
108 -0.652 -0.134 -1.437 0.881 0.963 0.775
109 -0.447 -0.290 -0.619 0.912 0.950 0.900
110 -0.629 -0.229 -1.049 0.900 0.956 0.863
111 -0.507 -0.297 -0.981 0.919 0.956 0.831
112 -0.726 -0.202 -1.052 0.856 0.963 0.838
113 -0.537 -0.063 -1.169 0.887 0.981 0.794
114 -0.652 -0.203 -1.331 0.875 0.981 0.775
115 -0.536 -0.105 -0.927 0.900 0.981 0.850
116 -0.848 -0.097 -1.300 0.850 0.969 0.787
117 -0.349 -0.074 -0.863 0.938 0.975 0.875
118 -0.531 -0.126 -0.826 0.919 0.969 0.856
119 -0.269 0.083 -1.483 0.938 0.994 0.750
120 -0.427 0.100 -0.857 0.931 0.975 0.850
121 -0.416 -0.078 -1.174 0.925 0.981 0.806
122 -0.446 -0.007 -0.910 0.925 0.969 0.856
123 -0.446 0.033 -0.985 0.906 0.994 0.838
124 -0.294 0.066 -0.612 0.919 0.994 0.881
125 -0.199 -0.002 -0.720 0.956 0.981 0.881
126 -0.258 0.151 -1.011 0.925 0.988 0.825
127 -0.232 0.012 -0.851 0.938 0.981 0.856
128 -0.610 -0.006 -1.351 0.863 0.975 0.744
129 -0.806 0.049 -1.334 0.869 0.994 0.787
130 -0.374 0.109 -0.672 0.900 0.981 0.875
131 -0.697 -0.071 -0.879 0.869 0.969 0.844
132 -0.135 0.206 -0.696 0.975 1.000 0.900
133 -0.364 0.122 -1.171 0.912 0.981 0.787
134 -0.637 0.062 -0.792 0.869 0.994 0.831
135 -0.231 0.072 -0.762 0.938 0.969 0.869
136 -0.507 0.085 -0.884 0.900 0.975 0.825
137 -0.548 0.107 -0.861 0.887 0.988 0.844
138 -0.583 0.083 -0.553 0.875 0.988 0.894
139 -0.736 0.159 -1.355 0.844 0.981 0.744
140 -0.287 0.151 -0.904 0.938 0.994 0.850
141 -0.520 0.123 -1.324 0.887 0.988 0.762
142 -0.714 0.094 -1.286 0.844 0.994 0.756
143 -0.557 0.054 -0.967 0.881 0.981 0.838
144 -0.207 0.081 -0.762 0.931 0.975 0.875
145 -0.649 0.083 -1.067 0.869 0.994 0.825
146 -0.293 -0.051 -0.877 0.950 0.975 0.825
147 -0.507 0.114 -0.901 0.912 0.988 0.825
148 -0.563 -0.112 -0.726 0.881 0.975 0.844
149 -0.576 0.169 -0.976 0.887 0.994 0.844
150 -0.492 0.237 -0.555 0.881 1.000 0.887
151 -0.816 0.074 -1.537 0.825 0.981 0.713
152 -0.609 0.055 -1.566 0.863 0.988 0.725
153 -0.489 0.108 -1.055 0.875 0.988 0.781
154 -0.438 0.168 -1.135 0.912 0.988 0.819
155 -0.573 0.069 -1.243 0.881 0.994 0.806
156 -0.314 0.108 -0.576 0.919 0.994 0.900
157 -0.831 0.072 -1.156 0.819 0.994 0.794
158 -0.651 0.199 -0.707 0.844 0.994 0.856
159 -1.164 0.139 -1.144 0.762 0.988 0.775
160 -1.096 0.180 -1.254 0.787 0.994 0.756
161 -1.185 0.117 -1.414 0.756 0.988 0.762
162 -1.227 0.063 -1.627 0.750 0.988 0.700
163 -1.390 0.110 -1.277 0.744 0.981 0.762
164 -1.509 0.118 -1.574 0.681 0.994 0.681
165 -0.575 0.067 -1.564 0.875 0.988 0.731
166 -0.837 0.093 -1.298 0.838 0.994 0.762
167 -0.904 0.073 -1.354 0.819 0.981 0.744
168 -1.108 0.106 -1.917 0.800 0.969 0.656
169 -0.749 0.102 -1.561 0.850 0.981 0.738
170 -1.027 -0.037 -1.348 0.800 0.969 0.744
171 -1.091 0.081 -1.569 0.787 0.988 0.700
172 -1.191 0.169 -1.611 0.781 0.981 0.688
173 -0.509 0.147 -1.094 0.887 0.994 0.781
174 -0.567 0.129 -1.126 0.894 0.994 0.794
175 -0.978 0.178 -2.189 0.812 0.994 0.600
176 -0.756 0.146 -1.471 0.844 0.981 0.738
177 -0.726 0.048 -1.979 0.863 0.981 0.637
178 -0.667 0.039 -1.299 0.881 0.981 0.769
179 -0.861 0.092 -1.278 0.831 0.988 0.750
180 -1.281 0.056 -1.578 0.731 0.981 0.706
181 -1.234 0.269 -1.810 0.731 0.994 0.656
182 -1.179 0.071 -1.590 0.762 0.988 0.694
183 -1.179 0.027 -1.631 0.744 0.975 0.675
184 -1.239 0.001 -1.514 0.756 0.981 0.694
185 -1.754 0.088 -2.112 0.644 0.988 0.606
186 -1.333 0.094 -1.864 0.744 0.975 0.637
187 -1.106 0.167 -1.868 0.781 1.000 0.637
188 -0.881 0.078 -1.695 0.812 0.994 0.694
189 -0.856 0.044 -1.356 0.812 1.000 0.769
190 -0.656 0.109 -1.039 0.863 0.994 0.819
191 -1.213 -0.070 -1.567 0.762 0.975 0.700
192 -0.649 0.092 -1.726 0.850 0.988 0.662
193 -0.852 0.132 -1.416 0.825 0.994 0.750
194 -0.777 0.102 -1.525 0.825 0.988 0.744
195 -0.710 0.141 -1.341 0.863 0.988 0.731
196 -1.021 0.129 -2.237 0.781 0.981 0.569
197 -1.254 0.146 -2.316 0.725 0.988 0.569
198 -1.051 0.087 -1.606 0.775 1.000 0.706
199 -1.216 0.041 -2.032 0.738 0.981 0.613
200 -0.974 0.058 -1.528 0.787 0.975 0.700
201 -1.017 0.157 -1.993 0.800 0.981 0.662
202 -1.525 0.135 -2.038 0.688 1.000 0.619
203 -1.015 0.166 -1.772 0.787 0.994 0.675
204 -1.425 0.109 -2.362 0.713 0.988 0.544
205 -1.096 0.149 -1.837 0.781 1.000 0.650
206 -1.422 0.068 -2.431 0.700 0.981 0.556
207 -1.408 0.103 -2.301 0.725 0.975 0.588
208 -1.029 -0.032 -2.137 0.781 0.963 0.625
209 -1.092 0.098 -2.093 0.769 0.975 0.631
210 -1.084 0.038 -2.234 0.762 0.988 0.588
211 -1.314 0.111 -1.531 0.750 0.994 0.731
